{"timestamp":"2025-09-03T15:00:01.066882","level":"info","event":"DAG bundles loaded: dags-folder","logger":"airflow.dag_processing.bundles.manager.DagBundlesManager"}
{"timestamp":"2025-09-03T15:00:01.069673","level":"info","event":"Filling up the DagBag from /opt/airflow/dags/spark_submit_dag.py","logger":"airflow.models.dagbag.DagBag"}
{"timestamp":"2025-09-03T15:00:01.098222","level":"info","event":"Tmp dir root location: /tmp","logger":"airflow.task.hooks.airflow.providers.standard.hooks.subprocess.SubprocessHook"}
{"timestamp":"2025-09-03T15:00:01.099030","level":"info","event":"Running command: ['/usr/bin/bash', '-c', '\\n        spark-submit         --master spark://spark-master:7077         --conf spark.hadoop.fs.s3a.access.key=telcoaz         --conf spark.hadoop.fs.s3a.secret.key=Telco12345         --conf spark.hadoop.fs.s3a.endpoint=http://minio:9000         --conf spark.hadoop.fs.s3a.path.style.access=true \\t--conf spark.eventlog.enabled=false         /opt/airflow/dags/hello_spark.py\\n        ']","logger":"airflow.task.hooks.airflow.providers.standard.hooks.subprocess.SubprocessHook"}
{"timestamp":"2025-09-03T15:00:01.138404","level":"info","event":"Output:","logger":"airflow.task.hooks.airflow.providers.standard.hooks.subprocess.SubprocessHook"}
{"timestamp":"2025-09-03T15:00:07.951973","level":"info","event":"25/09/03 15:00:07 INFO SparkContext: Running Spark version 3.5.0","logger":"airflow.task.hooks.airflow.providers.standard.hooks.subprocess.SubprocessHook"}
{"timestamp":"2025-09-03T15:00:07.952244","level":"info","event":"25/09/03 15:00:07 INFO SparkContext: OS info Linux, 6.14.0-1012-aws, amd64","logger":"airflow.task.hooks.airflow.providers.standard.hooks.subprocess.SubprocessHook"}
{"timestamp":"2025-09-03T15:00:07.956957","level":"info","event":"25/09/03 15:00:07 INFO SparkContext: Java version 17.0.16","logger":"airflow.task.hooks.airflow.providers.standard.hooks.subprocess.SubprocessHook"}
{"timestamp":"2025-09-03T15:00:08.040974","level":"info","event":"25/09/03 15:00:08 WARN NativeCodeLoader: Unable to load native-hadoop library for your platform... using builtin-java classes where applicable","logger":"airflow.task.hooks.airflow.providers.standard.hooks.subprocess.SubprocessHook"}
{"timestamp":"2025-09-03T15:00:08.383646","level":"info","event":"25/09/03 15:00:08 INFO ResourceUtils: ==============================================================","logger":"airflow.task.hooks.airflow.providers.standard.hooks.subprocess.SubprocessHook"}
{"timestamp":"2025-09-03T15:00:08.385433","level":"info","event":"25/09/03 15:00:08 INFO ResourceUtils: No custom resources configured for spark.driver.","logger":"airflow.task.hooks.airflow.providers.standard.hooks.subprocess.SubprocessHook"}
{"timestamp":"2025-09-03T15:00:08.385604","level":"info","event":"25/09/03 15:00:08 INFO ResourceUtils: ==============================================================","logger":"airflow.task.hooks.airflow.providers.standard.hooks.subprocess.SubprocessHook"}
{"timestamp":"2025-09-03T15:00:08.388948","level":"info","event":"25/09/03 15:00:08 INFO SparkContext: Submitted application: ProcessingTask","logger":"airflow.task.hooks.airflow.providers.standard.hooks.subprocess.SubprocessHook"}
{"timestamp":"2025-09-03T15:00:08.404575","level":"info","event":"25/09/03 15:00:08 INFO SparkContext: Spark configuration:","logger":"airflow.task.hooks.airflow.providers.standard.hooks.subprocess.SubprocessHook"}
{"timestamp":"2025-09-03T15:00:08.404844","level":"info","event":"spark.app.name=ProcessingTask","logger":"airflow.task.hooks.airflow.providers.standard.hooks.subprocess.SubprocessHook"}
{"timestamp":"2025-09-03T15:00:08.404964","level":"info","event":"spark.app.startTime=1756911607932","logger":"airflow.task.hooks.airflow.providers.standard.hooks.subprocess.SubprocessHook"}
{"timestamp":"2025-09-03T15:00:08.405052","level":"info","event":"spark.app.submitTime=1756911605925","logger":"airflow.task.hooks.airflow.providers.standard.hooks.subprocess.SubprocessHook"}
{"timestamp":"2025-09-03T15:00:08.405149","level":"info","event":"spark.delta.logStore.class=org.apache.spark.sql.delta.storage.S3SingleDriverLogStore","logger":"airflow.task.hooks.airflow.providers.standard.hooks.subprocess.SubprocessHook"}
{"timestamp":"2025-09-03T15:00:08.405265","level":"info","event":"spark.driver.extraJavaOptions=-Djava.net.preferIPv6Addresses=false -XX:+IgnoreUnrecognizedVMOptions --add-opens=java.base/java.lang=ALL-UNNAMED --add-opens=java.base/java.lang.invoke=ALL-UNNAMED --add-opens=java.base/java.lang.reflect=ALL-UNNAMED --add-opens=java.base/java.io=ALL-UNNAMED --add-opens=java.base/java.net=ALL-UNNAMED --add-opens=java.base/java.nio=ALL-UNNAMED --add-opens=java.base/java.util=ALL-UNNAMED --add-opens=java.base/java.util.concurrent=ALL-UNNAMED --add-opens=java.base/java.util.concurrent.atomic=ALL-UNNAMED --add-opens=java.base/sun.nio.ch=ALL-UNNAMED --add-opens=java.base/sun.nio.cs=ALL-UNNAMED --add-opens=java.base/sun.security.action=ALL-UNNAMED --add-opens=java.base/sun.util.calendar=ALL-UNNAMED --add-opens=java.security.jgss/sun.security.krb5=ALL-UNNAMED -Djdk.reflect.useDirectMethodHandle=false","logger":"airflow.task.hooks.airflow.providers.standard.hooks.subprocess.SubprocessHook"}
{"timestamp":"2025-09-03T15:00:08.405403","level":"info","event":"spark.eventLog.dir=/opt/spark/history","logger":"airflow.task.hooks.airflow.providers.standard.hooks.subprocess.SubprocessHook"}
{"timestamp":"2025-09-03T15:00:08.405506","level":"info","event":"spark.eventLog.enabled=true","logger":"airflow.task.hooks.airflow.providers.standard.hooks.subprocess.SubprocessHook"}
{"timestamp":"2025-09-03T15:00:08.405612","level":"info","event":"spark.eventlog.enabled=false","logger":"airflow.task.hooks.airflow.providers.standard.hooks.subprocess.SubprocessHook"}
{"timestamp":"2025-09-03T15:00:08.405732","level":"info","event":"spark.executor.extraJavaOptions=-Djava.net.preferIPv6Addresses=false -XX:+IgnoreUnrecognizedVMOptions --add-opens=java.base/java.lang=ALL-UNNAMED --add-opens=java.base/java.lang.invoke=ALL-UNNAMED --add-opens=java.base/java.lang.reflect=ALL-UNNAMED --add-opens=java.base/java.io=ALL-UNNAMED --add-opens=java.base/java.net=ALL-UNNAMED --add-opens=java.base/java.nio=ALL-UNNAMED --add-opens=java.base/java.util=ALL-UNNAMED --add-opens=java.base/java.util.concurrent=ALL-UNNAMED --add-opens=java.base/java.util.concurrent.atomic=ALL-UNNAMED --add-opens=java.base/sun.nio.ch=ALL-UNNAMED --add-opens=java.base/sun.nio.cs=ALL-UNNAMED --add-opens=java.base/sun.security.action=ALL-UNNAMED --add-opens=java.base/sun.util.calendar=ALL-UNNAMED --add-opens=java.security.jgss/sun.security.krb5=ALL-UNNAMED -Djdk.reflect.useDirectMethodHandle=false","logger":"airflow.task.hooks.airflow.providers.standard.hooks.subprocess.SubprocessHook"}
{"timestamp":"2025-09-03T15:00:08.405843","level":"info","event":"spark.hadoop.fs.s3a.access.key=*********(redacted)","logger":"airflow.task.hooks.airflow.providers.standard.hooks.subprocess.SubprocessHook"}
{"timestamp":"2025-09-03T15:00:08.405943","level":"info","event":"spark.hadoop.fs.s3a.endpoint=http://minio:9000","logger":"airflow.task.hooks.airflow.providers.standard.hooks.subprocess.SubprocessHook"}
{"timestamp":"2025-09-03T15:00:08.406045","level":"info","event":"spark.hadoop.fs.s3a.fast.upload=true","logger":"airflow.task.hooks.airflow.providers.standard.hooks.subprocess.SubprocessHook"}
{"timestamp":"2025-09-03T15:00:08.406143","level":"info","event":"spark.hadoop.fs.s3a.impl=org.apache.hadoop.fs.s3a.S3AFileSystem","logger":"airflow.task.hooks.airflow.providers.standard.hooks.subprocess.SubprocessHook"}
{"timestamp":"2025-09-03T15:00:08.406243","level":"info","event":"spark.hadoop.fs.s3a.multiobjectdelete.enable=true","logger":"airflow.task.hooks.airflow.providers.standard.hooks.subprocess.SubprocessHook"}
{"timestamp":"2025-09-03T15:00:08.406343","level":"info","event":"spark.hadoop.fs.s3a.path.style.access=true","logger":"airflow.task.hooks.airflow.providers.standard.hooks.subprocess.SubprocessHook"}
{"timestamp":"2025-09-03T15:00:08.406442","level":"info","event":"spark.hadoop.fs.s3a.secret.key=*********(redacted)","logger":"airflow.task.hooks.airflow.providers.standard.hooks.subprocess.SubprocessHook"}
{"timestamp":"2025-09-03T15:00:08.406543","level":"info","event":"spark.history.fs.logDirectory=s3a://spark/","logger":"airflow.task.hooks.airflow.providers.standard.hooks.subprocess.SubprocessHook"}
{"timestamp":"2025-09-03T15:00:08.406641","level":"info","event":"spark.jars.packages=org.apache.spark:spark-sql-kafka-0-10_2.12:3.5.0,org.apache.spark:spark-avro_2.12:3.5.0","logger":"airflow.task.hooks.airflow.providers.standard.hooks.subprocess.SubprocessHook"}
{"timestamp":"2025-09-03T15:00:08.415908","level":"info","event":"spark.jars.repositories=https://packages.confluent.io/maven/","logger":"airflow.task.hooks.airflow.providers.standard.hooks.subprocess.SubprocessHook"}
{"timestamp":"2025-09-03T15:00:08.416180","level":"info","event":"spark.logConf=true","logger":"airflow.task.hooks.airflow.providers.standard.hooks.subprocess.SubprocessHook"}
{"timestamp":"2025-09-03T15:00:08.416311","level":"info","event":"spark.master=spark://spark-master:7077","logger":"airflow.task.hooks.airflow.providers.standard.hooks.subprocess.SubprocessHook"}
{"timestamp":"2025-09-03T15:00:08.416408","level":"info","event":"spark.network.timeout=10000s","logger":"airflow.task.hooks.airflow.providers.standard.hooks.subprocess.SubprocessHook"}
{"timestamp":"2025-09-03T15:00:08.416495","level":"info","event":"spark.rdd.compress=True","logger":"airflow.task.hooks.airflow.providers.standard.hooks.subprocess.SubprocessHook"}
{"timestamp":"2025-09-03T15:00:08.416592","level":"info","event":"spark.serializer.objectStreamReset=100","logger":"airflow.task.hooks.airflow.providers.standard.hooks.subprocess.SubprocessHook"}
{"timestamp":"2025-09-03T15:00:08.416687","level":"info","event":"spark.sql.catalog.spark_catalog=org.apache.spark.sql.delta.catalog.DeltaCatalog","logger":"airflow.task.hooks.airflow.providers.standard.hooks.subprocess.SubprocessHook"}
{"timestamp":"2025-09-03T15:00:08.416820","level":"info","event":"spark.sql.extensions=io.delta.sql.DeltaSparkSessionExtension","logger":"airflow.task.hooks.airflow.providers.standard.hooks.subprocess.SubprocessHook"}
{"timestamp":"2025-09-03T15:00:08.416918","level":"info","event":"spark.sql.files.ignoreMissingFiles=true","logger":"airflow.task.hooks.airflow.providers.standard.hooks.subprocess.SubprocessHook"}
{"timestamp":"2025-09-03T15:00:08.417017","level":"info","event":"spark.sql.sources.partitionOverwriteMode=dynamic","logger":"airflow.task.hooks.airflow.providers.standard.hooks.subprocess.SubprocessHook"}
{"timestamp":"2025-09-03T15:00:08.417119","level":"info","event":"spark.submit.deployMode=client","logger":"airflow.task.hooks.airflow.providers.standard.hooks.subprocess.SubprocessHook"}
{"timestamp":"2025-09-03T15:00:08.417219","level":"info","event":"spark.submit.pyFiles=","logger":"airflow.task.hooks.airflow.providers.standard.hooks.subprocess.SubprocessHook"}
{"timestamp":"2025-09-03T15:00:08.497551","level":"info","event":"25/09/03 15:00:08 INFO ResourceProfile: Default ResourceProfile created, executor resources: Map(memory -> name: memory, amount: 1024, script: , vendor: , offHeap -> name: offHeap, amount: 0, script: , vendor: ), task resources: Map(cpus -> name: cpus, amount: 1.0)","logger":"airflow.task.hooks.airflow.providers.standard.hooks.subprocess.SubprocessHook"}
{"timestamp":"2025-09-03T15:00:08.527951","level":"info","event":"25/09/03 15:00:08 INFO ResourceProfile: Limiting resource is cpu","logger":"airflow.task.hooks.airflow.providers.standard.hooks.subprocess.SubprocessHook"}
{"timestamp":"2025-09-03T15:00:08.531942","level":"info","event":"25/09/03 15:00:08 INFO ResourceProfileManager: Added ResourceProfile id: 0","logger":"airflow.task.hooks.airflow.providers.standard.hooks.subprocess.SubprocessHook"}
{"timestamp":"2025-09-03T15:00:08.741519","level":"info","event":"25/09/03 15:00:08 INFO SecurityManager: Changing view acls to: airflow","logger":"airflow.task.hooks.airflow.providers.standard.hooks.subprocess.SubprocessHook"}
{"timestamp":"2025-09-03T15:00:08.745957","level":"info","event":"25/09/03 15:00:08 INFO SecurityManager: Changing modify acls to: airflow","logger":"airflow.task.hooks.airflow.providers.standard.hooks.subprocess.SubprocessHook"}
{"timestamp":"2025-09-03T15:00:08.748938","level":"info","event":"25/09/03 15:00:08 INFO SecurityManager: Changing view acls groups to:","logger":"airflow.task.hooks.airflow.providers.standard.hooks.subprocess.SubprocessHook"}
{"timestamp":"2025-09-03T15:00:08.753946","level":"info","event":"25/09/03 15:00:08 INFO SecurityManager: Changing modify acls groups to:","logger":"airflow.task.hooks.airflow.providers.standard.hooks.subprocess.SubprocessHook"}
{"timestamp":"2025-09-03T15:00:08.754193","level":"info","event":"25/09/03 15:00:08 INFO SecurityManager: SecurityManager: authentication disabled; ui acls disabled; users with view permissions: airflow; groups with view permissions: EMPTY; users with modify permissions: airflow; groups with modify permissions: EMPTY","logger":"airflow.task.hooks.airflow.providers.standard.hooks.subprocess.SubprocessHook"}
{"timestamp":"2025-09-03T15:00:09.436691","level":"info","event":"25/09/03 15:00:09 INFO Utils: Successfully started service 'sparkDriver' on port 37013.","logger":"airflow.task.hooks.airflow.providers.standard.hooks.subprocess.SubprocessHook"}
{"timestamp":"2025-09-03T15:00:09.479133","level":"info","event":"25/09/03 15:00:09 INFO SparkEnv: Registering MapOutputTracker","logger":"airflow.task.hooks.airflow.providers.standard.hooks.subprocess.SubprocessHook"}
{"timestamp":"2025-09-03T15:00:09.533383","level":"info","event":"25/09/03 15:00:09 INFO SparkEnv: Registering BlockManagerMaster","logger":"airflow.task.hooks.airflow.providers.standard.hooks.subprocess.SubprocessHook"}
{"timestamp":"2025-09-03T15:00:09.556184","level":"info","event":"25/09/03 15:00:09 INFO BlockManagerMasterEndpoint: Using org.apache.spark.storage.DefaultTopologyMapper for getting topology information","logger":"airflow.task.hooks.airflow.providers.standard.hooks.subprocess.SubprocessHook"}
{"timestamp":"2025-09-03T15:00:09.556895","level":"info","event":"25/09/03 15:00:09 INFO BlockManagerMasterEndpoint: BlockManagerMasterEndpoint up","logger":"airflow.task.hooks.airflow.providers.standard.hooks.subprocess.SubprocessHook"}
{"timestamp":"2025-09-03T15:00:09.561981","level":"info","event":"25/09/03 15:00:09 INFO SparkEnv: Registering BlockManagerMasterHeartbeat","logger":"airflow.task.hooks.airflow.providers.standard.hooks.subprocess.SubprocessHook"}
{"timestamp":"2025-09-03T15:00:09.590894","level":"info","event":"25/09/03 15:00:09 INFO DiskBlockManager: Created local directory at /tmp/blockmgr-aaa7c6b6-054d-47dd-9e69-a7d1f7cc801c","logger":"airflow.task.hooks.airflow.providers.standard.hooks.subprocess.SubprocessHook"}
{"timestamp":"2025-09-03T15:00:09.613795","level":"info","event":"25/09/03 15:00:09 INFO MemoryStore: MemoryStore started with capacity 434.4 MiB","logger":"airflow.task.hooks.airflow.providers.standard.hooks.subprocess.SubprocessHook"}
{"timestamp":"2025-09-03T15:00:09.636079","level":"info","event":"25/09/03 15:00:09 INFO SparkEnv: Registering OutputCommitCoordinator","logger":"airflow.task.hooks.airflow.providers.standard.hooks.subprocess.SubprocessHook"}
{"timestamp":"2025-09-03T15:00:09.852994","level":"info","event":"25/09/03 15:00:09 INFO JettyUtils: Start Jetty 0.0.0.0:4040 for SparkUI","logger":"airflow.task.hooks.airflow.providers.standard.hooks.subprocess.SubprocessHook"}
{"timestamp":"2025-09-03T15:00:09.951549","level":"info","event":"25/09/03 15:00:09 INFO Utils: Successfully started service 'SparkUI' on port 4040.","logger":"airflow.task.hooks.airflow.providers.standard.hooks.subprocess.SubprocessHook"}
{"timestamp":"2025-09-03T15:00:10.325783","level":"info","event":"25/09/03 15:00:10 INFO StandaloneAppClient$ClientEndpoint: Connecting to master spark://spark-master:7077...","logger":"airflow.task.hooks.airflow.providers.standard.hooks.subprocess.SubprocessHook"}
{"timestamp":"2025-09-03T15:00:10.479974","level":"info","event":"25/09/03 15:00:10 INFO TransportClientFactory: Successfully created connection to spark-master/172.22.0.3:7077 after 109 ms (0 ms spent in bootstraps)","logger":"airflow.task.hooks.airflow.providers.standard.hooks.subprocess.SubprocessHook"}
{"timestamp":"2025-09-03T15:00:10.627035","level":"info","event":"25/09/03 15:00:10 INFO StandaloneSchedulerBackend: Connected to Spark cluster with app ID app-20250903150010-0011","logger":"airflow.task.hooks.airflow.providers.standard.hooks.subprocess.SubprocessHook"}
{"timestamp":"2025-09-03T15:00:10.630943","level":"info","event":"25/09/03 15:00:10 INFO StandaloneAppClient$ClientEndpoint: Executor added: app-20250903150010-0011/0 on worker-20250903081951-172.22.0.5-43269 (172.22.0.5:43269) with 2 core(s)","logger":"airflow.task.hooks.airflow.providers.standard.hooks.subprocess.SubprocessHook"}
{"timestamp":"2025-09-03T15:00:10.639954","level":"info","event":"25/09/03 15:00:10 INFO StandaloneSchedulerBackend: Granted executor ID app-20250903150010-0011/0 on hostPort 172.22.0.5:43269 with 2 core(s), 1024.0 MiB RAM","logger":"airflow.task.hooks.airflow.providers.standard.hooks.subprocess.SubprocessHook"}
{"timestamp":"2025-09-03T15:00:10.659997","level":"info","event":"25/09/03 15:00:10 INFO Utils: Successfully started service 'org.apache.spark.network.netty.NettyBlockTransferService' on port 34171.","logger":"airflow.task.hooks.airflow.providers.standard.hooks.subprocess.SubprocessHook"}
{"timestamp":"2025-09-03T15:00:10.661942","level":"info","event":"25/09/03 15:00:10 INFO NettyBlockTransferService: Server created on 6dcc95cec7e0:34171","logger":"airflow.task.hooks.airflow.providers.standard.hooks.subprocess.SubprocessHook"}
{"timestamp":"2025-09-03T15:00:10.677974","level":"info","event":"25/09/03 15:00:10 INFO BlockManager: Using org.apache.spark.storage.RandomBlockReplicationPolicy for block replication policy","logger":"airflow.task.hooks.airflow.providers.standard.hooks.subprocess.SubprocessHook"}
{"timestamp":"2025-09-03T15:00:10.734000","level":"info","event":"25/09/03 15:00:10 INFO BlockManagerMaster: Registering BlockManager BlockManagerId(driver, 6dcc95cec7e0, 34171, None)","logger":"airflow.task.hooks.airflow.providers.standard.hooks.subprocess.SubprocessHook"}
{"timestamp":"2025-09-03T15:00:10.743376","level":"info","event":"25/09/03 15:00:10 INFO StandaloneAppClient$ClientEndpoint: Executor updated: app-20250903150010-0011/0 is now RUNNING","logger":"airflow.task.hooks.airflow.providers.standard.hooks.subprocess.SubprocessHook"}
{"timestamp":"2025-09-03T15:00:10.750967","level":"info","event":"25/09/03 15:00:10 INFO BlockManagerMasterEndpoint: Registering block manager 6dcc95cec7e0:34171 with 434.4 MiB RAM, BlockManagerId(driver, 6dcc95cec7e0, 34171, None)","logger":"airflow.task.hooks.airflow.providers.standard.hooks.subprocess.SubprocessHook"}
{"timestamp":"2025-09-03T15:00:10.870918","level":"info","event":"25/09/03 15:00:10 INFO BlockManagerMaster: Registered BlockManager BlockManagerId(driver, 6dcc95cec7e0, 34171, None)","logger":"airflow.task.hooks.airflow.providers.standard.hooks.subprocess.SubprocessHook"}
{"timestamp":"2025-09-03T15:00:10.871156","level":"info","event":"25/09/03 15:00:10 INFO BlockManager: Initialized BlockManager: BlockManagerId(driver, 6dcc95cec7e0, 34171, None)","logger":"airflow.task.hooks.airflow.providers.standard.hooks.subprocess.SubprocessHook"}
{"timestamp":"2025-09-03T15:00:11.552962","level":"info","event":"25/09/03 15:00:11 INFO SingleEventLogFileWriter: Logging events to file:/opt/spark/history/app-20250903150010-0011.inprogress","logger":"airflow.task.hooks.airflow.providers.standard.hooks.subprocess.SubprocessHook"}
{"timestamp":"2025-09-03T15:00:12.335934","level":"info","event":"25/09/03 15:00:12 INFO StandaloneSchedulerBackend: SchedulerBackend is ready for scheduling beginning after reached minRegisteredResourcesRatio: 0.0","logger":"airflow.task.hooks.airflow.providers.standard.hooks.subprocess.SubprocessHook"}
{"timestamp":"2025-09-03T15:00:13.194875","level":"info","event":"25/09/03 15:00:13 INFO SharedState: Setting hive.metastore.warehouse.dir ('null') to the value of spark.sql.warehouse.dir.","logger":"airflow.task.hooks.airflow.providers.standard.hooks.subprocess.SubprocessHook"}
{"timestamp":"2025-09-03T15:00:13.210458","level":"info","event":"25/09/03 15:00:13 INFO SharedState: Warehouse path is 'file:/tmp/airflowtmpkn0ofs25/spark-warehouse'.","logger":"airflow.task.hooks.airflow.providers.standard.hooks.subprocess.SubprocessHook"}
{"timestamp":"2025-09-03T15:00:15.855890","level":"info","event":"25/09/03 15:00:15 INFO InMemoryFileIndex: It took 79 ms to list leaf files for 1 paths.","logger":"airflow.task.hooks.airflow.providers.standard.hooks.subprocess.SubprocessHook"}
{"timestamp":"2025-09-03T15:00:15.978138","level":"info","event":"25/09/03 15:00:15 INFO InMemoryFileIndex: It took 12 ms to list leaf files for 1 paths.","logger":"airflow.task.hooks.airflow.providers.standard.hooks.subprocess.SubprocessHook"}
{"timestamp":"2025-09-03T15:00:19.715030","level":"info","event":"25/09/03 15:00:19 INFO StandaloneSchedulerBackend$StandaloneDriverEndpoint: Registered executor NettyRpcEndpointRef(spark-client://Executor) (172.22.0.5:37128) with ID 0,  ResourceProfileId 0","logger":"airflow.task.hooks.airflow.providers.standard.hooks.subprocess.SubprocessHook"}
{"timestamp":"2025-09-03T15:00:20.074633","level":"info","event":"25/09/03 15:00:20 INFO BlockManagerMasterEndpoint: Registering block manager 172.22.0.5:46765 with 434.4 MiB RAM, BlockManagerId(0, 172.22.0.5, 46765, None)","logger":"airflow.task.hooks.airflow.providers.standard.hooks.subprocess.SubprocessHook"}
{"timestamp":"2025-09-03T15:00:21.756600","level":"info","event":"25/09/03 15:00:21 INFO FileSourceStrategy: Pushed Filters:","logger":"airflow.task.hooks.airflow.providers.standard.hooks.subprocess.SubprocessHook"}
{"timestamp":"2025-09-03T15:00:21.767960","level":"info","event":"25/09/03 15:00:21 INFO FileSourceStrategy: Post-Scan Filters: (length(trim(value#0, None)) > 0)","logger":"airflow.task.hooks.airflow.providers.standard.hooks.subprocess.SubprocessHook"}
{"timestamp":"2025-09-03T15:00:22.847767","level":"info","event":"25/09/03 15:00:22 INFO CodeGenerator: Code generated in 414.369441 ms","logger":"airflow.task.hooks.airflow.providers.standard.hooks.subprocess.SubprocessHook"}
{"timestamp":"2025-09-03T15:00:22.946346","level":"info","event":"25/09/03 15:00:22 INFO MemoryStore: Block broadcast_0 stored as values in memory (estimated size 209.4 KiB, free 434.2 MiB)","logger":"airflow.task.hooks.airflow.providers.standard.hooks.subprocess.SubprocessHook"}
{"timestamp":"2025-09-03T15:00:23.051043","level":"info","event":"25/09/03 15:00:23 INFO MemoryStore: Block broadcast_0_piece0 stored as bytes in memory (estimated size 35.6 KiB, free 434.2 MiB)","logger":"airflow.task.hooks.airflow.providers.standard.hooks.subprocess.SubprocessHook"}
{"timestamp":"2025-09-03T15:00:23.054703","level":"info","event":"25/09/03 15:00:23 INFO BlockManagerInfo: Added broadcast_0_piece0 in memory on 6dcc95cec7e0:34171 (size: 35.6 KiB, free: 434.4 MiB)","logger":"airflow.task.hooks.airflow.providers.standard.hooks.subprocess.SubprocessHook"}
{"timestamp":"2025-09-03T15:00:23.064962","level":"info","event":"25/09/03 15:00:23 INFO SparkContext: Created broadcast 0 from csv at NativeMethodAccessorImpl.java:0","logger":"airflow.task.hooks.airflow.providers.standard.hooks.subprocess.SubprocessHook"}
{"timestamp":"2025-09-03T15:00:23.081891","level":"info","event":"25/09/03 15:00:23 INFO FileSourceScanExec: Planning scan with bin packing, max size: 4194304 bytes, open cost is considered as scanning 4194304 bytes.","logger":"airflow.task.hooks.airflow.providers.standard.hooks.subprocess.SubprocessHook"}
{"timestamp":"2025-09-03T15:00:23.241970","level":"info","event":"25/09/03 15:00:23 INFO SparkContext: Starting job: csv at NativeMethodAccessorImpl.java:0","logger":"airflow.task.hooks.airflow.providers.standard.hooks.subprocess.SubprocessHook"}
{"timestamp":"2025-09-03T15:00:23.269618","level":"info","event":"25/09/03 15:00:23 INFO DAGScheduler: Got job 0 (csv at NativeMethodAccessorImpl.java:0) with 1 output partitions","logger":"airflow.task.hooks.airflow.providers.standard.hooks.subprocess.SubprocessHook"}
{"timestamp":"2025-09-03T15:00:23.270408","level":"info","event":"25/09/03 15:00:23 INFO DAGScheduler: Final stage: ResultStage 0 (csv at NativeMethodAccessorImpl.java:0)","logger":"airflow.task.hooks.airflow.providers.standard.hooks.subprocess.SubprocessHook"}
{"timestamp":"2025-09-03T15:00:23.271586","level":"info","event":"25/09/03 15:00:23 INFO DAGScheduler: Parents of final stage: List()","logger":"airflow.task.hooks.airflow.providers.standard.hooks.subprocess.SubprocessHook"}
{"timestamp":"2025-09-03T15:00:23.276665","level":"info","event":"25/09/03 15:00:23 INFO DAGScheduler: Missing parents: List()","logger":"airflow.task.hooks.airflow.providers.standard.hooks.subprocess.SubprocessHook"}
{"timestamp":"2025-09-03T15:00:23.284432","level":"info","event":"25/09/03 15:00:23 INFO DAGScheduler: Submitting ResultStage 0 (MapPartitionsRDD[3] at csv at NativeMethodAccessorImpl.java:0), which has no missing parents","logger":"airflow.task.hooks.airflow.providers.standard.hooks.subprocess.SubprocessHook"}
{"timestamp":"2025-09-03T15:00:23.448029","level":"info","event":"25/09/03 15:00:23 INFO MemoryStore: Block broadcast_1 stored as values in memory (estimated size 13.5 KiB, free 434.1 MiB)","logger":"airflow.task.hooks.airflow.providers.standard.hooks.subprocess.SubprocessHook"}
{"timestamp":"2025-09-03T15:00:23.459993","level":"info","event":"25/09/03 15:00:23 INFO MemoryStore: Block broadcast_1_piece0 stored as bytes in memory (estimated size 6.4 KiB, free 434.1 MiB)","logger":"airflow.task.hooks.airflow.providers.standard.hooks.subprocess.SubprocessHook"}
{"timestamp":"2025-09-03T15:00:23.463019","level":"info","event":"25/09/03 15:00:23 INFO BlockManagerInfo: Added broadcast_1_piece0 in memory on 6dcc95cec7e0:34171 (size: 6.4 KiB, free: 434.4 MiB)","logger":"airflow.task.hooks.airflow.providers.standard.hooks.subprocess.SubprocessHook"}
{"timestamp":"2025-09-03T15:00:23.466778","level":"info","event":"25/09/03 15:00:23 INFO SparkContext: Created broadcast 1 from broadcast at DAGScheduler.scala:1580","logger":"airflow.task.hooks.airflow.providers.standard.hooks.subprocess.SubprocessHook"}
{"timestamp":"2025-09-03T15:00:23.495070","level":"info","event":"25/09/03 15:00:23 INFO DAGScheduler: Submitting 1 missing tasks from ResultStage 0 (MapPartitionsRDD[3] at csv at NativeMethodAccessorImpl.java:0) (first 15 tasks are for partitions Vector(0))","logger":"airflow.task.hooks.airflow.providers.standard.hooks.subprocess.SubprocessHook"}
{"timestamp":"2025-09-03T15:00:23.497581","level":"info","event":"25/09/03 15:00:23 INFO TaskSchedulerImpl: Adding task set 0.0 with 1 tasks resource profile 0","logger":"airflow.task.hooks.airflow.providers.standard.hooks.subprocess.SubprocessHook"}
{"timestamp":"2025-09-03T15:00:23.537979","level":"info","event":"25/09/03 15:00:23 INFO TaskSetManager: Starting task 0.0 in stage 0.0 (TID 0) (172.22.0.5, executor 0, partition 0, PROCESS_LOCAL, 8217 bytes)","logger":"airflow.task.hooks.airflow.providers.standard.hooks.subprocess.SubprocessHook"}
{"timestamp":"2025-09-03T15:00:24.474166","level":"info","event":"25/09/03 15:00:24 INFO BlockManagerInfo: Added broadcast_1_piece0 in memory on 172.22.0.5:46765 (size: 6.4 KiB, free: 434.4 MiB)","logger":"airflow.task.hooks.airflow.providers.standard.hooks.subprocess.SubprocessHook"}
{"timestamp":"2025-09-03T15:00:27.317828","level":"info","event":"25/09/03 15:00:27 INFO BlockManagerInfo: Added broadcast_0_piece0 in memory on 172.22.0.5:46765 (size: 35.6 KiB, free: 434.4 MiB)","logger":"airflow.task.hooks.airflow.providers.standard.hooks.subprocess.SubprocessHook"}
{"timestamp":"2025-09-03T15:00:28.803989","level":"info","event":"25/09/03 15:00:28 INFO TaskSetManager: Finished task 0.0 in stage 0.0 (TID 0) in 5278 ms on 172.22.0.5 (executor 0) (1/1)","logger":"airflow.task.hooks.airflow.providers.standard.hooks.subprocess.SubprocessHook"}
{"timestamp":"2025-09-03T15:00:28.809668","level":"info","event":"25/09/03 15:00:28 INFO TaskSchedulerImpl: Removed TaskSet 0.0, whose tasks have all completed, from pool","logger":"airflow.task.hooks.airflow.providers.standard.hooks.subprocess.SubprocessHook"}
{"timestamp":"2025-09-03T15:00:28.819259","level":"info","event":"25/09/03 15:00:28 INFO DAGScheduler: ResultStage 0 (csv at NativeMethodAccessorImpl.java:0) finished in 5.496 s","logger":"airflow.task.hooks.airflow.providers.standard.hooks.subprocess.SubprocessHook"}
{"timestamp":"2025-09-03T15:00:28.829390","level":"info","event":"25/09/03 15:00:28 INFO DAGScheduler: Job 0 is finished. Cancelling potential speculative or zombie tasks for this job","logger":"airflow.task.hooks.airflow.providers.standard.hooks.subprocess.SubprocessHook"}
{"timestamp":"2025-09-03T15:00:28.833816","level":"info","event":"25/09/03 15:00:28 INFO TaskSchedulerImpl: Killing all running tasks in stage 0: Stage finished","logger":"airflow.task.hooks.airflow.providers.standard.hooks.subprocess.SubprocessHook"}
{"timestamp":"2025-09-03T15:00:28.841132","level":"info","event":"25/09/03 15:00:28 INFO DAGScheduler: Job 0 finished: csv at NativeMethodAccessorImpl.java:0, took 5.597425 s","logger":"airflow.task.hooks.airflow.providers.standard.hooks.subprocess.SubprocessHook"}
{"timestamp":"2025-09-03T15:00:28.947046","level":"info","event":"Columns: []","logger":"airflow.task.hooks.airflow.providers.standard.hooks.subprocess.SubprocessHook"}
{"timestamp":"2025-09-03T15:00:28.989865","level":"info","event":"25/09/03 15:00:28 INFO FileSourceStrategy: Pushed Filters:","logger":"airflow.task.hooks.airflow.providers.standard.hooks.subprocess.SubprocessHook"}
{"timestamp":"2025-09-03T15:00:28.992978","level":"info","event":"25/09/03 15:00:28 INFO FileSourceStrategy: Post-Scan Filters:","logger":"airflow.task.hooks.airflow.providers.standard.hooks.subprocess.SubprocessHook"}
{"timestamp":"2025-09-03T15:00:29.032615","level":"info","event":"25/09/03 15:00:29 INFO MemoryStore: Block broadcast_2 stored as values in memory (estimated size 209.3 KiB, free 433.9 MiB)","logger":"airflow.task.hooks.airflow.providers.standard.hooks.subprocess.SubprocessHook"}
{"timestamp":"2025-09-03T15:00:29.056220","level":"info","event":"25/09/03 15:00:29 INFO MemoryStore: Block broadcast_2_piece0 stored as bytes in memory (estimated size 35.6 KiB, free 433.9 MiB)","logger":"airflow.task.hooks.airflow.providers.standard.hooks.subprocess.SubprocessHook"}
{"timestamp":"2025-09-03T15:00:29.058836","level":"info","event":"25/09/03 15:00:29 INFO BlockManagerInfo: Added broadcast_2_piece0 in memory on 6dcc95cec7e0:34171 (size: 35.6 KiB, free: 434.3 MiB)","logger":"airflow.task.hooks.airflow.providers.standard.hooks.subprocess.SubprocessHook"}
{"timestamp":"2025-09-03T15:00:29.060683","level":"info","event":"25/09/03 15:00:29 INFO SparkContext: Created broadcast 2 from showString at NativeMethodAccessorImpl.java:0","logger":"airflow.task.hooks.airflow.providers.standard.hooks.subprocess.SubprocessHook"}
{"timestamp":"2025-09-03T15:00:29.068770","level":"info","event":"25/09/03 15:00:29 INFO FileSourceScanExec: Planning scan with bin packing, max size: 4194304 bytes, open cost is considered as scanning 4194304 bytes.","logger":"airflow.task.hooks.airflow.providers.standard.hooks.subprocess.SubprocessHook"}
{"timestamp":"2025-09-03T15:00:29.084972","level":"info","event":"25/09/03 15:00:29 INFO SparkContext: Starting job: showString at NativeMethodAccessorImpl.java:0","logger":"airflow.task.hooks.airflow.providers.standard.hooks.subprocess.SubprocessHook"}
{"timestamp":"2025-09-03T15:00:29.088984","level":"info","event":"25/09/03 15:00:29 INFO DAGScheduler: Got job 1 (showString at NativeMethodAccessorImpl.java:0) with 1 output partitions","logger":"airflow.task.hooks.airflow.providers.standard.hooks.subprocess.SubprocessHook"}
{"timestamp":"2025-09-03T15:00:29.089230","level":"info","event":"25/09/03 15:00:29 INFO DAGScheduler: Final stage: ResultStage 1 (showString at NativeMethodAccessorImpl.java:0)","logger":"airflow.task.hooks.airflow.providers.standard.hooks.subprocess.SubprocessHook"}
{"timestamp":"2025-09-03T15:00:29.089358","level":"info","event":"25/09/03 15:00:29 INFO DAGScheduler: Parents of final stage: List()","logger":"airflow.task.hooks.airflow.providers.standard.hooks.subprocess.SubprocessHook"}
{"timestamp":"2025-09-03T15:00:29.089473","level":"info","event":"25/09/03 15:00:29 INFO DAGScheduler: Missing parents: List()","logger":"airflow.task.hooks.airflow.providers.standard.hooks.subprocess.SubprocessHook"}
{"timestamp":"2025-09-03T15:00:29.089581","level":"info","event":"25/09/03 15:00:29 INFO DAGScheduler: Submitting ResultStage 1 (MapPartitionsRDD[6] at showString at NativeMethodAccessorImpl.java:0), which has no missing parents","logger":"airflow.task.hooks.airflow.providers.standard.hooks.subprocess.SubprocessHook"}
{"timestamp":"2025-09-03T15:00:29.103666","level":"info","event":"25/09/03 15:00:29 INFO MemoryStore: Block broadcast_3 stored as values in memory (estimated size 10.6 KiB, free 433.9 MiB)","logger":"airflow.task.hooks.airflow.providers.standard.hooks.subprocess.SubprocessHook"}
{"timestamp":"2025-09-03T15:00:29.103941","level":"info","event":"25/09/03 15:00:29 INFO MemoryStore: Block broadcast_3_piece0 stored as bytes in memory (estimated size 5.6 KiB, free 433.9 MiB)","logger":"airflow.task.hooks.airflow.providers.standard.hooks.subprocess.SubprocessHook"}
{"timestamp":"2025-09-03T15:00:29.105680","level":"info","event":"25/09/03 15:00:29 INFO BlockManagerInfo: Added broadcast_3_piece0 in memory on 6dcc95cec7e0:34171 (size: 5.6 KiB, free: 434.3 MiB)","logger":"airflow.task.hooks.airflow.providers.standard.hooks.subprocess.SubprocessHook"}
{"timestamp":"2025-09-03T15:00:29.107785","level":"info","event":"25/09/03 15:00:29 INFO SparkContext: Created broadcast 3 from broadcast at DAGScheduler.scala:1580","logger":"airflow.task.hooks.airflow.providers.standard.hooks.subprocess.SubprocessHook"}
{"timestamp":"2025-09-03T15:00:29.113976","level":"info","event":"25/09/03 15:00:29 INFO DAGScheduler: Submitting 1 missing tasks from ResultStage 1 (MapPartitionsRDD[6] at showString at NativeMethodAccessorImpl.java:0) (first 15 tasks are for partitions Vector(0))","logger":"airflow.task.hooks.airflow.providers.standard.hooks.subprocess.SubprocessHook"}
{"timestamp":"2025-09-03T15:00:29.114665","level":"info","event":"25/09/03 15:00:29 INFO TaskSchedulerImpl: Adding task set 1.0 with 1 tasks resource profile 0","logger":"airflow.task.hooks.airflow.providers.standard.hooks.subprocess.SubprocessHook"}
{"timestamp":"2025-09-03T15:00:29.116901","level":"info","event":"25/09/03 15:00:29 INFO TaskSetManager: Starting task 0.0 in stage 1.0 (TID 1) (172.22.0.5, executor 0, partition 0, PROCESS_LOCAL, 8217 bytes)","logger":"airflow.task.hooks.airflow.providers.standard.hooks.subprocess.SubprocessHook"}
{"timestamp":"2025-09-03T15:00:29.206098","level":"info","event":"25/09/03 15:00:29 INFO BlockManagerInfo: Added broadcast_3_piece0 in memory on 172.22.0.5:46765 (size: 5.6 KiB, free: 434.4 MiB)","logger":"airflow.task.hooks.airflow.providers.standard.hooks.subprocess.SubprocessHook"}
{"timestamp":"2025-09-03T15:00:29.391221","level":"info","event":"25/09/03 15:00:29 INFO BlockManagerInfo: Added broadcast_2_piece0 in memory on 172.22.0.5:46765 (size: 35.6 KiB, free: 434.3 MiB)","logger":"airflow.task.hooks.airflow.providers.standard.hooks.subprocess.SubprocessHook"}
{"timestamp":"2025-09-03T15:00:29.590427","level":"info","event":"25/09/03 15:00:29 INFO TaskSetManager: Finished task 0.0 in stage 1.0 (TID 1) in 474 ms on 172.22.0.5 (executor 0) (1/1)","logger":"airflow.task.hooks.airflow.providers.standard.hooks.subprocess.SubprocessHook"}
{"timestamp":"2025-09-03T15:00:29.591565","level":"info","event":"25/09/03 15:00:29 INFO TaskSchedulerImpl: Removed TaskSet 1.0, whose tasks have all completed, from pool","logger":"airflow.task.hooks.airflow.providers.standard.hooks.subprocess.SubprocessHook"}
{"timestamp":"2025-09-03T15:00:29.598610","level":"info","event":"25/09/03 15:00:29 INFO DAGScheduler: ResultStage 1 (showString at NativeMethodAccessorImpl.java:0) finished in 0.508 s","logger":"airflow.task.hooks.airflow.providers.standard.hooks.subprocess.SubprocessHook"}
{"timestamp":"2025-09-03T15:00:29.603101","level":"info","event":"25/09/03 15:00:29 INFO DAGScheduler: Job 1 is finished. Cancelling potential speculative or zombie tasks for this job","logger":"airflow.task.hooks.airflow.providers.standard.hooks.subprocess.SubprocessHook"}
{"timestamp":"2025-09-03T15:00:29.603329","level":"info","event":"25/09/03 15:00:29 INFO TaskSchedulerImpl: Killing all running tasks in stage 1: Stage finished","logger":"airflow.task.hooks.airflow.providers.standard.hooks.subprocess.SubprocessHook"}
{"timestamp":"2025-09-03T15:00:29.609528","level":"info","event":"25/09/03 15:00:29 INFO DAGScheduler: Job 1 finished: showString at NativeMethodAccessorImpl.java:0, took 0.521429 s","logger":"airflow.task.hooks.airflow.providers.standard.hooks.subprocess.SubprocessHook"}
{"timestamp":"2025-09-03T15:00:29.617671","level":"info","event":"++","logger":"airflow.task.hooks.airflow.providers.standard.hooks.subprocess.SubprocessHook"}
{"timestamp":"2025-09-03T15:00:29.617914","level":"info","event":"||","logger":"airflow.task.hooks.airflow.providers.standard.hooks.subprocess.SubprocessHook"}
{"timestamp":"2025-09-03T15:00:29.618025","level":"info","event":"++","logger":"airflow.task.hooks.airflow.providers.standard.hooks.subprocess.SubprocessHook"}
{"timestamp":"2025-09-03T15:00:29.618125","level":"info","event":"++","logger":"airflow.task.hooks.airflow.providers.standard.hooks.subprocess.SubprocessHook"}
{"timestamp":"2025-09-03T15:00:29.618216","level":"info","event":"","logger":"airflow.task.hooks.airflow.providers.standard.hooks.subprocess.SubprocessHook"}
{"timestamp":"2025-09-03T15:00:30.059290","level":"info","event":"Traceback (most recent call last):","logger":"airflow.task.hooks.airflow.providers.standard.hooks.subprocess.SubprocessHook"}
{"timestamp":"2025-09-03T15:00:30.060931","level":"info","event":"  File \"/opt/airflow/dags/hello_spark.py\", line 24, in <module>","logger":"airflow.task.hooks.airflow.providers.standard.hooks.subprocess.SubprocessHook"}
{"timestamp":"2025-09-03T15:00:30.061505","level":"info","event":"    df = df.withColumn(\"age\", (datediff(current_date(), col(\"`Date of birth`\")) / 365.25).cast(\"integer\"))","logger":"airflow.task.hooks.airflow.providers.standard.hooks.subprocess.SubprocessHook"}
{"timestamp":"2025-09-03T15:00:30.061934","level":"info","event":"  File \"/opt/spark/python/lib/pyspark.zip/pyspark/sql/dataframe.py\", line 5170, in withColumn","logger":"airflow.task.hooks.airflow.providers.standard.hooks.subprocess.SubprocessHook"}
{"timestamp":"2025-09-03T15:00:30.063896","level":"info","event":"  File \"/opt/spark/python/lib/py4j-0.10.9.7-src.zip/py4j/java_gateway.py\", line 1322, in __call__","logger":"airflow.task.hooks.airflow.providers.standard.hooks.subprocess.SubprocessHook"}
{"timestamp":"2025-09-03T15:00:30.064050","level":"info","event":"  File \"/opt/spark/python/lib/pyspark.zip/pyspark/errors/exceptions/captured.py\", line 185, in deco","logger":"airflow.task.hooks.airflow.providers.standard.hooks.subprocess.SubprocessHook"}
{"timestamp":"2025-09-03T15:00:30.068741","level":"info","event":"pyspark.errors.exceptions.captured.AnalysisException: [UNRESOLVED_COLUMN.WITHOUT_SUGGESTION] A column or function parameter with name `Date of birth` cannot be resolved. ;","logger":"airflow.task.hooks.airflow.providers.standard.hooks.subprocess.SubprocessHook"}
{"timestamp":"2025-09-03T15:00:30.068980","level":"info","event":"'Project [cast((datediff(current_date(Some(Etc/UTC)), 'Date of birth) / 365.25) as int) AS age#16]","logger":"airflow.task.hooks.airflow.providers.standard.hooks.subprocess.SubprocessHook"}
{"timestamp":"2025-09-03T15:00:30.069096","level":"info","event":"+- Relation [] csv","logger":"airflow.task.hooks.airflow.providers.standard.hooks.subprocess.SubprocessHook"}
{"timestamp":"2025-09-03T15:00:30.069213","level":"info","event":"","logger":"airflow.task.hooks.airflow.providers.standard.hooks.subprocess.SubprocessHook"}
{"timestamp":"2025-09-03T15:00:30.150629","level":"info","event":"25/09/03 15:00:30 INFO SparkContext: Invoking stop() from shutdown hook","logger":"airflow.task.hooks.airflow.providers.standard.hooks.subprocess.SubprocessHook"}
{"timestamp":"2025-09-03T15:00:30.152951","level":"info","event":"25/09/03 15:00:30 INFO SparkContext: SparkContext is stopping with exitCode 0.","logger":"airflow.task.hooks.airflow.providers.standard.hooks.subprocess.SubprocessHook"}
{"timestamp":"2025-09-03T15:00:30.169354","level":"info","event":"25/09/03 15:00:30 INFO SparkUI: Stopped Spark web UI at http://6dcc95cec7e0:4040","logger":"airflow.task.hooks.airflow.providers.standard.hooks.subprocess.SubprocessHook"}
{"timestamp":"2025-09-03T15:00:30.177490","level":"info","event":"25/09/03 15:00:30 INFO StandaloneSchedulerBackend: Shutting down all executors","logger":"airflow.task.hooks.airflow.providers.standard.hooks.subprocess.SubprocessHook"}
{"timestamp":"2025-09-03T15:00:30.178455","level":"info","event":"25/09/03 15:00:30 INFO StandaloneSchedulerBackend$StandaloneDriverEndpoint: Asking each executor to shut down","logger":"airflow.task.hooks.airflow.providers.standard.hooks.subprocess.SubprocessHook"}
{"timestamp":"2025-09-03T15:00:30.277998","level":"info","event":"25/09/03 15:00:30 INFO MapOutputTrackerMasterEndpoint: MapOutputTrackerMasterEndpoint stopped!","logger":"airflow.task.hooks.airflow.providers.standard.hooks.subprocess.SubprocessHook"}
{"timestamp":"2025-09-03T15:00:30.299968","level":"info","event":"25/09/03 15:00:30 INFO MemoryStore: MemoryStore cleared","logger":"airflow.task.hooks.airflow.providers.standard.hooks.subprocess.SubprocessHook"}
{"timestamp":"2025-09-03T15:00:30.300222","level":"info","event":"25/09/03 15:00:30 INFO BlockManager: BlockManager stopped","logger":"airflow.task.hooks.airflow.providers.standard.hooks.subprocess.SubprocessHook"}
{"timestamp":"2025-09-03T15:00:30.308165","level":"info","event":"25/09/03 15:00:30 INFO BlockManagerMaster: BlockManagerMaster stopped","logger":"airflow.task.hooks.airflow.providers.standard.hooks.subprocess.SubprocessHook"}
{"timestamp":"2025-09-03T15:00:30.312428","level":"info","event":"25/09/03 15:00:30 INFO OutputCommitCoordinator$OutputCommitCoordinatorEndpoint: OutputCommitCoordinator stopped!","logger":"airflow.task.hooks.airflow.providers.standard.hooks.subprocess.SubprocessHook"}
{"timestamp":"2025-09-03T15:00:30.344175","level":"info","event":"25/09/03 15:00:30 INFO SparkContext: Successfully stopped SparkContext","logger":"airflow.task.hooks.airflow.providers.standard.hooks.subprocess.SubprocessHook"}
{"timestamp":"2025-09-03T15:00:30.346967","level":"info","event":"25/09/03 15:00:30 INFO ShutdownHookManager: Shutdown hook called","logger":"airflow.task.hooks.airflow.providers.standard.hooks.subprocess.SubprocessHook"}
{"timestamp":"2025-09-03T15:00:30.347172","level":"info","event":"25/09/03 15:00:30 INFO ShutdownHookManager: Deleting directory /tmp/spark-4c290513-09a8-4a0e-8712-afcfaea97283","logger":"airflow.task.hooks.airflow.providers.standard.hooks.subprocess.SubprocessHook"}
{"timestamp":"2025-09-03T15:00:30.354074","level":"info","event":"25/09/03 15:00:30 INFO ShutdownHookManager: Deleting directory /tmp/spark-f905e22c-e672-41f7-907d-1d08887859e0/pyspark-861c04d5-3aa2-414e-9443-3e08e6816c10","logger":"airflow.task.hooks.airflow.providers.standard.hooks.subprocess.SubprocessHook"}
{"timestamp":"2025-09-03T15:00:30.363433","level":"info","event":"25/09/03 15:00:30 INFO ShutdownHookManager: Deleting directory /tmp/spark-f905e22c-e672-41f7-907d-1d08887859e0","logger":"airflow.task.hooks.airflow.providers.standard.hooks.subprocess.SubprocessHook"}
{"timestamp":"2025-09-03T15:00:30.473478","level":"info","event":"Command exited with return code 1","logger":"airflow.task.hooks.airflow.providers.standard.hooks.subprocess.SubprocessHook"}
{"timestamp":"2025-09-03T15:00:30.474466","level":"error","event":"Task failed with exception","logger":"task","error_detail":[{"exc_type":"AirflowException","exc_value":"Bash command failed. The command returned a non-zero exit code 1.","exc_notes":[],"syntax_error":null,"is_cause":false,"frames":[{"filename":"/home/airflow/.local/lib/python3.10/site-packages/airflow/sdk/execution_time/task_runner.py","lineno":838,"name":"run"},{"filename":"/home/airflow/.local/lib/python3.10/site-packages/airflow/sdk/execution_time/task_runner.py","lineno":1130,"name":"_execute_task"},{"filename":"/home/airflow/.local/lib/python3.10/site-packages/airflow/sdk/bases/operator.py","lineno":408,"name":"wrapper"},{"filename":"/home/airflow/.local/lib/python3.10/site-packages/airflow/providers/standard/operators/bash.py","lineno":233,"name":"execute"}]}]}
