{"timestamp":"2025-09-03T17:26:57.707133","level":"info","event":"DAG bundles loaded: dags-folder","logger":"airflow.dag_processing.bundles.manager.DagBundlesManager"}
{"timestamp":"2025-09-03T17:26:57.711655","level":"info","event":"Filling up the DagBag from /opt/airflow/dags/spark_submit_dag.py","logger":"airflow.models.dagbag.DagBag"}
{"timestamp":"2025-09-03T17:26:57.736423","level":"info","event":"Tmp dir root location: /tmp","logger":"airflow.task.hooks.airflow.providers.standard.hooks.subprocess.SubprocessHook"}
{"timestamp":"2025-09-03T17:26:57.737151","level":"info","event":"Running command: ['/usr/bin/bash', '-c', '\\n        spark-submit         --master spark://spark-master:7077         --conf spark.hadoop.fs.s3a.access.key=telcoaz         --conf spark.hadoop.fs.s3a.secret.key=Telco12345         --conf spark.hadoop.fs.s3a.endpoint=http://minio:9000         --conf spark.hadoop.fs.s3a.path.style.access=true \\t--conf spark.eventlog.enabled=false         /opt/airflow/dags/hello_spark.py\\n        ']","logger":"airflow.task.hooks.airflow.providers.standard.hooks.subprocess.SubprocessHook"}
{"timestamp":"2025-09-03T17:26:57.756074","level":"info","event":"Output:","logger":"airflow.task.hooks.airflow.providers.standard.hooks.subprocess.SubprocessHook"}
{"timestamp":"2025-09-03T17:27:03.724063","level":"info","event":"25/09/03 17:27:03 INFO SparkContext: Running Spark version 3.5.0","logger":"airflow.task.hooks.airflow.providers.standard.hooks.subprocess.SubprocessHook"}
{"timestamp":"2025-09-03T17:27:03.724878","level":"info","event":"25/09/03 17:27:03 INFO SparkContext: OS info Linux, 6.14.0-1012-aws, amd64","logger":"airflow.task.hooks.airflow.providers.standard.hooks.subprocess.SubprocessHook"}
{"timestamp":"2025-09-03T17:27:03.725627","level":"info","event":"25/09/03 17:27:03 INFO SparkContext: Java version 17.0.16","logger":"airflow.task.hooks.airflow.providers.standard.hooks.subprocess.SubprocessHook"}
{"timestamp":"2025-09-03T17:27:03.831307","level":"info","event":"25/09/03 17:27:03 WARN NativeCodeLoader: Unable to load native-hadoop library for your platform... using builtin-java classes where applicable","logger":"airflow.task.hooks.airflow.providers.standard.hooks.subprocess.SubprocessHook"}
{"timestamp":"2025-09-03T17:27:03.977977","level":"info","event":"25/09/03 17:27:03 INFO ResourceUtils: ==============================================================","logger":"airflow.task.hooks.airflow.providers.standard.hooks.subprocess.SubprocessHook"}
{"timestamp":"2025-09-03T17:27:03.978931","level":"info","event":"25/09/03 17:27:03 INFO ResourceUtils: No custom resources configured for spark.driver.","logger":"airflow.task.hooks.airflow.providers.standard.hooks.subprocess.SubprocessHook"}
{"timestamp":"2025-09-03T17:27:03.979666","level":"info","event":"25/09/03 17:27:03 INFO ResourceUtils: ==============================================================","logger":"airflow.task.hooks.airflow.providers.standard.hooks.subprocess.SubprocessHook"}
{"timestamp":"2025-09-03T17:27:03.981940","level":"info","event":"25/09/03 17:27:03 INFO SparkContext: Submitted application: ProcessingTask","logger":"airflow.task.hooks.airflow.providers.standard.hooks.subprocess.SubprocessHook"}
{"timestamp":"2025-09-03T17:27:03.990953","level":"info","event":"25/09/03 17:27:03 INFO SparkContext: Spark configuration:","logger":"airflow.task.hooks.airflow.providers.standard.hooks.subprocess.SubprocessHook"}
{"timestamp":"2025-09-03T17:27:03.991616","level":"info","event":"spark.app.name=ProcessingTask","logger":"airflow.task.hooks.airflow.providers.standard.hooks.subprocess.SubprocessHook"}
{"timestamp":"2025-09-03T17:27:03.993953","level":"info","event":"spark.app.startTime=1756920423698","logger":"airflow.task.hooks.airflow.providers.standard.hooks.subprocess.SubprocessHook"}
{"timestamp":"2025-09-03T17:27:03.994167","level":"info","event":"spark.app.submitTime=1756920421891","logger":"airflow.task.hooks.airflow.providers.standard.hooks.subprocess.SubprocessHook"}
{"timestamp":"2025-09-03T17:27:03.994290","level":"info","event":"spark.delta.logStore.class=org.apache.spark.sql.delta.storage.S3SingleDriverLogStore","logger":"airflow.task.hooks.airflow.providers.standard.hooks.subprocess.SubprocessHook"}
{"timestamp":"2025-09-03T17:27:03.994390","level":"info","event":"spark.driver.extraJavaOptions=-Djava.net.preferIPv6Addresses=false -XX:+IgnoreUnrecognizedVMOptions --add-opens=java.base/java.lang=ALL-UNNAMED --add-opens=java.base/java.lang.invoke=ALL-UNNAMED --add-opens=java.base/java.lang.reflect=ALL-UNNAMED --add-opens=java.base/java.io=ALL-UNNAMED --add-opens=java.base/java.net=ALL-UNNAMED --add-opens=java.base/java.nio=ALL-UNNAMED --add-opens=java.base/java.util=ALL-UNNAMED --add-opens=java.base/java.util.concurrent=ALL-UNNAMED --add-opens=java.base/java.util.concurrent.atomic=ALL-UNNAMED --add-opens=java.base/sun.nio.ch=ALL-UNNAMED --add-opens=java.base/sun.nio.cs=ALL-UNNAMED --add-opens=java.base/sun.security.action=ALL-UNNAMED --add-opens=java.base/sun.util.calendar=ALL-UNNAMED --add-opens=java.security.jgss/sun.security.krb5=ALL-UNNAMED -Djdk.reflect.useDirectMethodHandle=false","logger":"airflow.task.hooks.airflow.providers.standard.hooks.subprocess.SubprocessHook"}
{"timestamp":"2025-09-03T17:27:03.994478","level":"info","event":"spark.eventLog.dir=/opt/spark/history","logger":"airflow.task.hooks.airflow.providers.standard.hooks.subprocess.SubprocessHook"}
{"timestamp":"2025-09-03T17:27:03.994557","level":"info","event":"spark.eventLog.enabled=true","logger":"airflow.task.hooks.airflow.providers.standard.hooks.subprocess.SubprocessHook"}
{"timestamp":"2025-09-03T17:27:03.994645","level":"info","event":"spark.eventlog.enabled=false","logger":"airflow.task.hooks.airflow.providers.standard.hooks.subprocess.SubprocessHook"}
{"timestamp":"2025-09-03T17:27:03.995696","level":"info","event":"spark.executor.extraJavaOptions=-Djava.net.preferIPv6Addresses=false -XX:+IgnoreUnrecognizedVMOptions --add-opens=java.base/java.lang=ALL-UNNAMED --add-opens=java.base/java.lang.invoke=ALL-UNNAMED --add-opens=java.base/java.lang.reflect=ALL-UNNAMED --add-opens=java.base/java.io=ALL-UNNAMED --add-opens=java.base/java.net=ALL-UNNAMED --add-opens=java.base/java.nio=ALL-UNNAMED --add-opens=java.base/java.util=ALL-UNNAMED --add-opens=java.base/java.util.concurrent=ALL-UNNAMED --add-opens=java.base/java.util.concurrent.atomic=ALL-UNNAMED --add-opens=java.base/sun.nio.ch=ALL-UNNAMED --add-opens=java.base/sun.nio.cs=ALL-UNNAMED --add-opens=java.base/sun.security.action=ALL-UNNAMED --add-opens=java.base/sun.util.calendar=ALL-UNNAMED --add-opens=java.security.jgss/sun.security.krb5=ALL-UNNAMED -Djdk.reflect.useDirectMethodHandle=false","logger":"airflow.task.hooks.airflow.providers.standard.hooks.subprocess.SubprocessHook"}
{"timestamp":"2025-09-03T17:27:03.995876","level":"info","event":"spark.hadoop.fs.s3a.access.key=*********(redacted)","logger":"airflow.task.hooks.airflow.providers.standard.hooks.subprocess.SubprocessHook"}
{"timestamp":"2025-09-03T17:27:03.995962","level":"info","event":"spark.hadoop.fs.s3a.endpoint=http://minio:9000","logger":"airflow.task.hooks.airflow.providers.standard.hooks.subprocess.SubprocessHook"}
{"timestamp":"2025-09-03T17:27:03.996052","level":"info","event":"spark.hadoop.fs.s3a.fast.upload=true","logger":"airflow.task.hooks.airflow.providers.standard.hooks.subprocess.SubprocessHook"}
{"timestamp":"2025-09-03T17:27:03.996166","level":"info","event":"spark.hadoop.fs.s3a.impl=org.apache.hadoop.fs.s3a.S3AFileSystem","logger":"airflow.task.hooks.airflow.providers.standard.hooks.subprocess.SubprocessHook"}
{"timestamp":"2025-09-03T17:27:03.996270","level":"info","event":"spark.hadoop.fs.s3a.multiobjectdelete.enable=true","logger":"airflow.task.hooks.airflow.providers.standard.hooks.subprocess.SubprocessHook"}
{"timestamp":"2025-09-03T17:27:03.996361","level":"info","event":"spark.hadoop.fs.s3a.path.style.access=true","logger":"airflow.task.hooks.airflow.providers.standard.hooks.subprocess.SubprocessHook"}
{"timestamp":"2025-09-03T17:27:03.996459","level":"info","event":"spark.hadoop.fs.s3a.secret.key=*********(redacted)","logger":"airflow.task.hooks.airflow.providers.standard.hooks.subprocess.SubprocessHook"}
{"timestamp":"2025-09-03T17:27:03.996559","level":"info","event":"spark.history.fs.logDirectory=s3a://spark/","logger":"airflow.task.hooks.airflow.providers.standard.hooks.subprocess.SubprocessHook"}
{"timestamp":"2025-09-03T17:27:03.996660","level":"info","event":"spark.jars.packages=org.apache.spark:spark-sql-kafka-0-10_2.12:3.5.0,org.apache.spark:spark-avro_2.12:3.5.0","logger":"airflow.task.hooks.airflow.providers.standard.hooks.subprocess.SubprocessHook"}
{"timestamp":"2025-09-03T17:27:03.996802","level":"info","event":"spark.jars.repositories=https://packages.confluent.io/maven/","logger":"airflow.task.hooks.airflow.providers.standard.hooks.subprocess.SubprocessHook"}
{"timestamp":"2025-09-03T17:27:03.996883","level":"info","event":"spark.logConf=true","logger":"airflow.task.hooks.airflow.providers.standard.hooks.subprocess.SubprocessHook"}
{"timestamp":"2025-09-03T17:27:03.996962","level":"info","event":"spark.master=spark://spark-master:7077","logger":"airflow.task.hooks.airflow.providers.standard.hooks.subprocess.SubprocessHook"}
{"timestamp":"2025-09-03T17:27:03.997042","level":"info","event":"spark.network.timeout=10000s","logger":"airflow.task.hooks.airflow.providers.standard.hooks.subprocess.SubprocessHook"}
{"timestamp":"2025-09-03T17:27:03.997131","level":"info","event":"spark.rdd.compress=True","logger":"airflow.task.hooks.airflow.providers.standard.hooks.subprocess.SubprocessHook"}
{"timestamp":"2025-09-03T17:27:03.997234","level":"info","event":"spark.serializer.objectStreamReset=100","logger":"airflow.task.hooks.airflow.providers.standard.hooks.subprocess.SubprocessHook"}
{"timestamp":"2025-09-03T17:27:03.997325","level":"info","event":"spark.sql.catalog.spark_catalog=org.apache.spark.sql.delta.catalog.DeltaCatalog","logger":"airflow.task.hooks.airflow.providers.standard.hooks.subprocess.SubprocessHook"}
{"timestamp":"2025-09-03T17:27:03.997427","level":"info","event":"spark.sql.extensions=io.delta.sql.DeltaSparkSessionExtension","logger":"airflow.task.hooks.airflow.providers.standard.hooks.subprocess.SubprocessHook"}
{"timestamp":"2025-09-03T17:27:03.997518","level":"info","event":"spark.sql.files.ignoreMissingFiles=true","logger":"airflow.task.hooks.airflow.providers.standard.hooks.subprocess.SubprocessHook"}
{"timestamp":"2025-09-03T17:27:03.997608","level":"info","event":"spark.sql.sources.partitionOverwriteMode=dynamic","logger":"airflow.task.hooks.airflow.providers.standard.hooks.subprocess.SubprocessHook"}
{"timestamp":"2025-09-03T17:27:03.997697","level":"info","event":"spark.submit.deployMode=client","logger":"airflow.task.hooks.airflow.providers.standard.hooks.subprocess.SubprocessHook"}
{"timestamp":"2025-09-03T17:27:04.002046","level":"info","event":"spark.submit.pyFiles=","logger":"airflow.task.hooks.airflow.providers.standard.hooks.subprocess.SubprocessHook"}
{"timestamp":"2025-09-03T17:27:04.039096","level":"info","event":"25/09/03 17:27:04 INFO ResourceProfile: Default ResourceProfile created, executor resources: Map(memory -> name: memory, amount: 1024, script: , vendor: , offHeap -> name: offHeap, amount: 0, script: , vendor: ), task resources: Map(cpus -> name: cpus, amount: 1.0)","logger":"airflow.task.hooks.airflow.providers.standard.hooks.subprocess.SubprocessHook"}
{"timestamp":"2025-09-03T17:27:04.051333","level":"info","event":"25/09/03 17:27:04 INFO ResourceProfile: Limiting resource is cpu","logger":"airflow.task.hooks.airflow.providers.standard.hooks.subprocess.SubprocessHook"}
{"timestamp":"2025-09-03T17:27:04.052412","level":"info","event":"25/09/03 17:27:04 INFO ResourceProfileManager: Added ResourceProfile id: 0","logger":"airflow.task.hooks.airflow.providers.standard.hooks.subprocess.SubprocessHook"}
{"timestamp":"2025-09-03T17:27:04.152878","level":"info","event":"25/09/03 17:27:04 INFO SecurityManager: Changing view acls to: airflow","logger":"airflow.task.hooks.airflow.providers.standard.hooks.subprocess.SubprocessHook"}
{"timestamp":"2025-09-03T17:27:04.153088","level":"info","event":"25/09/03 17:27:04 INFO SecurityManager: Changing modify acls to: airflow","logger":"airflow.task.hooks.airflow.providers.standard.hooks.subprocess.SubprocessHook"}
{"timestamp":"2025-09-03T17:27:04.153192","level":"info","event":"25/09/03 17:27:04 INFO SecurityManager: Changing view acls groups to:","logger":"airflow.task.hooks.airflow.providers.standard.hooks.subprocess.SubprocessHook"}
{"timestamp":"2025-09-03T17:27:04.153285","level":"info","event":"25/09/03 17:27:04 INFO SecurityManager: Changing modify acls groups to:","logger":"airflow.task.hooks.airflow.providers.standard.hooks.subprocess.SubprocessHook"}
{"timestamp":"2025-09-03T17:27:04.153379","level":"info","event":"25/09/03 17:27:04 INFO SecurityManager: SecurityManager: authentication disabled; ui acls disabled; users with view permissions: airflow; groups with view permissions: EMPTY; users with modify permissions: airflow; groups with modify permissions: EMPTY","logger":"airflow.task.hooks.airflow.providers.standard.hooks.subprocess.SubprocessHook"}
{"timestamp":"2025-09-03T17:27:04.687608","level":"info","event":"25/09/03 17:27:04 INFO Utils: Successfully started service 'sparkDriver' on port 37897.","logger":"airflow.task.hooks.airflow.providers.standard.hooks.subprocess.SubprocessHook"}
{"timestamp":"2025-09-03T17:27:04.737960","level":"info","event":"25/09/03 17:27:04 INFO SparkEnv: Registering MapOutputTracker","logger":"airflow.task.hooks.airflow.providers.standard.hooks.subprocess.SubprocessHook"}
{"timestamp":"2025-09-03T17:27:04.805508","level":"info","event":"25/09/03 17:27:04 INFO SparkEnv: Registering BlockManagerMaster","logger":"airflow.task.hooks.airflow.providers.standard.hooks.subprocess.SubprocessHook"}
{"timestamp":"2025-09-03T17:27:04.836306","level":"info","event":"25/09/03 17:27:04 INFO BlockManagerMasterEndpoint: Using org.apache.spark.storage.DefaultTopologyMapper for getting topology information","logger":"airflow.task.hooks.airflow.providers.standard.hooks.subprocess.SubprocessHook"}
{"timestamp":"2025-09-03T17:27:04.838830","level":"info","event":"25/09/03 17:27:04 INFO BlockManagerMasterEndpoint: BlockManagerMasterEndpoint up","logger":"airflow.task.hooks.airflow.providers.standard.hooks.subprocess.SubprocessHook"}
{"timestamp":"2025-09-03T17:27:04.846045","level":"info","event":"25/09/03 17:27:04 INFO SparkEnv: Registering BlockManagerMasterHeartbeat","logger":"airflow.task.hooks.airflow.providers.standard.hooks.subprocess.SubprocessHook"}
{"timestamp":"2025-09-03T17:27:04.884473","level":"info","event":"25/09/03 17:27:04 INFO DiskBlockManager: Created local directory at /tmp/blockmgr-f865d3c4-8b71-44b4-9879-6181e53d97aa","logger":"airflow.task.hooks.airflow.providers.standard.hooks.subprocess.SubprocessHook"}
{"timestamp":"2025-09-03T17:27:04.909981","level":"info","event":"25/09/03 17:27:04 INFO MemoryStore: MemoryStore started with capacity 434.4 MiB","logger":"airflow.task.hooks.airflow.providers.standard.hooks.subprocess.SubprocessHook"}
{"timestamp":"2025-09-03T17:27:04.937332","level":"info","event":"25/09/03 17:27:04 INFO SparkEnv: Registering OutputCommitCoordinator","logger":"airflow.task.hooks.airflow.providers.standard.hooks.subprocess.SubprocessHook"}
{"timestamp":"2025-09-03T17:27:05.323823","level":"info","event":"25/09/03 17:27:05 INFO JettyUtils: Start Jetty 0.0.0.0:4040 for SparkUI","logger":"airflow.task.hooks.airflow.providers.standard.hooks.subprocess.SubprocessHook"}
{"timestamp":"2025-09-03T17:27:05.455096","level":"info","event":"25/09/03 17:27:05 INFO Utils: Successfully started service 'SparkUI' on port 4040.","logger":"airflow.task.hooks.airflow.providers.standard.hooks.subprocess.SubprocessHook"}
{"timestamp":"2025-09-03T17:27:05.798177","level":"info","event":"25/09/03 17:27:05 INFO StandaloneAppClient$ClientEndpoint: Connecting to master spark://spark-master:7077...","logger":"airflow.task.hooks.airflow.providers.standard.hooks.subprocess.SubprocessHook"}
{"timestamp":"2025-09-03T17:27:05.888980","level":"info","event":"25/09/03 17:27:05 INFO TransportClientFactory: Successfully created connection to spark-master/172.22.0.3:7077 after 55 ms (0 ms spent in bootstraps)","logger":"airflow.task.hooks.airflow.providers.standard.hooks.subprocess.SubprocessHook"}
{"timestamp":"2025-09-03T17:27:06.089556","level":"info","event":"25/09/03 17:27:06 INFO StandaloneSchedulerBackend: Connected to Spark cluster with app ID app-20250903172706-0033","logger":"airflow.task.hooks.airflow.providers.standard.hooks.subprocess.SubprocessHook"}
{"timestamp":"2025-09-03T17:27:06.097372","level":"info","event":"25/09/03 17:27:06 INFO StandaloneAppClient$ClientEndpoint: Executor added: app-20250903172706-0033/0 on worker-20250903081951-172.22.0.5-43269 (172.22.0.5:43269) with 2 core(s)","logger":"airflow.task.hooks.airflow.providers.standard.hooks.subprocess.SubprocessHook"}
{"timestamp":"2025-09-03T17:27:06.106982","level":"info","event":"25/09/03 17:27:06 INFO StandaloneSchedulerBackend: Granted executor ID app-20250903172706-0033/0 on hostPort 172.22.0.5:43269 with 2 core(s), 1024.0 MiB RAM","logger":"airflow.task.hooks.airflow.providers.standard.hooks.subprocess.SubprocessHook"}
{"timestamp":"2025-09-03T17:27:06.118121","level":"info","event":"25/09/03 17:27:06 INFO Utils: Successfully started service 'org.apache.spark.network.netty.NettyBlockTransferService' on port 43945.","logger":"airflow.task.hooks.airflow.providers.standard.hooks.subprocess.SubprocessHook"}
{"timestamp":"2025-09-03T17:27:06.118339","level":"info","event":"25/09/03 17:27:06 INFO NettyBlockTransferService: Server created on 31a98e31d62d:43945","logger":"airflow.task.hooks.airflow.providers.standard.hooks.subprocess.SubprocessHook"}
{"timestamp":"2025-09-03T17:27:06.128391","level":"info","event":"25/09/03 17:27:06 INFO BlockManager: Using org.apache.spark.storage.RandomBlockReplicationPolicy for block replication policy","logger":"airflow.task.hooks.airflow.providers.standard.hooks.subprocess.SubprocessHook"}
{"timestamp":"2025-09-03T17:27:06.129552","level":"info","event":"25/09/03 17:27:06 INFO StandaloneAppClient$ClientEndpoint: Executor updated: app-20250903172706-0033/0 is now RUNNING","logger":"airflow.task.hooks.airflow.providers.standard.hooks.subprocess.SubprocessHook"}
{"timestamp":"2025-09-03T17:27:06.139735","level":"info","event":"25/09/03 17:27:06 INFO BlockManagerMaster: Registering BlockManager BlockManagerId(driver, 31a98e31d62d, 43945, None)","logger":"airflow.task.hooks.airflow.providers.standard.hooks.subprocess.SubprocessHook"}
{"timestamp":"2025-09-03T17:27:06.146486","level":"info","event":"25/09/03 17:27:06 INFO BlockManagerMasterEndpoint: Registering block manager 31a98e31d62d:43945 with 434.4 MiB RAM, BlockManagerId(driver, 31a98e31d62d, 43945, None)","logger":"airflow.task.hooks.airflow.providers.standard.hooks.subprocess.SubprocessHook"}
{"timestamp":"2025-09-03T17:27:06.151981","level":"info","event":"25/09/03 17:27:06 INFO BlockManagerMaster: Registered BlockManager BlockManagerId(driver, 31a98e31d62d, 43945, None)","logger":"airflow.task.hooks.airflow.providers.standard.hooks.subprocess.SubprocessHook"}
{"timestamp":"2025-09-03T17:27:06.154501","level":"info","event":"25/09/03 17:27:06 INFO BlockManager: Initialized BlockManager: BlockManagerId(driver, 31a98e31d62d, 43945, None)","logger":"airflow.task.hooks.airflow.providers.standard.hooks.subprocess.SubprocessHook"}
{"timestamp":"2025-09-03T17:27:06.946435","level":"info","event":"25/09/03 17:27:06 INFO SingleEventLogFileWriter: Logging events to file:/opt/spark/history/app-20250903172706-0033.inprogress","logger":"airflow.task.hooks.airflow.providers.standard.hooks.subprocess.SubprocessHook"}
{"timestamp":"2025-09-03T17:27:07.876980","level":"info","event":"25/09/03 17:27:07 INFO StandaloneSchedulerBackend: SchedulerBackend is ready for scheduling beginning after reached minRegisteredResourcesRatio: 0.0","logger":"airflow.task.hooks.airflow.providers.standard.hooks.subprocess.SubprocessHook"}
{"timestamp":"2025-09-03T17:27:08.964172","level":"info","event":"25/09/03 17:27:08 INFO SharedState: Setting hive.metastore.warehouse.dir ('null') to the value of spark.sql.warehouse.dir.","logger":"airflow.task.hooks.airflow.providers.standard.hooks.subprocess.SubprocessHook"}
{"timestamp":"2025-09-03T17:27:08.978059","level":"info","event":"25/09/03 17:27:08 INFO SharedState: Warehouse path is 'file:/tmp/airflowtmpebltqoi1/spark-warehouse'.","logger":"airflow.task.hooks.airflow.providers.standard.hooks.subprocess.SubprocessHook"}
{"timestamp":"2025-09-03T17:27:11.736486","level":"info","event":"25/09/03 17:27:11 WARN MetricsConfig: Cannot locate configuration: tried hadoop-metrics2-s3a-file-system.properties,hadoop-metrics2.properties","logger":"airflow.task.hooks.airflow.providers.standard.hooks.subprocess.SubprocessHook"}
{"timestamp":"2025-09-03T17:27:11.775242","level":"info","event":"25/09/03 17:27:11 INFO MetricsSystemImpl: Scheduled Metric snapshot period at 10 second(s).","logger":"airflow.task.hooks.airflow.providers.standard.hooks.subprocess.SubprocessHook"}
{"timestamp":"2025-09-03T17:27:11.776984","level":"info","event":"25/09/03 17:27:11 INFO MetricsSystemImpl: s3a-file-system metrics system started","logger":"airflow.task.hooks.airflow.providers.standard.hooks.subprocess.SubprocessHook"}
{"timestamp":"2025-09-03T17:27:16.002021","level":"info","event":"25/09/03 17:27:15 INFO StandaloneSchedulerBackend$StandaloneDriverEndpoint: Registered executor NettyRpcEndpointRef(spark-client://Executor) (172.22.0.5:46508) with ID 0,  ResourceProfileId 0","logger":"airflow.task.hooks.airflow.providers.standard.hooks.subprocess.SubprocessHook"}
{"timestamp":"2025-09-03T17:27:16.276471","level":"info","event":"25/09/03 17:27:16 INFO InMemoryFileIndex: It took 363 ms to list leaf files for 1 paths.","logger":"airflow.task.hooks.airflow.providers.standard.hooks.subprocess.SubprocessHook"}
{"timestamp":"2025-09-03T17:27:16.300088","level":"info","event":"25/09/03 17:27:16 INFO BlockManagerMasterEndpoint: Registering block manager 172.22.0.5:33365 with 434.4 MiB RAM, BlockManagerId(0, 172.22.0.5, 33365, None)","logger":"airflow.task.hooks.airflow.providers.standard.hooks.subprocess.SubprocessHook"}
{"timestamp":"2025-09-03T17:27:17.032981","level":"info","event":"25/09/03 17:27:17 INFO SparkContext: Starting job: parquet at NativeMethodAccessorImpl.java:0","logger":"airflow.task.hooks.airflow.providers.standard.hooks.subprocess.SubprocessHook"}
{"timestamp":"2025-09-03T17:27:17.075758","level":"info","event":"25/09/03 17:27:17 INFO DAGScheduler: Got job 0 (parquet at NativeMethodAccessorImpl.java:0) with 1 output partitions","logger":"airflow.task.hooks.airflow.providers.standard.hooks.subprocess.SubprocessHook"}
{"timestamp":"2025-09-03T17:27:17.077752","level":"info","event":"25/09/03 17:27:17 INFO DAGScheduler: Final stage: ResultStage 0 (parquet at NativeMethodAccessorImpl.java:0)","logger":"airflow.task.hooks.airflow.providers.standard.hooks.subprocess.SubprocessHook"}
{"timestamp":"2025-09-03T17:27:17.079964","level":"info","event":"25/09/03 17:27:17 INFO DAGScheduler: Parents of final stage: List()","logger":"airflow.task.hooks.airflow.providers.standard.hooks.subprocess.SubprocessHook"}
{"timestamp":"2025-09-03T17:27:17.081917","level":"info","event":"25/09/03 17:27:17 INFO DAGScheduler: Missing parents: List()","logger":"airflow.task.hooks.airflow.providers.standard.hooks.subprocess.SubprocessHook"}
{"timestamp":"2025-09-03T17:27:17.089778","level":"info","event":"25/09/03 17:27:17 INFO DAGScheduler: Submitting ResultStage 0 (MapPartitionsRDD[1] at parquet at NativeMethodAccessorImpl.java:0), which has no missing parents","logger":"airflow.task.hooks.airflow.providers.standard.hooks.subprocess.SubprocessHook"}
{"timestamp":"2025-09-03T17:27:17.258897","level":"info","event":"25/09/03 17:27:17 INFO MemoryStore: Block broadcast_0 stored as values in memory (estimated size 105.5 KiB, free 434.3 MiB)","logger":"airflow.task.hooks.airflow.providers.standard.hooks.subprocess.SubprocessHook"}
{"timestamp":"2025-09-03T17:27:17.358562","level":"info","event":"25/09/03 17:27:17 INFO MemoryStore: Block broadcast_0_piece0 stored as bytes in memory (estimated size 38.3 KiB, free 434.3 MiB)","logger":"airflow.task.hooks.airflow.providers.standard.hooks.subprocess.SubprocessHook"}
{"timestamp":"2025-09-03T17:27:17.360657","level":"info","event":"25/09/03 17:27:17 INFO BlockManagerInfo: Added broadcast_0_piece0 in memory on 31a98e31d62d:43945 (size: 38.3 KiB, free: 434.4 MiB)","logger":"airflow.task.hooks.airflow.providers.standard.hooks.subprocess.SubprocessHook"}
{"timestamp":"2025-09-03T17:27:17.372462","level":"info","event":"25/09/03 17:27:17 INFO SparkContext: Created broadcast 0 from broadcast at DAGScheduler.scala:1580","logger":"airflow.task.hooks.airflow.providers.standard.hooks.subprocess.SubprocessHook"}
{"timestamp":"2025-09-03T17:27:17.425580","level":"info","event":"25/09/03 17:27:17 INFO DAGScheduler: Submitting 1 missing tasks from ResultStage 0 (MapPartitionsRDD[1] at parquet at NativeMethodAccessorImpl.java:0) (first 15 tasks are for partitions Vector(0))","logger":"airflow.task.hooks.airflow.providers.standard.hooks.subprocess.SubprocessHook"}
{"timestamp":"2025-09-03T17:27:17.425986","level":"info","event":"25/09/03 17:27:17 INFO TaskSchedulerImpl: Adding task set 0.0 with 1 tasks resource profile 0","logger":"airflow.task.hooks.airflow.providers.standard.hooks.subprocess.SubprocessHook"}
{"timestamp":"2025-09-03T17:27:17.491742","level":"info","event":"25/09/03 17:27:17 INFO TaskSetManager: Starting task 0.0 in stage 0.0 (TID 0) (172.22.0.5, executor 0, partition 0, PROCESS_LOCAL, 7757 bytes)","logger":"airflow.task.hooks.airflow.providers.standard.hooks.subprocess.SubprocessHook"}
{"timestamp":"2025-09-03T17:27:18.281728","level":"info","event":"25/09/03 17:27:18 INFO BlockManagerInfo: Added broadcast_0_piece0 in memory on 172.22.0.5:33365 (size: 38.3 KiB, free: 434.4 MiB)","logger":"airflow.task.hooks.airflow.providers.standard.hooks.subprocess.SubprocessHook"}
{"timestamp":"2025-09-03T17:27:24.652747","level":"info","event":"25/09/03 17:27:24 INFO TaskSetManager: Finished task 0.0 in stage 0.0 (TID 0) in 7187 ms on 172.22.0.5 (executor 0) (1/1)","logger":"airflow.task.hooks.airflow.providers.standard.hooks.subprocess.SubprocessHook"}
{"timestamp":"2025-09-03T17:27:24.656947","level":"info","event":"25/09/03 17:27:24 INFO TaskSchedulerImpl: Removed TaskSet 0.0, whose tasks have all completed, from pool","logger":"airflow.task.hooks.airflow.providers.standard.hooks.subprocess.SubprocessHook"}
{"timestamp":"2025-09-03T17:27:24.741993","level":"info","event":"25/09/03 17:27:24 INFO DAGScheduler: ResultStage 0 (parquet at NativeMethodAccessorImpl.java:0) finished in 7.618 s","logger":"airflow.task.hooks.airflow.providers.standard.hooks.subprocess.SubprocessHook"}
{"timestamp":"2025-09-03T17:27:24.758287","level":"info","event":"25/09/03 17:27:24 INFO DAGScheduler: Job 0 is finished. Cancelling potential speculative or zombie tasks for this job","logger":"airflow.task.hooks.airflow.providers.standard.hooks.subprocess.SubprocessHook"}
{"timestamp":"2025-09-03T17:27:24.758513","level":"info","event":"25/09/03 17:27:24 INFO TaskSchedulerImpl: Killing all running tasks in stage 0: Stage finished","logger":"airflow.task.hooks.airflow.providers.standard.hooks.subprocess.SubprocessHook"}
{"timestamp":"2025-09-03T17:27:24.778968","level":"info","event":"25/09/03 17:27:24 INFO DAGScheduler: Job 0 finished: parquet at NativeMethodAccessorImpl.java:0, took 7.745966 s","logger":"airflow.task.hooks.airflow.providers.standard.hooks.subprocess.SubprocessHook"}
{"timestamp":"2025-09-03T17:27:26.840225","level":"info","event":"25/09/03 17:27:26 INFO BlockManagerInfo: Removed broadcast_0_piece0 on 31a98e31d62d:43945 in memory (size: 38.3 KiB, free: 434.4 MiB)","logger":"airflow.task.hooks.airflow.providers.standard.hooks.subprocess.SubprocessHook"}
{"timestamp":"2025-09-03T17:27:26.908645","level":"info","event":"25/09/03 17:27:26 INFO BlockManagerInfo: Removed broadcast_0_piece0 on 172.22.0.5:33365 in memory (size: 38.3 KiB, free: 434.4 MiB)","logger":"airflow.task.hooks.airflow.providers.standard.hooks.subprocess.SubprocessHook"}
{"timestamp":"2025-09-03T17:27:29.149281","level":"info","event":"25/09/03 17:27:29 INFO FileSourceStrategy: Pushed Filters:","logger":"airflow.task.hooks.airflow.providers.standard.hooks.subprocess.SubprocessHook"}
{"timestamp":"2025-09-03T17:27:29.157905","level":"info","event":"25/09/03 17:27:29 INFO FileSourceStrategy: Post-Scan Filters: ((cast((unix_timestamp(tpep_dropoff_datetime#2, yyyy-MM-dd HH:mm:ss, Some(Etc/UTC), false) - unix_timestamp(tpep_pickup_datetime#1, yyyy-MM-dd HH:mm:ss, Some(Etc/UTC), false)) as double) / 3600.0) > 1.0)","logger":"airflow.task.hooks.airflow.providers.standard.hooks.subprocess.SubprocessHook"}
{"timestamp":"2025-09-03T17:27:29.305441","level":"info","event":"25/09/03 17:27:29 INFO FileSourceStrategy: Pushed Filters: IsNotNull(PULocationID)","logger":"airflow.task.hooks.airflow.providers.standard.hooks.subprocess.SubprocessHook"}
{"timestamp":"2025-09-03T17:27:29.309968","level":"info","event":"25/09/03 17:27:29 INFO FileSourceStrategy: Post-Scan Filters: ((cast((unix_timestamp(tpep_dropoff_datetime#72, yyyy-MM-dd HH:mm:ss, Some(Etc/UTC), false) - unix_timestamp(tpep_pickup_datetime#71, yyyy-MM-dd HH:mm:ss, Some(Etc/UTC), false)) as double) / 3600.0) > 1.0),isnotnull(PULocationID#77)","logger":"airflow.task.hooks.airflow.providers.standard.hooks.subprocess.SubprocessHook"}
{"timestamp":"2025-09-03T17:27:30.818505","level":"info","event":"25/09/03 17:27:30 INFO CodeGenerator: Code generated in 810.501698 ms","logger":"airflow.task.hooks.airflow.providers.standard.hooks.subprocess.SubprocessHook"}
{"timestamp":"2025-09-03T17:27:30.892081","level":"info","event":"25/09/03 17:27:30 INFO MemoryStore: Block broadcast_1 stored as values in memory (estimated size 210.8 KiB, free 434.2 MiB)","logger":"airflow.task.hooks.airflow.providers.standard.hooks.subprocess.SubprocessHook"}
{"timestamp":"2025-09-03T17:27:30.921957","level":"info","event":"25/09/03 17:27:30 INFO MemoryStore: Block broadcast_1_piece0 stored as bytes in memory (estimated size 36.2 KiB, free 434.2 MiB)","logger":"airflow.task.hooks.airflow.providers.standard.hooks.subprocess.SubprocessHook"}
{"timestamp":"2025-09-03T17:27:30.924092","level":"info","event":"25/09/03 17:27:30 INFO BlockManagerInfo: Added broadcast_1_piece0 in memory on 31a98e31d62d:43945 (size: 36.2 KiB, free: 434.4 MiB)","logger":"airflow.task.hooks.airflow.providers.standard.hooks.subprocess.SubprocessHook"}
{"timestamp":"2025-09-03T17:27:30.928597","level":"info","event":"25/09/03 17:27:30 INFO SparkContext: Created broadcast 1 from parquet at NativeMethodAccessorImpl.java:0","logger":"airflow.task.hooks.airflow.providers.standard.hooks.subprocess.SubprocessHook"}
{"timestamp":"2025-09-03T17:27:30.950326","level":"info","event":"25/09/03 17:27:30 INFO FileSourceScanExec: Planning scan with bin packing, max size: 27077972 bytes, open cost is considered as scanning 4194304 bytes.","logger":"airflow.task.hooks.airflow.providers.standard.hooks.subprocess.SubprocessHook"}
{"timestamp":"2025-09-03T17:27:31.171086","level":"info","event":"25/09/03 17:27:31 INFO DAGScheduler: Registering RDD 5 (parquet at NativeMethodAccessorImpl.java:0) as input to shuffle 0","logger":"airflow.task.hooks.airflow.providers.standard.hooks.subprocess.SubprocessHook"}
{"timestamp":"2025-09-03T17:27:31.182970","level":"info","event":"25/09/03 17:27:31 INFO DAGScheduler: Got map stage job 1 (parquet at NativeMethodAccessorImpl.java:0) with 2 output partitions","logger":"airflow.task.hooks.airflow.providers.standard.hooks.subprocess.SubprocessHook"}
{"timestamp":"2025-09-03T17:27:31.183945","level":"info","event":"25/09/03 17:27:31 INFO DAGScheduler: Final stage: ShuffleMapStage 1 (parquet at NativeMethodAccessorImpl.java:0)","logger":"airflow.task.hooks.airflow.providers.standard.hooks.subprocess.SubprocessHook"}
{"timestamp":"2025-09-03T17:27:31.185557","level":"info","event":"25/09/03 17:27:31 INFO DAGScheduler: Parents of final stage: List()","logger":"airflow.task.hooks.airflow.providers.standard.hooks.subprocess.SubprocessHook"}
{"timestamp":"2025-09-03T17:27:31.188982","level":"info","event":"25/09/03 17:27:31 INFO DAGScheduler: Missing parents: List()","logger":"airflow.task.hooks.airflow.providers.standard.hooks.subprocess.SubprocessHook"}
{"timestamp":"2025-09-03T17:27:31.193455","level":"info","event":"25/09/03 17:27:31 INFO DAGScheduler: Submitting ShuffleMapStage 1 (MapPartitionsRDD[5] at parquet at NativeMethodAccessorImpl.java:0), which has no missing parents","logger":"airflow.task.hooks.airflow.providers.standard.hooks.subprocess.SubprocessHook"}
{"timestamp":"2025-09-03T17:27:31.286627","level":"info","event":"25/09/03 17:27:31 INFO MemoryStore: Block broadcast_2 stored as values in memory (estimated size 44.5 KiB, free 434.1 MiB)","logger":"airflow.task.hooks.airflow.providers.standard.hooks.subprocess.SubprocessHook"}
{"timestamp":"2025-09-03T17:27:31.292960","level":"info","event":"25/09/03 17:27:31 INFO MemoryStore: Block broadcast_2_piece0 stored as bytes in memory (estimated size 19.7 KiB, free 434.1 MiB)","logger":"airflow.task.hooks.airflow.providers.standard.hooks.subprocess.SubprocessHook"}
{"timestamp":"2025-09-03T17:27:31.296067","level":"info","event":"25/09/03 17:27:31 INFO BlockManagerInfo: Added broadcast_2_piece0 in memory on 31a98e31d62d:43945 (size: 19.7 KiB, free: 434.3 MiB)","logger":"airflow.task.hooks.airflow.providers.standard.hooks.subprocess.SubprocessHook"}
{"timestamp":"2025-09-03T17:27:31.300376","level":"info","event":"25/09/03 17:27:31 INFO SparkContext: Created broadcast 2 from broadcast at DAGScheduler.scala:1580","logger":"airflow.task.hooks.airflow.providers.standard.hooks.subprocess.SubprocessHook"}
{"timestamp":"2025-09-03T17:27:31.304921","level":"info","event":"25/09/03 17:27:31 INFO DAGScheduler: Submitting 2 missing tasks from ShuffleMapStage 1 (MapPartitionsRDD[5] at parquet at NativeMethodAccessorImpl.java:0) (first 15 tasks are for partitions Vector(0, 1))","logger":"airflow.task.hooks.airflow.providers.standard.hooks.subprocess.SubprocessHook"}
{"timestamp":"2025-09-03T17:27:31.307965","level":"info","event":"25/09/03 17:27:31 INFO TaskSchedulerImpl: Adding task set 1.0 with 2 tasks resource profile 0","logger":"airflow.task.hooks.airflow.providers.standard.hooks.subprocess.SubprocessHook"}
{"timestamp":"2025-09-03T17:27:31.333974","level":"info","event":"25/09/03 17:27:31 INFO TaskSetManager: Starting task 0.0 in stage 1.0 (TID 1) (172.22.0.5, executor 0, partition 0, PROCESS_LOCAL, 8214 bytes)","logger":"airflow.task.hooks.airflow.providers.standard.hooks.subprocess.SubprocessHook"}
{"timestamp":"2025-09-03T17:27:31.334222","level":"info","event":"25/09/03 17:27:31 INFO TaskSetManager: Starting task 1.0 in stage 1.0 (TID 2) (172.22.0.5, executor 0, partition 1, PROCESS_LOCAL, 8214 bytes)","logger":"airflow.task.hooks.airflow.providers.standard.hooks.subprocess.SubprocessHook"}
{"timestamp":"2025-09-03T17:27:31.531350","level":"info","event":"25/09/03 17:27:31 INFO BlockManagerInfo: Added broadcast_2_piece0 in memory on 172.22.0.5:33365 (size: 19.7 KiB, free: 434.4 MiB)","logger":"airflow.task.hooks.airflow.providers.standard.hooks.subprocess.SubprocessHook"}
{"timestamp":"2025-09-03T17:27:35.228099","level":"info","event":"25/09/03 17:27:35 INFO BlockManagerInfo: Added broadcast_1_piece0 in memory on 172.22.0.5:33365 (size: 36.2 KiB, free: 434.3 MiB)","logger":"airflow.task.hooks.airflow.providers.standard.hooks.subprocess.SubprocessHook"}
{"timestamp":"2025-09-03T17:27:41.616310","level":"info","event":"25/09/03 17:27:41 INFO TaskSetManager: Finished task 1.0 in stage 1.0 (TID 2) in 10280 ms on 172.22.0.5 (executor 0) (1/2)","logger":"airflow.task.hooks.airflow.providers.standard.hooks.subprocess.SubprocessHook"}
{"timestamp":"2025-09-03T17:27:41.831327","level":"info","event":"25/09/03 17:27:41 INFO TaskSetManager: Finished task 0.0 in stage 1.0 (TID 1) in 10521 ms on 172.22.0.5 (executor 0) (2/2)","logger":"airflow.task.hooks.airflow.providers.standard.hooks.subprocess.SubprocessHook"}
{"timestamp":"2025-09-03T17:27:41.831577","level":"info","event":"25/09/03 17:27:41 INFO TaskSchedulerImpl: Removed TaskSet 1.0, whose tasks have all completed, from pool","logger":"airflow.task.hooks.airflow.providers.standard.hooks.subprocess.SubprocessHook"}
{"timestamp":"2025-09-03T17:27:41.833606","level":"info","event":"25/09/03 17:27:41 INFO DAGScheduler: ShuffleMapStage 1 (parquet at NativeMethodAccessorImpl.java:0) finished in 10.613 s","logger":"airflow.task.hooks.airflow.providers.standard.hooks.subprocess.SubprocessHook"}
{"timestamp":"2025-09-03T17:27:41.837957","level":"info","event":"25/09/03 17:27:41 INFO DAGScheduler: looking for newly runnable stages","logger":"airflow.task.hooks.airflow.providers.standard.hooks.subprocess.SubprocessHook"}
{"timestamp":"2025-09-03T17:27:41.838183","level":"info","event":"25/09/03 17:27:41 INFO DAGScheduler: running: Set()","logger":"airflow.task.hooks.airflow.providers.standard.hooks.subprocess.SubprocessHook"}
{"timestamp":"2025-09-03T17:27:41.838424","level":"info","event":"25/09/03 17:27:41 INFO DAGScheduler: waiting: Set()","logger":"airflow.task.hooks.airflow.providers.standard.hooks.subprocess.SubprocessHook"}
{"timestamp":"2025-09-03T17:27:41.839552","level":"info","event":"25/09/03 17:27:41 INFO DAGScheduler: failed: Set()","logger":"airflow.task.hooks.airflow.providers.standard.hooks.subprocess.SubprocessHook"}
{"timestamp":"2025-09-03T17:27:41.878518","level":"info","event":"25/09/03 17:27:41 INFO FileSourceStrategy: Pushed Filters:","logger":"airflow.task.hooks.airflow.providers.standard.hooks.subprocess.SubprocessHook"}
{"timestamp":"2025-09-03T17:27:41.880964","level":"info","event":"25/09/03 17:27:41 INFO FileSourceStrategy: Post-Scan Filters: ((cast((unix_timestamp(tpep_dropoff_datetime#2, yyyy-MM-dd HH:mm:ss, Some(Etc/UTC), false) - unix_timestamp(tpep_pickup_datetime#1, yyyy-MM-dd HH:mm:ss, Some(Etc/UTC), false)) as double) / 3600.0) > 1.0)","logger":"airflow.task.hooks.airflow.providers.standard.hooks.subprocess.SubprocessHook"}
{"timestamp":"2025-09-03T17:27:41.900981","level":"info","event":"25/09/03 17:27:41 INFO ShufflePartitionsUtil: For shuffle(0), advisory target size: 67108864, actual target size 1048576, minimum partition size: 1048576","logger":"airflow.task.hooks.airflow.providers.standard.hooks.subprocess.SubprocessHook"}
{"timestamp":"2025-09-03T17:27:41.945676","level":"info","event":"25/09/03 17:27:41 INFO HashAggregateExec: spark.sql.codegen.aggregate.map.twolevel.enabled is set to true, but current version of codegened fast hashmap does not support this aggregate.","logger":"airflow.task.hooks.airflow.providers.standard.hooks.subprocess.SubprocessHook"}
{"timestamp":"2025-09-03T17:27:41.990962","level":"info","event":"25/09/03 17:27:41 INFO CodeGenerator: Code generated in 27.893683 ms","logger":"airflow.task.hooks.airflow.providers.standard.hooks.subprocess.SubprocessHook"}
{"timestamp":"2025-09-03T17:27:42.083502","level":"info","event":"25/09/03 17:27:42 INFO SparkContext: Starting job: $anonfun$withThreadLocalCaptured$1 at FutureTask.java:264","logger":"airflow.task.hooks.airflow.providers.standard.hooks.subprocess.SubprocessHook"}
{"timestamp":"2025-09-03T17:27:42.087621","level":"info","event":"25/09/03 17:27:42 INFO DAGScheduler: Got job 2 ($anonfun$withThreadLocalCaptured$1 at FutureTask.java:264) with 1 output partitions","logger":"airflow.task.hooks.airflow.providers.standard.hooks.subprocess.SubprocessHook"}
{"timestamp":"2025-09-03T17:27:42.089531","level":"info","event":"25/09/03 17:27:42 INFO DAGScheduler: Final stage: ResultStage 3 ($anonfun$withThreadLocalCaptured$1 at FutureTask.java:264)","logger":"airflow.task.hooks.airflow.providers.standard.hooks.subprocess.SubprocessHook"}
{"timestamp":"2025-09-03T17:27:42.089760","level":"info","event":"25/09/03 17:27:42 INFO DAGScheduler: Parents of final stage: List(ShuffleMapStage 2)","logger":"airflow.task.hooks.airflow.providers.standard.hooks.subprocess.SubprocessHook"}
{"timestamp":"2025-09-03T17:27:42.089874","level":"info","event":"25/09/03 17:27:42 INFO DAGScheduler: Missing parents: List()","logger":"airflow.task.hooks.airflow.providers.standard.hooks.subprocess.SubprocessHook"}
{"timestamp":"2025-09-03T17:27:42.091330","level":"info","event":"25/09/03 17:27:42 INFO DAGScheduler: Submitting ResultStage 3 (MapPartitionsRDD[8] at $anonfun$withThreadLocalCaptured$1 at FutureTask.java:264), which has no missing parents","logger":"airflow.task.hooks.airflow.providers.standard.hooks.subprocess.SubprocessHook"}
{"timestamp":"2025-09-03T17:27:42.119920","level":"info","event":"25/09/03 17:27:42 INFO MemoryStore: Block broadcast_3 stored as values in memory (estimated size 42.6 KiB, free 434.1 MiB)","logger":"airflow.task.hooks.airflow.providers.standard.hooks.subprocess.SubprocessHook"}
{"timestamp":"2025-09-03T17:27:42.140027","level":"info","event":"25/09/03 17:27:42 INFO MemoryStore: Block broadcast_3_piece0 stored as bytes in memory (estimated size 19.8 KiB, free 434.0 MiB)","logger":"airflow.task.hooks.airflow.providers.standard.hooks.subprocess.SubprocessHook"}
{"timestamp":"2025-09-03T17:27:42.145011","level":"info","event":"25/09/03 17:27:42 INFO BlockManagerInfo: Added broadcast_3_piece0 in memory on 31a98e31d62d:43945 (size: 19.8 KiB, free: 434.3 MiB)","logger":"airflow.task.hooks.airflow.providers.standard.hooks.subprocess.SubprocessHook"}
{"timestamp":"2025-09-03T17:27:42.148787","level":"info","event":"25/09/03 17:27:42 INFO SparkContext: Created broadcast 3 from broadcast at DAGScheduler.scala:1580","logger":"airflow.task.hooks.airflow.providers.standard.hooks.subprocess.SubprocessHook"}
{"timestamp":"2025-09-03T17:27:42.153369","level":"info","event":"25/09/03 17:27:42 INFO BlockManagerInfo: Removed broadcast_2_piece0 on 31a98e31d62d:43945 in memory (size: 19.7 KiB, free: 434.3 MiB)","logger":"airflow.task.hooks.airflow.providers.standard.hooks.subprocess.SubprocessHook"}
{"timestamp":"2025-09-03T17:27:42.156378","level":"info","event":"25/09/03 17:27:42 INFO DAGScheduler: Submitting 1 missing tasks from ResultStage 3 (MapPartitionsRDD[8] at $anonfun$withThreadLocalCaptured$1 at FutureTask.java:264) (first 15 tasks are for partitions Vector(0))","logger":"airflow.task.hooks.airflow.providers.standard.hooks.subprocess.SubprocessHook"}
{"timestamp":"2025-09-03T17:27:42.156606","level":"info","event":"25/09/03 17:27:42 INFO TaskSchedulerImpl: Adding task set 3.0 with 1 tasks resource profile 0","logger":"airflow.task.hooks.airflow.providers.standard.hooks.subprocess.SubprocessHook"}
{"timestamp":"2025-09-03T17:27:42.156746","level":"info","event":"25/09/03 17:27:42 INFO BlockManagerInfo: Removed broadcast_2_piece0 on 172.22.0.5:33365 in memory (size: 19.7 KiB, free: 434.4 MiB)","logger":"airflow.task.hooks.airflow.providers.standard.hooks.subprocess.SubprocessHook"}
{"timestamp":"2025-09-03T17:27:42.181975","level":"info","event":"25/09/03 17:27:42 INFO TaskSetManager: Starting task 0.0 in stage 3.0 (TID 3) (172.22.0.5, executor 0, partition 0, NODE_LOCAL, 7619 bytes)","logger":"airflow.task.hooks.airflow.providers.standard.hooks.subprocess.SubprocessHook"}
{"timestamp":"2025-09-03T17:27:42.265804","level":"info","event":"25/09/03 17:27:42 INFO BlockManagerInfo: Added broadcast_3_piece0 in memory on 172.22.0.5:33365 (size: 19.8 KiB, free: 434.3 MiB)","logger":"airflow.task.hooks.airflow.providers.standard.hooks.subprocess.SubprocessHook"}
{"timestamp":"2025-09-03T17:27:42.390821","level":"info","event":"25/09/03 17:27:42 INFO MapOutputTrackerMasterEndpoint: Asked to send map output locations for shuffle 0 to 172.22.0.5:46508","logger":"airflow.task.hooks.airflow.providers.standard.hooks.subprocess.SubprocessHook"}
{"timestamp":"2025-09-03T17:27:42.736825","level":"info","event":"25/09/03 17:27:42 INFO TaskSetManager: Finished task 0.0 in stage 3.0 (TID 3) in 561 ms on 172.22.0.5 (executor 0) (1/1)","logger":"airflow.task.hooks.airflow.providers.standard.hooks.subprocess.SubprocessHook"}
{"timestamp":"2025-09-03T17:27:42.737048","level":"info","event":"25/09/03 17:27:42 INFO TaskSchedulerImpl: Removed TaskSet 3.0, whose tasks have all completed, from pool","logger":"airflow.task.hooks.airflow.providers.standard.hooks.subprocess.SubprocessHook"}
{"timestamp":"2025-09-03T17:27:42.740608","level":"info","event":"25/09/03 17:27:42 INFO DAGScheduler: ResultStage 3 ($anonfun$withThreadLocalCaptured$1 at FutureTask.java:264) finished in 0.626 s","logger":"airflow.task.hooks.airflow.providers.standard.hooks.subprocess.SubprocessHook"}
{"timestamp":"2025-09-03T17:27:42.748206","level":"info","event":"25/09/03 17:27:42 INFO DAGScheduler: Job 2 is finished. Cancelling potential speculative or zombie tasks for this job","logger":"airflow.task.hooks.airflow.providers.standard.hooks.subprocess.SubprocessHook"}
{"timestamp":"2025-09-03T17:27:42.748449","level":"info","event":"25/09/03 17:27:42 INFO TaskSchedulerImpl: Killing all running tasks in stage 3: Stage finished","logger":"airflow.task.hooks.airflow.providers.standard.hooks.subprocess.SubprocessHook"}
{"timestamp":"2025-09-03T17:27:42.758037","level":"info","event":"25/09/03 17:27:42 INFO DAGScheduler: Job 2 finished: $anonfun$withThreadLocalCaptured$1 at FutureTask.java:264, took 0.665101 s","logger":"airflow.task.hooks.airflow.providers.standard.hooks.subprocess.SubprocessHook"}
{"timestamp":"2025-09-03T17:27:42.871945","level":"info","event":"25/09/03 17:27:42 INFO CodeGenerator: Code generated in 41.318453 ms","logger":"airflow.task.hooks.airflow.providers.standard.hooks.subprocess.SubprocessHook"}
{"timestamp":"2025-09-03T17:27:42.926246","level":"info","event":"25/09/03 17:27:42 INFO MemoryStore: Block broadcast_4_piece0 stored as bytes in memory (estimated size 3.5 KiB, free 434.1 MiB)","logger":"airflow.task.hooks.airflow.providers.standard.hooks.subprocess.SubprocessHook"}
{"timestamp":"2025-09-03T17:27:42.932117","level":"info","event":"25/09/03 17:27:42 INFO BlockManagerInfo: Added broadcast_4_piece0 in memory on 31a98e31d62d:43945 (size: 3.5 KiB, free: 434.3 MiB)","logger":"airflow.task.hooks.airflow.providers.standard.hooks.subprocess.SubprocessHook"}
{"timestamp":"2025-09-03T17:27:42.934865","level":"info","event":"25/09/03 17:27:42 INFO SparkContext: Created broadcast 4 from $anonfun$withThreadLocalCaptured$1 at FutureTask.java:264","logger":"airflow.task.hooks.airflow.providers.standard.hooks.subprocess.SubprocessHook"}
{"timestamp":"2025-09-03T17:27:42.935312","level":"info","event":"25/09/03 17:27:42 INFO BlockManagerInfo: Removed broadcast_3_piece0 on 31a98e31d62d:43945 in memory (size: 19.8 KiB, free: 434.4 MiB)","logger":"airflow.task.hooks.airflow.providers.standard.hooks.subprocess.SubprocessHook"}
{"timestamp":"2025-09-03T17:27:42.947114","level":"info","event":"25/09/03 17:27:42 INFO BlockManagerInfo: Removed broadcast_3_piece0 on 172.22.0.5:33365 in memory (size: 19.8 KiB, free: 434.4 MiB)","logger":"airflow.task.hooks.airflow.providers.standard.hooks.subprocess.SubprocessHook"}
{"timestamp":"2025-09-03T17:27:42.964186","level":"info","event":"25/09/03 17:27:42 INFO FileSourceStrategy: Pushed Filters:","logger":"airflow.task.hooks.airflow.providers.standard.hooks.subprocess.SubprocessHook"}
{"timestamp":"2025-09-03T17:27:42.964426","level":"info","event":"25/09/03 17:27:42 INFO FileSourceStrategy: Post-Scan Filters: ((cast((unix_timestamp(tpep_dropoff_datetime#2, yyyy-MM-dd HH:mm:ss, Some(Etc/UTC), false) - unix_timestamp(tpep_pickup_datetime#1, yyyy-MM-dd HH:mm:ss, Some(Etc/UTC), false)) as double) / 3600.0) > 1.0)","logger":"airflow.task.hooks.airflow.providers.standard.hooks.subprocess.SubprocessHook"}
{"timestamp":"2025-09-03T17:27:43.051830","level":"info","event":"25/09/03 17:27:43 INFO ParquetUtils: Using default output committer for Parquet: org.apache.parquet.hadoop.ParquetOutputCommitter","logger":"airflow.task.hooks.airflow.providers.standard.hooks.subprocess.SubprocessHook"}
{"timestamp":"2025-09-03T17:27:43.074126","level":"info","event":"25/09/03 17:27:43 INFO FileOutputCommitter: File Output Committer Algorithm version is 1","logger":"airflow.task.hooks.airflow.providers.standard.hooks.subprocess.SubprocessHook"}
{"timestamp":"2025-09-03T17:27:43.074367","level":"info","event":"25/09/03 17:27:43 INFO FileOutputCommitter: FileOutputCommitter skip cleanup _temporary folders under output directory:false, ignore cleanup failures: false","logger":"airflow.task.hooks.airflow.providers.standard.hooks.subprocess.SubprocessHook"}
{"timestamp":"2025-09-03T17:27:43.076233","level":"info","event":"25/09/03 17:27:43 INFO SQLHadoopMapReduceCommitProtocol: Using user defined output committer class org.apache.parquet.hadoop.ParquetOutputCommitter","logger":"airflow.task.hooks.airflow.providers.standard.hooks.subprocess.SubprocessHook"}
{"timestamp":"2025-09-03T17:27:43.076474","level":"info","event":"25/09/03 17:27:43 INFO FileOutputCommitter: File Output Committer Algorithm version is 1","logger":"airflow.task.hooks.airflow.providers.standard.hooks.subprocess.SubprocessHook"}
{"timestamp":"2025-09-03T17:27:43.076608","level":"info","event":"25/09/03 17:27:43 INFO FileOutputCommitter: FileOutputCommitter skip cleanup _temporary folders under output directory:false, ignore cleanup failures: false","logger":"airflow.task.hooks.airflow.providers.standard.hooks.subprocess.SubprocessHook"}
{"timestamp":"2025-09-03T17:27:43.080580","level":"info","event":"25/09/03 17:27:43 INFO SQLHadoopMapReduceCommitProtocol: Using output committer class org.apache.parquet.hadoop.ParquetOutputCommitter","logger":"airflow.task.hooks.airflow.providers.standard.hooks.subprocess.SubprocessHook"}
{"timestamp":"2025-09-03T17:27:43.473648","level":"info","event":"25/09/03 17:27:43 INFO CodeGenerator: Code generated in 91.895048 ms","logger":"airflow.task.hooks.airflow.providers.standard.hooks.subprocess.SubprocessHook"}
{"timestamp":"2025-09-03T17:27:43.498803","level":"info","event":"25/09/03 17:27:43 INFO MemoryStore: Block broadcast_5 stored as values in memory (estimated size 210.9 KiB, free 433.9 MiB)","logger":"airflow.task.hooks.airflow.providers.standard.hooks.subprocess.SubprocessHook"}
{"timestamp":"2025-09-03T17:27:43.574192","level":"info","event":"25/09/03 17:27:43 INFO MemoryStore: Block broadcast_5_piece0 stored as bytes in memory (estimated size 36.3 KiB, free 433.9 MiB)","logger":"airflow.task.hooks.airflow.providers.standard.hooks.subprocess.SubprocessHook"}
{"timestamp":"2025-09-03T17:27:43.577869","level":"info","event":"25/09/03 17:27:43 INFO BlockManagerInfo: Added broadcast_5_piece0 in memory on 31a98e31d62d:43945 (size: 36.3 KiB, free: 434.3 MiB)","logger":"airflow.task.hooks.airflow.providers.standard.hooks.subprocess.SubprocessHook"}
{"timestamp":"2025-09-03T17:27:43.579065","level":"info","event":"25/09/03 17:27:43 INFO SparkContext: Created broadcast 5 from parquet at NativeMethodAccessorImpl.java:0","logger":"airflow.task.hooks.airflow.providers.standard.hooks.subprocess.SubprocessHook"}
{"timestamp":"2025-09-03T17:27:43.589962","level":"info","event":"25/09/03 17:27:43 INFO FileSourceScanExec: Planning scan with bin packing, max size: 27077972 bytes, open cost is considered as scanning 4194304 bytes.","logger":"airflow.task.hooks.airflow.providers.standard.hooks.subprocess.SubprocessHook"}
{"timestamp":"2025-09-03T17:27:43.636586","level":"info","event":"25/09/03 17:27:43 INFO SparkContext: Starting job: parquet at NativeMethodAccessorImpl.java:0","logger":"airflow.task.hooks.airflow.providers.standard.hooks.subprocess.SubprocessHook"}
{"timestamp":"2025-09-03T17:27:43.642956","level":"info","event":"25/09/03 17:27:43 INFO DAGScheduler: Got job 3 (parquet at NativeMethodAccessorImpl.java:0) with 2 output partitions","logger":"airflow.task.hooks.airflow.providers.standard.hooks.subprocess.SubprocessHook"}
{"timestamp":"2025-09-03T17:27:43.643534","level":"info","event":"25/09/03 17:27:43 INFO DAGScheduler: Final stage: ResultStage 4 (parquet at NativeMethodAccessorImpl.java:0)","logger":"airflow.task.hooks.airflow.providers.standard.hooks.subprocess.SubprocessHook"}
{"timestamp":"2025-09-03T17:27:43.643757","level":"info","event":"25/09/03 17:27:43 INFO DAGScheduler: Parents of final stage: List()","logger":"airflow.task.hooks.airflow.providers.standard.hooks.subprocess.SubprocessHook"}
{"timestamp":"2025-09-03T17:27:43.647727","level":"info","event":"25/09/03 17:27:43 INFO DAGScheduler: Missing parents: List()","logger":"airflow.task.hooks.airflow.providers.standard.hooks.subprocess.SubprocessHook"}
{"timestamp":"2025-09-03T17:27:43.652799","level":"info","event":"25/09/03 17:27:43 INFO DAGScheduler: Submitting ResultStage 4 (MapPartitionsRDD[12] at parquet at NativeMethodAccessorImpl.java:0), which has no missing parents","logger":"airflow.task.hooks.airflow.providers.standard.hooks.subprocess.SubprocessHook"}
{"timestamp":"2025-09-03T17:27:43.701181","level":"info","event":"25/09/03 17:27:43 INFO MemoryStore: Block broadcast_6 stored as values in memory (estimated size 226.4 KiB, free 433.7 MiB)","logger":"airflow.task.hooks.airflow.providers.standard.hooks.subprocess.SubprocessHook"}
{"timestamp":"2025-09-03T17:27:43.721870","level":"info","event":"25/09/03 17:27:43 INFO MemoryStore: Block broadcast_6_piece0 stored as bytes in memory (estimated size 81.5 KiB, free 433.6 MiB)","logger":"airflow.task.hooks.airflow.providers.standard.hooks.subprocess.SubprocessHook"}
{"timestamp":"2025-09-03T17:27:43.725402","level":"info","event":"25/09/03 17:27:43 INFO BlockManagerInfo: Added broadcast_6_piece0 in memory on 31a98e31d62d:43945 (size: 81.5 KiB, free: 434.2 MiB)","logger":"airflow.task.hooks.airflow.providers.standard.hooks.subprocess.SubprocessHook"}
{"timestamp":"2025-09-03T17:27:43.728173","level":"info","event":"25/09/03 17:27:43 INFO SparkContext: Created broadcast 6 from broadcast at DAGScheduler.scala:1580","logger":"airflow.task.hooks.airflow.providers.standard.hooks.subprocess.SubprocessHook"}
{"timestamp":"2025-09-03T17:27:43.728440","level":"info","event":"25/09/03 17:27:43 INFO DAGScheduler: Submitting 2 missing tasks from ResultStage 4 (MapPartitionsRDD[12] at parquet at NativeMethodAccessorImpl.java:0) (first 15 tasks are for partitions Vector(0, 1))","logger":"airflow.task.hooks.airflow.providers.standard.hooks.subprocess.SubprocessHook"}
{"timestamp":"2025-09-03T17:27:43.729816","level":"info","event":"25/09/03 17:27:43 INFO TaskSchedulerImpl: Adding task set 4.0 with 2 tasks resource profile 0","logger":"airflow.task.hooks.airflow.providers.standard.hooks.subprocess.SubprocessHook"}
{"timestamp":"2025-09-03T17:27:43.733037","level":"info","event":"25/09/03 17:27:43 INFO TaskSetManager: Starting task 0.0 in stage 4.0 (TID 4) (172.22.0.5, executor 0, partition 0, PROCESS_LOCAL, 8225 bytes)","logger":"airflow.task.hooks.airflow.providers.standard.hooks.subprocess.SubprocessHook"}
{"timestamp":"2025-09-03T17:27:43.735175","level":"info","event":"25/09/03 17:27:43 INFO TaskSetManager: Starting task 1.0 in stage 4.0 (TID 5) (172.22.0.5, executor 0, partition 1, PROCESS_LOCAL, 8225 bytes)","logger":"airflow.task.hooks.airflow.providers.standard.hooks.subprocess.SubprocessHook"}
{"timestamp":"2025-09-03T17:27:43.814121","level":"info","event":"25/09/03 17:27:43 INFO BlockManagerInfo: Added broadcast_6_piece0 in memory on 172.22.0.5:33365 (size: 81.5 KiB, free: 434.3 MiB)","logger":"airflow.task.hooks.airflow.providers.standard.hooks.subprocess.SubprocessHook"}
{"timestamp":"2025-09-03T17:27:44.326127","level":"info","event":"25/09/03 17:27:44 INFO BlockManagerInfo: Added broadcast_4_piece0 in memory on 172.22.0.5:33365 (size: 3.5 KiB, free: 434.3 MiB)","logger":"airflow.task.hooks.airflow.providers.standard.hooks.subprocess.SubprocessHook"}
{"timestamp":"2025-09-03T17:27:44.447284","level":"info","event":"25/09/03 17:27:44 INFO BlockManagerInfo: Added broadcast_5_piece0 in memory on 172.22.0.5:33365 (size: 36.3 KiB, free: 434.2 MiB)","logger":"airflow.task.hooks.airflow.providers.standard.hooks.subprocess.SubprocessHook"}
{"timestamp":"2025-09-03T17:27:48.683977","level":"info","event":"25/09/03 17:27:48 INFO TaskSetManager: Finished task 0.0 in stage 4.0 (TID 4) in 4951 ms on 172.22.0.5 (executor 0) (1/2)","logger":"airflow.task.hooks.airflow.providers.standard.hooks.subprocess.SubprocessHook"}
{"timestamp":"2025-09-03T17:27:48.688977","level":"info","event":"25/09/03 17:27:48 INFO TaskSetManager: Finished task 1.0 in stage 4.0 (TID 5) in 4956 ms on 172.22.0.5 (executor 0) (2/2)","logger":"airflow.task.hooks.airflow.providers.standard.hooks.subprocess.SubprocessHook"}
{"timestamp":"2025-09-03T17:27:48.689191","level":"info","event":"25/09/03 17:27:48 INFO TaskSchedulerImpl: Removed TaskSet 4.0, whose tasks have all completed, from pool","logger":"airflow.task.hooks.airflow.providers.standard.hooks.subprocess.SubprocessHook"}
{"timestamp":"2025-09-03T17:27:48.695966","level":"info","event":"25/09/03 17:27:48 INFO DAGScheduler: ResultStage 4 (parquet at NativeMethodAccessorImpl.java:0) finished in 5.041 s","logger":"airflow.task.hooks.airflow.providers.standard.hooks.subprocess.SubprocessHook"}
{"timestamp":"2025-09-03T17:27:48.698516","level":"info","event":"25/09/03 17:27:48 INFO DAGScheduler: Job 3 is finished. Cancelling potential speculative or zombie tasks for this job","logger":"airflow.task.hooks.airflow.providers.standard.hooks.subprocess.SubprocessHook"}
{"timestamp":"2025-09-03T17:27:48.701880","level":"info","event":"25/09/03 17:27:48 INFO TaskSchedulerImpl: Killing all running tasks in stage 4: Stage finished","logger":"airflow.task.hooks.airflow.providers.standard.hooks.subprocess.SubprocessHook"}
{"timestamp":"2025-09-03T17:27:48.712487","level":"info","event":"25/09/03 17:27:48 INFO DAGScheduler: Job 3 finished: parquet at NativeMethodAccessorImpl.java:0, took 5.074549 s","logger":"airflow.task.hooks.airflow.providers.standard.hooks.subprocess.SubprocessHook"}
{"timestamp":"2025-09-03T17:27:48.719845","level":"info","event":"25/09/03 17:27:48 INFO FileFormatWriter: Start to commit write Job 4c4777ed-b11b-4c3e-8c49-e13cefa37201.","logger":"airflow.task.hooks.airflow.providers.standard.hooks.subprocess.SubprocessHook"}
{"timestamp":"2025-09-03T17:27:49.296863","level":"info","event":"25/09/03 17:27:49 INFO FileFormatWriter: Write Job 4c4777ed-b11b-4c3e-8c49-e13cefa37201 committed. Elapsed time: 569 ms.","logger":"airflow.task.hooks.airflow.providers.standard.hooks.subprocess.SubprocessHook"}
{"timestamp":"2025-09-03T17:27:49.311089","level":"info","event":"25/09/03 17:27:49 INFO FileFormatWriter: Finished processing stats for write job 4c4777ed-b11b-4c3e-8c49-e13cefa37201.","logger":"airflow.task.hooks.airflow.providers.standard.hooks.subprocess.SubprocessHook"}
{"timestamp":"2025-09-03T17:27:49.476699","level":"info","event":"25/09/03 17:27:49 INFO SparkContext: Invoking stop() from shutdown hook","logger":"airflow.task.hooks.airflow.providers.standard.hooks.subprocess.SubprocessHook"}
{"timestamp":"2025-09-03T17:27:49.477755","level":"info","event":"25/09/03 17:27:49 INFO SparkContext: SparkContext is stopping with exitCode 0.","logger":"airflow.task.hooks.airflow.providers.standard.hooks.subprocess.SubprocessHook"}
{"timestamp":"2025-09-03T17:27:49.492926","level":"info","event":"25/09/03 17:27:49 INFO SparkUI: Stopped Spark web UI at http://31a98e31d62d:4040","logger":"airflow.task.hooks.airflow.providers.standard.hooks.subprocess.SubprocessHook"}
{"timestamp":"2025-09-03T17:27:49.499247","level":"info","event":"25/09/03 17:27:49 INFO StandaloneSchedulerBackend: Shutting down all executors","logger":"airflow.task.hooks.airflow.providers.standard.hooks.subprocess.SubprocessHook"}
{"timestamp":"2025-09-03T17:27:49.499522","level":"info","event":"25/09/03 17:27:49 INFO StandaloneSchedulerBackend$StandaloneDriverEndpoint: Asking each executor to shut down","logger":"airflow.task.hooks.airflow.providers.standard.hooks.subprocess.SubprocessHook"}
{"timestamp":"2025-09-03T17:27:49.533590","level":"info","event":"25/09/03 17:27:49 INFO MapOutputTrackerMasterEndpoint: MapOutputTrackerMasterEndpoint stopped!","logger":"airflow.task.hooks.airflow.providers.standard.hooks.subprocess.SubprocessHook"}
{"timestamp":"2025-09-03T17:27:49.553320","level":"info","event":"25/09/03 17:27:49 INFO MemoryStore: MemoryStore cleared","logger":"airflow.task.hooks.airflow.providers.standard.hooks.subprocess.SubprocessHook"}
{"timestamp":"2025-09-03T17:27:49.553923","level":"info","event":"25/09/03 17:27:49 INFO BlockManager: BlockManager stopped","logger":"airflow.task.hooks.airflow.providers.standard.hooks.subprocess.SubprocessHook"}
{"timestamp":"2025-09-03T17:27:49.562009","level":"info","event":"25/09/03 17:27:49 INFO BlockManagerMaster: BlockManagerMaster stopped","logger":"airflow.task.hooks.airflow.providers.standard.hooks.subprocess.SubprocessHook"}
{"timestamp":"2025-09-03T17:27:49.567432","level":"info","event":"25/09/03 17:27:49 INFO OutputCommitCoordinator$OutputCommitCoordinatorEndpoint: OutputCommitCoordinator stopped!","logger":"airflow.task.hooks.airflow.providers.standard.hooks.subprocess.SubprocessHook"}
{"timestamp":"2025-09-03T17:27:49.599840","level":"info","event":"25/09/03 17:27:49 INFO SparkContext: Successfully stopped SparkContext","logger":"airflow.task.hooks.airflow.providers.standard.hooks.subprocess.SubprocessHook"}
{"timestamp":"2025-09-03T17:27:49.600085","level":"info","event":"25/09/03 17:27:49 INFO ShutdownHookManager: Shutdown hook called","logger":"airflow.task.hooks.airflow.providers.standard.hooks.subprocess.SubprocessHook"}
{"timestamp":"2025-09-03T17:27:49.606617","level":"info","event":"25/09/03 17:27:49 INFO ShutdownHookManager: Deleting directory /tmp/spark-0a4743e3-f868-45f2-ad86-1196134dae96","logger":"airflow.task.hooks.airflow.providers.standard.hooks.subprocess.SubprocessHook"}
{"timestamp":"2025-09-03T17:27:49.618092","level":"info","event":"25/09/03 17:27:49 INFO ShutdownHookManager: Deleting directory /tmp/spark-8ce61f6e-a0ec-4784-94fa-3a0a75d9286d","logger":"airflow.task.hooks.airflow.providers.standard.hooks.subprocess.SubprocessHook"}
{"timestamp":"2025-09-03T17:27:49.645289","level":"info","event":"25/09/03 17:27:49 INFO ShutdownHookManager: Deleting directory /tmp/spark-8ce61f6e-a0ec-4784-94fa-3a0a75d9286d/pyspark-b68cc413-d8c6-47c2-924d-8e0434f24d24","logger":"airflow.task.hooks.airflow.providers.standard.hooks.subprocess.SubprocessHook"}
{"timestamp":"2025-09-03T17:27:49.682043","level":"info","event":"25/09/03 17:27:49 INFO MetricsSystemImpl: Stopping s3a-file-system metrics system...","logger":"airflow.task.hooks.airflow.providers.standard.hooks.subprocess.SubprocessHook"}
{"timestamp":"2025-09-03T17:27:49.682256","level":"info","event":"25/09/03 17:27:49 INFO MetricsSystemImpl: s3a-file-system metrics system stopped.","logger":"airflow.task.hooks.airflow.providers.standard.hooks.subprocess.SubprocessHook"}
{"timestamp":"2025-09-03T17:27:49.682359","level":"info","event":"25/09/03 17:27:49 INFO MetricsSystemImpl: s3a-file-system metrics system shutdown complete.","logger":"airflow.task.hooks.airflow.providers.standard.hooks.subprocess.SubprocessHook"}
{"timestamp":"2025-09-03T17:27:49.794630","level":"info","event":"Command exited with return code 0","logger":"airflow.task.hooks.airflow.providers.standard.hooks.subprocess.SubprocessHook"}
{"timestamp":"2025-09-03T17:27:49.796156","level":"info","event":"Pushing xcom","ti":"RuntimeTaskInstance(id=UUID('0199109e-05e0-7f9c-956d-4f0d71b7763f'), task_id='spark_submit_job', dag_id='spark_submit_people', run_id='manual__2025-09-03T17:26:55.682428+00:00', try_number=1, map_index=-1, hostname='31a98e31d62d', context_carrier=None, task=<Task(BashOperator): spark_submit_job>, bundle_instance=LocalDagBundle(name=dags-folder), max_tries=0, start_date=datetime.datetime(2025, 9, 3, 17, 26, 57, 630478, tzinfo=TzInfo(UTC)), end_date=None, state=<TaskInstanceState.RUNNING: 'running'>, is_mapped=False, rendered_map_index=None)","logger":"task"}
