{"timestamp":"2025-09-03T17:40:00.736350","level":"info","event":"DAG bundles loaded: dags-folder","logger":"airflow.dag_processing.bundles.manager.DagBundlesManager"}
{"timestamp":"2025-09-03T17:40:00.737322","level":"info","event":"Filling up the DagBag from /opt/airflow/dags/spark_submit_dag.py","logger":"airflow.models.dagbag.DagBag"}
{"timestamp":"2025-09-03T17:40:00.761434","level":"info","event":"Tmp dir root location: /tmp","logger":"airflow.task.hooks.airflow.providers.standard.hooks.subprocess.SubprocessHook"}
{"timestamp":"2025-09-03T17:40:00.762157","level":"info","event":"Running command: ['/usr/bin/bash', '-c', '\\n        spark-submit         --master spark://spark-master:7077         --conf spark.hadoop.fs.s3a.access.key=telcoaz         --conf spark.hadoop.fs.s3a.secret.key=Telco12345         --conf spark.hadoop.fs.s3a.endpoint=http://minio:9000         --conf spark.hadoop.fs.s3a.path.style.access=true \\t--conf spark.eventlog.enabled=false         /opt/airflow/dags/hello_spark.py\\n        ']","logger":"airflow.task.hooks.airflow.providers.standard.hooks.subprocess.SubprocessHook"}
{"timestamp":"2025-09-03T17:40:00.790138","level":"info","event":"Output:","logger":"airflow.task.hooks.airflow.providers.standard.hooks.subprocess.SubprocessHook"}
{"timestamp":"2025-09-03T17:40:05.380012","level":"info","event":"25/09/03 17:40:05 INFO SparkContext: Running Spark version 3.5.0","logger":"airflow.task.hooks.airflow.providers.standard.hooks.subprocess.SubprocessHook"}
{"timestamp":"2025-09-03T17:40:05.382102","level":"info","event":"25/09/03 17:40:05 INFO SparkContext: OS info Linux, 6.14.0-1012-aws, amd64","logger":"airflow.task.hooks.airflow.providers.standard.hooks.subprocess.SubprocessHook"}
{"timestamp":"2025-09-03T17:40:05.382784","level":"info","event":"25/09/03 17:40:05 INFO SparkContext: Java version 17.0.16","logger":"airflow.task.hooks.airflow.providers.standard.hooks.subprocess.SubprocessHook"}
{"timestamp":"2025-09-03T17:40:05.493884","level":"info","event":"25/09/03 17:40:05 WARN NativeCodeLoader: Unable to load native-hadoop library for your platform... using builtin-java classes where applicable","logger":"airflow.task.hooks.airflow.providers.standard.hooks.subprocess.SubprocessHook"}
{"timestamp":"2025-09-03T17:40:05.710616","level":"info","event":"25/09/03 17:40:05 INFO ResourceUtils: ==============================================================","logger":"airflow.task.hooks.airflow.providers.standard.hooks.subprocess.SubprocessHook"}
{"timestamp":"2025-09-03T17:40:05.712760","level":"info","event":"25/09/03 17:40:05 INFO ResourceUtils: No custom resources configured for spark.driver.","logger":"airflow.task.hooks.airflow.providers.standard.hooks.subprocess.SubprocessHook"}
{"timestamp":"2025-09-03T17:40:05.715284","level":"info","event":"25/09/03 17:40:05 INFO ResourceUtils: ==============================================================","logger":"airflow.task.hooks.airflow.providers.standard.hooks.subprocess.SubprocessHook"}
{"timestamp":"2025-09-03T17:40:05.715470","level":"info","event":"25/09/03 17:40:05 INFO SparkContext: Submitted application: ProcessingTask","logger":"airflow.task.hooks.airflow.providers.standard.hooks.subprocess.SubprocessHook"}
{"timestamp":"2025-09-03T17:40:05.725128","level":"info","event":"25/09/03 17:40:05 INFO SparkContext: Spark configuration:","logger":"airflow.task.hooks.airflow.providers.standard.hooks.subprocess.SubprocessHook"}
{"timestamp":"2025-09-03T17:40:05.725348","level":"info","event":"spark.app.name=ProcessingTask","logger":"airflow.task.hooks.airflow.providers.standard.hooks.subprocess.SubprocessHook"}
{"timestamp":"2025-09-03T17:40:05.725447","level":"info","event":"spark.app.startTime=1756921205362","logger":"airflow.task.hooks.airflow.providers.standard.hooks.subprocess.SubprocessHook"}
{"timestamp":"2025-09-03T17:40:05.725555","level":"info","event":"spark.app.submitTime=1756921203689","logger":"airflow.task.hooks.airflow.providers.standard.hooks.subprocess.SubprocessHook"}
{"timestamp":"2025-09-03T17:40:05.725642","level":"info","event":"spark.delta.logStore.class=org.apache.spark.sql.delta.storage.S3SingleDriverLogStore","logger":"airflow.task.hooks.airflow.providers.standard.hooks.subprocess.SubprocessHook"}
{"timestamp":"2025-09-03T17:40:05.725779","level":"info","event":"spark.driver.extraJavaOptions=-Djava.net.preferIPv6Addresses=false -XX:+IgnoreUnrecognizedVMOptions --add-opens=java.base/java.lang=ALL-UNNAMED --add-opens=java.base/java.lang.invoke=ALL-UNNAMED --add-opens=java.base/java.lang.reflect=ALL-UNNAMED --add-opens=java.base/java.io=ALL-UNNAMED --add-opens=java.base/java.net=ALL-UNNAMED --add-opens=java.base/java.nio=ALL-UNNAMED --add-opens=java.base/java.util=ALL-UNNAMED --add-opens=java.base/java.util.concurrent=ALL-UNNAMED --add-opens=java.base/java.util.concurrent.atomic=ALL-UNNAMED --add-opens=java.base/sun.nio.ch=ALL-UNNAMED --add-opens=java.base/sun.nio.cs=ALL-UNNAMED --add-opens=java.base/sun.security.action=ALL-UNNAMED --add-opens=java.base/sun.util.calendar=ALL-UNNAMED --add-opens=java.security.jgss/sun.security.krb5=ALL-UNNAMED -Djdk.reflect.useDirectMethodHandle=false","logger":"airflow.task.hooks.airflow.providers.standard.hooks.subprocess.SubprocessHook"}
{"timestamp":"2025-09-03T17:40:05.725899","level":"info","event":"spark.eventLog.dir=/opt/spark/history","logger":"airflow.task.hooks.airflow.providers.standard.hooks.subprocess.SubprocessHook"}
{"timestamp":"2025-09-03T17:40:05.725986","level":"info","event":"spark.eventLog.enabled=true","logger":"airflow.task.hooks.airflow.providers.standard.hooks.subprocess.SubprocessHook"}
{"timestamp":"2025-09-03T17:40:05.726071","level":"info","event":"spark.eventlog.enabled=false","logger":"airflow.task.hooks.airflow.providers.standard.hooks.subprocess.SubprocessHook"}
{"timestamp":"2025-09-03T17:40:05.726154","level":"info","event":"spark.executor.extraJavaOptions=-Djava.net.preferIPv6Addresses=false -XX:+IgnoreUnrecognizedVMOptions --add-opens=java.base/java.lang=ALL-UNNAMED --add-opens=java.base/java.lang.invoke=ALL-UNNAMED --add-opens=java.base/java.lang.reflect=ALL-UNNAMED --add-opens=java.base/java.io=ALL-UNNAMED --add-opens=java.base/java.net=ALL-UNNAMED --add-opens=java.base/java.nio=ALL-UNNAMED --add-opens=java.base/java.util=ALL-UNNAMED --add-opens=java.base/java.util.concurrent=ALL-UNNAMED --add-opens=java.base/java.util.concurrent.atomic=ALL-UNNAMED --add-opens=java.base/sun.nio.ch=ALL-UNNAMED --add-opens=java.base/sun.nio.cs=ALL-UNNAMED --add-opens=java.base/sun.security.action=ALL-UNNAMED --add-opens=java.base/sun.util.calendar=ALL-UNNAMED --add-opens=java.security.jgss/sun.security.krb5=ALL-UNNAMED -Djdk.reflect.useDirectMethodHandle=false","logger":"airflow.task.hooks.airflow.providers.standard.hooks.subprocess.SubprocessHook"}
{"timestamp":"2025-09-03T17:40:05.726245","level":"info","event":"spark.hadoop.fs.s3a.access.key=*********(redacted)","logger":"airflow.task.hooks.airflow.providers.standard.hooks.subprocess.SubprocessHook"}
{"timestamp":"2025-09-03T17:40:05.726329","level":"info","event":"spark.hadoop.fs.s3a.endpoint=http://minio:9000","logger":"airflow.task.hooks.airflow.providers.standard.hooks.subprocess.SubprocessHook"}
{"timestamp":"2025-09-03T17:40:05.726414","level":"info","event":"spark.hadoop.fs.s3a.fast.upload=true","logger":"airflow.task.hooks.airflow.providers.standard.hooks.subprocess.SubprocessHook"}
{"timestamp":"2025-09-03T17:40:05.726501","level":"info","event":"spark.hadoop.fs.s3a.impl=org.apache.hadoop.fs.s3a.S3AFileSystem","logger":"airflow.task.hooks.airflow.providers.standard.hooks.subprocess.SubprocessHook"}
{"timestamp":"2025-09-03T17:40:05.726586","level":"info","event":"spark.hadoop.fs.s3a.multiobjectdelete.enable=true","logger":"airflow.task.hooks.airflow.providers.standard.hooks.subprocess.SubprocessHook"}
{"timestamp":"2025-09-03T17:40:05.726677","level":"info","event":"spark.hadoop.fs.s3a.path.style.access=true","logger":"airflow.task.hooks.airflow.providers.standard.hooks.subprocess.SubprocessHook"}
{"timestamp":"2025-09-03T17:40:05.730933","level":"info","event":"spark.hadoop.fs.s3a.secret.key=*********(redacted)","logger":"airflow.task.hooks.airflow.providers.standard.hooks.subprocess.SubprocessHook"}
{"timestamp":"2025-09-03T17:40:05.731101","level":"info","event":"spark.history.fs.logDirectory=s3a://spark/","logger":"airflow.task.hooks.airflow.providers.standard.hooks.subprocess.SubprocessHook"}
{"timestamp":"2025-09-03T17:40:05.731196","level":"info","event":"spark.jars.packages=org.apache.spark:spark-sql-kafka-0-10_2.12:3.5.0,org.apache.spark:spark-avro_2.12:3.5.0","logger":"airflow.task.hooks.airflow.providers.standard.hooks.subprocess.SubprocessHook"}
{"timestamp":"2025-09-03T17:40:05.731286","level":"info","event":"spark.jars.repositories=https://packages.confluent.io/maven/","logger":"airflow.task.hooks.airflow.providers.standard.hooks.subprocess.SubprocessHook"}
{"timestamp":"2025-09-03T17:40:05.731369","level":"info","event":"spark.logConf=true","logger":"airflow.task.hooks.airflow.providers.standard.hooks.subprocess.SubprocessHook"}
{"timestamp":"2025-09-03T17:40:05.731456","level":"info","event":"spark.master=spark://spark-master:7077","logger":"airflow.task.hooks.airflow.providers.standard.hooks.subprocess.SubprocessHook"}
{"timestamp":"2025-09-03T17:40:05.731541","level":"info","event":"spark.network.timeout=10000s","logger":"airflow.task.hooks.airflow.providers.standard.hooks.subprocess.SubprocessHook"}
{"timestamp":"2025-09-03T17:40:05.731623","level":"info","event":"spark.rdd.compress=True","logger":"airflow.task.hooks.airflow.providers.standard.hooks.subprocess.SubprocessHook"}
{"timestamp":"2025-09-03T17:40:05.731726","level":"info","event":"spark.serializer.objectStreamReset=100","logger":"airflow.task.hooks.airflow.providers.standard.hooks.subprocess.SubprocessHook"}
{"timestamp":"2025-09-03T17:40:05.731815","level":"info","event":"spark.sql.catalog.spark_catalog=org.apache.spark.sql.delta.catalog.DeltaCatalog","logger":"airflow.task.hooks.airflow.providers.standard.hooks.subprocess.SubprocessHook"}
{"timestamp":"2025-09-03T17:40:05.731909","level":"info","event":"spark.sql.extensions=io.delta.sql.DeltaSparkSessionExtension","logger":"airflow.task.hooks.airflow.providers.standard.hooks.subprocess.SubprocessHook"}
{"timestamp":"2025-09-03T17:40:05.731996","level":"info","event":"spark.sql.files.ignoreMissingFiles=true","logger":"airflow.task.hooks.airflow.providers.standard.hooks.subprocess.SubprocessHook"}
{"timestamp":"2025-09-03T17:40:05.732077","level":"info","event":"spark.sql.sources.partitionOverwriteMode=dynamic","logger":"airflow.task.hooks.airflow.providers.standard.hooks.subprocess.SubprocessHook"}
{"timestamp":"2025-09-03T17:40:05.732173","level":"info","event":"spark.submit.deployMode=client","logger":"airflow.task.hooks.airflow.providers.standard.hooks.subprocess.SubprocessHook"}
{"timestamp":"2025-09-03T17:40:05.732257","level":"info","event":"spark.submit.pyFiles=","logger":"airflow.task.hooks.airflow.providers.standard.hooks.subprocess.SubprocessHook"}
{"timestamp":"2025-09-03T17:40:05.789703","level":"info","event":"25/09/03 17:40:05 INFO ResourceProfile: Default ResourceProfile created, executor resources: Map(memory -> name: memory, amount: 1024, script: , vendor: , offHeap -> name: offHeap, amount: 0, script: , vendor: ), task resources: Map(cpus -> name: cpus, amount: 1.0)","logger":"airflow.task.hooks.airflow.providers.standard.hooks.subprocess.SubprocessHook"}
{"timestamp":"2025-09-03T17:40:05.830923","level":"info","event":"25/09/03 17:40:05 INFO ResourceProfile: Limiting resource is cpu","logger":"airflow.task.hooks.airflow.providers.standard.hooks.subprocess.SubprocessHook"}
{"timestamp":"2025-09-03T17:40:05.831698","level":"info","event":"25/09/03 17:40:05 INFO ResourceProfileManager: Added ResourceProfile id: 0","logger":"airflow.task.hooks.airflow.providers.standard.hooks.subprocess.SubprocessHook"}
{"timestamp":"2025-09-03T17:40:05.982966","level":"info","event":"25/09/03 17:40:05 INFO SecurityManager: Changing view acls to: airflow","logger":"airflow.task.hooks.airflow.providers.standard.hooks.subprocess.SubprocessHook"}
{"timestamp":"2025-09-03T17:40:05.985966","level":"info","event":"25/09/03 17:40:05 INFO SecurityManager: Changing modify acls to: airflow","logger":"airflow.task.hooks.airflow.providers.standard.hooks.subprocess.SubprocessHook"}
{"timestamp":"2025-09-03T17:40:05.986197","level":"info","event":"25/09/03 17:40:05 INFO SecurityManager: Changing view acls groups to:","logger":"airflow.task.hooks.airflow.providers.standard.hooks.subprocess.SubprocessHook"}
{"timestamp":"2025-09-03T17:40:05.986296","level":"info","event":"25/09/03 17:40:05 INFO SecurityManager: Changing modify acls groups to:","logger":"airflow.task.hooks.airflow.providers.standard.hooks.subprocess.SubprocessHook"}
{"timestamp":"2025-09-03T17:40:05.986394","level":"info","event":"25/09/03 17:40:05 INFO SecurityManager: SecurityManager: authentication disabled; ui acls disabled; users with view permissions: airflow; groups with view permissions: EMPTY; users with modify permissions: airflow; groups with modify permissions: EMPTY","logger":"airflow.task.hooks.airflow.providers.standard.hooks.subprocess.SubprocessHook"}
{"timestamp":"2025-09-03T17:40:06.389367","level":"info","event":"25/09/03 17:40:06 INFO Utils: Successfully started service 'sparkDriver' on port 37955.","logger":"airflow.task.hooks.airflow.providers.standard.hooks.subprocess.SubprocessHook"}
{"timestamp":"2025-09-03T17:40:06.440779","level":"info","event":"25/09/03 17:40:06 INFO SparkEnv: Registering MapOutputTracker","logger":"airflow.task.hooks.airflow.providers.standard.hooks.subprocess.SubprocessHook"}
{"timestamp":"2025-09-03T17:40:06.622542","level":"info","event":"25/09/03 17:40:06 INFO SparkEnv: Registering BlockManagerMaster","logger":"airflow.task.hooks.airflow.providers.standard.hooks.subprocess.SubprocessHook"}
{"timestamp":"2025-09-03T17:40:06.670209","level":"info","event":"25/09/03 17:40:06 INFO BlockManagerMasterEndpoint: Using org.apache.spark.storage.DefaultTopologyMapper for getting topology information","logger":"airflow.task.hooks.airflow.providers.standard.hooks.subprocess.SubprocessHook"}
{"timestamp":"2025-09-03T17:40:06.671771","level":"info","event":"25/09/03 17:40:06 INFO BlockManagerMasterEndpoint: BlockManagerMasterEndpoint up","logger":"airflow.task.hooks.airflow.providers.standard.hooks.subprocess.SubprocessHook"}
{"timestamp":"2025-09-03T17:40:06.678952","level":"info","event":"25/09/03 17:40:06 INFO SparkEnv: Registering BlockManagerMasterHeartbeat","logger":"airflow.task.hooks.airflow.providers.standard.hooks.subprocess.SubprocessHook"}
{"timestamp":"2025-09-03T17:40:06.729838","level":"info","event":"25/09/03 17:40:06 INFO DiskBlockManager: Created local directory at /tmp/blockmgr-e85229e5-daa2-41d1-990c-7801ee7a400b","logger":"airflow.task.hooks.airflow.providers.standard.hooks.subprocess.SubprocessHook"}
{"timestamp":"2025-09-03T17:40:06.760984","level":"info","event":"25/09/03 17:40:06 INFO MemoryStore: MemoryStore started with capacity 434.4 MiB","logger":"airflow.task.hooks.airflow.providers.standard.hooks.subprocess.SubprocessHook"}
{"timestamp":"2025-09-03T17:40:06.788068","level":"info","event":"25/09/03 17:40:06 INFO SparkEnv: Registering OutputCommitCoordinator","logger":"airflow.task.hooks.airflow.providers.standard.hooks.subprocess.SubprocessHook"}
{"timestamp":"2025-09-03T17:40:07.018179","level":"info","event":"25/09/03 17:40:07 INFO JettyUtils: Start Jetty 0.0.0.0:4040 for SparkUI","logger":"airflow.task.hooks.airflow.providers.standard.hooks.subprocess.SubprocessHook"}
{"timestamp":"2025-09-03T17:40:07.116549","level":"info","event":"25/09/03 17:40:07 INFO Utils: Successfully started service 'SparkUI' on port 4040.","logger":"airflow.task.hooks.airflow.providers.standard.hooks.subprocess.SubprocessHook"}
{"timestamp":"2025-09-03T17:40:07.377999","level":"info","event":"25/09/03 17:40:07 INFO StandaloneAppClient$ClientEndpoint: Connecting to master spark://spark-master:7077...","logger":"airflow.task.hooks.airflow.providers.standard.hooks.subprocess.SubprocessHook"}
{"timestamp":"2025-09-03T17:40:07.455778","level":"info","event":"25/09/03 17:40:07 INFO TransportClientFactory: Successfully created connection to spark-master/172.22.0.3:7077 after 43 ms (0 ms spent in bootstraps)","logger":"airflow.task.hooks.airflow.providers.standard.hooks.subprocess.SubprocessHook"}
{"timestamp":"2025-09-03T17:40:07.592965","level":"info","event":"25/09/03 17:40:07 INFO StandaloneSchedulerBackend: Connected to Spark cluster with app ID app-20250903174007-0035","logger":"airflow.task.hooks.airflow.providers.standard.hooks.subprocess.SubprocessHook"}
{"timestamp":"2025-09-03T17:40:07.602805","level":"info","event":"25/09/03 17:40:07 INFO StandaloneAppClient$ClientEndpoint: Executor added: app-20250903174007-0035/0 on worker-20250903081951-172.22.0.5-43269 (172.22.0.5:43269) with 2 core(s)","logger":"airflow.task.hooks.airflow.providers.standard.hooks.subprocess.SubprocessHook"}
{"timestamp":"2025-09-03T17:40:07.607981","level":"info","event":"25/09/03 17:40:07 INFO StandaloneSchedulerBackend: Granted executor ID app-20250903174007-0035/0 on hostPort 172.22.0.5:43269 with 2 core(s), 1024.0 MiB RAM","logger":"airflow.task.hooks.airflow.providers.standard.hooks.subprocess.SubprocessHook"}
{"timestamp":"2025-09-03T17:40:07.627973","level":"info","event":"25/09/03 17:40:07 INFO Utils: Successfully started service 'org.apache.spark.network.netty.NettyBlockTransferService' on port 45005.","logger":"airflow.task.hooks.airflow.providers.standard.hooks.subprocess.SubprocessHook"}
{"timestamp":"2025-09-03T17:40:07.628254","level":"info","event":"25/09/03 17:40:07 INFO NettyBlockTransferService: Server created on 31a98e31d62d:45005","logger":"airflow.task.hooks.airflow.providers.standard.hooks.subprocess.SubprocessHook"}
{"timestamp":"2025-09-03T17:40:07.640011","level":"info","event":"25/09/03 17:40:07 INFO BlockManager: Using org.apache.spark.storage.RandomBlockReplicationPolicy for block replication policy","logger":"airflow.task.hooks.airflow.providers.standard.hooks.subprocess.SubprocessHook"}
{"timestamp":"2025-09-03T17:40:07.686863","level":"info","event":"25/09/03 17:40:07 INFO BlockManagerMaster: Registering BlockManager BlockManagerId(driver, 31a98e31d62d, 45005, None)","logger":"airflow.task.hooks.airflow.providers.standard.hooks.subprocess.SubprocessHook"}
{"timestamp":"2025-09-03T17:40:07.705398","level":"info","event":"25/09/03 17:40:07 INFO StandaloneAppClient$ClientEndpoint: Executor updated: app-20250903174007-0035/0 is now RUNNING","logger":"airflow.task.hooks.airflow.providers.standard.hooks.subprocess.SubprocessHook"}
{"timestamp":"2025-09-03T17:40:07.709204","level":"info","event":"25/09/03 17:40:07 INFO BlockManagerMasterEndpoint: Registering block manager 31a98e31d62d:45005 with 434.4 MiB RAM, BlockManagerId(driver, 31a98e31d62d, 45005, None)","logger":"airflow.task.hooks.airflow.providers.standard.hooks.subprocess.SubprocessHook"}
{"timestamp":"2025-09-03T17:40:07.722984","level":"info","event":"25/09/03 17:40:07 INFO BlockManagerMaster: Registered BlockManager BlockManagerId(driver, 31a98e31d62d, 45005, None)","logger":"airflow.task.hooks.airflow.providers.standard.hooks.subprocess.SubprocessHook"}
{"timestamp":"2025-09-03T17:40:07.726976","level":"info","event":"25/09/03 17:40:07 INFO BlockManager: Initialized BlockManager: BlockManagerId(driver, 31a98e31d62d, 45005, None)","logger":"airflow.task.hooks.airflow.providers.standard.hooks.subprocess.SubprocessHook"}
{"timestamp":"2025-09-03T17:40:08.657508","level":"info","event":"25/09/03 17:40:08 INFO SingleEventLogFileWriter: Logging events to file:/opt/spark/history/app-20250903174007-0035.inprogress","logger":"airflow.task.hooks.airflow.providers.standard.hooks.subprocess.SubprocessHook"}
{"timestamp":"2025-09-03T17:40:09.335910","level":"info","event":"25/09/03 17:40:09 INFO StandaloneSchedulerBackend: SchedulerBackend is ready for scheduling beginning after reached minRegisteredResourcesRatio: 0.0","logger":"airflow.task.hooks.airflow.providers.standard.hooks.subprocess.SubprocessHook"}
{"timestamp":"2025-09-03T17:40:10.037000","level":"info","event":"25/09/03 17:40:10 INFO SharedState: Setting hive.metastore.warehouse.dir ('null') to the value of spark.sql.warehouse.dir.","logger":"airflow.task.hooks.airflow.providers.standard.hooks.subprocess.SubprocessHook"}
{"timestamp":"2025-09-03T17:40:10.042451","level":"info","event":"25/09/03 17:40:10 INFO SharedState: Warehouse path is 'file:/tmp/airflowtmp_r1hza7s/spark-warehouse'.","logger":"airflow.task.hooks.airflow.providers.standard.hooks.subprocess.SubprocessHook"}
{"timestamp":"2025-09-03T17:40:12.645158","level":"info","event":"25/09/03 17:40:12 WARN MetricsConfig: Cannot locate configuration: tried hadoop-metrics2-s3a-file-system.properties,hadoop-metrics2.properties","logger":"airflow.task.hooks.airflow.providers.standard.hooks.subprocess.SubprocessHook"}
{"timestamp":"2025-09-03T17:40:12.706548","level":"info","event":"25/09/03 17:40:12 INFO MetricsSystemImpl: Scheduled Metric snapshot period at 10 second(s).","logger":"airflow.task.hooks.airflow.providers.standard.hooks.subprocess.SubprocessHook"}
{"timestamp":"2025-09-03T17:40:12.708739","level":"info","event":"25/09/03 17:40:12 INFO MetricsSystemImpl: s3a-file-system metrics system started","logger":"airflow.task.hooks.airflow.providers.standard.hooks.subprocess.SubprocessHook"}
{"timestamp":"2025-09-03T17:40:15.989030","level":"info","event":"25/09/03 17:40:15 INFO InMemoryFileIndex: It took 218 ms to list leaf files for 1 paths.","logger":"airflow.task.hooks.airflow.providers.standard.hooks.subprocess.SubprocessHook"}
{"timestamp":"2025-09-03T17:40:16.194049","level":"info","event":"25/09/03 17:40:16 INFO StandaloneSchedulerBackend$StandaloneDriverEndpoint: Registered executor NettyRpcEndpointRef(spark-client://Executor) (172.22.0.5:56446) with ID 0,  ResourceProfileId 0","logger":"airflow.task.hooks.airflow.providers.standard.hooks.subprocess.SubprocessHook"}
{"timestamp":"2025-09-03T17:40:16.509174","level":"info","event":"25/09/03 17:40:16 INFO BlockManagerMasterEndpoint: Registering block manager 172.22.0.5:38007 with 434.4 MiB RAM, BlockManagerId(0, 172.22.0.5, 38007, None)","logger":"airflow.task.hooks.airflow.providers.standard.hooks.subprocess.SubprocessHook"}
{"timestamp":"2025-09-03T17:40:16.994597","level":"info","event":"25/09/03 17:40:16 INFO SparkContext: Starting job: parquet at NativeMethodAccessorImpl.java:0","logger":"airflow.task.hooks.airflow.providers.standard.hooks.subprocess.SubprocessHook"}
{"timestamp":"2025-09-03T17:40:17.020074","level":"info","event":"25/09/03 17:40:17 INFO DAGScheduler: Got job 0 (parquet at NativeMethodAccessorImpl.java:0) with 1 output partitions","logger":"airflow.task.hooks.airflow.providers.standard.hooks.subprocess.SubprocessHook"}
{"timestamp":"2025-09-03T17:40:17.020349","level":"info","event":"25/09/03 17:40:17 INFO DAGScheduler: Final stage: ResultStage 0 (parquet at NativeMethodAccessorImpl.java:0)","logger":"airflow.task.hooks.airflow.providers.standard.hooks.subprocess.SubprocessHook"}
{"timestamp":"2025-09-03T17:40:17.022955","level":"info","event":"25/09/03 17:40:17 INFO DAGScheduler: Parents of final stage: List()","logger":"airflow.task.hooks.airflow.providers.standard.hooks.subprocess.SubprocessHook"}
{"timestamp":"2025-09-03T17:40:17.023194","level":"info","event":"25/09/03 17:40:17 INFO DAGScheduler: Missing parents: List()","logger":"airflow.task.hooks.airflow.providers.standard.hooks.subprocess.SubprocessHook"}
{"timestamp":"2025-09-03T17:40:17.036080","level":"info","event":"25/09/03 17:40:17 INFO DAGScheduler: Submitting ResultStage 0 (MapPartitionsRDD[1] at parquet at NativeMethodAccessorImpl.java:0), which has no missing parents","logger":"airflow.task.hooks.airflow.providers.standard.hooks.subprocess.SubprocessHook"}
{"timestamp":"2025-09-03T17:40:17.143908","level":"info","event":"25/09/03 17:40:17 INFO MemoryStore: Block broadcast_0 stored as values in memory (estimated size 105.5 KiB, free 434.3 MiB)","logger":"airflow.task.hooks.airflow.providers.standard.hooks.subprocess.SubprocessHook"}
{"timestamp":"2025-09-03T17:40:17.198331","level":"info","event":"25/09/03 17:40:17 INFO MemoryStore: Block broadcast_0_piece0 stored as bytes in memory (estimated size 38.4 KiB, free 434.3 MiB)","logger":"airflow.task.hooks.airflow.providers.standard.hooks.subprocess.SubprocessHook"}
{"timestamp":"2025-09-03T17:40:17.203954","level":"info","event":"25/09/03 17:40:17 INFO BlockManagerInfo: Added broadcast_0_piece0 in memory on 31a98e31d62d:45005 (size: 38.4 KiB, free: 434.4 MiB)","logger":"airflow.task.hooks.airflow.providers.standard.hooks.subprocess.SubprocessHook"}
{"timestamp":"2025-09-03T17:40:17.210393","level":"info","event":"25/09/03 17:40:17 INFO SparkContext: Created broadcast 0 from broadcast at DAGScheduler.scala:1580","logger":"airflow.task.hooks.airflow.providers.standard.hooks.subprocess.SubprocessHook"}
{"timestamp":"2025-09-03T17:40:17.263684","level":"info","event":"25/09/03 17:40:17 INFO DAGScheduler: Submitting 1 missing tasks from ResultStage 0 (MapPartitionsRDD[1] at parquet at NativeMethodAccessorImpl.java:0) (first 15 tasks are for partitions Vector(0))","logger":"airflow.task.hooks.airflow.providers.standard.hooks.subprocess.SubprocessHook"}
{"timestamp":"2025-09-03T17:40:17.269944","level":"info","event":"25/09/03 17:40:17 INFO TaskSchedulerImpl: Adding task set 0.0 with 1 tasks resource profile 0","logger":"airflow.task.hooks.airflow.providers.standard.hooks.subprocess.SubprocessHook"}
{"timestamp":"2025-09-03T17:40:17.364285","level":"info","event":"25/09/03 17:40:17 INFO TaskSetManager: Starting task 0.0 in stage 0.0 (TID 0) (172.22.0.5, executor 0, partition 0, PROCESS_LOCAL, 7757 bytes)","logger":"airflow.task.hooks.airflow.providers.standard.hooks.subprocess.SubprocessHook"}
{"timestamp":"2025-09-03T17:40:17.907678","level":"info","event":"25/09/03 17:40:17 INFO BlockManagerInfo: Added broadcast_0_piece0 in memory on 172.22.0.5:38007 (size: 38.4 KiB, free: 434.4 MiB)","logger":"airflow.task.hooks.airflow.providers.standard.hooks.subprocess.SubprocessHook"}
{"timestamp":"2025-09-03T17:40:23.403928","level":"info","event":"25/09/03 17:40:23 INFO TaskSetManager: Finished task 0.0 in stage 0.0 (TID 0) in 6071 ms on 172.22.0.5 (executor 0) (1/1)","logger":"airflow.task.hooks.airflow.providers.standard.hooks.subprocess.SubprocessHook"}
{"timestamp":"2025-09-03T17:40:23.410310","level":"info","event":"25/09/03 17:40:23 INFO TaskSchedulerImpl: Removed TaskSet 0.0, whose tasks have all completed, from pool","logger":"airflow.task.hooks.airflow.providers.standard.hooks.subprocess.SubprocessHook"}
{"timestamp":"2025-09-03T17:40:23.433962","level":"info","event":"25/09/03 17:40:23 INFO DAGScheduler: ResultStage 0 (parquet at NativeMethodAccessorImpl.java:0) finished in 6.348 s","logger":"airflow.task.hooks.airflow.providers.standard.hooks.subprocess.SubprocessHook"}
{"timestamp":"2025-09-03T17:40:23.443032","level":"info","event":"25/09/03 17:40:23 INFO DAGScheduler: Job 0 is finished. Cancelling potential speculative or zombie tasks for this job","logger":"airflow.task.hooks.airflow.providers.standard.hooks.subprocess.SubprocessHook"}
{"timestamp":"2025-09-03T17:40:23.445085","level":"info","event":"25/09/03 17:40:23 INFO TaskSchedulerImpl: Killing all running tasks in stage 0: Stage finished","logger":"airflow.task.hooks.airflow.providers.standard.hooks.subprocess.SubprocessHook"}
{"timestamp":"2025-09-03T17:40:23.457136","level":"info","event":"25/09/03 17:40:23 INFO DAGScheduler: Job 0 finished: parquet at NativeMethodAccessorImpl.java:0, took 6.456823 s","logger":"airflow.task.hooks.airflow.providers.standard.hooks.subprocess.SubprocessHook"}
{"timestamp":"2025-09-03T17:40:24.386433","level":"info","event":"25/09/03 17:40:24 INFO BlockManagerInfo: Removed broadcast_0_piece0 on 31a98e31d62d:45005 in memory (size: 38.4 KiB, free: 434.4 MiB)","logger":"airflow.task.hooks.airflow.providers.standard.hooks.subprocess.SubprocessHook"}
{"timestamp":"2025-09-03T17:40:24.422970","level":"info","event":"25/09/03 17:40:24 INFO BlockManagerInfo: Removed broadcast_0_piece0 on 172.22.0.5:38007 in memory (size: 38.4 KiB, free: 434.4 MiB)","logger":"airflow.task.hooks.airflow.providers.standard.hooks.subprocess.SubprocessHook"}
{"timestamp":"2025-09-03T17:40:26.243479","level":"info","event":"25/09/03 17:40:26 INFO FileSourceStrategy: Pushed Filters:","logger":"airflow.task.hooks.airflow.providers.standard.hooks.subprocess.SubprocessHook"}
{"timestamp":"2025-09-03T17:40:26.248825","level":"info","event":"25/09/03 17:40:26 INFO FileSourceStrategy: Post-Scan Filters: ((cast((unix_timestamp(tpep_dropoff_datetime#2, yyyy-MM-dd HH:mm:ss, Some(Etc/UTC), false) - unix_timestamp(tpep_pickup_datetime#1, yyyy-MM-dd HH:mm:ss, Some(Etc/UTC), false)) as double) / 3600.0) > 1.0)","logger":"airflow.task.hooks.airflow.providers.standard.hooks.subprocess.SubprocessHook"}
{"timestamp":"2025-09-03T17:40:26.335969","level":"info","event":"25/09/03 17:40:26 INFO FileSourceStrategy: Pushed Filters: IsNotNull(PULocationID)","logger":"airflow.task.hooks.airflow.providers.standard.hooks.subprocess.SubprocessHook"}
{"timestamp":"2025-09-03T17:40:26.337948","level":"info","event":"25/09/03 17:40:26 INFO FileSourceStrategy: Post-Scan Filters: ((cast((unix_timestamp(tpep_dropoff_datetime#72, yyyy-MM-dd HH:mm:ss, Some(Etc/UTC), false) - unix_timestamp(tpep_pickup_datetime#71, yyyy-MM-dd HH:mm:ss, Some(Etc/UTC), false)) as double) / 3600.0) > 1.0),isnotnull(PULocationID#77)","logger":"airflow.task.hooks.airflow.providers.standard.hooks.subprocess.SubprocessHook"}
{"timestamp":"2025-09-03T17:40:27.392036","level":"info","event":"25/09/03 17:40:27 INFO CodeGenerator: Code generated in 497.401022 ms","logger":"airflow.task.hooks.airflow.providers.standard.hooks.subprocess.SubprocessHook"}
{"timestamp":"2025-09-03T17:40:27.438588","level":"info","event":"25/09/03 17:40:27 INFO MemoryStore: Block broadcast_1 stored as values in memory (estimated size 210.8 KiB, free 434.2 MiB)","logger":"airflow.task.hooks.airflow.providers.standard.hooks.subprocess.SubprocessHook"}
{"timestamp":"2025-09-03T17:40:27.509368","level":"info","event":"25/09/03 17:40:27 INFO MemoryStore: Block broadcast_1_piece0 stored as bytes in memory (estimated size 36.2 KiB, free 434.2 MiB)","logger":"airflow.task.hooks.airflow.providers.standard.hooks.subprocess.SubprocessHook"}
{"timestamp":"2025-09-03T17:40:27.511298","level":"info","event":"25/09/03 17:40:27 INFO BlockManagerInfo: Added broadcast_1_piece0 in memory on 31a98e31d62d:45005 (size: 36.2 KiB, free: 434.4 MiB)","logger":"airflow.task.hooks.airflow.providers.standard.hooks.subprocess.SubprocessHook"}
{"timestamp":"2025-09-03T17:40:27.513808","level":"info","event":"25/09/03 17:40:27 INFO SparkContext: Created broadcast 1 from parquet at NativeMethodAccessorImpl.java:0","logger":"airflow.task.hooks.airflow.providers.standard.hooks.subprocess.SubprocessHook"}
{"timestamp":"2025-09-03T17:40:27.554962","level":"info","event":"25/09/03 17:40:27 INFO FileSourceScanExec: Planning scan with bin packing, max size: 27077972 bytes, open cost is considered as scanning 4194304 bytes.","logger":"airflow.task.hooks.airflow.providers.standard.hooks.subprocess.SubprocessHook"}
{"timestamp":"2025-09-03T17:40:27.836978","level":"info","event":"25/09/03 17:40:27 INFO DAGScheduler: Registering RDD 5 (parquet at NativeMethodAccessorImpl.java:0) as input to shuffle 0","logger":"airflow.task.hooks.airflow.providers.standard.hooks.subprocess.SubprocessHook"}
{"timestamp":"2025-09-03T17:40:27.845530","level":"info","event":"25/09/03 17:40:27 INFO DAGScheduler: Got map stage job 1 (parquet at NativeMethodAccessorImpl.java:0) with 2 output partitions","logger":"airflow.task.hooks.airflow.providers.standard.hooks.subprocess.SubprocessHook"}
{"timestamp":"2025-09-03T17:40:27.846554","level":"info","event":"25/09/03 17:40:27 INFO DAGScheduler: Final stage: ShuffleMapStage 1 (parquet at NativeMethodAccessorImpl.java:0)","logger":"airflow.task.hooks.airflow.providers.standard.hooks.subprocess.SubprocessHook"}
{"timestamp":"2025-09-03T17:40:27.847433","level":"info","event":"25/09/03 17:40:27 INFO DAGScheduler: Parents of final stage: List()","logger":"airflow.task.hooks.airflow.providers.standard.hooks.subprocess.SubprocessHook"}
{"timestamp":"2025-09-03T17:40:27.853109","level":"info","event":"25/09/03 17:40:27 INFO DAGScheduler: Missing parents: List()","logger":"airflow.task.hooks.airflow.providers.standard.hooks.subprocess.SubprocessHook"}
{"timestamp":"2025-09-03T17:40:27.853358","level":"info","event":"25/09/03 17:40:27 INFO DAGScheduler: Submitting ShuffleMapStage 1 (MapPartitionsRDD[5] at parquet at NativeMethodAccessorImpl.java:0), which has no missing parents","logger":"airflow.task.hooks.airflow.providers.standard.hooks.subprocess.SubprocessHook"}
{"timestamp":"2025-09-03T17:40:27.893958","level":"info","event":"25/09/03 17:40:27 INFO MemoryStore: Block broadcast_2 stored as values in memory (estimated size 44.5 KiB, free 434.1 MiB)","logger":"airflow.task.hooks.airflow.providers.standard.hooks.subprocess.SubprocessHook"}
{"timestamp":"2025-09-03T17:40:27.897992","level":"info","event":"25/09/03 17:40:27 INFO MemoryStore: Block broadcast_2_piece0 stored as bytes in memory (estimated size 19.7 KiB, free 434.1 MiB)","logger":"airflow.task.hooks.airflow.providers.standard.hooks.subprocess.SubprocessHook"}
{"timestamp":"2025-09-03T17:40:27.899502","level":"info","event":"25/09/03 17:40:27 INFO BlockManagerInfo: Added broadcast_2_piece0 in memory on 31a98e31d62d:45005 (size: 19.7 KiB, free: 434.3 MiB)","logger":"airflow.task.hooks.airflow.providers.standard.hooks.subprocess.SubprocessHook"}
{"timestamp":"2025-09-03T17:40:27.901400","level":"info","event":"25/09/03 17:40:27 INFO SparkContext: Created broadcast 2 from broadcast at DAGScheduler.scala:1580","logger":"airflow.task.hooks.airflow.providers.standard.hooks.subprocess.SubprocessHook"}
{"timestamp":"2025-09-03T17:40:27.906955","level":"info","event":"25/09/03 17:40:27 INFO DAGScheduler: Submitting 2 missing tasks from ShuffleMapStage 1 (MapPartitionsRDD[5] at parquet at NativeMethodAccessorImpl.java:0) (first 15 tasks are for partitions Vector(0, 1))","logger":"airflow.task.hooks.airflow.providers.standard.hooks.subprocess.SubprocessHook"}
{"timestamp":"2025-09-03T17:40:27.907193","level":"info","event":"25/09/03 17:40:27 INFO TaskSchedulerImpl: Adding task set 1.0 with 2 tasks resource profile 0","logger":"airflow.task.hooks.airflow.providers.standard.hooks.subprocess.SubprocessHook"}
{"timestamp":"2025-09-03T17:40:27.918250","level":"info","event":"25/09/03 17:40:27 INFO TaskSetManager: Starting task 0.0 in stage 1.0 (TID 1) (172.22.0.5, executor 0, partition 0, PROCESS_LOCAL, 8214 bytes)","logger":"airflow.task.hooks.airflow.providers.standard.hooks.subprocess.SubprocessHook"}
{"timestamp":"2025-09-03T17:40:27.923118","level":"info","event":"25/09/03 17:40:27 INFO TaskSetManager: Starting task 1.0 in stage 1.0 (TID 2) (172.22.0.5, executor 0, partition 1, PROCESS_LOCAL, 8214 bytes)","logger":"airflow.task.hooks.airflow.providers.standard.hooks.subprocess.SubprocessHook"}
{"timestamp":"2025-09-03T17:40:28.028830","level":"info","event":"25/09/03 17:40:28 INFO BlockManagerInfo: Added broadcast_2_piece0 in memory on 172.22.0.5:38007 (size: 19.7 KiB, free: 434.4 MiB)","logger":"airflow.task.hooks.airflow.providers.standard.hooks.subprocess.SubprocessHook"}
{"timestamp":"2025-09-03T17:40:31.268816","level":"info","event":"25/09/03 17:40:31 INFO BlockManagerInfo: Added broadcast_1_piece0 in memory on 172.22.0.5:38007 (size: 36.2 KiB, free: 434.3 MiB)","logger":"airflow.task.hooks.airflow.providers.standard.hooks.subprocess.SubprocessHook"}
{"timestamp":"2025-09-03T17:40:36.871932","level":"info","event":"25/09/03 17:40:36 INFO TaskSetManager: Finished task 1.0 in stage 1.0 (TID 2) in 8951 ms on 172.22.0.5 (executor 0) (1/2)","logger":"airflow.task.hooks.airflow.providers.standard.hooks.subprocess.SubprocessHook"}
{"timestamp":"2025-09-03T17:40:37.033941","level":"info","event":"25/09/03 17:40:37 INFO TaskSetManager: Finished task 0.0 in stage 1.0 (TID 1) in 9123 ms on 172.22.0.5 (executor 0) (2/2)","logger":"airflow.task.hooks.airflow.providers.standard.hooks.subprocess.SubprocessHook"}
{"timestamp":"2025-09-03T17:40:37.034172","level":"info","event":"25/09/03 17:40:37 INFO TaskSchedulerImpl: Removed TaskSet 1.0, whose tasks have all completed, from pool","logger":"airflow.task.hooks.airflow.providers.standard.hooks.subprocess.SubprocessHook"}
{"timestamp":"2025-09-03T17:40:37.037608","level":"info","event":"25/09/03 17:40:37 INFO DAGScheduler: ShuffleMapStage 1 (parquet at NativeMethodAccessorImpl.java:0) finished in 9.170 s","logger":"airflow.task.hooks.airflow.providers.standard.hooks.subprocess.SubprocessHook"}
{"timestamp":"2025-09-03T17:40:37.050384","level":"info","event":"25/09/03 17:40:37 INFO DAGScheduler: looking for newly runnable stages","logger":"airflow.task.hooks.airflow.providers.standard.hooks.subprocess.SubprocessHook"}
{"timestamp":"2025-09-03T17:40:37.053940","level":"info","event":"25/09/03 17:40:37 INFO DAGScheduler: running: Set()","logger":"airflow.task.hooks.airflow.providers.standard.hooks.subprocess.SubprocessHook"}
{"timestamp":"2025-09-03T17:40:37.055959","level":"info","event":"25/09/03 17:40:37 INFO DAGScheduler: waiting: Set()","logger":"airflow.task.hooks.airflow.providers.standard.hooks.subprocess.SubprocessHook"}
{"timestamp":"2025-09-03T17:40:37.057144","level":"info","event":"25/09/03 17:40:37 INFO DAGScheduler: failed: Set()","logger":"airflow.task.hooks.airflow.providers.standard.hooks.subprocess.SubprocessHook"}
{"timestamp":"2025-09-03T17:40:37.128762","level":"info","event":"25/09/03 17:40:37 INFO FileSourceStrategy: Pushed Filters:","logger":"airflow.task.hooks.airflow.providers.standard.hooks.subprocess.SubprocessHook"}
{"timestamp":"2025-09-03T17:40:37.131259","level":"info","event":"25/09/03 17:40:37 INFO FileSourceStrategy: Post-Scan Filters: ((cast((unix_timestamp(tpep_dropoff_datetime#2, yyyy-MM-dd HH:mm:ss, Some(Etc/UTC), false) - unix_timestamp(tpep_pickup_datetime#1, yyyy-MM-dd HH:mm:ss, Some(Etc/UTC), false)) as double) / 3600.0) > 1.0)","logger":"airflow.task.hooks.airflow.providers.standard.hooks.subprocess.SubprocessHook"}
{"timestamp":"2025-09-03T17:40:37.179460","level":"info","event":"25/09/03 17:40:37 INFO ShufflePartitionsUtil: For shuffle(0), advisory target size: 67108864, actual target size 1048576, minimum partition size: 1048576","logger":"airflow.task.hooks.airflow.providers.standard.hooks.subprocess.SubprocessHook"}
{"timestamp":"2025-09-03T17:40:37.285140","level":"info","event":"25/09/03 17:40:37 INFO HashAggregateExec: spark.sql.codegen.aggregate.map.twolevel.enabled is set to true, but current version of codegened fast hashmap does not support this aggregate.","logger":"airflow.task.hooks.airflow.providers.standard.hooks.subprocess.SubprocessHook"}
{"timestamp":"2025-09-03T17:40:37.419115","level":"info","event":"25/09/03 17:40:37 INFO CodeGenerator: Code generated in 98.223131 ms","logger":"airflow.task.hooks.airflow.providers.standard.hooks.subprocess.SubprocessHook"}
{"timestamp":"2025-09-03T17:40:37.560138","level":"info","event":"25/09/03 17:40:37 INFO SparkContext: Starting job: $anonfun$withThreadLocalCaptured$1 at FutureTask.java:264","logger":"airflow.task.hooks.airflow.providers.standard.hooks.subprocess.SubprocessHook"}
{"timestamp":"2025-09-03T17:40:37.568484","level":"info","event":"25/09/03 17:40:37 INFO DAGScheduler: Got job 2 ($anonfun$withThreadLocalCaptured$1 at FutureTask.java:264) with 1 output partitions","logger":"airflow.task.hooks.airflow.providers.standard.hooks.subprocess.SubprocessHook"}
{"timestamp":"2025-09-03T17:40:37.570862","level":"info","event":"25/09/03 17:40:37 INFO DAGScheduler: Final stage: ResultStage 3 ($anonfun$withThreadLocalCaptured$1 at FutureTask.java:264)","logger":"airflow.task.hooks.airflow.providers.standard.hooks.subprocess.SubprocessHook"}
{"timestamp":"2025-09-03T17:40:37.571096","level":"info","event":"25/09/03 17:40:37 INFO DAGScheduler: Parents of final stage: List(ShuffleMapStage 2)","logger":"airflow.task.hooks.airflow.providers.standard.hooks.subprocess.SubprocessHook"}
{"timestamp":"2025-09-03T17:40:37.571202","level":"info","event":"25/09/03 17:40:37 INFO DAGScheduler: Missing parents: List()","logger":"airflow.task.hooks.airflow.providers.standard.hooks.subprocess.SubprocessHook"}
{"timestamp":"2025-09-03T17:40:37.574919","level":"info","event":"25/09/03 17:40:37 INFO DAGScheduler: Submitting ResultStage 3 (MapPartitionsRDD[8] at $anonfun$withThreadLocalCaptured$1 at FutureTask.java:264), which has no missing parents","logger":"airflow.task.hooks.airflow.providers.standard.hooks.subprocess.SubprocessHook"}
{"timestamp":"2025-09-03T17:40:37.646604","level":"info","event":"25/09/03 17:40:37 INFO MemoryStore: Block broadcast_3 stored as values in memory (estimated size 42.6 KiB, free 434.1 MiB)","logger":"airflow.task.hooks.airflow.providers.standard.hooks.subprocess.SubprocessHook"}
{"timestamp":"2025-09-03T17:40:37.685847","level":"info","event":"25/09/03 17:40:37 INFO MemoryStore: Block broadcast_3_piece0 stored as bytes in memory (estimated size 19.8 KiB, free 434.0 MiB)","logger":"airflow.task.hooks.airflow.providers.standard.hooks.subprocess.SubprocessHook"}
{"timestamp":"2025-09-03T17:40:37.696933","level":"info","event":"25/09/03 17:40:37 INFO BlockManagerInfo: Added broadcast_3_piece0 in memory on 31a98e31d62d:45005 (size: 19.8 KiB, free: 434.3 MiB)","logger":"airflow.task.hooks.airflow.providers.standard.hooks.subprocess.SubprocessHook"}
{"timestamp":"2025-09-03T17:40:37.702214","level":"info","event":"25/09/03 17:40:37 INFO BlockManagerInfo: Removed broadcast_2_piece0 on 31a98e31d62d:45005 in memory (size: 19.7 KiB, free: 434.3 MiB)","logger":"airflow.task.hooks.airflow.providers.standard.hooks.subprocess.SubprocessHook"}
{"timestamp":"2025-09-03T17:40:37.705958","level":"info","event":"25/09/03 17:40:37 INFO SparkContext: Created broadcast 3 from broadcast at DAGScheduler.scala:1580","logger":"airflow.task.hooks.airflow.providers.standard.hooks.subprocess.SubprocessHook"}
{"timestamp":"2025-09-03T17:40:37.708985","level":"info","event":"25/09/03 17:40:37 INFO BlockManagerInfo: Removed broadcast_2_piece0 on 172.22.0.5:38007 in memory (size: 19.7 KiB, free: 434.4 MiB)","logger":"airflow.task.hooks.airflow.providers.standard.hooks.subprocess.SubprocessHook"}
{"timestamp":"2025-09-03T17:40:37.716980","level":"info","event":"25/09/03 17:40:37 INFO DAGScheduler: Submitting 1 missing tasks from ResultStage 3 (MapPartitionsRDD[8] at $anonfun$withThreadLocalCaptured$1 at FutureTask.java:264) (first 15 tasks are for partitions Vector(0))","logger":"airflow.task.hooks.airflow.providers.standard.hooks.subprocess.SubprocessHook"}
{"timestamp":"2025-09-03T17:40:37.718969","level":"info","event":"25/09/03 17:40:37 INFO TaskSchedulerImpl: Adding task set 3.0 with 1 tasks resource profile 0","logger":"airflow.task.hooks.airflow.providers.standard.hooks.subprocess.SubprocessHook"}
{"timestamp":"2025-09-03T17:40:37.742025","level":"info","event":"25/09/03 17:40:37 INFO TaskSetManager: Starting task 0.0 in stage 3.0 (TID 3) (172.22.0.5, executor 0, partition 0, NODE_LOCAL, 7619 bytes)","logger":"airflow.task.hooks.airflow.providers.standard.hooks.subprocess.SubprocessHook"}
{"timestamp":"2025-09-03T17:40:37.837077","level":"info","event":"25/09/03 17:40:37 INFO BlockManagerInfo: Added broadcast_3_piece0 in memory on 172.22.0.5:38007 (size: 19.8 KiB, free: 434.3 MiB)","logger":"airflow.task.hooks.airflow.providers.standard.hooks.subprocess.SubprocessHook"}
{"timestamp":"2025-09-03T17:40:38.108159","level":"info","event":"25/09/03 17:40:38 INFO MapOutputTrackerMasterEndpoint: Asked to send map output locations for shuffle 0 to 172.22.0.5:56446","logger":"airflow.task.hooks.airflow.providers.standard.hooks.subprocess.SubprocessHook"}
{"timestamp":"2025-09-03T17:40:38.700943","level":"info","event":"25/09/03 17:40:38 INFO TaskSetManager: Finished task 0.0 in stage 3.0 (TID 3) in 965 ms on 172.22.0.5 (executor 0) (1/1)","logger":"airflow.task.hooks.airflow.providers.standard.hooks.subprocess.SubprocessHook"}
{"timestamp":"2025-09-03T17:40:38.701159","level":"info","event":"25/09/03 17:40:38 INFO TaskSchedulerImpl: Removed TaskSet 3.0, whose tasks have all completed, from pool","logger":"airflow.task.hooks.airflow.providers.standard.hooks.subprocess.SubprocessHook"}
{"timestamp":"2025-09-03T17:40:38.709877","level":"info","event":"25/09/03 17:40:38 INFO DAGScheduler: ResultStage 3 ($anonfun$withThreadLocalCaptured$1 at FutureTask.java:264) finished in 1.079 s","logger":"airflow.task.hooks.airflow.providers.standard.hooks.subprocess.SubprocessHook"}
{"timestamp":"2025-09-03T17:40:38.711963","level":"info","event":"25/09/03 17:40:38 INFO DAGScheduler: Job 2 is finished. Cancelling potential speculative or zombie tasks for this job","logger":"airflow.task.hooks.airflow.providers.standard.hooks.subprocess.SubprocessHook"}
{"timestamp":"2025-09-03T17:40:38.712199","level":"info","event":"25/09/03 17:40:38 INFO TaskSchedulerImpl: Killing all running tasks in stage 3: Stage finished","logger":"airflow.task.hooks.airflow.providers.standard.hooks.subprocess.SubprocessHook"}
{"timestamp":"2025-09-03T17:40:38.717924","level":"info","event":"25/09/03 17:40:38 INFO DAGScheduler: Job 2 finished: $anonfun$withThreadLocalCaptured$1 at FutureTask.java:264, took 1.155786 s","logger":"airflow.task.hooks.airflow.providers.standard.hooks.subprocess.SubprocessHook"}
{"timestamp":"2025-09-03T17:40:38.783834","level":"info","event":"25/09/03 17:40:38 INFO BlockManagerInfo: Removed broadcast_3_piece0 on 172.22.0.5:38007 in memory (size: 19.8 KiB, free: 434.4 MiB)","logger":"airflow.task.hooks.airflow.providers.standard.hooks.subprocess.SubprocessHook"}
{"timestamp":"2025-09-03T17:40:38.787922","level":"info","event":"25/09/03 17:40:38 INFO BlockManagerInfo: Removed broadcast_3_piece0 on 31a98e31d62d:45005 in memory (size: 19.8 KiB, free: 434.4 MiB)","logger":"airflow.task.hooks.airflow.providers.standard.hooks.subprocess.SubprocessHook"}
{"timestamp":"2025-09-03T17:40:38.828915","level":"info","event":"25/09/03 17:40:38 INFO CodeGenerator: Code generated in 28.516993 ms","logger":"airflow.task.hooks.airflow.providers.standard.hooks.subprocess.SubprocessHook"}
{"timestamp":"2025-09-03T17:40:38.858613","level":"info","event":"25/09/03 17:40:38 INFO MemoryStore: Block broadcast_4_piece0 stored as bytes in memory (estimated size 3.5 KiB, free 434.2 MiB)","logger":"airflow.task.hooks.airflow.providers.standard.hooks.subprocess.SubprocessHook"}
{"timestamp":"2025-09-03T17:40:38.859599","level":"info","event":"25/09/03 17:40:38 INFO BlockManagerInfo: Added broadcast_4_piece0 in memory on 31a98e31d62d:45005 (size: 3.5 KiB, free: 434.4 MiB)","logger":"airflow.task.hooks.airflow.providers.standard.hooks.subprocess.SubprocessHook"}
{"timestamp":"2025-09-03T17:40:38.862211","level":"info","event":"25/09/03 17:40:38 INFO SparkContext: Created broadcast 4 from $anonfun$withThreadLocalCaptured$1 at FutureTask.java:264","logger":"airflow.task.hooks.airflow.providers.standard.hooks.subprocess.SubprocessHook"}
{"timestamp":"2025-09-03T17:40:38.870944","level":"info","event":"25/09/03 17:40:38 INFO FileSourceStrategy: Pushed Filters:","logger":"airflow.task.hooks.airflow.providers.standard.hooks.subprocess.SubprocessHook"}
{"timestamp":"2025-09-03T17:40:38.871182","level":"info","event":"25/09/03 17:40:38 INFO FileSourceStrategy: Post-Scan Filters: ((cast((unix_timestamp(tpep_dropoff_datetime#2, yyyy-MM-dd HH:mm:ss, Some(Etc/UTC), false) - unix_timestamp(tpep_pickup_datetime#1, yyyy-MM-dd HH:mm:ss, Some(Etc/UTC), false)) as double) / 3600.0) > 1.0)","logger":"airflow.task.hooks.airflow.providers.standard.hooks.subprocess.SubprocessHook"}
{"timestamp":"2025-09-03T17:40:38.951781","level":"info","event":"25/09/03 17:40:38 INFO ParquetUtils: Using default output committer for Parquet: org.apache.parquet.hadoop.ParquetOutputCommitter","logger":"airflow.task.hooks.airflow.providers.standard.hooks.subprocess.SubprocessHook"}
{"timestamp":"2025-09-03T17:40:38.970166","level":"info","event":"25/09/03 17:40:38 INFO FileOutputCommitter: File Output Committer Algorithm version is 1","logger":"airflow.task.hooks.airflow.providers.standard.hooks.subprocess.SubprocessHook"}
{"timestamp":"2025-09-03T17:40:38.971015","level":"info","event":"25/09/03 17:40:38 INFO FileOutputCommitter: FileOutputCommitter skip cleanup _temporary folders under output directory:false, ignore cleanup failures: false","logger":"airflow.task.hooks.airflow.providers.standard.hooks.subprocess.SubprocessHook"}
{"timestamp":"2025-09-03T17:40:38.973530","level":"info","event":"25/09/03 17:40:38 INFO SQLHadoopMapReduceCommitProtocol: Using user defined output committer class org.apache.parquet.hadoop.ParquetOutputCommitter","logger":"airflow.task.hooks.airflow.providers.standard.hooks.subprocess.SubprocessHook"}
{"timestamp":"2025-09-03T17:40:38.974926","level":"info","event":"25/09/03 17:40:38 INFO FileOutputCommitter: File Output Committer Algorithm version is 1","logger":"airflow.task.hooks.airflow.providers.standard.hooks.subprocess.SubprocessHook"}
{"timestamp":"2025-09-03T17:40:38.975105","level":"info","event":"25/09/03 17:40:38 INFO FileOutputCommitter: FileOutputCommitter skip cleanup _temporary folders under output directory:false, ignore cleanup failures: false","logger":"airflow.task.hooks.airflow.providers.standard.hooks.subprocess.SubprocessHook"}
{"timestamp":"2025-09-03T17:40:38.977934","level":"info","event":"25/09/03 17:40:38 INFO SQLHadoopMapReduceCommitProtocol: Using output committer class org.apache.parquet.hadoop.ParquetOutputCommitter","logger":"airflow.task.hooks.airflow.providers.standard.hooks.subprocess.SubprocessHook"}
{"timestamp":"2025-09-03T17:40:39.270168","level":"info","event":"25/09/03 17:40:39 INFO CodeGenerator: Code generated in 80.802665 ms","logger":"airflow.task.hooks.airflow.providers.standard.hooks.subprocess.SubprocessHook"}
{"timestamp":"2025-09-03T17:40:39.288960","level":"info","event":"25/09/03 17:40:39 INFO MemoryStore: Block broadcast_5 stored as values in memory (estimated size 210.9 KiB, free 433.9 MiB)","logger":"airflow.task.hooks.airflow.providers.standard.hooks.subprocess.SubprocessHook"}
{"timestamp":"2025-09-03T17:40:39.341177","level":"info","event":"25/09/03 17:40:39 INFO MemoryStore: Block broadcast_5_piece0 stored as bytes in memory (estimated size 36.3 KiB, free 433.9 MiB)","logger":"airflow.task.hooks.airflow.providers.standard.hooks.subprocess.SubprocessHook"}
{"timestamp":"2025-09-03T17:40:39.343968","level":"info","event":"25/09/03 17:40:39 INFO BlockManagerInfo: Added broadcast_5_piece0 in memory on 31a98e31d62d:45005 (size: 36.3 KiB, free: 434.3 MiB)","logger":"airflow.task.hooks.airflow.providers.standard.hooks.subprocess.SubprocessHook"}
{"timestamp":"2025-09-03T17:40:39.344192","level":"info","event":"25/09/03 17:40:39 INFO SparkContext: Created broadcast 5 from parquet at NativeMethodAccessorImpl.java:0","logger":"airflow.task.hooks.airflow.providers.standard.hooks.subprocess.SubprocessHook"}
{"timestamp":"2025-09-03T17:40:39.349576","level":"info","event":"25/09/03 17:40:39 INFO FileSourceScanExec: Planning scan with bin packing, max size: 27077972 bytes, open cost is considered as scanning 4194304 bytes.","logger":"airflow.task.hooks.airflow.providers.standard.hooks.subprocess.SubprocessHook"}
{"timestamp":"2025-09-03T17:40:39.372867","level":"info","event":"25/09/03 17:40:39 INFO SparkContext: Starting job: parquet at NativeMethodAccessorImpl.java:0","logger":"airflow.task.hooks.airflow.providers.standard.hooks.subprocess.SubprocessHook"}
{"timestamp":"2025-09-03T17:40:39.379938","level":"info","event":"25/09/03 17:40:39 INFO DAGScheduler: Got job 3 (parquet at NativeMethodAccessorImpl.java:0) with 2 output partitions","logger":"airflow.task.hooks.airflow.providers.standard.hooks.subprocess.SubprocessHook"}
{"timestamp":"2025-09-03T17:40:39.380161","level":"info","event":"25/09/03 17:40:39 INFO DAGScheduler: Final stage: ResultStage 4 (parquet at NativeMethodAccessorImpl.java:0)","logger":"airflow.task.hooks.airflow.providers.standard.hooks.subprocess.SubprocessHook"}
{"timestamp":"2025-09-03T17:40:39.380275","level":"info","event":"25/09/03 17:40:39 INFO DAGScheduler: Parents of final stage: List()","logger":"airflow.task.hooks.airflow.providers.standard.hooks.subprocess.SubprocessHook"}
{"timestamp":"2025-09-03T17:40:39.387805","level":"info","event":"25/09/03 17:40:39 INFO DAGScheduler: Missing parents: List()","logger":"airflow.task.hooks.airflow.providers.standard.hooks.subprocess.SubprocessHook"}
{"timestamp":"2025-09-03T17:40:39.388145","level":"info","event":"25/09/03 17:40:39 INFO DAGScheduler: Submitting ResultStage 4 (MapPartitionsRDD[12] at parquet at NativeMethodAccessorImpl.java:0), which has no missing parents","logger":"airflow.task.hooks.airflow.providers.standard.hooks.subprocess.SubprocessHook"}
{"timestamp":"2025-09-03T17:40:39.428113","level":"info","event":"25/09/03 17:40:39 INFO MemoryStore: Block broadcast_6 stored as values in memory (estimated size 226.4 KiB, free 433.7 MiB)","logger":"airflow.task.hooks.airflow.providers.standard.hooks.subprocess.SubprocessHook"}
{"timestamp":"2025-09-03T17:40:39.441490","level":"info","event":"25/09/03 17:40:39 INFO MemoryStore: Block broadcast_6_piece0 stored as bytes in memory (estimated size 81.5 KiB, free 433.6 MiB)","logger":"airflow.task.hooks.airflow.providers.standard.hooks.subprocess.SubprocessHook"}
{"timestamp":"2025-09-03T17:40:39.443668","level":"info","event":"25/09/03 17:40:39 INFO BlockManagerInfo: Added broadcast_6_piece0 in memory on 31a98e31d62d:45005 (size: 81.5 KiB, free: 434.2 MiB)","logger":"airflow.task.hooks.airflow.providers.standard.hooks.subprocess.SubprocessHook"}
{"timestamp":"2025-09-03T17:40:39.444570","level":"info","event":"25/09/03 17:40:39 INFO SparkContext: Created broadcast 6 from broadcast at DAGScheduler.scala:1580","logger":"airflow.task.hooks.airflow.providers.standard.hooks.subprocess.SubprocessHook"}
{"timestamp":"2025-09-03T17:40:39.447203","level":"info","event":"25/09/03 17:40:39 INFO DAGScheduler: Submitting 2 missing tasks from ResultStage 4 (MapPartitionsRDD[12] at parquet at NativeMethodAccessorImpl.java:0) (first 15 tasks are for partitions Vector(0, 1))","logger":"airflow.task.hooks.airflow.providers.standard.hooks.subprocess.SubprocessHook"}
{"timestamp":"2025-09-03T17:40:39.447413","level":"info","event":"25/09/03 17:40:39 INFO TaskSchedulerImpl: Adding task set 4.0 with 2 tasks resource profile 0","logger":"airflow.task.hooks.airflow.providers.standard.hooks.subprocess.SubprocessHook"}
{"timestamp":"2025-09-03T17:40:39.450358","level":"info","event":"25/09/03 17:40:39 INFO TaskSetManager: Starting task 0.0 in stage 4.0 (TID 4) (172.22.0.5, executor 0, partition 0, PROCESS_LOCAL, 8225 bytes)","logger":"airflow.task.hooks.airflow.providers.standard.hooks.subprocess.SubprocessHook"}
{"timestamp":"2025-09-03T17:40:39.451191","level":"info","event":"25/09/03 17:40:39 INFO TaskSetManager: Starting task 1.0 in stage 4.0 (TID 5) (172.22.0.5, executor 0, partition 1, PROCESS_LOCAL, 8225 bytes)","logger":"airflow.task.hooks.airflow.providers.standard.hooks.subprocess.SubprocessHook"}
{"timestamp":"2025-09-03T17:40:39.513307","level":"info","event":"25/09/03 17:40:39 INFO BlockManagerInfo: Added broadcast_6_piece0 in memory on 172.22.0.5:38007 (size: 81.5 KiB, free: 434.3 MiB)","logger":"airflow.task.hooks.airflow.providers.standard.hooks.subprocess.SubprocessHook"}
{"timestamp":"2025-09-03T17:40:39.886738","level":"info","event":"25/09/03 17:40:39 INFO BlockManagerInfo: Added broadcast_4_piece0 in memory on 172.22.0.5:38007 (size: 3.5 KiB, free: 434.3 MiB)","logger":"airflow.task.hooks.airflow.providers.standard.hooks.subprocess.SubprocessHook"}
{"timestamp":"2025-09-03T17:40:39.971858","level":"info","event":"25/09/03 17:40:39 INFO BlockManagerInfo: Added broadcast_5_piece0 in memory on 172.22.0.5:38007 (size: 36.3 KiB, free: 434.2 MiB)","logger":"airflow.task.hooks.airflow.providers.standard.hooks.subprocess.SubprocessHook"}
{"timestamp":"2025-09-03T17:40:43.902960","level":"info","event":"25/09/03 17:40:43 INFO TaskSetManager: Finished task 1.0 in stage 4.0 (TID 5) in 4450 ms on 172.22.0.5 (executor 0) (1/2)","logger":"airflow.task.hooks.airflow.providers.standard.hooks.subprocess.SubprocessHook"}
{"timestamp":"2025-09-03T17:40:43.906590","level":"info","event":"25/09/03 17:40:43 INFO TaskSetManager: Finished task 0.0 in stage 4.0 (TID 4) in 4454 ms on 172.22.0.5 (executor 0) (2/2)","logger":"airflow.task.hooks.airflow.providers.standard.hooks.subprocess.SubprocessHook"}
{"timestamp":"2025-09-03T17:40:43.906840","level":"info","event":"25/09/03 17:40:43 INFO TaskSchedulerImpl: Removed TaskSet 4.0, whose tasks have all completed, from pool","logger":"airflow.task.hooks.airflow.providers.standard.hooks.subprocess.SubprocessHook"}
{"timestamp":"2025-09-03T17:40:43.914404","level":"info","event":"25/09/03 17:40:43 INFO DAGScheduler: ResultStage 4 (parquet at NativeMethodAccessorImpl.java:0) finished in 4.521 s","logger":"airflow.task.hooks.airflow.providers.standard.hooks.subprocess.SubprocessHook"}
{"timestamp":"2025-09-03T17:40:43.916064","level":"info","event":"25/09/03 17:40:43 INFO DAGScheduler: Job 3 is finished. Cancelling potential speculative or zombie tasks for this job","logger":"airflow.task.hooks.airflow.providers.standard.hooks.subprocess.SubprocessHook"}
{"timestamp":"2025-09-03T17:40:43.916300","level":"info","event":"25/09/03 17:40:43 INFO TaskSchedulerImpl: Killing all running tasks in stage 4: Stage finished","logger":"airflow.task.hooks.airflow.providers.standard.hooks.subprocess.SubprocessHook"}
{"timestamp":"2025-09-03T17:40:43.918057","level":"info","event":"25/09/03 17:40:43 INFO DAGScheduler: Job 3 finished: parquet at NativeMethodAccessorImpl.java:0, took 4.545571 s","logger":"airflow.task.hooks.airflow.providers.standard.hooks.subprocess.SubprocessHook"}
{"timestamp":"2025-09-03T17:40:43.921921","level":"info","event":"25/09/03 17:40:43 INFO FileFormatWriter: Start to commit write Job 7040880e-3dd6-4de1-a520-d35f07a87a55.","logger":"airflow.task.hooks.airflow.providers.standard.hooks.subprocess.SubprocessHook"}
{"timestamp":"2025-09-03T17:40:44.533933","level":"info","event":"25/09/03 17:40:44 INFO FileFormatWriter: Write Job 7040880e-3dd6-4de1-a520-d35f07a87a55 committed. Elapsed time: 605 ms.","logger":"airflow.task.hooks.airflow.providers.standard.hooks.subprocess.SubprocessHook"}
{"timestamp":"2025-09-03T17:40:44.540441","level":"info","event":"25/09/03 17:40:44 INFO FileFormatWriter: Finished processing stats for write job 7040880e-3dd6-4de1-a520-d35f07a87a55.","logger":"airflow.task.hooks.airflow.providers.standard.hooks.subprocess.SubprocessHook"}
{"timestamp":"2025-09-03T17:40:44.693523","level":"info","event":"25/09/03 17:40:44 INFO SparkContext: Invoking stop() from shutdown hook","logger":"airflow.task.hooks.airflow.providers.standard.hooks.subprocess.SubprocessHook"}
{"timestamp":"2025-09-03T17:40:44.694647","level":"info","event":"25/09/03 17:40:44 INFO SparkContext: SparkContext is stopping with exitCode 0.","logger":"airflow.task.hooks.airflow.providers.standard.hooks.subprocess.SubprocessHook"}
{"timestamp":"2025-09-03T17:40:44.708979","level":"info","event":"25/09/03 17:40:44 INFO SparkUI: Stopped Spark web UI at http://31a98e31d62d:4040","logger":"airflow.task.hooks.airflow.providers.standard.hooks.subprocess.SubprocessHook"}
{"timestamp":"2025-09-03T17:40:44.712998","level":"info","event":"25/09/03 17:40:44 INFO StandaloneSchedulerBackend: Shutting down all executors","logger":"airflow.task.hooks.airflow.providers.standard.hooks.subprocess.SubprocessHook"}
{"timestamp":"2025-09-03T17:40:44.714124","level":"info","event":"25/09/03 17:40:44 INFO StandaloneSchedulerBackend$StandaloneDriverEndpoint: Asking each executor to shut down","logger":"airflow.task.hooks.airflow.providers.standard.hooks.subprocess.SubprocessHook"}
{"timestamp":"2025-09-03T17:40:44.748844","level":"info","event":"25/09/03 17:40:44 INFO MapOutputTrackerMasterEndpoint: MapOutputTrackerMasterEndpoint stopped!","logger":"airflow.task.hooks.airflow.providers.standard.hooks.subprocess.SubprocessHook"}
{"timestamp":"2025-09-03T17:40:44.769982","level":"info","event":"25/09/03 17:40:44 INFO MemoryStore: MemoryStore cleared","logger":"airflow.task.hooks.airflow.providers.standard.hooks.subprocess.SubprocessHook"}
{"timestamp":"2025-09-03T17:40:44.771935","level":"info","event":"25/09/03 17:40:44 INFO BlockManager: BlockManager stopped","logger":"airflow.task.hooks.airflow.providers.standard.hooks.subprocess.SubprocessHook"}
{"timestamp":"2025-09-03T17:40:44.777578","level":"info","event":"25/09/03 17:40:44 INFO BlockManagerMaster: BlockManagerMaster stopped","logger":"airflow.task.hooks.airflow.providers.standard.hooks.subprocess.SubprocessHook"}
{"timestamp":"2025-09-03T17:40:44.783847","level":"info","event":"25/09/03 17:40:44 INFO OutputCommitCoordinator$OutputCommitCoordinatorEndpoint: OutputCommitCoordinator stopped!","logger":"airflow.task.hooks.airflow.providers.standard.hooks.subprocess.SubprocessHook"}
{"timestamp":"2025-09-03T17:40:44.802001","level":"info","event":"25/09/03 17:40:44 INFO SparkContext: Successfully stopped SparkContext","logger":"airflow.task.hooks.airflow.providers.standard.hooks.subprocess.SubprocessHook"}
{"timestamp":"2025-09-03T17:40:44.804220","level":"info","event":"25/09/03 17:40:44 INFO ShutdownHookManager: Shutdown hook called","logger":"airflow.task.hooks.airflow.providers.standard.hooks.subprocess.SubprocessHook"}
{"timestamp":"2025-09-03T17:40:44.804482","level":"info","event":"25/09/03 17:40:44 INFO ShutdownHookManager: Deleting directory /tmp/spark-719295ae-32eb-4618-b673-21b2652df87e","logger":"airflow.task.hooks.airflow.providers.standard.hooks.subprocess.SubprocessHook"}
{"timestamp":"2025-09-03T17:40:44.832080","level":"info","event":"25/09/03 17:40:44 INFO ShutdownHookManager: Deleting directory /tmp/spark-276f89b4-68ea-4ab1-8dd7-e6e614fbbf36","logger":"airflow.task.hooks.airflow.providers.standard.hooks.subprocess.SubprocessHook"}
{"timestamp":"2025-09-03T17:40:44.852615","level":"info","event":"25/09/03 17:40:44 INFO ShutdownHookManager: Deleting directory /tmp/spark-276f89b4-68ea-4ab1-8dd7-e6e614fbbf36/pyspark-00dfa116-af38-417f-b11a-2fd60c80f4e1","logger":"airflow.task.hooks.airflow.providers.standard.hooks.subprocess.SubprocessHook"}
{"timestamp":"2025-09-03T17:40:44.878956","level":"info","event":"25/09/03 17:40:44 INFO MetricsSystemImpl: Stopping s3a-file-system metrics system...","logger":"airflow.task.hooks.airflow.providers.standard.hooks.subprocess.SubprocessHook"}
{"timestamp":"2025-09-03T17:40:44.879193","level":"info","event":"25/09/03 17:40:44 INFO MetricsSystemImpl: s3a-file-system metrics system stopped.","logger":"airflow.task.hooks.airflow.providers.standard.hooks.subprocess.SubprocessHook"}
{"timestamp":"2025-09-03T17:40:44.879311","level":"info","event":"25/09/03 17:40:44 INFO MetricsSystemImpl: s3a-file-system metrics system shutdown complete.","logger":"airflow.task.hooks.airflow.providers.standard.hooks.subprocess.SubprocessHook"}
{"timestamp":"2025-09-03T17:40:44.968330","level":"info","event":"Command exited with return code 0","logger":"airflow.task.hooks.airflow.providers.standard.hooks.subprocess.SubprocessHook"}
{"timestamp":"2025-09-03T17:40:44.969271","level":"info","event":"Pushing xcom","ti":"RuntimeTaskInstance(id=UUID('019910a9-fef5-752b-908d-5cf4bc2525e5'), task_id='spark_submit_job', dag_id='spark_submit_people', run_id='scheduled__2025-09-03T17:40:00+00:00', try_number=1, map_index=-1, hostname='31a98e31d62d', context_carrier=None, task=<Task(BashOperator): spark_submit_job>, bundle_instance=LocalDagBundle(name=dags-folder), max_tries=0, start_date=datetime.datetime(2025, 9, 3, 17, 40, 0, 650843, tzinfo=TzInfo(UTC)), end_date=None, state=<TaskInstanceState.RUNNING: 'running'>, is_mapped=False, rendered_map_index=None)","logger":"task"}
