{"timestamp":"2025-09-03T17:30:01.886152","level":"info","event":"DAG bundles loaded: dags-folder","logger":"airflow.dag_processing.bundles.manager.DagBundlesManager"}
{"timestamp":"2025-09-03T17:30:01.887198","level":"info","event":"Filling up the DagBag from /opt/airflow/dags/spark_submit_dag.py","logger":"airflow.models.dagbag.DagBag"}
{"timestamp":"2025-09-03T17:30:01.907662","level":"info","event":"Tmp dir root location: /tmp","logger":"airflow.task.hooks.airflow.providers.standard.hooks.subprocess.SubprocessHook"}
{"timestamp":"2025-09-03T17:30:01.908430","level":"info","event":"Running command: ['/usr/bin/bash', '-c', '\\n        spark-submit         --master spark://spark-master:7077         --conf spark.hadoop.fs.s3a.access.key=telcoaz         --conf spark.hadoop.fs.s3a.secret.key=Telco12345         --conf spark.hadoop.fs.s3a.endpoint=http://minio:9000         --conf spark.hadoop.fs.s3a.path.style.access=true \\t--conf spark.eventlog.enabled=false         /opt/airflow/dags/hello_spark.py\\n        ']","logger":"airflow.task.hooks.airflow.providers.standard.hooks.subprocess.SubprocessHook"}
{"timestamp":"2025-09-03T17:30:01.928248","level":"info","event":"Output:","logger":"airflow.task.hooks.airflow.providers.standard.hooks.subprocess.SubprocessHook"}
{"timestamp":"2025-09-03T17:30:06.806540","level":"info","event":"25/09/03 17:30:06 INFO SparkContext: Running Spark version 3.5.0","logger":"airflow.task.hooks.airflow.providers.standard.hooks.subprocess.SubprocessHook"}
{"timestamp":"2025-09-03T17:30:06.807701","level":"info","event":"25/09/03 17:30:06 INFO SparkContext: OS info Linux, 6.14.0-1012-aws, amd64","logger":"airflow.task.hooks.airflow.providers.standard.hooks.subprocess.SubprocessHook"}
{"timestamp":"2025-09-03T17:30:06.810662","level":"info","event":"25/09/03 17:30:06 INFO SparkContext: Java version 17.0.16","logger":"airflow.task.hooks.airflow.providers.standard.hooks.subprocess.SubprocessHook"}
{"timestamp":"2025-09-03T17:30:06.940028","level":"info","event":"25/09/03 17:30:06 WARN NativeCodeLoader: Unable to load native-hadoop library for your platform... using builtin-java classes where applicable","logger":"airflow.task.hooks.airflow.providers.standard.hooks.subprocess.SubprocessHook"}
{"timestamp":"2025-09-03T17:30:07.132644","level":"info","event":"25/09/03 17:30:07 INFO ResourceUtils: ==============================================================","logger":"airflow.task.hooks.airflow.providers.standard.hooks.subprocess.SubprocessHook"}
{"timestamp":"2025-09-03T17:30:07.134996","level":"info","event":"25/09/03 17:30:07 INFO ResourceUtils: No custom resources configured for spark.driver.","logger":"airflow.task.hooks.airflow.providers.standard.hooks.subprocess.SubprocessHook"}
{"timestamp":"2025-09-03T17:30:07.135937","level":"info","event":"25/09/03 17:30:07 INFO ResourceUtils: ==============================================================","logger":"airflow.task.hooks.airflow.providers.standard.hooks.subprocess.SubprocessHook"}
{"timestamp":"2025-09-03T17:30:07.137747","level":"info","event":"25/09/03 17:30:07 INFO SparkContext: Submitted application: ProcessingTask","logger":"airflow.task.hooks.airflow.providers.standard.hooks.subprocess.SubprocessHook"}
{"timestamp":"2025-09-03T17:30:07.144662","level":"info","event":"25/09/03 17:30:07 INFO SparkContext: Spark configuration:","logger":"airflow.task.hooks.airflow.providers.standard.hooks.subprocess.SubprocessHook"}
{"timestamp":"2025-09-03T17:30:07.144938","level":"info","event":"spark.app.name=ProcessingTask","logger":"airflow.task.hooks.airflow.providers.standard.hooks.subprocess.SubprocessHook"}
{"timestamp":"2025-09-03T17:30:07.145080","level":"info","event":"spark.app.startTime=1756920606787","logger":"airflow.task.hooks.airflow.providers.standard.hooks.subprocess.SubprocessHook"}
{"timestamp":"2025-09-03T17:30:07.145183","level":"info","event":"spark.app.submitTime=1756920605086","logger":"airflow.task.hooks.airflow.providers.standard.hooks.subprocess.SubprocessHook"}
{"timestamp":"2025-09-03T17:30:07.145284","level":"info","event":"spark.delta.logStore.class=org.apache.spark.sql.delta.storage.S3SingleDriverLogStore","logger":"airflow.task.hooks.airflow.providers.standard.hooks.subprocess.SubprocessHook"}
{"timestamp":"2025-09-03T17:30:07.145385","level":"info","event":"spark.driver.extraJavaOptions=-Djava.net.preferIPv6Addresses=false -XX:+IgnoreUnrecognizedVMOptions --add-opens=java.base/java.lang=ALL-UNNAMED --add-opens=java.base/java.lang.invoke=ALL-UNNAMED --add-opens=java.base/java.lang.reflect=ALL-UNNAMED --add-opens=java.base/java.io=ALL-UNNAMED --add-opens=java.base/java.net=ALL-UNNAMED --add-opens=java.base/java.nio=ALL-UNNAMED --add-opens=java.base/java.util=ALL-UNNAMED --add-opens=java.base/java.util.concurrent=ALL-UNNAMED --add-opens=java.base/java.util.concurrent.atomic=ALL-UNNAMED --add-opens=java.base/sun.nio.ch=ALL-UNNAMED --add-opens=java.base/sun.nio.cs=ALL-UNNAMED --add-opens=java.base/sun.security.action=ALL-UNNAMED --add-opens=java.base/sun.util.calendar=ALL-UNNAMED --add-opens=java.security.jgss/sun.security.krb5=ALL-UNNAMED -Djdk.reflect.useDirectMethodHandle=false","logger":"airflow.task.hooks.airflow.providers.standard.hooks.subprocess.SubprocessHook"}
{"timestamp":"2025-09-03T17:30:07.145500","level":"info","event":"spark.eventLog.dir=/opt/spark/history","logger":"airflow.task.hooks.airflow.providers.standard.hooks.subprocess.SubprocessHook"}
{"timestamp":"2025-09-03T17:30:07.145600","level":"info","event":"spark.eventLog.enabled=true","logger":"airflow.task.hooks.airflow.providers.standard.hooks.subprocess.SubprocessHook"}
{"timestamp":"2025-09-03T17:30:07.145687","level":"info","event":"spark.eventlog.enabled=false","logger":"airflow.task.hooks.airflow.providers.standard.hooks.subprocess.SubprocessHook"}
{"timestamp":"2025-09-03T17:30:07.145811","level":"info","event":"spark.executor.extraJavaOptions=-Djava.net.preferIPv6Addresses=false -XX:+IgnoreUnrecognizedVMOptions --add-opens=java.base/java.lang=ALL-UNNAMED --add-opens=java.base/java.lang.invoke=ALL-UNNAMED --add-opens=java.base/java.lang.reflect=ALL-UNNAMED --add-opens=java.base/java.io=ALL-UNNAMED --add-opens=java.base/java.net=ALL-UNNAMED --add-opens=java.base/java.nio=ALL-UNNAMED --add-opens=java.base/java.util=ALL-UNNAMED --add-opens=java.base/java.util.concurrent=ALL-UNNAMED --add-opens=java.base/java.util.concurrent.atomic=ALL-UNNAMED --add-opens=java.base/sun.nio.ch=ALL-UNNAMED --add-opens=java.base/sun.nio.cs=ALL-UNNAMED --add-opens=java.base/sun.security.action=ALL-UNNAMED --add-opens=java.base/sun.util.calendar=ALL-UNNAMED --add-opens=java.security.jgss/sun.security.krb5=ALL-UNNAMED -Djdk.reflect.useDirectMethodHandle=false","logger":"airflow.task.hooks.airflow.providers.standard.hooks.subprocess.SubprocessHook"}
{"timestamp":"2025-09-03T17:30:07.145920","level":"info","event":"spark.hadoop.fs.s3a.access.key=*********(redacted)","logger":"airflow.task.hooks.airflow.providers.standard.hooks.subprocess.SubprocessHook"}
{"timestamp":"2025-09-03T17:30:07.146018","level":"info","event":"spark.hadoop.fs.s3a.endpoint=http://minio:9000","logger":"airflow.task.hooks.airflow.providers.standard.hooks.subprocess.SubprocessHook"}
{"timestamp":"2025-09-03T17:30:07.146106","level":"info","event":"spark.hadoop.fs.s3a.fast.upload=true","logger":"airflow.task.hooks.airflow.providers.standard.hooks.subprocess.SubprocessHook"}
{"timestamp":"2025-09-03T17:30:07.146199","level":"info","event":"spark.hadoop.fs.s3a.impl=org.apache.hadoop.fs.s3a.S3AFileSystem","logger":"airflow.task.hooks.airflow.providers.standard.hooks.subprocess.SubprocessHook"}
{"timestamp":"2025-09-03T17:30:07.146298","level":"info","event":"spark.hadoop.fs.s3a.multiobjectdelete.enable=true","logger":"airflow.task.hooks.airflow.providers.standard.hooks.subprocess.SubprocessHook"}
{"timestamp":"2025-09-03T17:30:07.146392","level":"info","event":"spark.hadoop.fs.s3a.path.style.access=true","logger":"airflow.task.hooks.airflow.providers.standard.hooks.subprocess.SubprocessHook"}
{"timestamp":"2025-09-03T17:30:07.146481","level":"info","event":"spark.hadoop.fs.s3a.secret.key=*********(redacted)","logger":"airflow.task.hooks.airflow.providers.standard.hooks.subprocess.SubprocessHook"}
{"timestamp":"2025-09-03T17:30:07.146566","level":"info","event":"spark.history.fs.logDirectory=s3a://spark/","logger":"airflow.task.hooks.airflow.providers.standard.hooks.subprocess.SubprocessHook"}
{"timestamp":"2025-09-03T17:30:07.146658","level":"info","event":"spark.jars.packages=org.apache.spark:spark-sql-kafka-0-10_2.12:3.5.0,org.apache.spark:spark-avro_2.12:3.5.0","logger":"airflow.task.hooks.airflow.providers.standard.hooks.subprocess.SubprocessHook"}
{"timestamp":"2025-09-03T17:30:07.152347","level":"info","event":"spark.jars.repositories=https://packages.confluent.io/maven/","logger":"airflow.task.hooks.airflow.providers.standard.hooks.subprocess.SubprocessHook"}
{"timestamp":"2025-09-03T17:30:07.152592","level":"info","event":"spark.logConf=true","logger":"airflow.task.hooks.airflow.providers.standard.hooks.subprocess.SubprocessHook"}
{"timestamp":"2025-09-03T17:30:07.152704","level":"info","event":"spark.master=spark://spark-master:7077","logger":"airflow.task.hooks.airflow.providers.standard.hooks.subprocess.SubprocessHook"}
{"timestamp":"2025-09-03T17:30:07.152843","level":"info","event":"spark.network.timeout=10000s","logger":"airflow.task.hooks.airflow.providers.standard.hooks.subprocess.SubprocessHook"}
{"timestamp":"2025-09-03T17:30:07.152930","level":"info","event":"spark.rdd.compress=True","logger":"airflow.task.hooks.airflow.providers.standard.hooks.subprocess.SubprocessHook"}
{"timestamp":"2025-09-03T17:30:07.153018","level":"info","event":"spark.serializer.objectStreamReset=100","logger":"airflow.task.hooks.airflow.providers.standard.hooks.subprocess.SubprocessHook"}
{"timestamp":"2025-09-03T17:30:07.153107","level":"info","event":"spark.sql.catalog.spark_catalog=org.apache.spark.sql.delta.catalog.DeltaCatalog","logger":"airflow.task.hooks.airflow.providers.standard.hooks.subprocess.SubprocessHook"}
{"timestamp":"2025-09-03T17:30:07.153207","level":"info","event":"spark.sql.extensions=io.delta.sql.DeltaSparkSessionExtension","logger":"airflow.task.hooks.airflow.providers.standard.hooks.subprocess.SubprocessHook"}
{"timestamp":"2025-09-03T17:30:07.153285","level":"info","event":"spark.sql.files.ignoreMissingFiles=true","logger":"airflow.task.hooks.airflow.providers.standard.hooks.subprocess.SubprocessHook"}
{"timestamp":"2025-09-03T17:30:07.153370","level":"info","event":"spark.sql.sources.partitionOverwriteMode=dynamic","logger":"airflow.task.hooks.airflow.providers.standard.hooks.subprocess.SubprocessHook"}
{"timestamp":"2025-09-03T17:30:07.153457","level":"info","event":"spark.submit.deployMode=client","logger":"airflow.task.hooks.airflow.providers.standard.hooks.subprocess.SubprocessHook"}
{"timestamp":"2025-09-03T17:30:07.153534","level":"info","event":"spark.submit.pyFiles=","logger":"airflow.task.hooks.airflow.providers.standard.hooks.subprocess.SubprocessHook"}
{"timestamp":"2025-09-03T17:30:07.184284","level":"info","event":"25/09/03 17:30:07 INFO ResourceProfile: Default ResourceProfile created, executor resources: Map(memory -> name: memory, amount: 1024, script: , vendor: , offHeap -> name: offHeap, amount: 0, script: , vendor: ), task resources: Map(cpus -> name: cpus, amount: 1.0)","logger":"airflow.task.hooks.airflow.providers.standard.hooks.subprocess.SubprocessHook"}
{"timestamp":"2025-09-03T17:30:07.198964","level":"info","event":"25/09/03 17:30:07 INFO ResourceProfile: Limiting resource is cpu","logger":"airflow.task.hooks.airflow.providers.standard.hooks.subprocess.SubprocessHook"}
{"timestamp":"2025-09-03T17:30:07.199173","level":"info","event":"25/09/03 17:30:07 INFO ResourceProfileManager: Added ResourceProfile id: 0","logger":"airflow.task.hooks.airflow.providers.standard.hooks.subprocess.SubprocessHook"}
{"timestamp":"2025-09-03T17:30:07.322849","level":"info","event":"25/09/03 17:30:07 INFO SecurityManager: Changing view acls to: airflow","logger":"airflow.task.hooks.airflow.providers.standard.hooks.subprocess.SubprocessHook"}
{"timestamp":"2025-09-03T17:30:07.325161","level":"info","event":"25/09/03 17:30:07 INFO SecurityManager: Changing modify acls to: airflow","logger":"airflow.task.hooks.airflow.providers.standard.hooks.subprocess.SubprocessHook"}
{"timestamp":"2025-09-03T17:30:07.333019","level":"info","event":"25/09/03 17:30:07 INFO SecurityManager: Changing view acls groups to:","logger":"airflow.task.hooks.airflow.providers.standard.hooks.subprocess.SubprocessHook"}
{"timestamp":"2025-09-03T17:30:07.333248","level":"info","event":"25/09/03 17:30:07 INFO SecurityManager: Changing modify acls groups to:","logger":"airflow.task.hooks.airflow.providers.standard.hooks.subprocess.SubprocessHook"}
{"timestamp":"2025-09-03T17:30:07.333361","level":"info","event":"25/09/03 17:30:07 INFO SecurityManager: SecurityManager: authentication disabled; ui acls disabled; users with view permissions: airflow; groups with view permissions: EMPTY; users with modify permissions: airflow; groups with modify permissions: EMPTY","logger":"airflow.task.hooks.airflow.providers.standard.hooks.subprocess.SubprocessHook"}
{"timestamp":"2025-09-03T17:30:07.789823","level":"info","event":"25/09/03 17:30:07 INFO Utils: Successfully started service 'sparkDriver' on port 43039.","logger":"airflow.task.hooks.airflow.providers.standard.hooks.subprocess.SubprocessHook"}
{"timestamp":"2025-09-03T17:30:07.839978","level":"info","event":"25/09/03 17:30:07 INFO SparkEnv: Registering MapOutputTracker","logger":"airflow.task.hooks.airflow.providers.standard.hooks.subprocess.SubprocessHook"}
{"timestamp":"2025-09-03T17:30:07.929905","level":"info","event":"25/09/03 17:30:07 INFO SparkEnv: Registering BlockManagerMaster","logger":"airflow.task.hooks.airflow.providers.standard.hooks.subprocess.SubprocessHook"}
{"timestamp":"2025-09-03T17:30:07.994185","level":"info","event":"25/09/03 17:30:07 INFO BlockManagerMasterEndpoint: Using org.apache.spark.storage.DefaultTopologyMapper for getting topology information","logger":"airflow.task.hooks.airflow.providers.standard.hooks.subprocess.SubprocessHook"}
{"timestamp":"2025-09-03T17:30:07.995249","level":"info","event":"25/09/03 17:30:07 INFO BlockManagerMasterEndpoint: BlockManagerMasterEndpoint up","logger":"airflow.task.hooks.airflow.providers.standard.hooks.subprocess.SubprocessHook"}
{"timestamp":"2025-09-03T17:30:08.002089","level":"info","event":"25/09/03 17:30:08 INFO SparkEnv: Registering BlockManagerMasterHeartbeat","logger":"airflow.task.hooks.airflow.providers.standard.hooks.subprocess.SubprocessHook"}
{"timestamp":"2025-09-03T17:30:08.042169","level":"info","event":"25/09/03 17:30:08 INFO DiskBlockManager: Created local directory at /tmp/blockmgr-11bd624b-d1be-46bc-9e59-3df8ba462813","logger":"airflow.task.hooks.airflow.providers.standard.hooks.subprocess.SubprocessHook"}
{"timestamp":"2025-09-03T17:30:08.065756","level":"info","event":"25/09/03 17:30:08 INFO MemoryStore: MemoryStore started with capacity 434.4 MiB","logger":"airflow.task.hooks.airflow.providers.standard.hooks.subprocess.SubprocessHook"}
{"timestamp":"2025-09-03T17:30:08.090835","level":"info","event":"25/09/03 17:30:08 INFO SparkEnv: Registering OutputCommitCoordinator","logger":"airflow.task.hooks.airflow.providers.standard.hooks.subprocess.SubprocessHook"}
{"timestamp":"2025-09-03T17:30:08.350265","level":"info","event":"25/09/03 17:30:08 INFO JettyUtils: Start Jetty 0.0.0.0:4040 for SparkUI","logger":"airflow.task.hooks.airflow.providers.standard.hooks.subprocess.SubprocessHook"}
{"timestamp":"2025-09-03T17:30:08.479986","level":"info","event":"25/09/03 17:30:08 INFO Utils: Successfully started service 'SparkUI' on port 4040.","logger":"airflow.task.hooks.airflow.providers.standard.hooks.subprocess.SubprocessHook"}
{"timestamp":"2025-09-03T17:30:08.752263","level":"info","event":"25/09/03 17:30:08 INFO StandaloneAppClient$ClientEndpoint: Connecting to master spark://spark-master:7077...","logger":"airflow.task.hooks.airflow.providers.standard.hooks.subprocess.SubprocessHook"}
{"timestamp":"2025-09-03T17:30:08.849506","level":"info","event":"25/09/03 17:30:08 INFO TransportClientFactory: Successfully created connection to spark-master/172.22.0.3:7077 after 49 ms (0 ms spent in bootstraps)","logger":"airflow.task.hooks.airflow.providers.standard.hooks.subprocess.SubprocessHook"}
{"timestamp":"2025-09-03T17:30:09.024272","level":"info","event":"25/09/03 17:30:09 INFO StandaloneSchedulerBackend: Connected to Spark cluster with app ID app-20250903173008-0034","logger":"airflow.task.hooks.airflow.providers.standard.hooks.subprocess.SubprocessHook"}
{"timestamp":"2025-09-03T17:30:09.035989","level":"info","event":"25/09/03 17:30:09 INFO StandaloneAppClient$ClientEndpoint: Executor added: app-20250903173008-0034/0 on worker-20250903081951-172.22.0.5-43269 (172.22.0.5:43269) with 2 core(s)","logger":"airflow.task.hooks.airflow.providers.standard.hooks.subprocess.SubprocessHook"}
{"timestamp":"2025-09-03T17:30:09.057991","level":"info","event":"25/09/03 17:30:09 INFO StandaloneSchedulerBackend: Granted executor ID app-20250903173008-0034/0 on hostPort 172.22.0.5:43269 with 2 core(s), 1024.0 MiB RAM","logger":"airflow.task.hooks.airflow.providers.standard.hooks.subprocess.SubprocessHook"}
{"timestamp":"2025-09-03T17:30:09.105314","level":"info","event":"25/09/03 17:30:09 INFO Utils: Successfully started service 'org.apache.spark.network.netty.NettyBlockTransferService' on port 33921.","logger":"airflow.task.hooks.airflow.providers.standard.hooks.subprocess.SubprocessHook"}
{"timestamp":"2025-09-03T17:30:09.105552","level":"info","event":"25/09/03 17:30:09 INFO NettyBlockTransferService: Server created on 31a98e31d62d:33921","logger":"airflow.task.hooks.airflow.providers.standard.hooks.subprocess.SubprocessHook"}
{"timestamp":"2025-09-03T17:30:09.112815","level":"info","event":"25/09/03 17:30:09 INFO BlockManager: Using org.apache.spark.storage.RandomBlockReplicationPolicy for block replication policy","logger":"airflow.task.hooks.airflow.providers.standard.hooks.subprocess.SubprocessHook"}
{"timestamp":"2025-09-03T17:30:09.123940","level":"info","event":"25/09/03 17:30:09 INFO StandaloneAppClient$ClientEndpoint: Executor updated: app-20250903173008-0034/0 is now RUNNING","logger":"airflow.task.hooks.airflow.providers.standard.hooks.subprocess.SubprocessHook"}
{"timestamp":"2025-09-03T17:30:09.134608","level":"info","event":"25/09/03 17:30:09 INFO BlockManagerMaster: Registering BlockManager BlockManagerId(driver, 31a98e31d62d, 33921, None)","logger":"airflow.task.hooks.airflow.providers.standard.hooks.subprocess.SubprocessHook"}
{"timestamp":"2025-09-03T17:30:09.147440","level":"info","event":"25/09/03 17:30:09 INFO BlockManagerMasterEndpoint: Registering block manager 31a98e31d62d:33921 with 434.4 MiB RAM, BlockManagerId(driver, 31a98e31d62d, 33921, None)","logger":"airflow.task.hooks.airflow.providers.standard.hooks.subprocess.SubprocessHook"}
{"timestamp":"2025-09-03T17:30:09.149582","level":"info","event":"25/09/03 17:30:09 INFO BlockManagerMaster: Registered BlockManager BlockManagerId(driver, 31a98e31d62d, 33921, None)","logger":"airflow.task.hooks.airflow.providers.standard.hooks.subprocess.SubprocessHook"}
{"timestamp":"2025-09-03T17:30:09.155466","level":"info","event":"25/09/03 17:30:09 INFO BlockManager: Initialized BlockManager: BlockManagerId(driver, 31a98e31d62d, 33921, None)","logger":"airflow.task.hooks.airflow.providers.standard.hooks.subprocess.SubprocessHook"}
{"timestamp":"2025-09-03T17:30:10.253008","level":"info","event":"25/09/03 17:30:10 INFO SingleEventLogFileWriter: Logging events to file:/opt/spark/history/app-20250903173008-0034.inprogress","logger":"airflow.task.hooks.airflow.providers.standard.hooks.subprocess.SubprocessHook"}
{"timestamp":"2025-09-03T17:30:10.940529","level":"info","event":"25/09/03 17:30:10 INFO StandaloneSchedulerBackend: SchedulerBackend is ready for scheduling beginning after reached minRegisteredResourcesRatio: 0.0","logger":"airflow.task.hooks.airflow.providers.standard.hooks.subprocess.SubprocessHook"}
{"timestamp":"2025-09-03T17:30:11.512219","level":"info","event":"25/09/03 17:30:11 INFO SharedState: Setting hive.metastore.warehouse.dir ('null') to the value of spark.sql.warehouse.dir.","logger":"airflow.task.hooks.airflow.providers.standard.hooks.subprocess.SubprocessHook"}
{"timestamp":"2025-09-03T17:30:11.537456","level":"info","event":"25/09/03 17:30:11 INFO SharedState: Warehouse path is 'file:/tmp/airflowtmpcsu8_td1/spark-warehouse'.","logger":"airflow.task.hooks.airflow.providers.standard.hooks.subprocess.SubprocessHook"}
{"timestamp":"2025-09-03T17:30:14.717353","level":"info","event":"25/09/03 17:30:14 WARN MetricsConfig: Cannot locate configuration: tried hadoop-metrics2-s3a-file-system.properties,hadoop-metrics2.properties","logger":"airflow.task.hooks.airflow.providers.standard.hooks.subprocess.SubprocessHook"}
{"timestamp":"2025-09-03T17:30:14.755022","level":"info","event":"25/09/03 17:30:14 INFO MetricsSystemImpl: Scheduled Metric snapshot period at 10 second(s).","logger":"airflow.task.hooks.airflow.providers.standard.hooks.subprocess.SubprocessHook"}
{"timestamp":"2025-09-03T17:30:14.755703","level":"info","event":"25/09/03 17:30:14 INFO MetricsSystemImpl: s3a-file-system metrics system started","logger":"airflow.task.hooks.airflow.providers.standard.hooks.subprocess.SubprocessHook"}
{"timestamp":"2025-09-03T17:30:19.015468","level":"info","event":"25/09/03 17:30:19 INFO StandaloneSchedulerBackend$StandaloneDriverEndpoint: Registered executor NettyRpcEndpointRef(spark-client://Executor) (172.22.0.5:40574) with ID 0,  ResourceProfileId 0","logger":"airflow.task.hooks.airflow.providers.standard.hooks.subprocess.SubprocessHook"}
{"timestamp":"2025-09-03T17:30:19.257322","level":"info","event":"25/09/03 17:30:19 INFO BlockManagerMasterEndpoint: Registering block manager 172.22.0.5:41779 with 434.4 MiB RAM, BlockManagerId(0, 172.22.0.5, 41779, None)","logger":"airflow.task.hooks.airflow.providers.standard.hooks.subprocess.SubprocessHook"}
{"timestamp":"2025-09-03T17:30:19.466231","level":"info","event":"25/09/03 17:30:19 INFO InMemoryFileIndex: It took 218 ms to list leaf files for 1 paths.","logger":"airflow.task.hooks.airflow.providers.standard.hooks.subprocess.SubprocessHook"}
{"timestamp":"2025-09-03T17:30:20.112964","level":"info","event":"25/09/03 17:30:20 INFO SparkContext: Starting job: parquet at NativeMethodAccessorImpl.java:0","logger":"airflow.task.hooks.airflow.providers.standard.hooks.subprocess.SubprocessHook"}
{"timestamp":"2025-09-03T17:30:20.140951","level":"info","event":"25/09/03 17:30:20 INFO DAGScheduler: Got job 0 (parquet at NativeMethodAccessorImpl.java:0) with 1 output partitions","logger":"airflow.task.hooks.airflow.providers.standard.hooks.subprocess.SubprocessHook"}
{"timestamp":"2025-09-03T17:30:20.143008","level":"info","event":"25/09/03 17:30:20 INFO DAGScheduler: Final stage: ResultStage 0 (parquet at NativeMethodAccessorImpl.java:0)","logger":"airflow.task.hooks.airflow.providers.standard.hooks.subprocess.SubprocessHook"}
{"timestamp":"2025-09-03T17:30:20.145953","level":"info","event":"25/09/03 17:30:20 INFO DAGScheduler: Parents of final stage: List()","logger":"airflow.task.hooks.airflow.providers.standard.hooks.subprocess.SubprocessHook"}
{"timestamp":"2025-09-03T17:30:20.147578","level":"info","event":"25/09/03 17:30:20 INFO DAGScheduler: Missing parents: List()","logger":"airflow.task.hooks.airflow.providers.standard.hooks.subprocess.SubprocessHook"}
{"timestamp":"2025-09-03T17:30:20.153569","level":"info","event":"25/09/03 17:30:20 INFO DAGScheduler: Submitting ResultStage 0 (MapPartitionsRDD[1] at parquet at NativeMethodAccessorImpl.java:0), which has no missing parents","logger":"airflow.task.hooks.airflow.providers.standard.hooks.subprocess.SubprocessHook"}
{"timestamp":"2025-09-03T17:30:20.239645","level":"info","event":"25/09/03 17:30:20 INFO MemoryStore: Block broadcast_0 stored as values in memory (estimated size 105.5 KiB, free 434.3 MiB)","logger":"airflow.task.hooks.airflow.providers.standard.hooks.subprocess.SubprocessHook"}
{"timestamp":"2025-09-03T17:30:20.306497","level":"info","event":"25/09/03 17:30:20 INFO MemoryStore: Block broadcast_0_piece0 stored as bytes in memory (estimated size 38.3 KiB, free 434.3 MiB)","logger":"airflow.task.hooks.airflow.providers.standard.hooks.subprocess.SubprocessHook"}
{"timestamp":"2025-09-03T17:30:20.312608","level":"info","event":"25/09/03 17:30:20 INFO BlockManagerInfo: Added broadcast_0_piece0 in memory on 31a98e31d62d:33921 (size: 38.3 KiB, free: 434.4 MiB)","logger":"airflow.task.hooks.airflow.providers.standard.hooks.subprocess.SubprocessHook"}
{"timestamp":"2025-09-03T17:30:20.322818","level":"info","event":"25/09/03 17:30:20 INFO SparkContext: Created broadcast 0 from broadcast at DAGScheduler.scala:1580","logger":"airflow.task.hooks.airflow.providers.standard.hooks.subprocess.SubprocessHook"}
{"timestamp":"2025-09-03T17:30:20.355990","level":"info","event":"25/09/03 17:30:20 INFO DAGScheduler: Submitting 1 missing tasks from ResultStage 0 (MapPartitionsRDD[1] at parquet at NativeMethodAccessorImpl.java:0) (first 15 tasks are for partitions Vector(0))","logger":"airflow.task.hooks.airflow.providers.standard.hooks.subprocess.SubprocessHook"}
{"timestamp":"2025-09-03T17:30:20.357895","level":"info","event":"25/09/03 17:30:20 INFO TaskSchedulerImpl: Adding task set 0.0 with 1 tasks resource profile 0","logger":"airflow.task.hooks.airflow.providers.standard.hooks.subprocess.SubprocessHook"}
{"timestamp":"2025-09-03T17:30:20.415541","level":"info","event":"25/09/03 17:30:20 INFO TaskSetManager: Starting task 0.0 in stage 0.0 (TID 0) (172.22.0.5, executor 0, partition 0, PROCESS_LOCAL, 7757 bytes)","logger":"airflow.task.hooks.airflow.providers.standard.hooks.subprocess.SubprocessHook"}
{"timestamp":"2025-09-03T17:30:21.142181","level":"info","event":"25/09/03 17:30:21 INFO BlockManagerInfo: Added broadcast_0_piece0 in memory on 172.22.0.5:41779 (size: 38.3 KiB, free: 434.4 MiB)","logger":"airflow.task.hooks.airflow.providers.standard.hooks.subprocess.SubprocessHook"}
{"timestamp":"2025-09-03T17:30:27.511966","level":"info","event":"25/09/03 17:30:27 INFO TaskSetManager: Finished task 0.0 in stage 0.0 (TID 0) in 7110 ms on 172.22.0.5 (executor 0) (1/1)","logger":"airflow.task.hooks.airflow.providers.standard.hooks.subprocess.SubprocessHook"}
{"timestamp":"2025-09-03T17:30:27.528957","level":"info","event":"25/09/03 17:30:27 INFO TaskSchedulerImpl: Removed TaskSet 0.0, whose tasks have all completed, from pool","logger":"airflow.task.hooks.airflow.providers.standard.hooks.subprocess.SubprocessHook"}
{"timestamp":"2025-09-03T17:30:27.583094","level":"info","event":"25/09/03 17:30:27 INFO DAGScheduler: ResultStage 0 (parquet at NativeMethodAccessorImpl.java:0) finished in 7.389 s","logger":"airflow.task.hooks.airflow.providers.standard.hooks.subprocess.SubprocessHook"}
{"timestamp":"2025-09-03T17:30:27.630957","level":"info","event":"25/09/03 17:30:27 INFO DAGScheduler: Job 0 is finished. Cancelling potential speculative or zombie tasks for this job","logger":"airflow.task.hooks.airflow.providers.standard.hooks.subprocess.SubprocessHook"}
{"timestamp":"2025-09-03T17:30:27.644931","level":"info","event":"25/09/03 17:30:27 INFO TaskSchedulerImpl: Killing all running tasks in stage 0: Stage finished","logger":"airflow.task.hooks.airflow.providers.standard.hooks.subprocess.SubprocessHook"}
{"timestamp":"2025-09-03T17:30:27.664231","level":"info","event":"25/09/03 17:30:27 INFO DAGScheduler: Job 0 finished: parquet at NativeMethodAccessorImpl.java:0, took 7.546867 s","logger":"airflow.task.hooks.airflow.providers.standard.hooks.subprocess.SubprocessHook"}
{"timestamp":"2025-09-03T17:30:29.411947","level":"info","event":"25/09/03 17:30:29 INFO BlockManagerInfo: Removed broadcast_0_piece0 on 172.22.0.5:41779 in memory (size: 38.3 KiB, free: 434.4 MiB)","logger":"airflow.task.hooks.airflow.providers.standard.hooks.subprocess.SubprocessHook"}
{"timestamp":"2025-09-03T17:30:29.421976","level":"info","event":"25/09/03 17:30:29 INFO BlockManagerInfo: Removed broadcast_0_piece0 on 31a98e31d62d:33921 in memory (size: 38.3 KiB, free: 434.4 MiB)","logger":"airflow.task.hooks.airflow.providers.standard.hooks.subprocess.SubprocessHook"}
{"timestamp":"2025-09-03T17:30:31.840953","level":"info","event":"25/09/03 17:30:31 INFO FileSourceStrategy: Pushed Filters:","logger":"airflow.task.hooks.airflow.providers.standard.hooks.subprocess.SubprocessHook"}
{"timestamp":"2025-09-03T17:30:31.844409","level":"info","event":"25/09/03 17:30:31 INFO FileSourceStrategy: Post-Scan Filters: ((cast((unix_timestamp(tpep_dropoff_datetime#2, yyyy-MM-dd HH:mm:ss, Some(Etc/UTC), false) - unix_timestamp(tpep_pickup_datetime#1, yyyy-MM-dd HH:mm:ss, Some(Etc/UTC), false)) as double) / 3600.0) > 1.0)","logger":"airflow.task.hooks.airflow.providers.standard.hooks.subprocess.SubprocessHook"}
{"timestamp":"2025-09-03T17:30:31.933658","level":"info","event":"25/09/03 17:30:31 INFO FileSourceStrategy: Pushed Filters: IsNotNull(PULocationID)","logger":"airflow.task.hooks.airflow.providers.standard.hooks.subprocess.SubprocessHook"}
{"timestamp":"2025-09-03T17:30:31.933961","level":"info","event":"25/09/03 17:30:31 INFO FileSourceStrategy: Post-Scan Filters: ((cast((unix_timestamp(tpep_dropoff_datetime#72, yyyy-MM-dd HH:mm:ss, Some(Etc/UTC), false) - unix_timestamp(tpep_pickup_datetime#71, yyyy-MM-dd HH:mm:ss, Some(Etc/UTC), false)) as double) / 3600.0) > 1.0),isnotnull(PULocationID#77)","logger":"airflow.task.hooks.airflow.providers.standard.hooks.subprocess.SubprocessHook"}
{"timestamp":"2025-09-03T17:30:33.369943","level":"info","event":"25/09/03 17:30:33 INFO CodeGenerator: Code generated in 617.125573 ms","logger":"airflow.task.hooks.airflow.providers.standard.hooks.subprocess.SubprocessHook"}
{"timestamp":"2025-09-03T17:30:33.430441","level":"info","event":"25/09/03 17:30:33 INFO MemoryStore: Block broadcast_1 stored as values in memory (estimated size 210.8 KiB, free 434.2 MiB)","logger":"airflow.task.hooks.airflow.providers.standard.hooks.subprocess.SubprocessHook"}
{"timestamp":"2025-09-03T17:30:33.447449","level":"info","event":"25/09/03 17:30:33 INFO MemoryStore: Block broadcast_1_piece0 stored as bytes in memory (estimated size 36.2 KiB, free 434.2 MiB)","logger":"airflow.task.hooks.airflow.providers.standard.hooks.subprocess.SubprocessHook"}
{"timestamp":"2025-09-03T17:30:33.448940","level":"info","event":"25/09/03 17:30:33 INFO BlockManagerInfo: Added broadcast_1_piece0 in memory on 31a98e31d62d:33921 (size: 36.2 KiB, free: 434.4 MiB)","logger":"airflow.task.hooks.airflow.providers.standard.hooks.subprocess.SubprocessHook"}
{"timestamp":"2025-09-03T17:30:33.451625","level":"info","event":"25/09/03 17:30:33 INFO SparkContext: Created broadcast 1 from parquet at NativeMethodAccessorImpl.java:0","logger":"airflow.task.hooks.airflow.providers.standard.hooks.subprocess.SubprocessHook"}
{"timestamp":"2025-09-03T17:30:33.471164","level":"info","event":"25/09/03 17:30:33 INFO FileSourceScanExec: Planning scan with bin packing, max size: 27077972 bytes, open cost is considered as scanning 4194304 bytes.","logger":"airflow.task.hooks.airflow.providers.standard.hooks.subprocess.SubprocessHook"}
{"timestamp":"2025-09-03T17:30:33.675075","level":"info","event":"25/09/03 17:30:33 INFO DAGScheduler: Registering RDD 5 (parquet at NativeMethodAccessorImpl.java:0) as input to shuffle 0","logger":"airflow.task.hooks.airflow.providers.standard.hooks.subprocess.SubprocessHook"}
{"timestamp":"2025-09-03T17:30:33.690880","level":"info","event":"25/09/03 17:30:33 INFO DAGScheduler: Got map stage job 1 (parquet at NativeMethodAccessorImpl.java:0) with 2 output partitions","logger":"airflow.task.hooks.airflow.providers.standard.hooks.subprocess.SubprocessHook"}
{"timestamp":"2025-09-03T17:30:33.692268","level":"info","event":"25/09/03 17:30:33 INFO DAGScheduler: Final stage: ShuffleMapStage 1 (parquet at NativeMethodAccessorImpl.java:0)","logger":"airflow.task.hooks.airflow.providers.standard.hooks.subprocess.SubprocessHook"}
{"timestamp":"2025-09-03T17:30:33.693948","level":"info","event":"25/09/03 17:30:33 INFO DAGScheduler: Parents of final stage: List()","logger":"airflow.task.hooks.airflow.providers.standard.hooks.subprocess.SubprocessHook"}
{"timestamp":"2025-09-03T17:30:33.695231","level":"info","event":"25/09/03 17:30:33 INFO DAGScheduler: Missing parents: List()","logger":"airflow.task.hooks.airflow.providers.standard.hooks.subprocess.SubprocessHook"}
{"timestamp":"2025-09-03T17:30:33.700977","level":"info","event":"25/09/03 17:30:33 INFO DAGScheduler: Submitting ShuffleMapStage 1 (MapPartitionsRDD[5] at parquet at NativeMethodAccessorImpl.java:0), which has no missing parents","logger":"airflow.task.hooks.airflow.providers.standard.hooks.subprocess.SubprocessHook"}
{"timestamp":"2025-09-03T17:30:33.746569","level":"info","event":"25/09/03 17:30:33 INFO MemoryStore: Block broadcast_2 stored as values in memory (estimated size 44.5 KiB, free 434.1 MiB)","logger":"airflow.task.hooks.airflow.providers.standard.hooks.subprocess.SubprocessHook"}
{"timestamp":"2025-09-03T17:30:33.751264","level":"info","event":"25/09/03 17:30:33 INFO MemoryStore: Block broadcast_2_piece0 stored as bytes in memory (estimated size 19.7 KiB, free 434.1 MiB)","logger":"airflow.task.hooks.airflow.providers.standard.hooks.subprocess.SubprocessHook"}
{"timestamp":"2025-09-03T17:30:33.752778","level":"info","event":"25/09/03 17:30:33 INFO BlockManagerInfo: Added broadcast_2_piece0 in memory on 31a98e31d62d:33921 (size: 19.7 KiB, free: 434.3 MiB)","logger":"airflow.task.hooks.airflow.providers.standard.hooks.subprocess.SubprocessHook"}
{"timestamp":"2025-09-03T17:30:33.753904","level":"info","event":"25/09/03 17:30:33 INFO SparkContext: Created broadcast 2 from broadcast at DAGScheduler.scala:1580","logger":"airflow.task.hooks.airflow.providers.standard.hooks.subprocess.SubprocessHook"}
{"timestamp":"2025-09-03T17:30:33.756985","level":"info","event":"25/09/03 17:30:33 INFO DAGScheduler: Submitting 2 missing tasks from ShuffleMapStage 1 (MapPartitionsRDD[5] at parquet at NativeMethodAccessorImpl.java:0) (first 15 tasks are for partitions Vector(0, 1))","logger":"airflow.task.hooks.airflow.providers.standard.hooks.subprocess.SubprocessHook"}
{"timestamp":"2025-09-03T17:30:33.757216","level":"info","event":"25/09/03 17:30:33 INFO TaskSchedulerImpl: Adding task set 1.0 with 2 tasks resource profile 0","logger":"airflow.task.hooks.airflow.providers.standard.hooks.subprocess.SubprocessHook"}
{"timestamp":"2025-09-03T17:30:33.767147","level":"info","event":"25/09/03 17:30:33 INFO TaskSetManager: Starting task 0.0 in stage 1.0 (TID 1) (172.22.0.5, executor 0, partition 0, PROCESS_LOCAL, 8214 bytes)","logger":"airflow.task.hooks.airflow.providers.standard.hooks.subprocess.SubprocessHook"}
{"timestamp":"2025-09-03T17:30:33.770011","level":"info","event":"25/09/03 17:30:33 INFO TaskSetManager: Starting task 1.0 in stage 1.0 (TID 2) (172.22.0.5, executor 0, partition 1, PROCESS_LOCAL, 8214 bytes)","logger":"airflow.task.hooks.airflow.providers.standard.hooks.subprocess.SubprocessHook"}
{"timestamp":"2025-09-03T17:30:33.947620","level":"info","event":"25/09/03 17:30:33 INFO BlockManagerInfo: Added broadcast_2_piece0 in memory on 172.22.0.5:41779 (size: 19.7 KiB, free: 434.4 MiB)","logger":"airflow.task.hooks.airflow.providers.standard.hooks.subprocess.SubprocessHook"}
{"timestamp":"2025-09-03T17:30:37.120856","level":"info","event":"25/09/03 17:30:37 INFO BlockManagerInfo: Added broadcast_1_piece0 in memory on 172.22.0.5:41779 (size: 36.2 KiB, free: 434.3 MiB)","logger":"airflow.task.hooks.airflow.providers.standard.hooks.subprocess.SubprocessHook"}
{"timestamp":"2025-09-03T17:30:42.916519","level":"info","event":"25/09/03 17:30:42 INFO TaskSetManager: Finished task 1.0 in stage 1.0 (TID 2) in 9148 ms on 172.22.0.5 (executor 0) (1/2)","logger":"airflow.task.hooks.airflow.providers.standard.hooks.subprocess.SubprocessHook"}
{"timestamp":"2025-09-03T17:30:43.508901","level":"info","event":"25/09/03 17:30:43 INFO TaskSetManager: Finished task 0.0 in stage 1.0 (TID 1) in 9750 ms on 172.22.0.5 (executor 0) (2/2)","logger":"airflow.task.hooks.airflow.providers.standard.hooks.subprocess.SubprocessHook"}
{"timestamp":"2025-09-03T17:30:43.511413","level":"info","event":"25/09/03 17:30:43 INFO TaskSchedulerImpl: Removed TaskSet 1.0, whose tasks have all completed, from pool","logger":"airflow.task.hooks.airflow.providers.standard.hooks.subprocess.SubprocessHook"}
{"timestamp":"2025-09-03T17:30:43.520023","level":"info","event":"25/09/03 17:30:43 INFO DAGScheduler: ShuffleMapStage 1 (parquet at NativeMethodAccessorImpl.java:0) finished in 9.805 s","logger":"airflow.task.hooks.airflow.providers.standard.hooks.subprocess.SubprocessHook"}
{"timestamp":"2025-09-03T17:30:43.524074","level":"info","event":"25/09/03 17:30:43 INFO DAGScheduler: looking for newly runnable stages","logger":"airflow.task.hooks.airflow.providers.standard.hooks.subprocess.SubprocessHook"}
{"timestamp":"2025-09-03T17:30:43.524290","level":"info","event":"25/09/03 17:30:43 INFO DAGScheduler: running: Set()","logger":"airflow.task.hooks.airflow.providers.standard.hooks.subprocess.SubprocessHook"}
{"timestamp":"2025-09-03T17:30:43.524394","level":"info","event":"25/09/03 17:30:43 INFO DAGScheduler: waiting: Set()","logger":"airflow.task.hooks.airflow.providers.standard.hooks.subprocess.SubprocessHook"}
{"timestamp":"2025-09-03T17:30:43.530086","level":"info","event":"25/09/03 17:30:43 INFO DAGScheduler: failed: Set()","logger":"airflow.task.hooks.airflow.providers.standard.hooks.subprocess.SubprocessHook"}
{"timestamp":"2025-09-03T17:30:43.604953","level":"info","event":"25/09/03 17:30:43 INFO FileSourceStrategy: Pushed Filters:","logger":"airflow.task.hooks.airflow.providers.standard.hooks.subprocess.SubprocessHook"}
{"timestamp":"2025-09-03T17:30:43.605507","level":"info","event":"25/09/03 17:30:43 INFO FileSourceStrategy: Post-Scan Filters: ((cast((unix_timestamp(tpep_dropoff_datetime#2, yyyy-MM-dd HH:mm:ss, Some(Etc/UTC), false) - unix_timestamp(tpep_pickup_datetime#1, yyyy-MM-dd HH:mm:ss, Some(Etc/UTC), false)) as double) / 3600.0) > 1.0)","logger":"airflow.task.hooks.airflow.providers.standard.hooks.subprocess.SubprocessHook"}
{"timestamp":"2025-09-03T17:30:43.623369","level":"info","event":"25/09/03 17:30:43 INFO ShufflePartitionsUtil: For shuffle(0), advisory target size: 67108864, actual target size 1048576, minimum partition size: 1048576","logger":"airflow.task.hooks.airflow.providers.standard.hooks.subprocess.SubprocessHook"}
{"timestamp":"2025-09-03T17:30:43.690979","level":"info","event":"25/09/03 17:30:43 INFO HashAggregateExec: spark.sql.codegen.aggregate.map.twolevel.enabled is set to true, but current version of codegened fast hashmap does not support this aggregate.","logger":"airflow.task.hooks.airflow.providers.standard.hooks.subprocess.SubprocessHook"}
{"timestamp":"2025-09-03T17:30:43.756872","level":"info","event":"25/09/03 17:30:43 INFO CodeGenerator: Code generated in 50.094574 ms","logger":"airflow.task.hooks.airflow.providers.standard.hooks.subprocess.SubprocessHook"}
{"timestamp":"2025-09-03T17:30:43.835488","level":"info","event":"25/09/03 17:30:43 INFO SparkContext: Starting job: $anonfun$withThreadLocalCaptured$1 at FutureTask.java:264","logger":"airflow.task.hooks.airflow.providers.standard.hooks.subprocess.SubprocessHook"}
{"timestamp":"2025-09-03T17:30:43.840071","level":"info","event":"25/09/03 17:30:43 INFO DAGScheduler: Got job 2 ($anonfun$withThreadLocalCaptured$1 at FutureTask.java:264) with 1 output partitions","logger":"airflow.task.hooks.airflow.providers.standard.hooks.subprocess.SubprocessHook"}
{"timestamp":"2025-09-03T17:30:43.842957","level":"info","event":"25/09/03 17:30:43 INFO DAGScheduler: Final stage: ResultStage 3 ($anonfun$withThreadLocalCaptured$1 at FutureTask.java:264)","logger":"airflow.task.hooks.airflow.providers.standard.hooks.subprocess.SubprocessHook"}
{"timestamp":"2025-09-03T17:30:43.843181","level":"info","event":"25/09/03 17:30:43 INFO DAGScheduler: Parents of final stage: List(ShuffleMapStage 2)","logger":"airflow.task.hooks.airflow.providers.standard.hooks.subprocess.SubprocessHook"}
{"timestamp":"2025-09-03T17:30:43.843812","level":"info","event":"25/09/03 17:30:43 INFO DAGScheduler: Missing parents: List()","logger":"airflow.task.hooks.airflow.providers.standard.hooks.subprocess.SubprocessHook"}
{"timestamp":"2025-09-03T17:30:43.851966","level":"info","event":"25/09/03 17:30:43 INFO DAGScheduler: Submitting ResultStage 3 (MapPartitionsRDD[8] at $anonfun$withThreadLocalCaptured$1 at FutureTask.java:264), which has no missing parents","logger":"airflow.task.hooks.airflow.providers.standard.hooks.subprocess.SubprocessHook"}
{"timestamp":"2025-09-03T17:30:43.902183","level":"info","event":"25/09/03 17:30:43 INFO MemoryStore: Block broadcast_3 stored as values in memory (estimated size 42.6 KiB, free 434.1 MiB)","logger":"airflow.task.hooks.airflow.providers.standard.hooks.subprocess.SubprocessHook"}
{"timestamp":"2025-09-03T17:30:43.930868","level":"info","event":"25/09/03 17:30:43 INFO MemoryStore: Block broadcast_3_piece0 stored as bytes in memory (estimated size 19.8 KiB, free 434.0 MiB)","logger":"airflow.task.hooks.airflow.providers.standard.hooks.subprocess.SubprocessHook"}
{"timestamp":"2025-09-03T17:30:43.946948","level":"info","event":"25/09/03 17:30:43 INFO BlockManagerInfo: Added broadcast_3_piece0 in memory on 31a98e31d62d:33921 (size: 19.8 KiB, free: 434.3 MiB)","logger":"airflow.task.hooks.airflow.providers.standard.hooks.subprocess.SubprocessHook"}
{"timestamp":"2025-09-03T17:30:43.947212","level":"info","event":"25/09/03 17:30:43 INFO BlockManagerInfo: Removed broadcast_2_piece0 on 31a98e31d62d:33921 in memory (size: 19.7 KiB, free: 434.3 MiB)","logger":"airflow.task.hooks.airflow.providers.standard.hooks.subprocess.SubprocessHook"}
{"timestamp":"2025-09-03T17:30:43.948037","level":"info","event":"25/09/03 17:30:43 INFO SparkContext: Created broadcast 3 from broadcast at DAGScheduler.scala:1580","logger":"airflow.task.hooks.airflow.providers.standard.hooks.subprocess.SubprocessHook"}
{"timestamp":"2025-09-03T17:30:43.953990","level":"info","event":"25/09/03 17:30:43 INFO BlockManagerInfo: Removed broadcast_2_piece0 on 172.22.0.5:41779 in memory (size: 19.7 KiB, free: 434.4 MiB)","logger":"airflow.task.hooks.airflow.providers.standard.hooks.subprocess.SubprocessHook"}
{"timestamp":"2025-09-03T17:30:43.954221","level":"info","event":"25/09/03 17:30:43 INFO DAGScheduler: Submitting 1 missing tasks from ResultStage 3 (MapPartitionsRDD[8] at $anonfun$withThreadLocalCaptured$1 at FutureTask.java:264) (first 15 tasks are for partitions Vector(0))","logger":"airflow.task.hooks.airflow.providers.standard.hooks.subprocess.SubprocessHook"}
{"timestamp":"2025-09-03T17:30:43.954327","level":"info","event":"25/09/03 17:30:43 INFO TaskSchedulerImpl: Adding task set 3.0 with 1 tasks resource profile 0","logger":"airflow.task.hooks.airflow.providers.standard.hooks.subprocess.SubprocessHook"}
{"timestamp":"2025-09-03T17:30:43.971630","level":"info","event":"25/09/03 17:30:43 INFO TaskSetManager: Starting task 0.0 in stage 3.0 (TID 3) (172.22.0.5, executor 0, partition 0, NODE_LOCAL, 7619 bytes)","logger":"airflow.task.hooks.airflow.providers.standard.hooks.subprocess.SubprocessHook"}
{"timestamp":"2025-09-03T17:30:44.024429","level":"info","event":"25/09/03 17:30:44 INFO BlockManagerInfo: Added broadcast_3_piece0 in memory on 172.22.0.5:41779 (size: 19.8 KiB, free: 434.3 MiB)","logger":"airflow.task.hooks.airflow.providers.standard.hooks.subprocess.SubprocessHook"}
{"timestamp":"2025-09-03T17:30:44.165365","level":"info","event":"25/09/03 17:30:44 INFO MapOutputTrackerMasterEndpoint: Asked to send map output locations for shuffle 0 to 172.22.0.5:40574","logger":"airflow.task.hooks.airflow.providers.standard.hooks.subprocess.SubprocessHook"}
{"timestamp":"2025-09-03T17:30:44.662761","level":"info","event":"25/09/03 17:30:44 INFO TaskSetManager: Finished task 0.0 in stage 3.0 (TID 3) in 680 ms on 172.22.0.5 (executor 0) (1/1)","logger":"airflow.task.hooks.airflow.providers.standard.hooks.subprocess.SubprocessHook"}
{"timestamp":"2025-09-03T17:30:44.670991","level":"info","event":"25/09/03 17:30:44 INFO DAGScheduler: ResultStage 3 ($anonfun$withThreadLocalCaptured$1 at FutureTask.java:264) finished in 0.762 s","logger":"airflow.task.hooks.airflow.providers.standard.hooks.subprocess.SubprocessHook"}
{"timestamp":"2025-09-03T17:30:44.671206","level":"info","event":"25/09/03 17:30:44 INFO TaskSchedulerImpl: Removed TaskSet 3.0, whose tasks have all completed, from pool","logger":"airflow.task.hooks.airflow.providers.standard.hooks.subprocess.SubprocessHook"}
{"timestamp":"2025-09-03T17:30:44.671309","level":"info","event":"25/09/03 17:30:44 INFO DAGScheduler: Job 2 is finished. Cancelling potential speculative or zombie tasks for this job","logger":"airflow.task.hooks.airflow.providers.standard.hooks.subprocess.SubprocessHook"}
{"timestamp":"2025-09-03T17:30:44.671400","level":"info","event":"25/09/03 17:30:44 INFO TaskSchedulerImpl: Killing all running tasks in stage 3: Stage finished","logger":"airflow.task.hooks.airflow.providers.standard.hooks.subprocess.SubprocessHook"}
{"timestamp":"2025-09-03T17:30:44.671504","level":"info","event":"25/09/03 17:30:44 INFO DAGScheduler: Job 2 finished: $anonfun$withThreadLocalCaptured$1 at FutureTask.java:264, took 0.829580 s","logger":"airflow.task.hooks.airflow.providers.standard.hooks.subprocess.SubprocessHook"}
{"timestamp":"2025-09-03T17:30:44.811788","level":"info","event":"25/09/03 17:30:44 INFO CodeGenerator: Code generated in 15.392038 ms","logger":"airflow.task.hooks.airflow.providers.standard.hooks.subprocess.SubprocessHook"}
{"timestamp":"2025-09-03T17:30:44.845856","level":"info","event":"25/09/03 17:30:44 INFO MemoryStore: Block broadcast_4_piece0 stored as bytes in memory (estimated size 3.5 KiB, free 434.2 MiB)","logger":"airflow.task.hooks.airflow.providers.standard.hooks.subprocess.SubprocessHook"}
{"timestamp":"2025-09-03T17:30:44.853038","level":"info","event":"25/09/03 17:30:44 INFO BlockManagerInfo: Removed broadcast_3_piece0 on 31a98e31d62d:33921 in memory (size: 19.8 KiB, free: 434.4 MiB)","logger":"airflow.task.hooks.airflow.providers.standard.hooks.subprocess.SubprocessHook"}
{"timestamp":"2025-09-03T17:30:44.853180","level":"info","event":"25/09/03 17:30:44 INFO BlockManagerInfo: Removed broadcast_3_piece0 on 172.22.0.5:41779 in memory (size: 19.8 KiB, free: 434.4 MiB)","logger":"airflow.task.hooks.airflow.providers.standard.hooks.subprocess.SubprocessHook"}
{"timestamp":"2025-09-03T17:30:44.855519","level":"info","event":"25/09/03 17:30:44 INFO BlockManagerInfo: Added broadcast_4_piece0 in memory on 31a98e31d62d:33921 (size: 3.5 KiB, free: 434.4 MiB)","logger":"airflow.task.hooks.airflow.providers.standard.hooks.subprocess.SubprocessHook"}
{"timestamp":"2025-09-03T17:30:44.864915","level":"info","event":"25/09/03 17:30:44 INFO SparkContext: Created broadcast 4 from $anonfun$withThreadLocalCaptured$1 at FutureTask.java:264","logger":"airflow.task.hooks.airflow.providers.standard.hooks.subprocess.SubprocessHook"}
{"timestamp":"2025-09-03T17:30:44.876973","level":"info","event":"25/09/03 17:30:44 INFO FileSourceStrategy: Pushed Filters:","logger":"airflow.task.hooks.airflow.providers.standard.hooks.subprocess.SubprocessHook"}
{"timestamp":"2025-09-03T17:30:44.877860","level":"info","event":"25/09/03 17:30:44 INFO FileSourceStrategy: Post-Scan Filters: ((cast((unix_timestamp(tpep_dropoff_datetime#2, yyyy-MM-dd HH:mm:ss, Some(Etc/UTC), false) - unix_timestamp(tpep_pickup_datetime#1, yyyy-MM-dd HH:mm:ss, Some(Etc/UTC), false)) as double) / 3600.0) > 1.0)","logger":"airflow.task.hooks.airflow.providers.standard.hooks.subprocess.SubprocessHook"}
{"timestamp":"2025-09-03T17:30:44.972985","level":"info","event":"25/09/03 17:30:44 INFO ParquetUtils: Using default output committer for Parquet: org.apache.parquet.hadoop.ParquetOutputCommitter","logger":"airflow.task.hooks.airflow.providers.standard.hooks.subprocess.SubprocessHook"}
{"timestamp":"2025-09-03T17:30:44.991836","level":"info","event":"25/09/03 17:30:44 INFO FileOutputCommitter: File Output Committer Algorithm version is 1","logger":"airflow.task.hooks.airflow.providers.standard.hooks.subprocess.SubprocessHook"}
{"timestamp":"2025-09-03T17:30:44.992135","level":"info","event":"25/09/03 17:30:44 INFO FileOutputCommitter: FileOutputCommitter skip cleanup _temporary folders under output directory:false, ignore cleanup failures: false","logger":"airflow.task.hooks.airflow.providers.standard.hooks.subprocess.SubprocessHook"}
{"timestamp":"2025-09-03T17:30:44.994399","level":"info","event":"25/09/03 17:30:44 INFO SQLHadoopMapReduceCommitProtocol: Using user defined output committer class org.apache.parquet.hadoop.ParquetOutputCommitter","logger":"airflow.task.hooks.airflow.providers.standard.hooks.subprocess.SubprocessHook"}
{"timestamp":"2025-09-03T17:30:44.994617","level":"info","event":"25/09/03 17:30:44 INFO FileOutputCommitter: File Output Committer Algorithm version is 1","logger":"airflow.task.hooks.airflow.providers.standard.hooks.subprocess.SubprocessHook"}
{"timestamp":"2025-09-03T17:30:44.997815","level":"info","event":"25/09/03 17:30:44 INFO FileOutputCommitter: FileOutputCommitter skip cleanup _temporary folders under output directory:false, ignore cleanup failures: false","logger":"airflow.task.hooks.airflow.providers.standard.hooks.subprocess.SubprocessHook"}
{"timestamp":"2025-09-03T17:30:44.998028","level":"info","event":"25/09/03 17:30:44 INFO SQLHadoopMapReduceCommitProtocol: Using output committer class org.apache.parquet.hadoop.ParquetOutputCommitter","logger":"airflow.task.hooks.airflow.providers.standard.hooks.subprocess.SubprocessHook"}
{"timestamp":"2025-09-03T17:30:45.363756","level":"info","event":"25/09/03 17:30:45 INFO CodeGenerator: Code generated in 95.252495 ms","logger":"airflow.task.hooks.airflow.providers.standard.hooks.subprocess.SubprocessHook"}
{"timestamp":"2025-09-03T17:30:45.385985","level":"info","event":"25/09/03 17:30:45 INFO MemoryStore: Block broadcast_5 stored as values in memory (estimated size 210.9 KiB, free 433.9 MiB)","logger":"airflow.task.hooks.airflow.providers.standard.hooks.subprocess.SubprocessHook"}
{"timestamp":"2025-09-03T17:30:45.420156","level":"info","event":"25/09/03 17:30:45 INFO MemoryStore: Block broadcast_5_piece0 stored as bytes in memory (estimated size 36.3 KiB, free 433.9 MiB)","logger":"airflow.task.hooks.airflow.providers.standard.hooks.subprocess.SubprocessHook"}
{"timestamp":"2025-09-03T17:30:45.424972","level":"info","event":"25/09/03 17:30:45 INFO BlockManagerInfo: Added broadcast_5_piece0 in memory on 31a98e31d62d:33921 (size: 36.3 KiB, free: 434.3 MiB)","logger":"airflow.task.hooks.airflow.providers.standard.hooks.subprocess.SubprocessHook"}
{"timestamp":"2025-09-03T17:30:45.431813","level":"info","event":"25/09/03 17:30:45 INFO SparkContext: Created broadcast 5 from parquet at NativeMethodAccessorImpl.java:0","logger":"airflow.task.hooks.airflow.providers.standard.hooks.subprocess.SubprocessHook"}
{"timestamp":"2025-09-03T17:30:45.432059","level":"info","event":"25/09/03 17:30:45 INFO FileSourceScanExec: Planning scan with bin packing, max size: 27077972 bytes, open cost is considered as scanning 4194304 bytes.","logger":"airflow.task.hooks.airflow.providers.standard.hooks.subprocess.SubprocessHook"}
{"timestamp":"2025-09-03T17:30:45.453705","level":"info","event":"25/09/03 17:30:45 INFO SparkContext: Starting job: parquet at NativeMethodAccessorImpl.java:0","logger":"airflow.task.hooks.airflow.providers.standard.hooks.subprocess.SubprocessHook"}
{"timestamp":"2025-09-03T17:30:45.457959","level":"info","event":"25/09/03 17:30:45 INFO DAGScheduler: Got job 3 (parquet at NativeMethodAccessorImpl.java:0) with 2 output partitions","logger":"airflow.task.hooks.airflow.providers.standard.hooks.subprocess.SubprocessHook"}
{"timestamp":"2025-09-03T17:30:45.458176","level":"info","event":"25/09/03 17:30:45 INFO DAGScheduler: Final stage: ResultStage 4 (parquet at NativeMethodAccessorImpl.java:0)","logger":"airflow.task.hooks.airflow.providers.standard.hooks.subprocess.SubprocessHook"}
{"timestamp":"2025-09-03T17:30:45.458283","level":"info","event":"25/09/03 17:30:45 INFO DAGScheduler: Parents of final stage: List()","logger":"airflow.task.hooks.airflow.providers.standard.hooks.subprocess.SubprocessHook"}
{"timestamp":"2025-09-03T17:30:45.460644","level":"info","event":"25/09/03 17:30:45 INFO DAGScheduler: Missing parents: List()","logger":"airflow.task.hooks.airflow.providers.standard.hooks.subprocess.SubprocessHook"}
{"timestamp":"2025-09-03T17:30:45.467125","level":"info","event":"25/09/03 17:30:45 INFO DAGScheduler: Submitting ResultStage 4 (MapPartitionsRDD[12] at parquet at NativeMethodAccessorImpl.java:0), which has no missing parents","logger":"airflow.task.hooks.airflow.providers.standard.hooks.subprocess.SubprocessHook"}
{"timestamp":"2025-09-03T17:30:45.554971","level":"info","event":"25/09/03 17:30:45 INFO MemoryStore: Block broadcast_6 stored as values in memory (estimated size 226.4 KiB, free 433.7 MiB)","logger":"airflow.task.hooks.airflow.providers.standard.hooks.subprocess.SubprocessHook"}
{"timestamp":"2025-09-03T17:30:45.565965","level":"info","event":"25/09/03 17:30:45 INFO MemoryStore: Block broadcast_6_piece0 stored as bytes in memory (estimated size 81.5 KiB, free 433.6 MiB)","logger":"airflow.task.hooks.airflow.providers.standard.hooks.subprocess.SubprocessHook"}
{"timestamp":"2025-09-03T17:30:45.568079","level":"info","event":"25/09/03 17:30:45 INFO BlockManagerInfo: Added broadcast_6_piece0 in memory on 31a98e31d62d:33921 (size: 81.5 KiB, free: 434.2 MiB)","logger":"airflow.task.hooks.airflow.providers.standard.hooks.subprocess.SubprocessHook"}
{"timestamp":"2025-09-03T17:30:45.572346","level":"info","event":"25/09/03 17:30:45 INFO SparkContext: Created broadcast 6 from broadcast at DAGScheduler.scala:1580","logger":"airflow.task.hooks.airflow.providers.standard.hooks.subprocess.SubprocessHook"}
{"timestamp":"2025-09-03T17:30:45.577490","level":"info","event":"25/09/03 17:30:45 INFO DAGScheduler: Submitting 2 missing tasks from ResultStage 4 (MapPartitionsRDD[12] at parquet at NativeMethodAccessorImpl.java:0) (first 15 tasks are for partitions Vector(0, 1))","logger":"airflow.task.hooks.airflow.providers.standard.hooks.subprocess.SubprocessHook"}
{"timestamp":"2025-09-03T17:30:45.577702","level":"info","event":"25/09/03 17:30:45 INFO TaskSchedulerImpl: Adding task set 4.0 with 2 tasks resource profile 0","logger":"airflow.task.hooks.airflow.providers.standard.hooks.subprocess.SubprocessHook"}
{"timestamp":"2025-09-03T17:30:45.582661","level":"info","event":"25/09/03 17:30:45 INFO TaskSetManager: Starting task 0.0 in stage 4.0 (TID 4) (172.22.0.5, executor 0, partition 0, PROCESS_LOCAL, 8225 bytes)","logger":"airflow.task.hooks.airflow.providers.standard.hooks.subprocess.SubprocessHook"}
{"timestamp":"2025-09-03T17:30:45.582892","level":"info","event":"25/09/03 17:30:45 INFO TaskSetManager: Starting task 1.0 in stage 4.0 (TID 5) (172.22.0.5, executor 0, partition 1, PROCESS_LOCAL, 8225 bytes)","logger":"airflow.task.hooks.airflow.providers.standard.hooks.subprocess.SubprocessHook"}
{"timestamp":"2025-09-03T17:30:45.653605","level":"info","event":"25/09/03 17:30:45 INFO BlockManagerInfo: Added broadcast_6_piece0 in memory on 172.22.0.5:41779 (size: 81.5 KiB, free: 434.3 MiB)","logger":"airflow.task.hooks.airflow.providers.standard.hooks.subprocess.SubprocessHook"}
{"timestamp":"2025-09-03T17:30:46.079835","level":"info","event":"25/09/03 17:30:46 INFO BlockManagerInfo: Added broadcast_4_piece0 in memory on 172.22.0.5:41779 (size: 3.5 KiB, free: 434.3 MiB)","logger":"airflow.task.hooks.airflow.providers.standard.hooks.subprocess.SubprocessHook"}
{"timestamp":"2025-09-03T17:30:46.258481","level":"info","event":"25/09/03 17:30:46 INFO BlockManagerInfo: Added broadcast_5_piece0 in memory on 172.22.0.5:41779 (size: 36.3 KiB, free: 434.2 MiB)","logger":"airflow.task.hooks.airflow.providers.standard.hooks.subprocess.SubprocessHook"}
{"timestamp":"2025-09-03T17:30:50.690989","level":"info","event":"25/09/03 17:30:50 INFO TaskSetManager: Finished task 0.0 in stage 4.0 (TID 4) in 5112 ms on 172.22.0.5 (executor 0) (1/2)","logger":"airflow.task.hooks.airflow.providers.standard.hooks.subprocess.SubprocessHook"}
{"timestamp":"2025-09-03T17:30:50.716905","level":"info","event":"25/09/03 17:30:50 INFO TaskSetManager: Finished task 1.0 in stage 4.0 (TID 5) in 5137 ms on 172.22.0.5 (executor 0) (2/2)","logger":"airflow.task.hooks.airflow.providers.standard.hooks.subprocess.SubprocessHook"}
{"timestamp":"2025-09-03T17:30:50.719581","level":"info","event":"25/09/03 17:30:50 INFO TaskSchedulerImpl: Removed TaskSet 4.0, whose tasks have all completed, from pool","logger":"airflow.task.hooks.airflow.providers.standard.hooks.subprocess.SubprocessHook"}
{"timestamp":"2025-09-03T17:30:50.723467","level":"info","event":"25/09/03 17:30:50 INFO DAGScheduler: ResultStage 4 (parquet at NativeMethodAccessorImpl.java:0) finished in 5.253 s","logger":"airflow.task.hooks.airflow.providers.standard.hooks.subprocess.SubprocessHook"}
{"timestamp":"2025-09-03T17:30:50.727611","level":"info","event":"25/09/03 17:30:50 INFO DAGScheduler: Job 3 is finished. Cancelling potential speculative or zombie tasks for this job","logger":"airflow.task.hooks.airflow.providers.standard.hooks.subprocess.SubprocessHook"}
{"timestamp":"2025-09-03T17:30:50.728922","level":"info","event":"25/09/03 17:30:50 INFO TaskSchedulerImpl: Killing all running tasks in stage 4: Stage finished","logger":"airflow.task.hooks.airflow.providers.standard.hooks.subprocess.SubprocessHook"}
{"timestamp":"2025-09-03T17:30:50.729728","level":"info","event":"25/09/03 17:30:50 INFO DAGScheduler: Job 3 finished: parquet at NativeMethodAccessorImpl.java:0, took 5.275443 s","logger":"airflow.task.hooks.airflow.providers.standard.hooks.subprocess.SubprocessHook"}
{"timestamp":"2025-09-03T17:30:50.738780","level":"info","event":"25/09/03 17:30:50 INFO FileFormatWriter: Start to commit write Job b1c22ac3-25a4-4a25-ac14-50f912a57004.","logger":"airflow.task.hooks.airflow.providers.standard.hooks.subprocess.SubprocessHook"}
{"timestamp":"2025-09-03T17:30:51.445665","level":"info","event":"25/09/03 17:30:51 INFO FileFormatWriter: Write Job b1c22ac3-25a4-4a25-ac14-50f912a57004 committed. Elapsed time: 706 ms.","logger":"airflow.task.hooks.airflow.providers.standard.hooks.subprocess.SubprocessHook"}
{"timestamp":"2025-09-03T17:30:51.453339","level":"info","event":"25/09/03 17:30:51 INFO FileFormatWriter: Finished processing stats for write job b1c22ac3-25a4-4a25-ac14-50f912a57004.","logger":"airflow.task.hooks.airflow.providers.standard.hooks.subprocess.SubprocessHook"}
{"timestamp":"2025-09-03T17:30:51.583416","level":"info","event":"25/09/03 17:30:51 INFO SparkContext: Invoking stop() from shutdown hook","logger":"airflow.task.hooks.airflow.providers.standard.hooks.subprocess.SubprocessHook"}
{"timestamp":"2025-09-03T17:30:51.583687","level":"info","event":"25/09/03 17:30:51 INFO SparkContext: SparkContext is stopping with exitCode 0.","logger":"airflow.task.hooks.airflow.providers.standard.hooks.subprocess.SubprocessHook"}
{"timestamp":"2025-09-03T17:30:51.598949","level":"info","event":"25/09/03 17:30:51 INFO SparkUI: Stopped Spark web UI at http://31a98e31d62d:4040","logger":"airflow.task.hooks.airflow.providers.standard.hooks.subprocess.SubprocessHook"}
{"timestamp":"2025-09-03T17:30:51.605997","level":"info","event":"25/09/03 17:30:51 INFO StandaloneSchedulerBackend: Shutting down all executors","logger":"airflow.task.hooks.airflow.providers.standard.hooks.subprocess.SubprocessHook"}
{"timestamp":"2025-09-03T17:30:51.606203","level":"info","event":"25/09/03 17:30:51 INFO StandaloneSchedulerBackend$StandaloneDriverEndpoint: Asking each executor to shut down","logger":"airflow.task.hooks.airflow.providers.standard.hooks.subprocess.SubprocessHook"}
{"timestamp":"2025-09-03T17:30:51.656932","level":"info","event":"25/09/03 17:30:51 INFO MapOutputTrackerMasterEndpoint: MapOutputTrackerMasterEndpoint stopped!","logger":"airflow.task.hooks.airflow.providers.standard.hooks.subprocess.SubprocessHook"}
{"timestamp":"2025-09-03T17:30:51.694307","level":"info","event":"25/09/03 17:30:51 INFO MemoryStore: MemoryStore cleared","logger":"airflow.task.hooks.airflow.providers.standard.hooks.subprocess.SubprocessHook"}
{"timestamp":"2025-09-03T17:30:51.697602","level":"info","event":"25/09/03 17:30:51 INFO BlockManager: BlockManager stopped","logger":"airflow.task.hooks.airflow.providers.standard.hooks.subprocess.SubprocessHook"}
{"timestamp":"2025-09-03T17:30:51.712986","level":"info","event":"25/09/03 17:30:51 INFO BlockManagerMaster: BlockManagerMaster stopped","logger":"airflow.task.hooks.airflow.providers.standard.hooks.subprocess.SubprocessHook"}
{"timestamp":"2025-09-03T17:30:51.717966","level":"info","event":"25/09/03 17:30:51 INFO OutputCommitCoordinator$OutputCommitCoordinatorEndpoint: OutputCommitCoordinator stopped!","logger":"airflow.task.hooks.airflow.providers.standard.hooks.subprocess.SubprocessHook"}
{"timestamp":"2025-09-03T17:30:51.743809","level":"info","event":"25/09/03 17:30:51 INFO SparkContext: Successfully stopped SparkContext","logger":"airflow.task.hooks.airflow.providers.standard.hooks.subprocess.SubprocessHook"}
{"timestamp":"2025-09-03T17:30:51.744152","level":"info","event":"25/09/03 17:30:51 INFO ShutdownHookManager: Shutdown hook called","logger":"airflow.task.hooks.airflow.providers.standard.hooks.subprocess.SubprocessHook"}
{"timestamp":"2025-09-03T17:30:51.746471","level":"info","event":"25/09/03 17:30:51 INFO ShutdownHookManager: Deleting directory /tmp/spark-2a7f2edd-94c8-4982-bdfd-29903517cba0/pyspark-c310f6c6-2065-4e65-bba7-e68680546228","logger":"airflow.task.hooks.airflow.providers.standard.hooks.subprocess.SubprocessHook"}
{"timestamp":"2025-09-03T17:30:51.754848","level":"info","event":"25/09/03 17:30:51 INFO ShutdownHookManager: Deleting directory /tmp/spark-2a7f2edd-94c8-4982-bdfd-29903517cba0","logger":"airflow.task.hooks.airflow.providers.standard.hooks.subprocess.SubprocessHook"}
{"timestamp":"2025-09-03T17:30:51.764616","level":"info","event":"25/09/03 17:30:51 INFO ShutdownHookManager: Deleting directory /tmp/spark-2579723a-7369-4733-9c58-671fc48bae34","logger":"airflow.task.hooks.airflow.providers.standard.hooks.subprocess.SubprocessHook"}
{"timestamp":"2025-09-03T17:30:51.780947","level":"info","event":"25/09/03 17:30:51 INFO MetricsSystemImpl: Stopping s3a-file-system metrics system...","logger":"airflow.task.hooks.airflow.providers.standard.hooks.subprocess.SubprocessHook"}
{"timestamp":"2025-09-03T17:30:51.785006","level":"info","event":"25/09/03 17:30:51 INFO MetricsSystemImpl: s3a-file-system metrics system stopped.","logger":"airflow.task.hooks.airflow.providers.standard.hooks.subprocess.SubprocessHook"}
{"timestamp":"2025-09-03T17:30:51.785205","level":"info","event":"25/09/03 17:30:51 INFO MetricsSystemImpl: s3a-file-system metrics system shutdown complete.","logger":"airflow.task.hooks.airflow.providers.standard.hooks.subprocess.SubprocessHook"}
{"timestamp":"2025-09-03T17:30:51.872982","level":"info","event":"Command exited with return code 0","logger":"airflow.task.hooks.airflow.providers.standard.hooks.subprocess.SubprocessHook"}
{"timestamp":"2025-09-03T17:30:51.874047","level":"info","event":"Pushing xcom","ti":"RuntimeTaskInstance(id=UUID('019910a0-d8f9-734c-b21b-dea5c669aca0'), task_id='spark_submit_job', dag_id='spark_submit_people', run_id='scheduled__2025-09-03T17:30:00+00:00', try_number=1, map_index=-1, hostname='31a98e31d62d', context_carrier=None, task=<Task(BashOperator): spark_submit_job>, bundle_instance=LocalDagBundle(name=dags-folder), max_tries=0, start_date=datetime.datetime(2025, 9, 3, 17, 30, 1, 821589, tzinfo=TzInfo(UTC)), end_date=None, state=<TaskInstanceState.RUNNING: 'running'>, is_mapped=False, rendered_map_index=None)","logger":"task"}
