{"timestamp":"2025-09-03T17:09:33.222347","level":"info","event":"DAG bundles loaded: dags-folder","logger":"airflow.dag_processing.bundles.manager.DagBundlesManager"}
{"timestamp":"2025-09-03T17:09:33.223347","level":"info","event":"Filling up the DagBag from /opt/airflow/dags/spark_submit_dag.py","logger":"airflow.models.dagbag.DagBag"}
{"timestamp":"2025-09-03T17:09:33.243742","level":"info","event":"Tmp dir root location: /tmp","logger":"airflow.task.hooks.airflow.providers.standard.hooks.subprocess.SubprocessHook"}
{"timestamp":"2025-09-03T17:09:33.244609","level":"info","event":"Running command: ['/usr/bin/bash', '-c', '\\n        spark-submit         --master spark://spark-master:7077         --conf spark.hadoop.fs.s3a.access.key=telcoaz         --conf spark.hadoop.fs.s3a.secret.key=Telco12345         --conf spark.hadoop.fs.s3a.endpoint=http://minio:9000         --conf spark.hadoop.fs.s3a.path.style.access=true \\t--conf spark.eventlog.enabled=false         /opt/airflow/dags/hello_spark.py\\n        ']","logger":"airflow.task.hooks.airflow.providers.standard.hooks.subprocess.SubprocessHook"}
{"timestamp":"2025-09-03T17:09:33.262748","level":"info","event":"Output:","logger":"airflow.task.hooks.airflow.providers.standard.hooks.subprocess.SubprocessHook"}
{"timestamp":"2025-09-03T17:09:38.162299","level":"info","event":"25/09/03 17:09:38 INFO SparkContext: Running Spark version 3.5.0","logger":"airflow.task.hooks.airflow.providers.standard.hooks.subprocess.SubprocessHook"}
{"timestamp":"2025-09-03T17:09:38.164875","level":"info","event":"25/09/03 17:09:38 INFO SparkContext: OS info Linux, 6.14.0-1012-aws, amd64","logger":"airflow.task.hooks.airflow.providers.standard.hooks.subprocess.SubprocessHook"}
{"timestamp":"2025-09-03T17:09:38.165189","level":"info","event":"25/09/03 17:09:38 INFO SparkContext: Java version 17.0.16","logger":"airflow.task.hooks.airflow.providers.standard.hooks.subprocess.SubprocessHook"}
{"timestamp":"2025-09-03T17:09:38.287969","level":"info","event":"25/09/03 17:09:38 WARN NativeCodeLoader: Unable to load native-hadoop library for your platform... using builtin-java classes where applicable","logger":"airflow.task.hooks.airflow.providers.standard.hooks.subprocess.SubprocessHook"}
{"timestamp":"2025-09-03T17:09:38.517607","level":"info","event":"25/09/03 17:09:38 INFO ResourceUtils: ==============================================================","logger":"airflow.task.hooks.airflow.providers.standard.hooks.subprocess.SubprocessHook"}
{"timestamp":"2025-09-03T17:09:38.517890","level":"info","event":"25/09/03 17:09:38 INFO ResourceUtils: No custom resources configured for spark.driver.","logger":"airflow.task.hooks.airflow.providers.standard.hooks.subprocess.SubprocessHook"}
{"timestamp":"2025-09-03T17:09:38.518012","level":"info","event":"25/09/03 17:09:38 INFO ResourceUtils: ==============================================================","logger":"airflow.task.hooks.airflow.providers.standard.hooks.subprocess.SubprocessHook"}
{"timestamp":"2025-09-03T17:09:38.518111","level":"info","event":"25/09/03 17:09:38 INFO SparkContext: Submitted application: ProcessingTask","logger":"airflow.task.hooks.airflow.providers.standard.hooks.subprocess.SubprocessHook"}
{"timestamp":"2025-09-03T17:09:38.525543","level":"info","event":"25/09/03 17:09:38 INFO SparkContext: Spark configuration:","logger":"airflow.task.hooks.airflow.providers.standard.hooks.subprocess.SubprocessHook"}
{"timestamp":"2025-09-03T17:09:38.525803","level":"info","event":"spark.app.name=ProcessingTask","logger":"airflow.task.hooks.airflow.providers.standard.hooks.subprocess.SubprocessHook"}
{"timestamp":"2025-09-03T17:09:38.525926","level":"info","event":"spark.app.startTime=1756919378132","logger":"airflow.task.hooks.airflow.providers.standard.hooks.subprocess.SubprocessHook"}
{"timestamp":"2025-09-03T17:09:38.526029","level":"info","event":"spark.app.submitTime=1756919376692","logger":"airflow.task.hooks.airflow.providers.standard.hooks.subprocess.SubprocessHook"}
{"timestamp":"2025-09-03T17:09:38.526122","level":"info","event":"spark.delta.logStore.class=org.apache.spark.sql.delta.storage.S3SingleDriverLogStore","logger":"airflow.task.hooks.airflow.providers.standard.hooks.subprocess.SubprocessHook"}
{"timestamp":"2025-09-03T17:09:38.526225","level":"info","event":"spark.driver.extraJavaOptions=-Djava.net.preferIPv6Addresses=false -XX:+IgnoreUnrecognizedVMOptions --add-opens=java.base/java.lang=ALL-UNNAMED --add-opens=java.base/java.lang.invoke=ALL-UNNAMED --add-opens=java.base/java.lang.reflect=ALL-UNNAMED --add-opens=java.base/java.io=ALL-UNNAMED --add-opens=java.base/java.net=ALL-UNNAMED --add-opens=java.base/java.nio=ALL-UNNAMED --add-opens=java.base/java.util=ALL-UNNAMED --add-opens=java.base/java.util.concurrent=ALL-UNNAMED --add-opens=java.base/java.util.concurrent.atomic=ALL-UNNAMED --add-opens=java.base/sun.nio.ch=ALL-UNNAMED --add-opens=java.base/sun.nio.cs=ALL-UNNAMED --add-opens=java.base/sun.security.action=ALL-UNNAMED --add-opens=java.base/sun.util.calendar=ALL-UNNAMED --add-opens=java.security.jgss/sun.security.krb5=ALL-UNNAMED -Djdk.reflect.useDirectMethodHandle=false","logger":"airflow.task.hooks.airflow.providers.standard.hooks.subprocess.SubprocessHook"}
{"timestamp":"2025-09-03T17:09:38.526331","level":"info","event":"spark.eventLog.dir=/opt/spark/history","logger":"airflow.task.hooks.airflow.providers.standard.hooks.subprocess.SubprocessHook"}
{"timestamp":"2025-09-03T17:09:38.526420","level":"info","event":"spark.eventLog.enabled=true","logger":"airflow.task.hooks.airflow.providers.standard.hooks.subprocess.SubprocessHook"}
{"timestamp":"2025-09-03T17:09:38.526521","level":"info","event":"spark.eventlog.enabled=false","logger":"airflow.task.hooks.airflow.providers.standard.hooks.subprocess.SubprocessHook"}
{"timestamp":"2025-09-03T17:09:38.526622","level":"info","event":"spark.executor.extraJavaOptions=-Djava.net.preferIPv6Addresses=false -XX:+IgnoreUnrecognizedVMOptions --add-opens=java.base/java.lang=ALL-UNNAMED --add-opens=java.base/java.lang.invoke=ALL-UNNAMED --add-opens=java.base/java.lang.reflect=ALL-UNNAMED --add-opens=java.base/java.io=ALL-UNNAMED --add-opens=java.base/java.net=ALL-UNNAMED --add-opens=java.base/java.nio=ALL-UNNAMED --add-opens=java.base/java.util=ALL-UNNAMED --add-opens=java.base/java.util.concurrent=ALL-UNNAMED --add-opens=java.base/java.util.concurrent.atomic=ALL-UNNAMED --add-opens=java.base/sun.nio.ch=ALL-UNNAMED --add-opens=java.base/sun.nio.cs=ALL-UNNAMED --add-opens=java.base/sun.security.action=ALL-UNNAMED --add-opens=java.base/sun.util.calendar=ALL-UNNAMED --add-opens=java.security.jgss/sun.security.krb5=ALL-UNNAMED -Djdk.reflect.useDirectMethodHandle=false","logger":"airflow.task.hooks.airflow.providers.standard.hooks.subprocess.SubprocessHook"}
{"timestamp":"2025-09-03T17:09:38.526734","level":"info","event":"spark.hadoop.fs.s3a.access.key=*********(redacted)","logger":"airflow.task.hooks.airflow.providers.standard.hooks.subprocess.SubprocessHook"}
{"timestamp":"2025-09-03T17:09:38.526829","level":"info","event":"spark.hadoop.fs.s3a.endpoint=http://minio:9000","logger":"airflow.task.hooks.airflow.providers.standard.hooks.subprocess.SubprocessHook"}
{"timestamp":"2025-09-03T17:09:38.526923","level":"info","event":"spark.hadoop.fs.s3a.fast.upload=true","logger":"airflow.task.hooks.airflow.providers.standard.hooks.subprocess.SubprocessHook"}
{"timestamp":"2025-09-03T17:09:38.527014","level":"info","event":"spark.hadoop.fs.s3a.impl=org.apache.hadoop.fs.s3a.S3AFileSystem","logger":"airflow.task.hooks.airflow.providers.standard.hooks.subprocess.SubprocessHook"}
{"timestamp":"2025-09-03T17:09:38.527110","level":"info","event":"spark.hadoop.fs.s3a.multiobjectdelete.enable=true","logger":"airflow.task.hooks.airflow.providers.standard.hooks.subprocess.SubprocessHook"}
{"timestamp":"2025-09-03T17:09:38.527211","level":"info","event":"spark.hadoop.fs.s3a.path.style.access=true","logger":"airflow.task.hooks.airflow.providers.standard.hooks.subprocess.SubprocessHook"}
{"timestamp":"2025-09-03T17:09:38.527308","level":"info","event":"spark.hadoop.fs.s3a.secret.key=*********(redacted)","logger":"airflow.task.hooks.airflow.providers.standard.hooks.subprocess.SubprocessHook"}
{"timestamp":"2025-09-03T17:09:38.527404","level":"info","event":"spark.history.fs.logDirectory=s3a://spark/","logger":"airflow.task.hooks.airflow.providers.standard.hooks.subprocess.SubprocessHook"}
{"timestamp":"2025-09-03T17:09:38.527494","level":"info","event":"spark.jars.packages=org.apache.spark:spark-sql-kafka-0-10_2.12:3.5.0,org.apache.spark:spark-avro_2.12:3.5.0","logger":"airflow.task.hooks.airflow.providers.standard.hooks.subprocess.SubprocessHook"}
{"timestamp":"2025-09-03T17:09:38.527590","level":"info","event":"spark.jars.repositories=https://packages.confluent.io/maven/","logger":"airflow.task.hooks.airflow.providers.standard.hooks.subprocess.SubprocessHook"}
{"timestamp":"2025-09-03T17:09:38.527686","level":"info","event":"spark.logConf=true","logger":"airflow.task.hooks.airflow.providers.standard.hooks.subprocess.SubprocessHook"}
{"timestamp":"2025-09-03T17:09:38.531003","level":"info","event":"spark.master=spark://spark-master:7077","logger":"airflow.task.hooks.airflow.providers.standard.hooks.subprocess.SubprocessHook"}
{"timestamp":"2025-09-03T17:09:38.531163","level":"info","event":"spark.network.timeout=10000s","logger":"airflow.task.hooks.airflow.providers.standard.hooks.subprocess.SubprocessHook"}
{"timestamp":"2025-09-03T17:09:38.531259","level":"info","event":"spark.rdd.compress=True","logger":"airflow.task.hooks.airflow.providers.standard.hooks.subprocess.SubprocessHook"}
{"timestamp":"2025-09-03T17:09:38.531360","level":"info","event":"spark.serializer.objectStreamReset=100","logger":"airflow.task.hooks.airflow.providers.standard.hooks.subprocess.SubprocessHook"}
{"timestamp":"2025-09-03T17:09:38.531448","level":"info","event":"spark.sql.catalog.spark_catalog=org.apache.spark.sql.delta.catalog.DeltaCatalog","logger":"airflow.task.hooks.airflow.providers.standard.hooks.subprocess.SubprocessHook"}
{"timestamp":"2025-09-03T17:09:38.531545","level":"info","event":"spark.sql.extensions=io.delta.sql.DeltaSparkSessionExtension","logger":"airflow.task.hooks.airflow.providers.standard.hooks.subprocess.SubprocessHook"}
{"timestamp":"2025-09-03T17:09:38.531625","level":"info","event":"spark.sql.files.ignoreMissingFiles=true","logger":"airflow.task.hooks.airflow.providers.standard.hooks.subprocess.SubprocessHook"}
{"timestamp":"2025-09-03T17:09:38.531694","level":"info","event":"spark.sql.sources.partitionOverwriteMode=dynamic","logger":"airflow.task.hooks.airflow.providers.standard.hooks.subprocess.SubprocessHook"}
{"timestamp":"2025-09-03T17:09:38.531789","level":"info","event":"spark.submit.deployMode=client","logger":"airflow.task.hooks.airflow.providers.standard.hooks.subprocess.SubprocessHook"}
{"timestamp":"2025-09-03T17:09:38.531868","level":"info","event":"spark.submit.pyFiles=","logger":"airflow.task.hooks.airflow.providers.standard.hooks.subprocess.SubprocessHook"}
{"timestamp":"2025-09-03T17:09:38.574988","level":"info","event":"25/09/03 17:09:38 INFO ResourceProfile: Default ResourceProfile created, executor resources: Map(memory -> name: memory, amount: 1024, script: , vendor: , offHeap -> name: offHeap, amount: 0, script: , vendor: ), task resources: Map(cpus -> name: cpus, amount: 1.0)","logger":"airflow.task.hooks.airflow.providers.standard.hooks.subprocess.SubprocessHook"}
{"timestamp":"2025-09-03T17:09:38.588664","level":"info","event":"25/09/03 17:09:38 INFO ResourceProfile: Limiting resource is cpu","logger":"airflow.task.hooks.airflow.providers.standard.hooks.subprocess.SubprocessHook"}
{"timestamp":"2025-09-03T17:09:38.590460","level":"info","event":"25/09/03 17:09:38 INFO ResourceProfileManager: Added ResourceProfile id: 0","logger":"airflow.task.hooks.airflow.providers.standard.hooks.subprocess.SubprocessHook"}
{"timestamp":"2025-09-03T17:09:38.753784","level":"info","event":"25/09/03 17:09:38 INFO SecurityManager: Changing view acls to: airflow","logger":"airflow.task.hooks.airflow.providers.standard.hooks.subprocess.SubprocessHook"}
{"timestamp":"2025-09-03T17:09:38.755466","level":"info","event":"25/09/03 17:09:38 INFO SecurityManager: Changing modify acls to: airflow","logger":"airflow.task.hooks.airflow.providers.standard.hooks.subprocess.SubprocessHook"}
{"timestamp":"2025-09-03T17:09:38.758767","level":"info","event":"25/09/03 17:09:38 INFO SecurityManager: Changing view acls groups to:","logger":"airflow.task.hooks.airflow.providers.standard.hooks.subprocess.SubprocessHook"}
{"timestamp":"2025-09-03T17:09:38.759089","level":"info","event":"25/09/03 17:09:38 INFO SecurityManager: Changing modify acls groups to:","logger":"airflow.task.hooks.airflow.providers.standard.hooks.subprocess.SubprocessHook"}
{"timestamp":"2025-09-03T17:09:38.759221","level":"info","event":"25/09/03 17:09:38 INFO SecurityManager: SecurityManager: authentication disabled; ui acls disabled; users with view permissions: airflow; groups with view permissions: EMPTY; users with modify permissions: airflow; groups with modify permissions: EMPTY","logger":"airflow.task.hooks.airflow.providers.standard.hooks.subprocess.SubprocessHook"}
{"timestamp":"2025-09-03T17:09:39.124952","level":"info","event":"25/09/03 17:09:39 INFO Utils: Successfully started service 'sparkDriver' on port 34651.","logger":"airflow.task.hooks.airflow.providers.standard.hooks.subprocess.SubprocessHook"}
{"timestamp":"2025-09-03T17:09:39.168694","level":"info","event":"25/09/03 17:09:39 INFO SparkEnv: Registering MapOutputTracker","logger":"airflow.task.hooks.airflow.providers.standard.hooks.subprocess.SubprocessHook"}
{"timestamp":"2025-09-03T17:09:39.224994","level":"info","event":"25/09/03 17:09:39 INFO SparkEnv: Registering BlockManagerMaster","logger":"airflow.task.hooks.airflow.providers.standard.hooks.subprocess.SubprocessHook"}
{"timestamp":"2025-09-03T17:09:39.247104","level":"info","event":"25/09/03 17:09:39 INFO BlockManagerMasterEndpoint: Using org.apache.spark.storage.DefaultTopologyMapper for getting topology information","logger":"airflow.task.hooks.airflow.providers.standard.hooks.subprocess.SubprocessHook"}
{"timestamp":"2025-09-03T17:09:39.248068","level":"info","event":"25/09/03 17:09:39 INFO BlockManagerMasterEndpoint: BlockManagerMasterEndpoint up","logger":"airflow.task.hooks.airflow.providers.standard.hooks.subprocess.SubprocessHook"}
{"timestamp":"2025-09-03T17:09:39.253379","level":"info","event":"25/09/03 17:09:39 INFO SparkEnv: Registering BlockManagerMasterHeartbeat","logger":"airflow.task.hooks.airflow.providers.standard.hooks.subprocess.SubprocessHook"}
{"timestamp":"2025-09-03T17:09:39.280957","level":"info","event":"25/09/03 17:09:39 INFO DiskBlockManager: Created local directory at /tmp/blockmgr-88de8269-5006-43a1-a1dd-4704c2c89e7d","logger":"airflow.task.hooks.airflow.providers.standard.hooks.subprocess.SubprocessHook"}
{"timestamp":"2025-09-03T17:09:39.301809","level":"info","event":"25/09/03 17:09:39 INFO MemoryStore: MemoryStore started with capacity 434.4 MiB","logger":"airflow.task.hooks.airflow.providers.standard.hooks.subprocess.SubprocessHook"}
{"timestamp":"2025-09-03T17:09:39.331073","level":"info","event":"25/09/03 17:09:39 INFO SparkEnv: Registering OutputCommitCoordinator","logger":"airflow.task.hooks.airflow.providers.standard.hooks.subprocess.SubprocessHook"}
{"timestamp":"2025-09-03T17:09:39.512965","level":"info","event":"25/09/03 17:09:39 INFO JettyUtils: Start Jetty 0.0.0.0:4040 for SparkUI","logger":"airflow.task.hooks.airflow.providers.standard.hooks.subprocess.SubprocessHook"}
{"timestamp":"2025-09-03T17:09:39.605948","level":"info","event":"25/09/03 17:09:39 INFO Utils: Successfully started service 'SparkUI' on port 4040.","logger":"airflow.task.hooks.airflow.providers.standard.hooks.subprocess.SubprocessHook"}
{"timestamp":"2025-09-03T17:09:39.923200","level":"info","event":"25/09/03 17:09:39 INFO StandaloneAppClient$ClientEndpoint: Connecting to master spark://spark-master:7077...","logger":"airflow.task.hooks.airflow.providers.standard.hooks.subprocess.SubprocessHook"}
{"timestamp":"2025-09-03T17:09:40.009261","level":"info","event":"25/09/03 17:09:40 INFO TransportClientFactory: Successfully created connection to spark-master/172.22.0.3:7077 after 46 ms (0 ms spent in bootstraps)","logger":"airflow.task.hooks.airflow.providers.standard.hooks.subprocess.SubprocessHook"}
{"timestamp":"2025-09-03T17:09:40.242224","level":"info","event":"25/09/03 17:09:40 INFO StandaloneSchedulerBackend: Connected to Spark cluster with app ID app-20250903170940-0030","logger":"airflow.task.hooks.airflow.providers.standard.hooks.subprocess.SubprocessHook"}
{"timestamp":"2025-09-03T17:09:40.277963","level":"info","event":"25/09/03 17:09:40 INFO StandaloneAppClient$ClientEndpoint: Executor added: app-20250903170940-0030/0 on worker-20250903081951-172.22.0.5-43269 (172.22.0.5:43269) with 2 core(s)","logger":"airflow.task.hooks.airflow.providers.standard.hooks.subprocess.SubprocessHook"}
{"timestamp":"2025-09-03T17:09:40.295237","level":"info","event":"25/09/03 17:09:40 INFO StandaloneSchedulerBackend: Granted executor ID app-20250903170940-0030/0 on hostPort 172.22.0.5:43269 with 2 core(s), 1024.0 MiB RAM","logger":"airflow.task.hooks.airflow.providers.standard.hooks.subprocess.SubprocessHook"}
{"timestamp":"2025-09-03T17:09:40.393967","level":"info","event":"25/09/03 17:09:40 INFO Utils: Successfully started service 'org.apache.spark.network.netty.NettyBlockTransferService' on port 44199.","logger":"airflow.task.hooks.airflow.providers.standard.hooks.subprocess.SubprocessHook"}
{"timestamp":"2025-09-03T17:09:40.394200","level":"info","event":"25/09/03 17:09:40 INFO NettyBlockTransferService: Server created on 31a98e31d62d:44199","logger":"airflow.task.hooks.airflow.providers.standard.hooks.subprocess.SubprocessHook"}
{"timestamp":"2025-09-03T17:09:40.408776","level":"info","event":"25/09/03 17:09:40 INFO BlockManager: Using org.apache.spark.storage.RandomBlockReplicationPolicy for block replication policy","logger":"airflow.task.hooks.airflow.providers.standard.hooks.subprocess.SubprocessHook"}
{"timestamp":"2025-09-03T17:09:40.409907","level":"info","event":"25/09/03 17:09:40 INFO StandaloneAppClient$ClientEndpoint: Executor updated: app-20250903170940-0030/0 is now RUNNING","logger":"airflow.task.hooks.airflow.providers.standard.hooks.subprocess.SubprocessHook"}
{"timestamp":"2025-09-03T17:09:40.435958","level":"info","event":"25/09/03 17:09:40 INFO BlockManagerMaster: Registering BlockManager BlockManagerId(driver, 31a98e31d62d, 44199, None)","logger":"airflow.task.hooks.airflow.providers.standard.hooks.subprocess.SubprocessHook"}
{"timestamp":"2025-09-03T17:09:40.480949","level":"info","event":"25/09/03 17:09:40 INFO BlockManagerMasterEndpoint: Registering block manager 31a98e31d62d:44199 with 434.4 MiB RAM, BlockManagerId(driver, 31a98e31d62d, 44199, None)","logger":"airflow.task.hooks.airflow.providers.standard.hooks.subprocess.SubprocessHook"}
{"timestamp":"2025-09-03T17:09:40.501640","level":"info","event":"25/09/03 17:09:40 INFO BlockManagerMaster: Registered BlockManager BlockManagerId(driver, 31a98e31d62d, 44199, None)","logger":"airflow.task.hooks.airflow.providers.standard.hooks.subprocess.SubprocessHook"}
{"timestamp":"2025-09-03T17:09:40.675943","level":"info","event":"25/09/03 17:09:40 INFO BlockManager: Initialized BlockManager: BlockManagerId(driver, 31a98e31d62d, 44199, None)","logger":"airflow.task.hooks.airflow.providers.standard.hooks.subprocess.SubprocessHook"}
{"timestamp":"2025-09-03T17:09:41.616366","level":"info","event":"25/09/03 17:09:41 INFO SingleEventLogFileWriter: Logging events to file:/opt/spark/history/app-20250903170940-0030.inprogress","logger":"airflow.task.hooks.airflow.providers.standard.hooks.subprocess.SubprocessHook"}
{"timestamp":"2025-09-03T17:09:43.138771","level":"info","event":"25/09/03 17:09:43 INFO StandaloneSchedulerBackend: SchedulerBackend is ready for scheduling beginning after reached minRegisteredResourcesRatio: 0.0","logger":"airflow.task.hooks.airflow.providers.standard.hooks.subprocess.SubprocessHook"}
{"timestamp":"2025-09-03T17:09:44.181998","level":"info","event":"25/09/03 17:09:44 INFO SharedState: Setting hive.metastore.warehouse.dir ('null') to the value of spark.sql.warehouse.dir.","logger":"airflow.task.hooks.airflow.providers.standard.hooks.subprocess.SubprocessHook"}
{"timestamp":"2025-09-03T17:09:44.199959","level":"info","event":"25/09/03 17:09:44 INFO SharedState: Warehouse path is 'file:/tmp/airflowtmpyyw6smo8/spark-warehouse'.","logger":"airflow.task.hooks.airflow.providers.standard.hooks.subprocess.SubprocessHook"}
{"timestamp":"2025-09-03T17:09:49.107989","level":"info","event":"25/09/03 17:09:49 WARN MetricsConfig: Cannot locate configuration: tried hadoop-metrics2-s3a-file-system.properties,hadoop-metrics2.properties","logger":"airflow.task.hooks.airflow.providers.standard.hooks.subprocess.SubprocessHook"}
{"timestamp":"2025-09-03T17:09:49.192740","level":"info","event":"25/09/03 17:09:49 INFO MetricsSystemImpl: Scheduled Metric snapshot period at 10 second(s).","logger":"airflow.task.hooks.airflow.providers.standard.hooks.subprocess.SubprocessHook"}
{"timestamp":"2025-09-03T17:09:49.192976","level":"info","event":"25/09/03 17:09:49 INFO MetricsSystemImpl: s3a-file-system metrics system started","logger":"airflow.task.hooks.airflow.providers.standard.hooks.subprocess.SubprocessHook"}
{"timestamp":"2025-09-03T17:09:52.993061","level":"info","event":"25/09/03 17:09:52 INFO StandaloneSchedulerBackend$StandaloneDriverEndpoint: Registered executor NettyRpcEndpointRef(spark-client://Executor) (172.22.0.5:56632) with ID 0,  ResourceProfileId 0","logger":"airflow.task.hooks.airflow.providers.standard.hooks.subprocess.SubprocessHook"}
{"timestamp":"2025-09-03T17:09:53.176945","level":"info","event":"25/09/03 17:09:53 INFO BlockManagerMasterEndpoint: Registering block manager 172.22.0.5:35375 with 434.4 MiB RAM, BlockManagerId(0, 172.22.0.5, 35375, None)","logger":"airflow.task.hooks.airflow.providers.standard.hooks.subprocess.SubprocessHook"}
{"timestamp":"2025-09-03T17:09:53.741031","level":"info","event":"25/09/03 17:09:53 INFO InMemoryFileIndex: It took 80 ms to list leaf files for 1 paths.","logger":"airflow.task.hooks.airflow.providers.standard.hooks.subprocess.SubprocessHook"}
{"timestamp":"2025-09-03T17:09:54.330958","level":"info","event":"25/09/03 17:09:54 INFO SparkContext: Starting job: parquet at NativeMethodAccessorImpl.java:0","logger":"airflow.task.hooks.airflow.providers.standard.hooks.subprocess.SubprocessHook"}
{"timestamp":"2025-09-03T17:09:54.354787","level":"info","event":"25/09/03 17:09:54 INFO DAGScheduler: Got job 0 (parquet at NativeMethodAccessorImpl.java:0) with 1 output partitions","logger":"airflow.task.hooks.airflow.providers.standard.hooks.subprocess.SubprocessHook"}
{"timestamp":"2025-09-03T17:09:54.358448","level":"info","event":"25/09/03 17:09:54 INFO DAGScheduler: Final stage: ResultStage 0 (parquet at NativeMethodAccessorImpl.java:0)","logger":"airflow.task.hooks.airflow.providers.standard.hooks.subprocess.SubprocessHook"}
{"timestamp":"2025-09-03T17:09:54.362836","level":"info","event":"25/09/03 17:09:54 INFO DAGScheduler: Parents of final stage: List()","logger":"airflow.task.hooks.airflow.providers.standard.hooks.subprocess.SubprocessHook"}
{"timestamp":"2025-09-03T17:09:54.367677","level":"info","event":"25/09/03 17:09:54 INFO DAGScheduler: Missing parents: List()","logger":"airflow.task.hooks.airflow.providers.standard.hooks.subprocess.SubprocessHook"}
{"timestamp":"2025-09-03T17:09:54.377520","level":"info","event":"25/09/03 17:09:54 INFO DAGScheduler: Submitting ResultStage 0 (MapPartitionsRDD[1] at parquet at NativeMethodAccessorImpl.java:0), which has no missing parents","logger":"airflow.task.hooks.airflow.providers.standard.hooks.subprocess.SubprocessHook"}
{"timestamp":"2025-09-03T17:09:54.486363","level":"info","event":"25/09/03 17:09:54 INFO MemoryStore: Block broadcast_0 stored as values in memory (estimated size 105.5 KiB, free 434.3 MiB)","logger":"airflow.task.hooks.airflow.providers.standard.hooks.subprocess.SubprocessHook"}
{"timestamp":"2025-09-03T17:09:54.531964","level":"info","event":"25/09/03 17:09:54 INFO MemoryStore: Block broadcast_0_piece0 stored as bytes in memory (estimated size 38.3 KiB, free 434.3 MiB)","logger":"airflow.task.hooks.airflow.providers.standard.hooks.subprocess.SubprocessHook"}
{"timestamp":"2025-09-03T17:09:54.535855","level":"info","event":"25/09/03 17:09:54 INFO BlockManagerInfo: Added broadcast_0_piece0 in memory on 31a98e31d62d:44199 (size: 38.3 KiB, free: 434.4 MiB)","logger":"airflow.task.hooks.airflow.providers.standard.hooks.subprocess.SubprocessHook"}
{"timestamp":"2025-09-03T17:09:54.542902","level":"info","event":"25/09/03 17:09:54 INFO SparkContext: Created broadcast 0 from broadcast at DAGScheduler.scala:1580","logger":"airflow.task.hooks.airflow.providers.standard.hooks.subprocess.SubprocessHook"}
{"timestamp":"2025-09-03T17:09:54.565679","level":"info","event":"25/09/03 17:09:54 INFO DAGScheduler: Submitting 1 missing tasks from ResultStage 0 (MapPartitionsRDD[1] at parquet at NativeMethodAccessorImpl.java:0) (first 15 tasks are for partitions Vector(0))","logger":"airflow.task.hooks.airflow.providers.standard.hooks.subprocess.SubprocessHook"}
{"timestamp":"2025-09-03T17:09:54.567555","level":"info","event":"25/09/03 17:09:54 INFO TaskSchedulerImpl: Adding task set 0.0 with 1 tasks resource profile 0","logger":"airflow.task.hooks.airflow.providers.standard.hooks.subprocess.SubprocessHook"}
{"timestamp":"2025-09-03T17:09:54.617939","level":"info","event":"25/09/03 17:09:54 INFO TaskSetManager: Starting task 0.0 in stage 0.0 (TID 0) (172.22.0.5, executor 0, partition 0, PROCESS_LOCAL, 7757 bytes)","logger":"airflow.task.hooks.airflow.providers.standard.hooks.subprocess.SubprocessHook"}
{"timestamp":"2025-09-03T17:09:55.280954","level":"info","event":"25/09/03 17:09:55 INFO BlockManagerInfo: Added broadcast_0_piece0 in memory on 172.22.0.5:35375 (size: 38.3 KiB, free: 434.4 MiB)","logger":"airflow.task.hooks.airflow.providers.standard.hooks.subprocess.SubprocessHook"}
{"timestamp":"2025-09-03T17:09:59.992947","level":"info","event":"25/09/03 17:09:59 INFO TaskSetManager: Finished task 0.0 in stage 0.0 (TID 0) in 5391 ms on 172.22.0.5 (executor 0) (1/1)","logger":"airflow.task.hooks.airflow.providers.standard.hooks.subprocess.SubprocessHook"}
{"timestamp":"2025-09-03T17:09:59.997034","level":"info","event":"25/09/03 17:09:59 INFO TaskSchedulerImpl: Removed TaskSet 0.0, whose tasks have all completed, from pool","logger":"airflow.task.hooks.airflow.providers.standard.hooks.subprocess.SubprocessHook"}
{"timestamp":"2025-09-03T17:10:00.015076","level":"info","event":"25/09/03 17:10:00 INFO DAGScheduler: ResultStage 0 (parquet at NativeMethodAccessorImpl.java:0) finished in 5.602 s","logger":"airflow.task.hooks.airflow.providers.standard.hooks.subprocess.SubprocessHook"}
{"timestamp":"2025-09-03T17:10:00.028045","level":"info","event":"25/09/03 17:10:00 INFO DAGScheduler: Job 0 is finished. Cancelling potential speculative or zombie tasks for this job","logger":"airflow.task.hooks.airflow.providers.standard.hooks.subprocess.SubprocessHook"}
{"timestamp":"2025-09-03T17:10:00.030967","level":"info","event":"25/09/03 17:10:00 INFO TaskSchedulerImpl: Killing all running tasks in stage 0: Stage finished","logger":"airflow.task.hooks.airflow.providers.standard.hooks.subprocess.SubprocessHook"}
{"timestamp":"2025-09-03T17:10:00.035245","level":"info","event":"25/09/03 17:10:00 INFO DAGScheduler: Job 0 finished: parquet at NativeMethodAccessorImpl.java:0, took 5.702669 s","logger":"airflow.task.hooks.airflow.providers.standard.hooks.subprocess.SubprocessHook"}
{"timestamp":"2025-09-03T17:10:01.071444","level":"info","event":"25/09/03 17:10:01 INFO BlockManagerInfo: Removed broadcast_0_piece0 on 172.22.0.5:35375 in memory (size: 38.3 KiB, free: 434.4 MiB)","logger":"airflow.task.hooks.airflow.providers.standard.hooks.subprocess.SubprocessHook"}
{"timestamp":"2025-09-03T17:10:01.076903","level":"info","event":"25/09/03 17:10:01 INFO BlockManagerInfo: Removed broadcast_0_piece0 on 31a98e31d62d:44199 in memory (size: 38.3 KiB, free: 434.4 MiB)","logger":"airflow.task.hooks.airflow.providers.standard.hooks.subprocess.SubprocessHook"}
{"timestamp":"2025-09-03T17:10:03.098151","level":"info","event":"25/09/03 17:10:03 INFO FileSourceStrategy: Pushed Filters:","logger":"airflow.task.hooks.airflow.providers.standard.hooks.subprocess.SubprocessHook"}
{"timestamp":"2025-09-03T17:10:03.102977","level":"info","event":"25/09/03 17:10:03 INFO FileSourceStrategy: Post-Scan Filters: ((cast((unix_timestamp(tpep_dropoff_datetime#2, yyyy-MM-dd HH:mm:ss, Some(Etc/UTC), false) - unix_timestamp(tpep_pickup_datetime#1, yyyy-MM-dd HH:mm:ss, Some(Etc/UTC), false)) as double) / 3600.0) > 1.0)","logger":"airflow.task.hooks.airflow.providers.standard.hooks.subprocess.SubprocessHook"}
{"timestamp":"2025-09-03T17:10:03.171758","level":"info","event":"25/09/03 17:10:03 INFO FileSourceStrategy: Pushed Filters: IsNotNull(PULocationID)","logger":"airflow.task.hooks.airflow.providers.standard.hooks.subprocess.SubprocessHook"}
{"timestamp":"2025-09-03T17:10:03.172412","level":"info","event":"25/09/03 17:10:03 INFO FileSourceStrategy: Post-Scan Filters: ((cast((unix_timestamp(tpep_dropoff_datetime#72, yyyy-MM-dd HH:mm:ss, Some(Etc/UTC), false) - unix_timestamp(tpep_pickup_datetime#71, yyyy-MM-dd HH:mm:ss, Some(Etc/UTC), false)) as double) / 3600.0) > 1.0),isnotnull(PULocationID#77)","logger":"airflow.task.hooks.airflow.providers.standard.hooks.subprocess.SubprocessHook"}
{"timestamp":"2025-09-03T17:10:04.211155","level":"info","event":"25/09/03 17:10:04 INFO CodeGenerator: Code generated in 537.219646 ms","logger":"airflow.task.hooks.airflow.providers.standard.hooks.subprocess.SubprocessHook"}
{"timestamp":"2025-09-03T17:10:04.273972","level":"info","event":"25/09/03 17:10:04 INFO MemoryStore: Block broadcast_1 stored as values in memory (estimated size 210.8 KiB, free 434.2 MiB)","logger":"airflow.task.hooks.airflow.providers.standard.hooks.subprocess.SubprocessHook"}
{"timestamp":"2025-09-03T17:10:04.299385","level":"info","event":"25/09/03 17:10:04 INFO MemoryStore: Block broadcast_1_piece0 stored as bytes in memory (estimated size 36.2 KiB, free 434.2 MiB)","logger":"airflow.task.hooks.airflow.providers.standard.hooks.subprocess.SubprocessHook"}
{"timestamp":"2025-09-03T17:10:04.300868","level":"info","event":"25/09/03 17:10:04 INFO BlockManagerInfo: Added broadcast_1_piece0 in memory on 31a98e31d62d:44199 (size: 36.2 KiB, free: 434.4 MiB)","logger":"airflow.task.hooks.airflow.providers.standard.hooks.subprocess.SubprocessHook"}
{"timestamp":"2025-09-03T17:10:04.306228","level":"info","event":"25/09/03 17:10:04 INFO SparkContext: Created broadcast 1 from parquet at NativeMethodAccessorImpl.java:0","logger":"airflow.task.hooks.airflow.providers.standard.hooks.subprocess.SubprocessHook"}
{"timestamp":"2025-09-03T17:10:04.368169","level":"info","event":"25/09/03 17:10:04 INFO FileSourceScanExec: Planning scan with bin packing, max size: 27077972 bytes, open cost is considered as scanning 4194304 bytes.","logger":"airflow.task.hooks.airflow.providers.standard.hooks.subprocess.SubprocessHook"}
{"timestamp":"2025-09-03T17:10:04.633427","level":"info","event":"25/09/03 17:10:04 INFO DAGScheduler: Registering RDD 5 (parquet at NativeMethodAccessorImpl.java:0) as input to shuffle 0","logger":"airflow.task.hooks.airflow.providers.standard.hooks.subprocess.SubprocessHook"}
{"timestamp":"2025-09-03T17:10:04.645279","level":"info","event":"25/09/03 17:10:04 INFO DAGScheduler: Got map stage job 1 (parquet at NativeMethodAccessorImpl.java:0) with 2 output partitions","logger":"airflow.task.hooks.airflow.providers.standard.hooks.subprocess.SubprocessHook"}
{"timestamp":"2025-09-03T17:10:04.646300","level":"info","event":"25/09/03 17:10:04 INFO DAGScheduler: Final stage: ShuffleMapStage 1 (parquet at NativeMethodAccessorImpl.java:0)","logger":"airflow.task.hooks.airflow.providers.standard.hooks.subprocess.SubprocessHook"}
{"timestamp":"2025-09-03T17:10:04.647084","level":"info","event":"25/09/03 17:10:04 INFO DAGScheduler: Parents of final stage: List()","logger":"airflow.task.hooks.airflow.providers.standard.hooks.subprocess.SubprocessHook"}
{"timestamp":"2025-09-03T17:10:04.648051","level":"info","event":"25/09/03 17:10:04 INFO DAGScheduler: Missing parents: List()","logger":"airflow.task.hooks.airflow.providers.standard.hooks.subprocess.SubprocessHook"}
{"timestamp":"2025-09-03T17:10:04.652109","level":"info","event":"25/09/03 17:10:04 INFO DAGScheduler: Submitting ShuffleMapStage 1 (MapPartitionsRDD[5] at parquet at NativeMethodAccessorImpl.java:0), which has no missing parents","logger":"airflow.task.hooks.airflow.providers.standard.hooks.subprocess.SubprocessHook"}
{"timestamp":"2025-09-03T17:10:04.689699","level":"info","event":"25/09/03 17:10:04 INFO MemoryStore: Block broadcast_2 stored as values in memory (estimated size 44.5 KiB, free 434.1 MiB)","logger":"airflow.task.hooks.airflow.providers.standard.hooks.subprocess.SubprocessHook"}
{"timestamp":"2025-09-03T17:10:04.696696","level":"info","event":"25/09/03 17:10:04 INFO MemoryStore: Block broadcast_2_piece0 stored as bytes in memory (estimated size 19.7 KiB, free 434.1 MiB)","logger":"airflow.task.hooks.airflow.providers.standard.hooks.subprocess.SubprocessHook"}
{"timestamp":"2025-09-03T17:10:04.698418","level":"info","event":"25/09/03 17:10:04 INFO BlockManagerInfo: Added broadcast_2_piece0 in memory on 31a98e31d62d:44199 (size: 19.7 KiB, free: 434.3 MiB)","logger":"airflow.task.hooks.airflow.providers.standard.hooks.subprocess.SubprocessHook"}
{"timestamp":"2025-09-03T17:10:04.702925","level":"info","event":"25/09/03 17:10:04 INFO SparkContext: Created broadcast 2 from broadcast at DAGScheduler.scala:1580","logger":"airflow.task.hooks.airflow.providers.standard.hooks.subprocess.SubprocessHook"}
{"timestamp":"2025-09-03T17:10:04.705818","level":"info","event":"25/09/03 17:10:04 INFO DAGScheduler: Submitting 2 missing tasks from ShuffleMapStage 1 (MapPartitionsRDD[5] at parquet at NativeMethodAccessorImpl.java:0) (first 15 tasks are for partitions Vector(0, 1))","logger":"airflow.task.hooks.airflow.providers.standard.hooks.subprocess.SubprocessHook"}
{"timestamp":"2025-09-03T17:10:04.709921","level":"info","event":"25/09/03 17:10:04 INFO TaskSchedulerImpl: Adding task set 1.0 with 2 tasks resource profile 0","logger":"airflow.task.hooks.airflow.providers.standard.hooks.subprocess.SubprocessHook"}
{"timestamp":"2025-09-03T17:10:04.719675","level":"info","event":"25/09/03 17:10:04 INFO TaskSetManager: Starting task 0.0 in stage 1.0 (TID 1) (172.22.0.5, executor 0, partition 0, PROCESS_LOCAL, 8214 bytes)","logger":"airflow.task.hooks.airflow.providers.standard.hooks.subprocess.SubprocessHook"}
{"timestamp":"2025-09-03T17:10:04.720897","level":"info","event":"25/09/03 17:10:04 INFO TaskSetManager: Starting task 1.0 in stage 1.0 (TID 2) (172.22.0.5, executor 0, partition 1, PROCESS_LOCAL, 8214 bytes)","logger":"airflow.task.hooks.airflow.providers.standard.hooks.subprocess.SubprocessHook"}
{"timestamp":"2025-09-03T17:10:04.883085","level":"info","event":"25/09/03 17:10:04 INFO BlockManagerInfo: Added broadcast_2_piece0 in memory on 172.22.0.5:35375 (size: 19.7 KiB, free: 434.4 MiB)","logger":"airflow.task.hooks.airflow.providers.standard.hooks.subprocess.SubprocessHook"}
{"timestamp":"2025-09-03T17:10:08.015142","level":"info","event":"25/09/03 17:10:08 INFO BlockManagerInfo: Added broadcast_1_piece0 in memory on 172.22.0.5:35375 (size: 36.2 KiB, free: 434.3 MiB)","logger":"airflow.task.hooks.airflow.providers.standard.hooks.subprocess.SubprocessHook"}
{"timestamp":"2025-09-03T17:10:12.911963","level":"info","event":"25/09/03 17:10:12 INFO TaskSetManager: Finished task 1.0 in stage 1.0 (TID 2) in 8189 ms on 172.22.0.5 (executor 0) (1/2)","logger":"airflow.task.hooks.airflow.providers.standard.hooks.subprocess.SubprocessHook"}
{"timestamp":"2025-09-03T17:10:13.003841","level":"info","event":"25/09/03 17:10:13 INFO TaskSetManager: Finished task 0.0 in stage 1.0 (TID 1) in 8290 ms on 172.22.0.5 (executor 0) (2/2)","logger":"airflow.task.hooks.airflow.providers.standard.hooks.subprocess.SubprocessHook"}
{"timestamp":"2025-09-03T17:10:13.007801","level":"info","event":"25/09/03 17:10:13 INFO DAGScheduler: ShuffleMapStage 1 (parquet at NativeMethodAccessorImpl.java:0) finished in 8.348 s","logger":"airflow.task.hooks.airflow.providers.standard.hooks.subprocess.SubprocessHook"}
{"timestamp":"2025-09-03T17:10:13.008735","level":"info","event":"25/09/03 17:10:13 INFO TaskSchedulerImpl: Removed TaskSet 1.0, whose tasks have all completed, from pool","logger":"airflow.task.hooks.airflow.providers.standard.hooks.subprocess.SubprocessHook"}
{"timestamp":"2025-09-03T17:10:13.012956","level":"info","event":"25/09/03 17:10:13 INFO DAGScheduler: looking for newly runnable stages","logger":"airflow.task.hooks.airflow.providers.standard.hooks.subprocess.SubprocessHook"}
{"timestamp":"2025-09-03T17:10:13.013393","level":"info","event":"25/09/03 17:10:13 INFO DAGScheduler: running: Set()","logger":"airflow.task.hooks.airflow.providers.standard.hooks.subprocess.SubprocessHook"}
{"timestamp":"2025-09-03T17:10:13.014029","level":"info","event":"25/09/03 17:10:13 INFO DAGScheduler: waiting: Set()","logger":"airflow.task.hooks.airflow.providers.standard.hooks.subprocess.SubprocessHook"}
{"timestamp":"2025-09-03T17:10:13.014998","level":"info","event":"25/09/03 17:10:13 INFO DAGScheduler: failed: Set()","logger":"airflow.task.hooks.airflow.providers.standard.hooks.subprocess.SubprocessHook"}
{"timestamp":"2025-09-03T17:10:13.045017","level":"info","event":"25/09/03 17:10:13 INFO FileSourceStrategy: Pushed Filters:","logger":"airflow.task.hooks.airflow.providers.standard.hooks.subprocess.SubprocessHook"}
{"timestamp":"2025-09-03T17:10:13.046664","level":"info","event":"25/09/03 17:10:13 INFO FileSourceStrategy: Post-Scan Filters: ((cast((unix_timestamp(tpep_dropoff_datetime#2, yyyy-MM-dd HH:mm:ss, Some(Etc/UTC), false) - unix_timestamp(tpep_pickup_datetime#1, yyyy-MM-dd HH:mm:ss, Some(Etc/UTC), false)) as double) / 3600.0) > 1.0)","logger":"airflow.task.hooks.airflow.providers.standard.hooks.subprocess.SubprocessHook"}
{"timestamp":"2025-09-03T17:10:13.096787","level":"info","event":"25/09/03 17:10:13 INFO ShufflePartitionsUtil: For shuffle(0), advisory target size: 67108864, actual target size 1048576, minimum partition size: 1048576","logger":"airflow.task.hooks.airflow.providers.standard.hooks.subprocess.SubprocessHook"}
{"timestamp":"2025-09-03T17:10:13.137878","level":"info","event":"25/09/03 17:10:13 INFO HashAggregateExec: spark.sql.codegen.aggregate.map.twolevel.enabled is set to true, but current version of codegened fast hashmap does not support this aggregate.","logger":"airflow.task.hooks.airflow.providers.standard.hooks.subprocess.SubprocessHook"}
{"timestamp":"2025-09-03T17:10:13.218993","level":"info","event":"25/09/03 17:10:13 INFO CodeGenerator: Code generated in 64.393647 ms","logger":"airflow.task.hooks.airflow.providers.standard.hooks.subprocess.SubprocessHook"}
{"timestamp":"2025-09-03T17:10:13.369481","level":"info","event":"25/09/03 17:10:13 INFO SparkContext: Starting job: $anonfun$withThreadLocalCaptured$1 at FutureTask.java:264","logger":"airflow.task.hooks.airflow.providers.standard.hooks.subprocess.SubprocessHook"}
{"timestamp":"2025-09-03T17:10:13.379973","level":"info","event":"25/09/03 17:10:13 INFO DAGScheduler: Got job 2 ($anonfun$withThreadLocalCaptured$1 at FutureTask.java:264) with 1 output partitions","logger":"airflow.task.hooks.airflow.providers.standard.hooks.subprocess.SubprocessHook"}
{"timestamp":"2025-09-03T17:10:13.380211","level":"info","event":"25/09/03 17:10:13 INFO DAGScheduler: Final stage: ResultStage 3 ($anonfun$withThreadLocalCaptured$1 at FutureTask.java:264)","logger":"airflow.task.hooks.airflow.providers.standard.hooks.subprocess.SubprocessHook"}
{"timestamp":"2025-09-03T17:10:13.380341","level":"info","event":"25/09/03 17:10:13 INFO DAGScheduler: Parents of final stage: List(ShuffleMapStage 2)","logger":"airflow.task.hooks.airflow.providers.standard.hooks.subprocess.SubprocessHook"}
{"timestamp":"2025-09-03T17:10:13.380435","level":"info","event":"25/09/03 17:10:13 INFO DAGScheduler: Missing parents: List()","logger":"airflow.task.hooks.airflow.providers.standard.hooks.subprocess.SubprocessHook"}
{"timestamp":"2025-09-03T17:10:13.386892","level":"info","event":"25/09/03 17:10:13 INFO DAGScheduler: Submitting ResultStage 3 (MapPartitionsRDD[8] at $anonfun$withThreadLocalCaptured$1 at FutureTask.java:264), which has no missing parents","logger":"airflow.task.hooks.airflow.providers.standard.hooks.subprocess.SubprocessHook"}
{"timestamp":"2025-09-03T17:10:13.478850","level":"info","event":"25/09/03 17:10:13 INFO MemoryStore: Block broadcast_3 stored as values in memory (estimated size 42.6 KiB, free 434.1 MiB)","logger":"airflow.task.hooks.airflow.providers.standard.hooks.subprocess.SubprocessHook"}
{"timestamp":"2025-09-03T17:10:13.488067","level":"info","event":"25/09/03 17:10:13 INFO MemoryStore: Block broadcast_3_piece0 stored as bytes in memory (estimated size 19.8 KiB, free 434.0 MiB)","logger":"airflow.task.hooks.airflow.providers.standard.hooks.subprocess.SubprocessHook"}
{"timestamp":"2025-09-03T17:10:13.491530","level":"info","event":"25/09/03 17:10:13 INFO BlockManagerInfo: Added broadcast_3_piece0 in memory on 31a98e31d62d:44199 (size: 19.8 KiB, free: 434.3 MiB)","logger":"airflow.task.hooks.airflow.providers.standard.hooks.subprocess.SubprocessHook"}
{"timestamp":"2025-09-03T17:10:13.494874","level":"info","event":"25/09/03 17:10:13 INFO SparkContext: Created broadcast 3 from broadcast at DAGScheduler.scala:1580","logger":"airflow.task.hooks.airflow.providers.standard.hooks.subprocess.SubprocessHook"}
{"timestamp":"2025-09-03T17:10:13.495065","level":"info","event":"25/09/03 17:10:13 INFO DAGScheduler: Submitting 1 missing tasks from ResultStage 3 (MapPartitionsRDD[8] at $anonfun$withThreadLocalCaptured$1 at FutureTask.java:264) (first 15 tasks are for partitions Vector(0))","logger":"airflow.task.hooks.airflow.providers.standard.hooks.subprocess.SubprocessHook"}
{"timestamp":"2025-09-03T17:10:13.495869","level":"info","event":"25/09/03 17:10:13 INFO TaskSchedulerImpl: Adding task set 3.0 with 1 tasks resource profile 0","logger":"airflow.task.hooks.airflow.providers.standard.hooks.subprocess.SubprocessHook"}
{"timestamp":"2025-09-03T17:10:13.503660","level":"info","event":"25/09/03 17:10:13 INFO TaskSetManager: Starting task 0.0 in stage 3.0 (TID 3) (172.22.0.5, executor 0, partition 0, NODE_LOCAL, 7619 bytes)","logger":"airflow.task.hooks.airflow.providers.standard.hooks.subprocess.SubprocessHook"}
{"timestamp":"2025-09-03T17:10:13.577210","level":"info","event":"25/09/03 17:10:13 INFO BlockManagerInfo: Added broadcast_3_piece0 in memory on 172.22.0.5:35375 (size: 19.8 KiB, free: 434.3 MiB)","logger":"airflow.task.hooks.airflow.providers.standard.hooks.subprocess.SubprocessHook"}
{"timestamp":"2025-09-03T17:10:13.766959","level":"info","event":"25/09/03 17:10:13 INFO MapOutputTrackerMasterEndpoint: Asked to send map output locations for shuffle 0 to 172.22.0.5:56632","logger":"airflow.task.hooks.airflow.providers.standard.hooks.subprocess.SubprocessHook"}
{"timestamp":"2025-09-03T17:10:13.984961","level":"info","event":"25/09/03 17:10:13 INFO BlockManagerInfo: Removed broadcast_2_piece0 on 31a98e31d62d:44199 in memory (size: 19.7 KiB, free: 434.3 MiB)","logger":"airflow.task.hooks.airflow.providers.standard.hooks.subprocess.SubprocessHook"}
{"timestamp":"2025-09-03T17:10:13.998083","level":"info","event":"25/09/03 17:10:13 INFO BlockManagerInfo: Removed broadcast_2_piece0 on 172.22.0.5:35375 in memory (size: 19.7 KiB, free: 434.3 MiB)","logger":"airflow.task.hooks.airflow.providers.standard.hooks.subprocess.SubprocessHook"}
{"timestamp":"2025-09-03T17:10:14.331950","level":"info","event":"25/09/03 17:10:14 INFO TaskSetManager: Finished task 0.0 in stage 3.0 (TID 3) in 829 ms on 172.22.0.5 (executor 0) (1/1)","logger":"airflow.task.hooks.airflow.providers.standard.hooks.subprocess.SubprocessHook"}
{"timestamp":"2025-09-03T17:10:14.332164","level":"info","event":"25/09/03 17:10:14 INFO TaskSchedulerImpl: Removed TaskSet 3.0, whose tasks have all completed, from pool","logger":"airflow.task.hooks.airflow.providers.standard.hooks.subprocess.SubprocessHook"}
{"timestamp":"2025-09-03T17:10:14.338044","level":"info","event":"25/09/03 17:10:14 INFO DAGScheduler: ResultStage 3 ($anonfun$withThreadLocalCaptured$1 at FutureTask.java:264) finished in 0.873 s","logger":"airflow.task.hooks.airflow.providers.standard.hooks.subprocess.SubprocessHook"}
{"timestamp":"2025-09-03T17:10:14.340597","level":"info","event":"25/09/03 17:10:14 INFO DAGScheduler: Job 2 is finished. Cancelling potential speculative or zombie tasks for this job","logger":"airflow.task.hooks.airflow.providers.standard.hooks.subprocess.SubprocessHook"}
{"timestamp":"2025-09-03T17:10:14.342019","level":"info","event":"25/09/03 17:10:14 INFO TaskSchedulerImpl: Killing all running tasks in stage 3: Stage finished","logger":"airflow.task.hooks.airflow.providers.standard.hooks.subprocess.SubprocessHook"}
{"timestamp":"2025-09-03T17:10:14.343923","level":"info","event":"25/09/03 17:10:14 INFO DAGScheduler: Job 2 finished: $anonfun$withThreadLocalCaptured$1 at FutureTask.java:264, took 0.971964 s","logger":"airflow.task.hooks.airflow.providers.standard.hooks.subprocess.SubprocessHook"}
{"timestamp":"2025-09-03T17:10:14.467075","level":"info","event":"25/09/03 17:10:14 INFO CodeGenerator: Code generated in 64.190937 ms","logger":"airflow.task.hooks.airflow.providers.standard.hooks.subprocess.SubprocessHook"}
{"timestamp":"2025-09-03T17:10:14.543138","level":"info","event":"25/09/03 17:10:14 INFO MemoryStore: Block broadcast_4_piece0 stored as bytes in memory (estimated size 3.5 KiB, free 434.1 MiB)","logger":"airflow.task.hooks.airflow.providers.standard.hooks.subprocess.SubprocessHook"}
{"timestamp":"2025-09-03T17:10:14.553026","level":"info","event":"25/09/03 17:10:14 INFO BlockManagerInfo: Added broadcast_4_piece0 in memory on 31a98e31d62d:44199 (size: 3.5 KiB, free: 434.3 MiB)","logger":"airflow.task.hooks.airflow.providers.standard.hooks.subprocess.SubprocessHook"}
{"timestamp":"2025-09-03T17:10:14.553293","level":"info","event":"25/09/03 17:10:14 INFO SparkContext: Created broadcast 4 from $anonfun$withThreadLocalCaptured$1 at FutureTask.java:264","logger":"airflow.task.hooks.airflow.providers.standard.hooks.subprocess.SubprocessHook"}
{"timestamp":"2025-09-03T17:10:14.556043","level":"info","event":"25/09/03 17:10:14 INFO BlockManagerInfo: Removed broadcast_3_piece0 on 31a98e31d62d:44199 in memory (size: 19.8 KiB, free: 434.4 MiB)","logger":"airflow.task.hooks.airflow.providers.standard.hooks.subprocess.SubprocessHook"}
{"timestamp":"2025-09-03T17:10:14.591977","level":"info","event":"25/09/03 17:10:14 INFO FileSourceStrategy: Pushed Filters:","logger":"airflow.task.hooks.airflow.providers.standard.hooks.subprocess.SubprocessHook"}
{"timestamp":"2025-09-03T17:10:14.592220","level":"info","event":"25/09/03 17:10:14 INFO FileSourceStrategy: Post-Scan Filters: ((cast((unix_timestamp(tpep_dropoff_datetime#2, yyyy-MM-dd HH:mm:ss, Some(Etc/UTC), false) - unix_timestamp(tpep_pickup_datetime#1, yyyy-MM-dd HH:mm:ss, Some(Etc/UTC), false)) as double) / 3600.0) > 1.0)","logger":"airflow.task.hooks.airflow.providers.standard.hooks.subprocess.SubprocessHook"}
{"timestamp":"2025-09-03T17:10:14.606568","level":"info","event":"25/09/03 17:10:14 INFO BlockManagerInfo: Removed broadcast_3_piece0 on 172.22.0.5:35375 in memory (size: 19.8 KiB, free: 434.4 MiB)","logger":"airflow.task.hooks.airflow.providers.standard.hooks.subprocess.SubprocessHook"}
{"timestamp":"2025-09-03T17:10:14.692948","level":"info","event":"25/09/03 17:10:14 INFO ParquetUtils: Using default output committer for Parquet: org.apache.parquet.hadoop.ParquetOutputCommitter","logger":"airflow.task.hooks.airflow.providers.standard.hooks.subprocess.SubprocessHook"}
{"timestamp":"2025-09-03T17:10:14.727585","level":"info","event":"25/09/03 17:10:14 INFO FileOutputCommitter: File Output Committer Algorithm version is 1","logger":"airflow.task.hooks.airflow.providers.standard.hooks.subprocess.SubprocessHook"}
{"timestamp":"2025-09-03T17:10:14.730427","level":"info","event":"25/09/03 17:10:14 INFO FileOutputCommitter: FileOutputCommitter skip cleanup _temporary folders under output directory:false, ignore cleanup failures: false","logger":"airflow.task.hooks.airflow.providers.standard.hooks.subprocess.SubprocessHook"}
{"timestamp":"2025-09-03T17:10:14.732928","level":"info","event":"25/09/03 17:10:14 INFO SQLHadoopMapReduceCommitProtocol: Using user defined output committer class org.apache.parquet.hadoop.ParquetOutputCommitter","logger":"airflow.task.hooks.airflow.providers.standard.hooks.subprocess.SubprocessHook"}
{"timestamp":"2025-09-03T17:10:14.733097","level":"info","event":"25/09/03 17:10:14 INFO FileOutputCommitter: File Output Committer Algorithm version is 1","logger":"airflow.task.hooks.airflow.providers.standard.hooks.subprocess.SubprocessHook"}
{"timestamp":"2025-09-03T17:10:14.733197","level":"info","event":"25/09/03 17:10:14 INFO FileOutputCommitter: FileOutputCommitter skip cleanup _temporary folders under output directory:false, ignore cleanup failures: false","logger":"airflow.task.hooks.airflow.providers.standard.hooks.subprocess.SubprocessHook"}
{"timestamp":"2025-09-03T17:10:14.735632","level":"info","event":"25/09/03 17:10:14 INFO SQLHadoopMapReduceCommitProtocol: Using output committer class org.apache.parquet.hadoop.ParquetOutputCommitter","logger":"airflow.task.hooks.airflow.providers.standard.hooks.subprocess.SubprocessHook"}
{"timestamp":"2025-09-03T17:10:15.019530","level":"info","event":"25/09/03 17:10:15 INFO CodeGenerator: Code generated in 66.68401 ms","logger":"airflow.task.hooks.airflow.providers.standard.hooks.subprocess.SubprocessHook"}
{"timestamp":"2025-09-03T17:10:15.032889","level":"info","event":"25/09/03 17:10:15 INFO MemoryStore: Block broadcast_5 stored as values in memory (estimated size 210.9 KiB, free 433.9 MiB)","logger":"airflow.task.hooks.airflow.providers.standard.hooks.subprocess.SubprocessHook"}
{"timestamp":"2025-09-03T17:10:15.067868","level":"info","event":"25/09/03 17:10:15 INFO MemoryStore: Block broadcast_5_piece0 stored as bytes in memory (estimated size 36.3 KiB, free 433.9 MiB)","logger":"airflow.task.hooks.airflow.providers.standard.hooks.subprocess.SubprocessHook"}
{"timestamp":"2025-09-03T17:10:15.069661","level":"info","event":"25/09/03 17:10:15 INFO BlockManagerInfo: Added broadcast_5_piece0 in memory on 31a98e31d62d:44199 (size: 36.3 KiB, free: 434.3 MiB)","logger":"airflow.task.hooks.airflow.providers.standard.hooks.subprocess.SubprocessHook"}
{"timestamp":"2025-09-03T17:10:15.070830","level":"info","event":"25/09/03 17:10:15 INFO SparkContext: Created broadcast 5 from parquet at NativeMethodAccessorImpl.java:0","logger":"airflow.task.hooks.airflow.providers.standard.hooks.subprocess.SubprocessHook"}
{"timestamp":"2025-09-03T17:10:15.074098","level":"info","event":"25/09/03 17:10:15 INFO FileSourceScanExec: Planning scan with bin packing, max size: 27077972 bytes, open cost is considered as scanning 4194304 bytes.","logger":"airflow.task.hooks.airflow.providers.standard.hooks.subprocess.SubprocessHook"}
{"timestamp":"2025-09-03T17:10:15.097705","level":"info","event":"25/09/03 17:10:15 INFO SparkContext: Starting job: parquet at NativeMethodAccessorImpl.java:0","logger":"airflow.task.hooks.airflow.providers.standard.hooks.subprocess.SubprocessHook"}
{"timestamp":"2025-09-03T17:10:15.099948","level":"info","event":"25/09/03 17:10:15 INFO DAGScheduler: Got job 3 (parquet at NativeMethodAccessorImpl.java:0) with 2 output partitions","logger":"airflow.task.hooks.airflow.providers.standard.hooks.subprocess.SubprocessHook"}
{"timestamp":"2025-09-03T17:10:15.100132","level":"info","event":"25/09/03 17:10:15 INFO DAGScheduler: Final stage: ResultStage 4 (parquet at NativeMethodAccessorImpl.java:0)","logger":"airflow.task.hooks.airflow.providers.standard.hooks.subprocess.SubprocessHook"}
{"timestamp":"2025-09-03T17:10:15.100237","level":"info","event":"25/09/03 17:10:15 INFO DAGScheduler: Parents of final stage: List()","logger":"airflow.task.hooks.airflow.providers.standard.hooks.subprocess.SubprocessHook"}
{"timestamp":"2025-09-03T17:10:15.101687","level":"info","event":"25/09/03 17:10:15 INFO DAGScheduler: Missing parents: List()","logger":"airflow.task.hooks.airflow.providers.standard.hooks.subprocess.SubprocessHook"}
{"timestamp":"2025-09-03T17:10:15.109673","level":"info","event":"25/09/03 17:10:15 INFO DAGScheduler: Submitting ResultStage 4 (MapPartitionsRDD[12] at parquet at NativeMethodAccessorImpl.java:0), which has no missing parents","logger":"airflow.task.hooks.airflow.providers.standard.hooks.subprocess.SubprocessHook"}
{"timestamp":"2025-09-03T17:10:15.154763","level":"info","event":"25/09/03 17:10:15 INFO MemoryStore: Block broadcast_6 stored as values in memory (estimated size 226.3 KiB, free 433.7 MiB)","logger":"airflow.task.hooks.airflow.providers.standard.hooks.subprocess.SubprocessHook"}
{"timestamp":"2025-09-03T17:10:15.173968","level":"info","event":"25/09/03 17:10:15 INFO MemoryStore: Block broadcast_6_piece0 stored as bytes in memory (estimated size 81.4 KiB, free 433.6 MiB)","logger":"airflow.task.hooks.airflow.providers.standard.hooks.subprocess.SubprocessHook"}
{"timestamp":"2025-09-03T17:10:15.176158","level":"info","event":"25/09/03 17:10:15 INFO BlockManagerInfo: Added broadcast_6_piece0 in memory on 31a98e31d62d:44199 (size: 81.4 KiB, free: 434.2 MiB)","logger":"airflow.task.hooks.airflow.providers.standard.hooks.subprocess.SubprocessHook"}
{"timestamp":"2025-09-03T17:10:15.179930","level":"info","event":"25/09/03 17:10:15 INFO SparkContext: Created broadcast 6 from broadcast at DAGScheduler.scala:1580","logger":"airflow.task.hooks.airflow.providers.standard.hooks.subprocess.SubprocessHook"}
{"timestamp":"2025-09-03T17:10:15.180105","level":"info","event":"25/09/03 17:10:15 INFO DAGScheduler: Submitting 2 missing tasks from ResultStage 4 (MapPartitionsRDD[12] at parquet at NativeMethodAccessorImpl.java:0) (first 15 tasks are for partitions Vector(0, 1))","logger":"airflow.task.hooks.airflow.providers.standard.hooks.subprocess.SubprocessHook"}
{"timestamp":"2025-09-03T17:10:15.180229","level":"info","event":"25/09/03 17:10:15 INFO TaskSchedulerImpl: Adding task set 4.0 with 2 tasks resource profile 0","logger":"airflow.task.hooks.airflow.providers.standard.hooks.subprocess.SubprocessHook"}
{"timestamp":"2025-09-03T17:10:15.183812","level":"info","event":"25/09/03 17:10:15 INFO TaskSetManager: Starting task 0.0 in stage 4.0 (TID 4) (172.22.0.5, executor 0, partition 0, PROCESS_LOCAL, 8225 bytes)","logger":"airflow.task.hooks.airflow.providers.standard.hooks.subprocess.SubprocessHook"}
{"timestamp":"2025-09-03T17:10:15.187660","level":"info","event":"25/09/03 17:10:15 INFO TaskSetManager: Starting task 1.0 in stage 4.0 (TID 5) (172.22.0.5, executor 0, partition 1, PROCESS_LOCAL, 8225 bytes)","logger":"airflow.task.hooks.airflow.providers.standard.hooks.subprocess.SubprocessHook"}
{"timestamp":"2025-09-03T17:10:15.267004","level":"info","event":"25/09/03 17:10:15 INFO BlockManagerInfo: Added broadcast_6_piece0 in memory on 172.22.0.5:35375 (size: 81.4 KiB, free: 434.3 MiB)","logger":"airflow.task.hooks.airflow.providers.standard.hooks.subprocess.SubprocessHook"}
{"timestamp":"2025-09-03T17:10:15.606280","level":"info","event":"25/09/03 17:10:15 INFO BlockManagerInfo: Added broadcast_4_piece0 in memory on 172.22.0.5:35375 (size: 3.5 KiB, free: 434.3 MiB)","logger":"airflow.task.hooks.airflow.providers.standard.hooks.subprocess.SubprocessHook"}
{"timestamp":"2025-09-03T17:10:15.756239","level":"info","event":"25/09/03 17:10:15 INFO BlockManagerInfo: Added broadcast_5_piece0 in memory on 172.22.0.5:35375 (size: 36.3 KiB, free: 434.2 MiB)","logger":"airflow.task.hooks.airflow.providers.standard.hooks.subprocess.SubprocessHook"}
{"timestamp":"2025-09-03T17:10:19.117614","level":"info","event":"25/09/03 17:10:19 INFO TaskSetManager: Finished task 1.0 in stage 4.0 (TID 5) in 3932 ms on 172.22.0.5 (executor 0) (1/2)","logger":"airflow.task.hooks.airflow.providers.standard.hooks.subprocess.SubprocessHook"}
{"timestamp":"2025-09-03T17:10:19.206057","level":"info","event":"25/09/03 17:10:19 INFO TaskSetManager: Finished task 0.0 in stage 4.0 (TID 4) in 4016 ms on 172.22.0.5 (executor 0) (2/2)","logger":"airflow.task.hooks.airflow.providers.standard.hooks.subprocess.SubprocessHook"}
{"timestamp":"2025-09-03T17:10:19.206295","level":"info","event":"25/09/03 17:10:19 INFO TaskSchedulerImpl: Removed TaskSet 4.0, whose tasks have all completed, from pool","logger":"airflow.task.hooks.airflow.providers.standard.hooks.subprocess.SubprocessHook"}
{"timestamp":"2025-09-03T17:10:19.206411","level":"info","event":"25/09/03 17:10:19 INFO DAGScheduler: ResultStage 4 (parquet at NativeMethodAccessorImpl.java:0) finished in 4.095 s","logger":"airflow.task.hooks.airflow.providers.standard.hooks.subprocess.SubprocessHook"}
{"timestamp":"2025-09-03T17:10:19.206513","level":"info","event":"25/09/03 17:10:19 INFO DAGScheduler: Job 3 is finished. Cancelling potential speculative or zombie tasks for this job","logger":"airflow.task.hooks.airflow.providers.standard.hooks.subprocess.SubprocessHook"}
{"timestamp":"2025-09-03T17:10:19.206609","level":"info","event":"25/09/03 17:10:19 INFO TaskSchedulerImpl: Killing all running tasks in stage 4: Stage finished","logger":"airflow.task.hooks.airflow.providers.standard.hooks.subprocess.SubprocessHook"}
{"timestamp":"2025-09-03T17:10:19.206750","level":"info","event":"25/09/03 17:10:19 INFO DAGScheduler: Job 3 finished: parquet at NativeMethodAccessorImpl.java:0, took 4.108680 s","logger":"airflow.task.hooks.airflow.providers.standard.hooks.subprocess.SubprocessHook"}
{"timestamp":"2025-09-03T17:10:19.212677","level":"info","event":"25/09/03 17:10:19 INFO FileFormatWriter: Start to commit write Job d98af66e-ec2c-4274-a6a1-1e5ebf9b2dbc.","logger":"airflow.task.hooks.airflow.providers.standard.hooks.subprocess.SubprocessHook"}
{"timestamp":"2025-09-03T17:10:19.760599","level":"info","event":"25/09/03 17:10:19 INFO FileFormatWriter: Write Job d98af66e-ec2c-4274-a6a1-1e5ebf9b2dbc committed. Elapsed time: 549 ms.","logger":"airflow.task.hooks.airflow.providers.standard.hooks.subprocess.SubprocessHook"}
{"timestamp":"2025-09-03T17:10:19.764865","level":"info","event":"25/09/03 17:10:19 INFO FileFormatWriter: Finished processing stats for write job d98af66e-ec2c-4274-a6a1-1e5ebf9b2dbc.","logger":"airflow.task.hooks.airflow.providers.standard.hooks.subprocess.SubprocessHook"}
{"timestamp":"2025-09-03T17:10:19.954974","level":"info","event":"25/09/03 17:10:19 INFO SparkContext: Invoking stop() from shutdown hook","logger":"airflow.task.hooks.airflow.providers.standard.hooks.subprocess.SubprocessHook"}
{"timestamp":"2025-09-03T17:10:19.955277","level":"info","event":"25/09/03 17:10:19 INFO SparkContext: SparkContext is stopping with exitCode 0.","logger":"airflow.task.hooks.airflow.providers.standard.hooks.subprocess.SubprocessHook"}
{"timestamp":"2025-09-03T17:10:19.972440","level":"info","event":"25/09/03 17:10:19 INFO SparkUI: Stopped Spark web UI at http://31a98e31d62d:4040","logger":"airflow.task.hooks.airflow.providers.standard.hooks.subprocess.SubprocessHook"}
{"timestamp":"2025-09-03T17:10:19.978246","level":"info","event":"25/09/03 17:10:19 INFO StandaloneSchedulerBackend: Shutting down all executors","logger":"airflow.task.hooks.airflow.providers.standard.hooks.subprocess.SubprocessHook"}
{"timestamp":"2025-09-03T17:10:19.979135","level":"info","event":"25/09/03 17:10:19 INFO StandaloneSchedulerBackend$StandaloneDriverEndpoint: Asking each executor to shut down","logger":"airflow.task.hooks.airflow.providers.standard.hooks.subprocess.SubprocessHook"}
{"timestamp":"2025-09-03T17:10:20.075270","level":"info","event":"25/09/03 17:10:20 INFO MapOutputTrackerMasterEndpoint: MapOutputTrackerMasterEndpoint stopped!","logger":"airflow.task.hooks.airflow.providers.standard.hooks.subprocess.SubprocessHook"}
{"timestamp":"2025-09-03T17:10:20.116613","level":"info","event":"25/09/03 17:10:20 INFO MemoryStore: MemoryStore cleared","logger":"airflow.task.hooks.airflow.providers.standard.hooks.subprocess.SubprocessHook"}
{"timestamp":"2025-09-03T17:10:20.119308","level":"info","event":"25/09/03 17:10:20 INFO BlockManager: BlockManager stopped","logger":"airflow.task.hooks.airflow.providers.standard.hooks.subprocess.SubprocessHook"}
{"timestamp":"2025-09-03T17:10:20.132402","level":"info","event":"25/09/03 17:10:20 INFO BlockManagerMaster: BlockManagerMaster stopped","logger":"airflow.task.hooks.airflow.providers.standard.hooks.subprocess.SubprocessHook"}
{"timestamp":"2025-09-03T17:10:20.138190","level":"info","event":"25/09/03 17:10:20 INFO OutputCommitCoordinator$OutputCommitCoordinatorEndpoint: OutputCommitCoordinator stopped!","logger":"airflow.task.hooks.airflow.providers.standard.hooks.subprocess.SubprocessHook"}
{"timestamp":"2025-09-03T17:10:20.155106","level":"info","event":"25/09/03 17:10:20 INFO SparkContext: Successfully stopped SparkContext","logger":"airflow.task.hooks.airflow.providers.standard.hooks.subprocess.SubprocessHook"}
{"timestamp":"2025-09-03T17:10:20.155343","level":"info","event":"25/09/03 17:10:20 INFO ShutdownHookManager: Shutdown hook called","logger":"airflow.task.hooks.airflow.providers.standard.hooks.subprocess.SubprocessHook"}
{"timestamp":"2025-09-03T17:10:20.157371","level":"info","event":"25/09/03 17:10:20 INFO ShutdownHookManager: Deleting directory /tmp/spark-5bfb8054-908c-45ab-b50f-78c604212211","logger":"airflow.task.hooks.airflow.providers.standard.hooks.subprocess.SubprocessHook"}
{"timestamp":"2025-09-03T17:10:20.165950","level":"info","event":"25/09/03 17:10:20 INFO ShutdownHookManager: Deleting directory /tmp/spark-5bfb8054-908c-45ab-b50f-78c604212211/pyspark-54ef8aca-75aa-49b2-9896-c8504cb6834d","logger":"airflow.task.hooks.airflow.providers.standard.hooks.subprocess.SubprocessHook"}
{"timestamp":"2025-09-03T17:10:20.174032","level":"info","event":"25/09/03 17:10:20 INFO ShutdownHookManager: Deleting directory /tmp/spark-30ab7939-e66f-4901-814f-7353fd3e521a","logger":"airflow.task.hooks.airflow.providers.standard.hooks.subprocess.SubprocessHook"}
{"timestamp":"2025-09-03T17:10:20.187297","level":"info","event":"25/09/03 17:10:20 INFO MetricsSystemImpl: Stopping s3a-file-system metrics system...","logger":"airflow.task.hooks.airflow.providers.standard.hooks.subprocess.SubprocessHook"}
{"timestamp":"2025-09-03T17:10:20.189305","level":"info","event":"25/09/03 17:10:20 INFO MetricsSystemImpl: s3a-file-system metrics system stopped.","logger":"airflow.task.hooks.airflow.providers.standard.hooks.subprocess.SubprocessHook"}
{"timestamp":"2025-09-03T17:10:20.189509","level":"info","event":"25/09/03 17:10:20 INFO MetricsSystemImpl: s3a-file-system metrics system shutdown complete.","logger":"airflow.task.hooks.airflow.providers.standard.hooks.subprocess.SubprocessHook"}
{"timestamp":"2025-09-03T17:10:20.289415","level":"info","event":"Command exited with return code 0","logger":"airflow.task.hooks.airflow.providers.standard.hooks.subprocess.SubprocessHook"}
{"timestamp":"2025-09-03T17:10:20.290946","level":"info","event":"Pushing xcom","ti":"RuntimeTaskInstance(id=UUID('0199108e-177d-7217-9ed6-8a10a001bf6f'), task_id='spark_submit_job', dag_id='spark_submit_people', run_id='manual__2025-09-03T17:09:31.626943+00:00', try_number=1, map_index=-1, hostname='31a98e31d62d', context_carrier=None, task=<Task(BashOperator): spark_submit_job>, bundle_instance=LocalDagBundle(name=dags-folder), max_tries=0, start_date=datetime.datetime(2025, 9, 3, 17, 9, 33, 160248, tzinfo=TzInfo(UTC)), end_date=None, state=<TaskInstanceState.RUNNING: 'running'>, is_mapped=False, rendered_map_index=None)","logger":"task"}
