{"timestamp":"2025-09-03T17:50:01.989638","level":"info","event":"DAG bundles loaded: dags-folder","logger":"airflow.dag_processing.bundles.manager.DagBundlesManager"}
{"timestamp":"2025-09-03T17:50:01.990609","level":"info","event":"Filling up the DagBag from /opt/airflow/dags/spark_submit_dag.py","logger":"airflow.models.dagbag.DagBag"}
{"timestamp":"2025-09-03T17:50:02.010907","level":"info","event":"Tmp dir root location: /tmp","logger":"airflow.task.hooks.airflow.providers.standard.hooks.subprocess.SubprocessHook"}
{"timestamp":"2025-09-03T17:50:02.011902","level":"info","event":"Running command: ['/usr/bin/bash', '-c', '\\n        spark-submit         --master spark://spark-master:7077         --conf spark.hadoop.fs.s3a.access.key=telcoaz         --conf spark.hadoop.fs.s3a.secret.key=Telco12345         --conf spark.hadoop.fs.s3a.endpoint=http://minio:9000         --conf spark.hadoop.fs.s3a.path.style.access=true \\t--conf spark.eventlog.enabled=false         /opt/airflow/dags/hello_spark.py\\n        ']","logger":"airflow.task.hooks.airflow.providers.standard.hooks.subprocess.SubprocessHook"}
{"timestamp":"2025-09-03T17:50:02.031937","level":"info","event":"Output:","logger":"airflow.task.hooks.airflow.providers.standard.hooks.subprocess.SubprocessHook"}
{"timestamp":"2025-09-03T17:50:06.303319","level":"info","event":"25/09/03 17:50:06 INFO SparkContext: Running Spark version 3.5.0","logger":"airflow.task.hooks.airflow.providers.standard.hooks.subprocess.SubprocessHook"}
{"timestamp":"2025-09-03T17:50:06.310250","level":"info","event":"25/09/03 17:50:06 INFO SparkContext: OS info Linux, 6.14.0-1012-aws, amd64","logger":"airflow.task.hooks.airflow.providers.standard.hooks.subprocess.SubprocessHook"}
{"timestamp":"2025-09-03T17:50:06.310946","level":"info","event":"25/09/03 17:50:06 INFO SparkContext: Java version 17.0.16","logger":"airflow.task.hooks.airflow.providers.standard.hooks.subprocess.SubprocessHook"}
{"timestamp":"2025-09-03T17:50:06.445947","level":"info","event":"25/09/03 17:50:06 WARN NativeCodeLoader: Unable to load native-hadoop library for your platform... using builtin-java classes where applicable","logger":"airflow.task.hooks.airflow.providers.standard.hooks.subprocess.SubprocessHook"}
{"timestamp":"2025-09-03T17:50:06.635933","level":"info","event":"25/09/03 17:50:06 INFO ResourceUtils: ==============================================================","logger":"airflow.task.hooks.airflow.providers.standard.hooks.subprocess.SubprocessHook"}
{"timestamp":"2025-09-03T17:50:06.637224","level":"info","event":"25/09/03 17:50:06 INFO ResourceUtils: No custom resources configured for spark.driver.","logger":"airflow.task.hooks.airflow.providers.standard.hooks.subprocess.SubprocessHook"}
{"timestamp":"2025-09-03T17:50:06.638643","level":"info","event":"25/09/03 17:50:06 INFO ResourceUtils: ==============================================================","logger":"airflow.task.hooks.airflow.providers.standard.hooks.subprocess.SubprocessHook"}
{"timestamp":"2025-09-03T17:50:06.639449","level":"info","event":"25/09/03 17:50:06 INFO SparkContext: Submitted application: ProcessingTask","logger":"airflow.task.hooks.airflow.providers.standard.hooks.subprocess.SubprocessHook"}
{"timestamp":"2025-09-03T17:50:06.648156","level":"info","event":"25/09/03 17:50:06 INFO SparkContext: Spark configuration:","logger":"airflow.task.hooks.airflow.providers.standard.hooks.subprocess.SubprocessHook"}
{"timestamp":"2025-09-03T17:50:06.648390","level":"info","event":"spark.app.name=ProcessingTask","logger":"airflow.task.hooks.airflow.providers.standard.hooks.subprocess.SubprocessHook"}
{"timestamp":"2025-09-03T17:50:06.648501","level":"info","event":"spark.app.startTime=1756921806287","logger":"airflow.task.hooks.airflow.providers.standard.hooks.subprocess.SubprocessHook"}
{"timestamp":"2025-09-03T17:50:06.648594","level":"info","event":"spark.app.submitTime=1756921804875","logger":"airflow.task.hooks.airflow.providers.standard.hooks.subprocess.SubprocessHook"}
{"timestamp":"2025-09-03T17:50:06.648681","level":"info","event":"spark.delta.logStore.class=org.apache.spark.sql.delta.storage.S3SingleDriverLogStore","logger":"airflow.task.hooks.airflow.providers.standard.hooks.subprocess.SubprocessHook"}
{"timestamp":"2025-09-03T17:50:06.648803","level":"info","event":"spark.driver.extraJavaOptions=-Djava.net.preferIPv6Addresses=false -XX:+IgnoreUnrecognizedVMOptions --add-opens=java.base/java.lang=ALL-UNNAMED --add-opens=java.base/java.lang.invoke=ALL-UNNAMED --add-opens=java.base/java.lang.reflect=ALL-UNNAMED --add-opens=java.base/java.io=ALL-UNNAMED --add-opens=java.base/java.net=ALL-UNNAMED --add-opens=java.base/java.nio=ALL-UNNAMED --add-opens=java.base/java.util=ALL-UNNAMED --add-opens=java.base/java.util.concurrent=ALL-UNNAMED --add-opens=java.base/java.util.concurrent.atomic=ALL-UNNAMED --add-opens=java.base/sun.nio.ch=ALL-UNNAMED --add-opens=java.base/sun.nio.cs=ALL-UNNAMED --add-opens=java.base/sun.security.action=ALL-UNNAMED --add-opens=java.base/sun.util.calendar=ALL-UNNAMED --add-opens=java.security.jgss/sun.security.krb5=ALL-UNNAMED -Djdk.reflect.useDirectMethodHandle=false","logger":"airflow.task.hooks.airflow.providers.standard.hooks.subprocess.SubprocessHook"}
{"timestamp":"2025-09-03T17:50:06.648920","level":"info","event":"spark.eventLog.dir=/opt/spark/history","logger":"airflow.task.hooks.airflow.providers.standard.hooks.subprocess.SubprocessHook"}
{"timestamp":"2025-09-03T17:50:06.649004","level":"info","event":"spark.eventLog.enabled=true","logger":"airflow.task.hooks.airflow.providers.standard.hooks.subprocess.SubprocessHook"}
{"timestamp":"2025-09-03T17:50:06.649091","level":"info","event":"spark.eventlog.enabled=false","logger":"airflow.task.hooks.airflow.providers.standard.hooks.subprocess.SubprocessHook"}
{"timestamp":"2025-09-03T17:50:06.651882","level":"info","event":"spark.executor.extraJavaOptions=-Djava.net.preferIPv6Addresses=false -XX:+IgnoreUnrecognizedVMOptions --add-opens=java.base/java.lang=ALL-UNNAMED --add-opens=java.base/java.lang.invoke=ALL-UNNAMED --add-opens=java.base/java.lang.reflect=ALL-UNNAMED --add-opens=java.base/java.io=ALL-UNNAMED --add-opens=java.base/java.net=ALL-UNNAMED --add-opens=java.base/java.nio=ALL-UNNAMED --add-opens=java.base/java.util=ALL-UNNAMED --add-opens=java.base/java.util.concurrent=ALL-UNNAMED --add-opens=java.base/java.util.concurrent.atomic=ALL-UNNAMED --add-opens=java.base/sun.nio.ch=ALL-UNNAMED --add-opens=java.base/sun.nio.cs=ALL-UNNAMED --add-opens=java.base/sun.security.action=ALL-UNNAMED --add-opens=java.base/sun.util.calendar=ALL-UNNAMED --add-opens=java.security.jgss/sun.security.krb5=ALL-UNNAMED -Djdk.reflect.useDirectMethodHandle=false","logger":"airflow.task.hooks.airflow.providers.standard.hooks.subprocess.SubprocessHook"}
{"timestamp":"2025-09-03T17:50:06.652072","level":"info","event":"spark.hadoop.fs.s3a.access.key=*********(redacted)","logger":"airflow.task.hooks.airflow.providers.standard.hooks.subprocess.SubprocessHook"}
{"timestamp":"2025-09-03T17:50:06.652211","level":"info","event":"spark.hadoop.fs.s3a.endpoint=http://minio:9000","logger":"airflow.task.hooks.airflow.providers.standard.hooks.subprocess.SubprocessHook"}
{"timestamp":"2025-09-03T17:50:06.652325","level":"info","event":"spark.hadoop.fs.s3a.fast.upload=true","logger":"airflow.task.hooks.airflow.providers.standard.hooks.subprocess.SubprocessHook"}
{"timestamp":"2025-09-03T17:50:06.652433","level":"info","event":"spark.hadoop.fs.s3a.impl=org.apache.hadoop.fs.s3a.S3AFileSystem","logger":"airflow.task.hooks.airflow.providers.standard.hooks.subprocess.SubprocessHook"}
{"timestamp":"2025-09-03T17:50:06.652525","level":"info","event":"spark.hadoop.fs.s3a.multiobjectdelete.enable=true","logger":"airflow.task.hooks.airflow.providers.standard.hooks.subprocess.SubprocessHook"}
{"timestamp":"2025-09-03T17:50:06.652631","level":"info","event":"spark.hadoop.fs.s3a.path.style.access=true","logger":"airflow.task.hooks.airflow.providers.standard.hooks.subprocess.SubprocessHook"}
{"timestamp":"2025-09-03T17:50:06.655814","level":"info","event":"spark.hadoop.fs.s3a.secret.key=*********(redacted)","logger":"airflow.task.hooks.airflow.providers.standard.hooks.subprocess.SubprocessHook"}
{"timestamp":"2025-09-03T17:50:06.656075","level":"info","event":"spark.history.fs.logDirectory=s3a://spark/","logger":"airflow.task.hooks.airflow.providers.standard.hooks.subprocess.SubprocessHook"}
{"timestamp":"2025-09-03T17:50:06.656209","level":"info","event":"spark.jars.packages=org.apache.spark:spark-sql-kafka-0-10_2.12:3.5.0,org.apache.spark:spark-avro_2.12:3.5.0","logger":"airflow.task.hooks.airflow.providers.standard.hooks.subprocess.SubprocessHook"}
{"timestamp":"2025-09-03T17:50:06.656311","level":"info","event":"spark.jars.repositories=https://packages.confluent.io/maven/","logger":"airflow.task.hooks.airflow.providers.standard.hooks.subprocess.SubprocessHook"}
{"timestamp":"2025-09-03T17:50:06.656398","level":"info","event":"spark.logConf=true","logger":"airflow.task.hooks.airflow.providers.standard.hooks.subprocess.SubprocessHook"}
{"timestamp":"2025-09-03T17:50:06.656481","level":"info","event":"spark.master=spark://spark-master:7077","logger":"airflow.task.hooks.airflow.providers.standard.hooks.subprocess.SubprocessHook"}
{"timestamp":"2025-09-03T17:50:06.656562","level":"info","event":"spark.network.timeout=10000s","logger":"airflow.task.hooks.airflow.providers.standard.hooks.subprocess.SubprocessHook"}
{"timestamp":"2025-09-03T17:50:06.656641","level":"info","event":"spark.rdd.compress=True","logger":"airflow.task.hooks.airflow.providers.standard.hooks.subprocess.SubprocessHook"}
{"timestamp":"2025-09-03T17:50:06.656742","level":"info","event":"spark.serializer.objectStreamReset=100","logger":"airflow.task.hooks.airflow.providers.standard.hooks.subprocess.SubprocessHook"}
{"timestamp":"2025-09-03T17:50:06.656832","level":"info","event":"spark.sql.catalog.spark_catalog=org.apache.spark.sql.delta.catalog.DeltaCatalog","logger":"airflow.task.hooks.airflow.providers.standard.hooks.subprocess.SubprocessHook"}
{"timestamp":"2025-09-03T17:50:06.656927","level":"info","event":"spark.sql.extensions=io.delta.sql.DeltaSparkSessionExtension","logger":"airflow.task.hooks.airflow.providers.standard.hooks.subprocess.SubprocessHook"}
{"timestamp":"2025-09-03T17:50:06.657014","level":"info","event":"spark.sql.files.ignoreMissingFiles=true","logger":"airflow.task.hooks.airflow.providers.standard.hooks.subprocess.SubprocessHook"}
{"timestamp":"2025-09-03T17:50:06.657100","level":"info","event":"spark.sql.sources.partitionOverwriteMode=dynamic","logger":"airflow.task.hooks.airflow.providers.standard.hooks.subprocess.SubprocessHook"}
{"timestamp":"2025-09-03T17:50:06.657185","level":"info","event":"spark.submit.deployMode=client","logger":"airflow.task.hooks.airflow.providers.standard.hooks.subprocess.SubprocessHook"}
{"timestamp":"2025-09-03T17:50:06.657264","level":"info","event":"spark.submit.pyFiles=","logger":"airflow.task.hooks.airflow.providers.standard.hooks.subprocess.SubprocessHook"}
{"timestamp":"2025-09-03T17:50:06.703955","level":"info","event":"25/09/03 17:50:06 INFO ResourceProfile: Default ResourceProfile created, executor resources: Map(memory -> name: memory, amount: 1024, script: , vendor: , offHeap -> name: offHeap, amount: 0, script: , vendor: ), task resources: Map(cpus -> name: cpus, amount: 1.0)","logger":"airflow.task.hooks.airflow.providers.standard.hooks.subprocess.SubprocessHook"}
{"timestamp":"2025-09-03T17:50:06.715955","level":"info","event":"25/09/03 17:50:06 INFO ResourceProfile: Limiting resource is cpu","logger":"airflow.task.hooks.airflow.providers.standard.hooks.subprocess.SubprocessHook"}
{"timestamp":"2025-09-03T17:50:06.717565","level":"info","event":"25/09/03 17:50:06 INFO ResourceProfileManager: Added ResourceProfile id: 0","logger":"airflow.task.hooks.airflow.providers.standard.hooks.subprocess.SubprocessHook"}
{"timestamp":"2025-09-03T17:50:06.826731","level":"info","event":"25/09/03 17:50:06 INFO SecurityManager: Changing view acls to: airflow","logger":"airflow.task.hooks.airflow.providers.standard.hooks.subprocess.SubprocessHook"}
{"timestamp":"2025-09-03T17:50:06.827573","level":"info","event":"25/09/03 17:50:06 INFO SecurityManager: Changing modify acls to: airflow","logger":"airflow.task.hooks.airflow.providers.standard.hooks.subprocess.SubprocessHook"}
{"timestamp":"2025-09-03T17:50:06.829934","level":"info","event":"25/09/03 17:50:06 INFO SecurityManager: Changing view acls groups to:","logger":"airflow.task.hooks.airflow.providers.standard.hooks.subprocess.SubprocessHook"}
{"timestamp":"2025-09-03T17:50:06.832134","level":"info","event":"25/09/03 17:50:06 INFO SecurityManager: Changing modify acls groups to:","logger":"airflow.task.hooks.airflow.providers.standard.hooks.subprocess.SubprocessHook"}
{"timestamp":"2025-09-03T17:50:06.834150","level":"info","event":"25/09/03 17:50:06 INFO SecurityManager: SecurityManager: authentication disabled; ui acls disabled; users with view permissions: airflow; groups with view permissions: EMPTY; users with modify permissions: airflow; groups with modify permissions: EMPTY","logger":"airflow.task.hooks.airflow.providers.standard.hooks.subprocess.SubprocessHook"}
{"timestamp":"2025-09-03T17:50:07.258311","level":"info","event":"25/09/03 17:50:07 INFO Utils: Successfully started service 'sparkDriver' on port 45407.","logger":"airflow.task.hooks.airflow.providers.standard.hooks.subprocess.SubprocessHook"}
{"timestamp":"2025-09-03T17:50:07.316158","level":"info","event":"25/09/03 17:50:07 INFO SparkEnv: Registering MapOutputTracker","logger":"airflow.task.hooks.airflow.providers.standard.hooks.subprocess.SubprocessHook"}
{"timestamp":"2025-09-03T17:50:07.380737","level":"info","event":"25/09/03 17:50:07 INFO SparkEnv: Registering BlockManagerMaster","logger":"airflow.task.hooks.airflow.providers.standard.hooks.subprocess.SubprocessHook"}
{"timestamp":"2025-09-03T17:50:07.409698","level":"info","event":"25/09/03 17:50:07 INFO BlockManagerMasterEndpoint: Using org.apache.spark.storage.DefaultTopologyMapper for getting topology information","logger":"airflow.task.hooks.airflow.providers.standard.hooks.subprocess.SubprocessHook"}
{"timestamp":"2025-09-03T17:50:07.412962","level":"info","event":"25/09/03 17:50:07 INFO BlockManagerMasterEndpoint: BlockManagerMasterEndpoint up","logger":"airflow.task.hooks.airflow.providers.standard.hooks.subprocess.SubprocessHook"}
{"timestamp":"2025-09-03T17:50:07.421687","level":"info","event":"25/09/03 17:50:07 INFO SparkEnv: Registering BlockManagerMasterHeartbeat","logger":"airflow.task.hooks.airflow.providers.standard.hooks.subprocess.SubprocessHook"}
{"timestamp":"2025-09-03T17:50:07.457268","level":"info","event":"25/09/03 17:50:07 INFO DiskBlockManager: Created local directory at /tmp/blockmgr-365c2356-62dd-4b69-8294-0b2583c4ffae","logger":"airflow.task.hooks.airflow.providers.standard.hooks.subprocess.SubprocessHook"}
{"timestamp":"2025-09-03T17:50:07.479982","level":"info","event":"25/09/03 17:50:07 INFO MemoryStore: MemoryStore started with capacity 434.4 MiB","logger":"airflow.task.hooks.airflow.providers.standard.hooks.subprocess.SubprocessHook"}
{"timestamp":"2025-09-03T17:50:07.505294","level":"info","event":"25/09/03 17:50:07 INFO SparkEnv: Registering OutputCommitCoordinator","logger":"airflow.task.hooks.airflow.providers.standard.hooks.subprocess.SubprocessHook"}
{"timestamp":"2025-09-03T17:50:07.774649","level":"info","event":"25/09/03 17:50:07 INFO JettyUtils: Start Jetty 0.0.0.0:4040 for SparkUI","logger":"airflow.task.hooks.airflow.providers.standard.hooks.subprocess.SubprocessHook"}
{"timestamp":"2025-09-03T17:50:07.884415","level":"info","event":"25/09/03 17:50:07 INFO Utils: Successfully started service 'SparkUI' on port 4040.","logger":"airflow.task.hooks.airflow.providers.standard.hooks.subprocess.SubprocessHook"}
{"timestamp":"2025-09-03T17:50:08.217975","level":"info","event":"25/09/03 17:50:08 INFO StandaloneAppClient$ClientEndpoint: Connecting to master spark://spark-master:7077...","logger":"airflow.task.hooks.airflow.providers.standard.hooks.subprocess.SubprocessHook"}
{"timestamp":"2025-09-03T17:50:08.319579","level":"info","event":"25/09/03 17:50:08 INFO TransportClientFactory: Successfully created connection to spark-master/172.22.0.3:7077 after 52 ms (0 ms spent in bootstraps)","logger":"airflow.task.hooks.airflow.providers.standard.hooks.subprocess.SubprocessHook"}
{"timestamp":"2025-09-03T17:50:08.469414","level":"info","event":"25/09/03 17:50:08 INFO StandaloneSchedulerBackend: Connected to Spark cluster with app ID app-20250903175008-0036","logger":"airflow.task.hooks.airflow.providers.standard.hooks.subprocess.SubprocessHook"}
{"timestamp":"2025-09-03T17:50:08.476803","level":"info","event":"25/09/03 17:50:08 INFO StandaloneAppClient$ClientEndpoint: Executor added: app-20250903175008-0036/0 on worker-20250903081951-172.22.0.5-43269 (172.22.0.5:43269) with 2 core(s)","logger":"airflow.task.hooks.airflow.providers.standard.hooks.subprocess.SubprocessHook"}
{"timestamp":"2025-09-03T17:50:08.489009","level":"info","event":"25/09/03 17:50:08 INFO StandaloneSchedulerBackend: Granted executor ID app-20250903175008-0036/0 on hostPort 172.22.0.5:43269 with 2 core(s), 1024.0 MiB RAM","logger":"airflow.task.hooks.airflow.providers.standard.hooks.subprocess.SubprocessHook"}
{"timestamp":"2025-09-03T17:50:08.513098","level":"info","event":"25/09/03 17:50:08 INFO Utils: Successfully started service 'org.apache.spark.network.netty.NettyBlockTransferService' on port 35963.","logger":"airflow.task.hooks.airflow.providers.standard.hooks.subprocess.SubprocessHook"}
{"timestamp":"2025-09-03T17:50:08.513334","level":"info","event":"25/09/03 17:50:08 INFO NettyBlockTransferService: Server created on 31a98e31d62d:35963","logger":"airflow.task.hooks.airflow.providers.standard.hooks.subprocess.SubprocessHook"}
{"timestamp":"2025-09-03T17:50:08.521863","level":"info","event":"25/09/03 17:50:08 INFO BlockManager: Using org.apache.spark.storage.RandomBlockReplicationPolicy for block replication policy","logger":"airflow.task.hooks.airflow.providers.standard.hooks.subprocess.SubprocessHook"}
{"timestamp":"2025-09-03T17:50:08.562968","level":"info","event":"25/09/03 17:50:08 INFO StandaloneAppClient$ClientEndpoint: Executor updated: app-20250903175008-0036/0 is now RUNNING","logger":"airflow.task.hooks.airflow.providers.standard.hooks.subprocess.SubprocessHook"}
{"timestamp":"2025-09-03T17:50:08.564309","level":"info","event":"25/09/03 17:50:08 INFO BlockManagerMaster: Registering BlockManager BlockManagerId(driver, 31a98e31d62d, 35963, None)","logger":"airflow.task.hooks.airflow.providers.standard.hooks.subprocess.SubprocessHook"}
{"timestamp":"2025-09-03T17:50:08.571651","level":"info","event":"25/09/03 17:50:08 INFO BlockManagerMasterEndpoint: Registering block manager 31a98e31d62d:35963 with 434.4 MiB RAM, BlockManagerId(driver, 31a98e31d62d, 35963, None)","logger":"airflow.task.hooks.airflow.providers.standard.hooks.subprocess.SubprocessHook"}
{"timestamp":"2025-09-03T17:50:08.577125","level":"info","event":"25/09/03 17:50:08 INFO BlockManagerMaster: Registered BlockManager BlockManagerId(driver, 31a98e31d62d, 35963, None)","logger":"airflow.task.hooks.airflow.providers.standard.hooks.subprocess.SubprocessHook"}
{"timestamp":"2025-09-03T17:50:08.579530","level":"info","event":"25/09/03 17:50:08 INFO BlockManager: Initialized BlockManager: BlockManagerId(driver, 31a98e31d62d, 35963, None)","logger":"airflow.task.hooks.airflow.providers.standard.hooks.subprocess.SubprocessHook"}
{"timestamp":"2025-09-03T17:50:09.157801","level":"info","event":"25/09/03 17:50:09 INFO SingleEventLogFileWriter: Logging events to file:/opt/spark/history/app-20250903175008-0036.inprogress","logger":"airflow.task.hooks.airflow.providers.standard.hooks.subprocess.SubprocessHook"}
{"timestamp":"2025-09-03T17:50:09.793478","level":"info","event":"25/09/03 17:50:09 INFO StandaloneSchedulerBackend: SchedulerBackend is ready for scheduling beginning after reached minRegisteredResourcesRatio: 0.0","logger":"airflow.task.hooks.airflow.providers.standard.hooks.subprocess.SubprocessHook"}
{"timestamp":"2025-09-03T17:50:10.525614","level":"info","event":"25/09/03 17:50:10 INFO SharedState: Setting hive.metastore.warehouse.dir ('null') to the value of spark.sql.warehouse.dir.","logger":"airflow.task.hooks.airflow.providers.standard.hooks.subprocess.SubprocessHook"}
{"timestamp":"2025-09-03T17:50:10.530102","level":"info","event":"25/09/03 17:50:10 INFO SharedState: Warehouse path is 'file:/tmp/airflowtmpt7iw3qjv/spark-warehouse'.","logger":"airflow.task.hooks.airflow.providers.standard.hooks.subprocess.SubprocessHook"}
{"timestamp":"2025-09-03T17:50:13.501190","level":"info","event":"25/09/03 17:50:13 WARN MetricsConfig: Cannot locate configuration: tried hadoop-metrics2-s3a-file-system.properties,hadoop-metrics2.properties","logger":"airflow.task.hooks.airflow.providers.standard.hooks.subprocess.SubprocessHook"}
{"timestamp":"2025-09-03T17:50:13.539994","level":"info","event":"25/09/03 17:50:13 INFO MetricsSystemImpl: Scheduled Metric snapshot period at 10 second(s).","logger":"airflow.task.hooks.airflow.providers.standard.hooks.subprocess.SubprocessHook"}
{"timestamp":"2025-09-03T17:50:13.540267","level":"info","event":"25/09/03 17:50:13 INFO MetricsSystemImpl: s3a-file-system metrics system started","logger":"airflow.task.hooks.airflow.providers.standard.hooks.subprocess.SubprocessHook"}
{"timestamp":"2025-09-03T17:50:17.048802","level":"info","event":"25/09/03 17:50:17 INFO StandaloneSchedulerBackend$StandaloneDriverEndpoint: Registered executor NettyRpcEndpointRef(spark-client://Executor) (172.22.0.5:44872) with ID 0,  ResourceProfileId 0","logger":"airflow.task.hooks.airflow.providers.standard.hooks.subprocess.SubprocessHook"}
{"timestamp":"2025-09-03T17:50:17.125960","level":"info","event":"25/09/03 17:50:17 INFO InMemoryFileIndex: It took 197 ms to list leaf files for 1 paths.","logger":"airflow.task.hooks.airflow.providers.standard.hooks.subprocess.SubprocessHook"}
{"timestamp":"2025-09-03T17:50:17.379777","level":"info","event":"25/09/03 17:50:17 INFO BlockManagerMasterEndpoint: Registering block manager 172.22.0.5:42425 with 434.4 MiB RAM, BlockManagerId(0, 172.22.0.5, 42425, None)","logger":"airflow.task.hooks.airflow.providers.standard.hooks.subprocess.SubprocessHook"}
{"timestamp":"2025-09-03T17:50:17.998944","level":"info","event":"25/09/03 17:50:17 INFO SparkContext: Starting job: parquet at NativeMethodAccessorImpl.java:0","logger":"airflow.task.hooks.airflow.providers.standard.hooks.subprocess.SubprocessHook"}
{"timestamp":"2025-09-03T17:50:18.047494","level":"info","event":"25/09/03 17:50:18 INFO DAGScheduler: Got job 0 (parquet at NativeMethodAccessorImpl.java:0) with 1 output partitions","logger":"airflow.task.hooks.airflow.providers.standard.hooks.subprocess.SubprocessHook"}
{"timestamp":"2025-09-03T17:50:18.050019","level":"info","event":"25/09/03 17:50:18 INFO DAGScheduler: Final stage: ResultStage 0 (parquet at NativeMethodAccessorImpl.java:0)","logger":"airflow.task.hooks.airflow.providers.standard.hooks.subprocess.SubprocessHook"}
{"timestamp":"2025-09-03T17:50:18.050239","level":"info","event":"25/09/03 17:50:18 INFO DAGScheduler: Parents of final stage: List()","logger":"airflow.task.hooks.airflow.providers.standard.hooks.subprocess.SubprocessHook"}
{"timestamp":"2025-09-03T17:50:18.053091","level":"info","event":"25/09/03 17:50:18 INFO DAGScheduler: Missing parents: List()","logger":"airflow.task.hooks.airflow.providers.standard.hooks.subprocess.SubprocessHook"}
{"timestamp":"2025-09-03T17:50:18.067961","level":"info","event":"25/09/03 17:50:18 INFO DAGScheduler: Submitting ResultStage 0 (MapPartitionsRDD[1] at parquet at NativeMethodAccessorImpl.java:0), which has no missing parents","logger":"airflow.task.hooks.airflow.providers.standard.hooks.subprocess.SubprocessHook"}
{"timestamp":"2025-09-03T17:50:18.181093","level":"info","event":"25/09/03 17:50:18 INFO MemoryStore: Block broadcast_0 stored as values in memory (estimated size 105.5 KiB, free 434.3 MiB)","logger":"airflow.task.hooks.airflow.providers.standard.hooks.subprocess.SubprocessHook"}
{"timestamp":"2025-09-03T17:50:18.230305","level":"info","event":"25/09/03 17:50:18 INFO MemoryStore: Block broadcast_0_piece0 stored as bytes in memory (estimated size 38.3 KiB, free 434.3 MiB)","logger":"airflow.task.hooks.airflow.providers.standard.hooks.subprocess.SubprocessHook"}
{"timestamp":"2025-09-03T17:50:18.234255","level":"info","event":"25/09/03 17:50:18 INFO BlockManagerInfo: Added broadcast_0_piece0 in memory on 31a98e31d62d:35963 (size: 38.3 KiB, free: 434.4 MiB)","logger":"airflow.task.hooks.airflow.providers.standard.hooks.subprocess.SubprocessHook"}
{"timestamp":"2025-09-03T17:50:18.240409","level":"info","event":"25/09/03 17:50:18 INFO SparkContext: Created broadcast 0 from broadcast at DAGScheduler.scala:1580","logger":"airflow.task.hooks.airflow.providers.standard.hooks.subprocess.SubprocessHook"}
{"timestamp":"2025-09-03T17:50:18.265979","level":"info","event":"25/09/03 17:50:18 INFO DAGScheduler: Submitting 1 missing tasks from ResultStage 0 (MapPartitionsRDD[1] at parquet at NativeMethodAccessorImpl.java:0) (first 15 tasks are for partitions Vector(0))","logger":"airflow.task.hooks.airflow.providers.standard.hooks.subprocess.SubprocessHook"}
{"timestamp":"2025-09-03T17:50:18.266207","level":"info","event":"25/09/03 17:50:18 INFO TaskSchedulerImpl: Adding task set 0.0 with 1 tasks resource profile 0","logger":"airflow.task.hooks.airflow.providers.standard.hooks.subprocess.SubprocessHook"}
{"timestamp":"2025-09-03T17:50:18.340811","level":"info","event":"25/09/03 17:50:18 INFO TaskSetManager: Starting task 0.0 in stage 0.0 (TID 0) (172.22.0.5, executor 0, partition 0, PROCESS_LOCAL, 7757 bytes)","logger":"airflow.task.hooks.airflow.providers.standard.hooks.subprocess.SubprocessHook"}
{"timestamp":"2025-09-03T17:50:19.064277","level":"info","event":"25/09/03 17:50:19 INFO BlockManagerInfo: Added broadcast_0_piece0 in memory on 172.22.0.5:42425 (size: 38.3 KiB, free: 434.4 MiB)","logger":"airflow.task.hooks.airflow.providers.standard.hooks.subprocess.SubprocessHook"}
{"timestamp":"2025-09-03T17:50:24.154962","level":"info","event":"25/09/03 17:50:24 INFO TaskSetManager: Finished task 0.0 in stage 0.0 (TID 0) in 5857 ms on 172.22.0.5 (executor 0) (1/1)","logger":"airflow.task.hooks.airflow.providers.standard.hooks.subprocess.SubprocessHook"}
{"timestamp":"2025-09-03T17:50:24.156813","level":"info","event":"25/09/03 17:50:24 INFO TaskSchedulerImpl: Removed TaskSet 0.0, whose tasks have all completed, from pool","logger":"airflow.task.hooks.airflow.providers.standard.hooks.subprocess.SubprocessHook"}
{"timestamp":"2025-09-03T17:50:24.168786","level":"info","event":"25/09/03 17:50:24 INFO DAGScheduler: ResultStage 0 (parquet at NativeMethodAccessorImpl.java:0) finished in 6.056 s","logger":"airflow.task.hooks.airflow.providers.standard.hooks.subprocess.SubprocessHook"}
{"timestamp":"2025-09-03T17:50:24.190217","level":"info","event":"25/09/03 17:50:24 INFO DAGScheduler: Job 0 is finished. Cancelling potential speculative or zombie tasks for this job","logger":"airflow.task.hooks.airflow.providers.standard.hooks.subprocess.SubprocessHook"}
{"timestamp":"2025-09-03T17:50:24.190464","level":"info","event":"25/09/03 17:50:24 INFO TaskSchedulerImpl: Killing all running tasks in stage 0: Stage finished","logger":"airflow.task.hooks.airflow.providers.standard.hooks.subprocess.SubprocessHook"}
{"timestamp":"2025-09-03T17:50:24.198317","level":"info","event":"25/09/03 17:50:24 INFO DAGScheduler: Job 0 finished: parquet at NativeMethodAccessorImpl.java:0, took 6.199975 s","logger":"airflow.task.hooks.airflow.providers.standard.hooks.subprocess.SubprocessHook"}
{"timestamp":"2025-09-03T17:50:24.843992","level":"info","event":"25/09/03 17:50:24 INFO BlockManagerInfo: Removed broadcast_0_piece0 on 172.22.0.5:42425 in memory (size: 38.3 KiB, free: 434.4 MiB)","logger":"airflow.task.hooks.airflow.providers.standard.hooks.subprocess.SubprocessHook"}
{"timestamp":"2025-09-03T17:50:24.890917","level":"info","event":"25/09/03 17:50:24 INFO BlockManagerInfo: Removed broadcast_0_piece0 on 31a98e31d62d:35963 in memory (size: 38.3 KiB, free: 434.4 MiB)","logger":"airflow.task.hooks.airflow.providers.standard.hooks.subprocess.SubprocessHook"}
{"timestamp":"2025-09-03T17:50:27.253992","level":"info","event":"25/09/03 17:50:27 INFO FileSourceStrategy: Pushed Filters:","logger":"airflow.task.hooks.airflow.providers.standard.hooks.subprocess.SubprocessHook"}
{"timestamp":"2025-09-03T17:50:27.258973","level":"info","event":"25/09/03 17:50:27 INFO FileSourceStrategy: Post-Scan Filters: ((cast((unix_timestamp(tpep_dropoff_datetime#2, yyyy-MM-dd HH:mm:ss, Some(Etc/UTC), false) - unix_timestamp(tpep_pickup_datetime#1, yyyy-MM-dd HH:mm:ss, Some(Etc/UTC), false)) as double) / 3600.0) > 1.0)","logger":"airflow.task.hooks.airflow.providers.standard.hooks.subprocess.SubprocessHook"}
{"timestamp":"2025-09-03T17:50:27.361795","level":"info","event":"25/09/03 17:50:27 INFO FileSourceStrategy: Pushed Filters: IsNotNull(PULocationID)","logger":"airflow.task.hooks.airflow.providers.standard.hooks.subprocess.SubprocessHook"}
{"timestamp":"2025-09-03T17:50:27.363950","level":"info","event":"25/09/03 17:50:27 INFO FileSourceStrategy: Post-Scan Filters: ((cast((unix_timestamp(tpep_dropoff_datetime#72, yyyy-MM-dd HH:mm:ss, Some(Etc/UTC), false) - unix_timestamp(tpep_pickup_datetime#71, yyyy-MM-dd HH:mm:ss, Some(Etc/UTC), false)) as double) / 3600.0) > 1.0),isnotnull(PULocationID#77)","logger":"airflow.task.hooks.airflow.providers.standard.hooks.subprocess.SubprocessHook"}
{"timestamp":"2025-09-03T17:50:28.613213","level":"info","event":"25/09/03 17:50:28 INFO CodeGenerator: Code generated in 527.470089 ms","logger":"airflow.task.hooks.airflow.providers.standard.hooks.subprocess.SubprocessHook"}
{"timestamp":"2025-09-03T17:50:28.691528","level":"info","event":"25/09/03 17:50:28 INFO MemoryStore: Block broadcast_1 stored as values in memory (estimated size 210.8 KiB, free 434.2 MiB)","logger":"airflow.task.hooks.airflow.providers.standard.hooks.subprocess.SubprocessHook"}
{"timestamp":"2025-09-03T17:50:28.708449","level":"info","event":"25/09/03 17:50:28 INFO MemoryStore: Block broadcast_1_piece0 stored as bytes in memory (estimated size 36.2 KiB, free 434.2 MiB)","logger":"airflow.task.hooks.airflow.providers.standard.hooks.subprocess.SubprocessHook"}
{"timestamp":"2025-09-03T17:50:28.711198","level":"info","event":"25/09/03 17:50:28 INFO BlockManagerInfo: Added broadcast_1_piece0 in memory on 31a98e31d62d:35963 (size: 36.2 KiB, free: 434.4 MiB)","logger":"airflow.task.hooks.airflow.providers.standard.hooks.subprocess.SubprocessHook"}
{"timestamp":"2025-09-03T17:50:28.713905","level":"info","event":"25/09/03 17:50:28 INFO SparkContext: Created broadcast 1 from parquet at NativeMethodAccessorImpl.java:0","logger":"airflow.task.hooks.airflow.providers.standard.hooks.subprocess.SubprocessHook"}
{"timestamp":"2025-09-03T17:50:28.736686","level":"info","event":"25/09/03 17:50:28 INFO FileSourceScanExec: Planning scan with bin packing, max size: 27077972 bytes, open cost is considered as scanning 4194304 bytes.","logger":"airflow.task.hooks.airflow.providers.standard.hooks.subprocess.SubprocessHook"}
{"timestamp":"2025-09-03T17:50:28.962560","level":"info","event":"25/09/03 17:50:28 INFO DAGScheduler: Registering RDD 5 (parquet at NativeMethodAccessorImpl.java:0) as input to shuffle 0","logger":"airflow.task.hooks.airflow.providers.standard.hooks.subprocess.SubprocessHook"}
{"timestamp":"2025-09-03T17:50:28.971947","level":"info","event":"25/09/03 17:50:28 INFO DAGScheduler: Got map stage job 1 (parquet at NativeMethodAccessorImpl.java:0) with 2 output partitions","logger":"airflow.task.hooks.airflow.providers.standard.hooks.subprocess.SubprocessHook"}
{"timestamp":"2025-09-03T17:50:28.975015","level":"info","event":"25/09/03 17:50:28 INFO DAGScheduler: Final stage: ShuffleMapStage 1 (parquet at NativeMethodAccessorImpl.java:0)","logger":"airflow.task.hooks.airflow.providers.standard.hooks.subprocess.SubprocessHook"}
{"timestamp":"2025-09-03T17:50:28.975215","level":"info","event":"25/09/03 17:50:28 INFO DAGScheduler: Parents of final stage: List()","logger":"airflow.task.hooks.airflow.providers.standard.hooks.subprocess.SubprocessHook"}
{"timestamp":"2025-09-03T17:50:28.975317","level":"info","event":"25/09/03 17:50:28 INFO DAGScheduler: Missing parents: List()","logger":"airflow.task.hooks.airflow.providers.standard.hooks.subprocess.SubprocessHook"}
{"timestamp":"2025-09-03T17:50:28.981226","level":"info","event":"25/09/03 17:50:28 INFO DAGScheduler: Submitting ShuffleMapStage 1 (MapPartitionsRDD[5] at parquet at NativeMethodAccessorImpl.java:0), which has no missing parents","logger":"airflow.task.hooks.airflow.providers.standard.hooks.subprocess.SubprocessHook"}
{"timestamp":"2025-09-03T17:50:29.014136","level":"info","event":"25/09/03 17:50:29 INFO MemoryStore: Block broadcast_2 stored as values in memory (estimated size 44.5 KiB, free 434.1 MiB)","logger":"airflow.task.hooks.airflow.providers.standard.hooks.subprocess.SubprocessHook"}
{"timestamp":"2025-09-03T17:50:29.017664","level":"info","event":"25/09/03 17:50:29 INFO MemoryStore: Block broadcast_2_piece0 stored as bytes in memory (estimated size 19.7 KiB, free 434.1 MiB)","logger":"airflow.task.hooks.airflow.providers.standard.hooks.subprocess.SubprocessHook"}
{"timestamp":"2025-09-03T17:50:29.020351","level":"info","event":"25/09/03 17:50:29 INFO BlockManagerInfo: Added broadcast_2_piece0 in memory on 31a98e31d62d:35963 (size: 19.7 KiB, free: 434.3 MiB)","logger":"airflow.task.hooks.airflow.providers.standard.hooks.subprocess.SubprocessHook"}
{"timestamp":"2025-09-03T17:50:29.020988","level":"info","event":"25/09/03 17:50:29 INFO SparkContext: Created broadcast 2 from broadcast at DAGScheduler.scala:1580","logger":"airflow.task.hooks.airflow.providers.standard.hooks.subprocess.SubprocessHook"}
{"timestamp":"2025-09-03T17:50:29.023866","level":"info","event":"25/09/03 17:50:29 INFO DAGScheduler: Submitting 2 missing tasks from ShuffleMapStage 1 (MapPartitionsRDD[5] at parquet at NativeMethodAccessorImpl.java:0) (first 15 tasks are for partitions Vector(0, 1))","logger":"airflow.task.hooks.airflow.providers.standard.hooks.subprocess.SubprocessHook"}
{"timestamp":"2025-09-03T17:50:29.025948","level":"info","event":"25/09/03 17:50:29 INFO TaskSchedulerImpl: Adding task set 1.0 with 2 tasks resource profile 0","logger":"airflow.task.hooks.airflow.providers.standard.hooks.subprocess.SubprocessHook"}
{"timestamp":"2025-09-03T17:50:29.033801","level":"info","event":"25/09/03 17:50:29 INFO TaskSetManager: Starting task 0.0 in stage 1.0 (TID 1) (172.22.0.5, executor 0, partition 0, PROCESS_LOCAL, 8214 bytes)","logger":"airflow.task.hooks.airflow.providers.standard.hooks.subprocess.SubprocessHook"}
{"timestamp":"2025-09-03T17:50:29.036274","level":"info","event":"25/09/03 17:50:29 INFO TaskSetManager: Starting task 1.0 in stage 1.0 (TID 2) (172.22.0.5, executor 0, partition 1, PROCESS_LOCAL, 8214 bytes)","logger":"airflow.task.hooks.airflow.providers.standard.hooks.subprocess.SubprocessHook"}
{"timestamp":"2025-09-03T17:50:29.218014","level":"info","event":"25/09/03 17:50:29 INFO BlockManagerInfo: Added broadcast_2_piece0 in memory on 172.22.0.5:42425 (size: 19.7 KiB, free: 434.4 MiB)","logger":"airflow.task.hooks.airflow.providers.standard.hooks.subprocess.SubprocessHook"}
{"timestamp":"2025-09-03T17:50:32.304872","level":"info","event":"25/09/03 17:50:32 INFO BlockManagerInfo: Added broadcast_1_piece0 in memory on 172.22.0.5:42425 (size: 36.2 KiB, free: 434.3 MiB)","logger":"airflow.task.hooks.airflow.providers.standard.hooks.subprocess.SubprocessHook"}
{"timestamp":"2025-09-03T17:50:37.614045","level":"info","event":"25/09/03 17:50:37 INFO TaskSetManager: Finished task 1.0 in stage 1.0 (TID 2) in 8575 ms on 172.22.0.5 (executor 0) (1/2)","logger":"airflow.task.hooks.airflow.providers.standard.hooks.subprocess.SubprocessHook"}
{"timestamp":"2025-09-03T17:50:38.330388","level":"info","event":"25/09/03 17:50:38 INFO TaskSetManager: Finished task 0.0 in stage 1.0 (TID 1) in 9302 ms on 172.22.0.5 (executor 0) (2/2)","logger":"airflow.task.hooks.airflow.providers.standard.hooks.subprocess.SubprocessHook"}
{"timestamp":"2025-09-03T17:50:38.333964","level":"info","event":"25/09/03 17:50:38 INFO TaskSchedulerImpl: Removed TaskSet 1.0, whose tasks have all completed, from pool","logger":"airflow.task.hooks.airflow.providers.standard.hooks.subprocess.SubprocessHook"}
{"timestamp":"2025-09-03T17:50:38.334186","level":"info","event":"25/09/03 17:50:38 INFO DAGScheduler: ShuffleMapStage 1 (parquet at NativeMethodAccessorImpl.java:0) finished in 9.342 s","logger":"airflow.task.hooks.airflow.providers.standard.hooks.subprocess.SubprocessHook"}
{"timestamp":"2025-09-03T17:50:38.337192","level":"info","event":"25/09/03 17:50:38 INFO DAGScheduler: looking for newly runnable stages","logger":"airflow.task.hooks.airflow.providers.standard.hooks.subprocess.SubprocessHook"}
{"timestamp":"2025-09-03T17:50:38.338741","level":"info","event":"25/09/03 17:50:38 INFO DAGScheduler: running: Set()","logger":"airflow.task.hooks.airflow.providers.standard.hooks.subprocess.SubprocessHook"}
{"timestamp":"2025-09-03T17:50:38.340205","level":"info","event":"25/09/03 17:50:38 INFO DAGScheduler: waiting: Set()","logger":"airflow.task.hooks.airflow.providers.standard.hooks.subprocess.SubprocessHook"}
{"timestamp":"2025-09-03T17:50:38.342955","level":"info","event":"25/09/03 17:50:38 INFO DAGScheduler: failed: Set()","logger":"airflow.task.hooks.airflow.providers.standard.hooks.subprocess.SubprocessHook"}
{"timestamp":"2025-09-03T17:50:38.417114","level":"info","event":"25/09/03 17:50:38 INFO FileSourceStrategy: Pushed Filters:","logger":"airflow.task.hooks.airflow.providers.standard.hooks.subprocess.SubprocessHook"}
{"timestamp":"2025-09-03T17:50:38.422191","level":"info","event":"25/09/03 17:50:38 INFO FileSourceStrategy: Post-Scan Filters: ((cast((unix_timestamp(tpep_dropoff_datetime#2, yyyy-MM-dd HH:mm:ss, Some(Etc/UTC), false) - unix_timestamp(tpep_pickup_datetime#1, yyyy-MM-dd HH:mm:ss, Some(Etc/UTC), false)) as double) / 3600.0) > 1.0)","logger":"airflow.task.hooks.airflow.providers.standard.hooks.subprocess.SubprocessHook"}
{"timestamp":"2025-09-03T17:50:38.448532","level":"info","event":"25/09/03 17:50:38 INFO ShufflePartitionsUtil: For shuffle(0), advisory target size: 67108864, actual target size 1048576, minimum partition size: 1048576","logger":"airflow.task.hooks.airflow.providers.standard.hooks.subprocess.SubprocessHook"}
{"timestamp":"2025-09-03T17:50:38.513997","level":"info","event":"25/09/03 17:50:38 INFO HashAggregateExec: spark.sql.codegen.aggregate.map.twolevel.enabled is set to true, but current version of codegened fast hashmap does not support this aggregate.","logger":"airflow.task.hooks.airflow.providers.standard.hooks.subprocess.SubprocessHook"}
{"timestamp":"2025-09-03T17:50:38.566374","level":"info","event":"25/09/03 17:50:38 INFO CodeGenerator: Code generated in 31.402277 ms","logger":"airflow.task.hooks.airflow.providers.standard.hooks.subprocess.SubprocessHook"}
{"timestamp":"2025-09-03T17:50:38.678915","level":"info","event":"25/09/03 17:50:38 INFO SparkContext: Starting job: $anonfun$withThreadLocalCaptured$1 at FutureTask.java:264","logger":"airflow.task.hooks.airflow.providers.standard.hooks.subprocess.SubprocessHook"}
{"timestamp":"2025-09-03T17:50:38.682037","level":"info","event":"25/09/03 17:50:38 INFO DAGScheduler: Got job 2 ($anonfun$withThreadLocalCaptured$1 at FutureTask.java:264) with 1 output partitions","logger":"airflow.task.hooks.airflow.providers.standard.hooks.subprocess.SubprocessHook"}
{"timestamp":"2025-09-03T17:50:38.684432","level":"info","event":"25/09/03 17:50:38 INFO DAGScheduler: Final stage: ResultStage 3 ($anonfun$withThreadLocalCaptured$1 at FutureTask.java:264)","logger":"airflow.task.hooks.airflow.providers.standard.hooks.subprocess.SubprocessHook"}
{"timestamp":"2025-09-03T17:50:38.684671","level":"info","event":"25/09/03 17:50:38 INFO DAGScheduler: Parents of final stage: List(ShuffleMapStage 2)","logger":"airflow.task.hooks.airflow.providers.standard.hooks.subprocess.SubprocessHook"}
{"timestamp":"2025-09-03T17:50:38.685350","level":"info","event":"25/09/03 17:50:38 INFO DAGScheduler: Missing parents: List()","logger":"airflow.task.hooks.airflow.providers.standard.hooks.subprocess.SubprocessHook"}
{"timestamp":"2025-09-03T17:50:38.688839","level":"info","event":"25/09/03 17:50:38 INFO DAGScheduler: Submitting ResultStage 3 (MapPartitionsRDD[8] at $anonfun$withThreadLocalCaptured$1 at FutureTask.java:264), which has no missing parents","logger":"airflow.task.hooks.airflow.providers.standard.hooks.subprocess.SubprocessHook"}
{"timestamp":"2025-09-03T17:50:38.740973","level":"info","event":"25/09/03 17:50:38 INFO MemoryStore: Block broadcast_3 stored as values in memory (estimated size 42.6 KiB, free 434.1 MiB)","logger":"airflow.task.hooks.airflow.providers.standard.hooks.subprocess.SubprocessHook"}
{"timestamp":"2025-09-03T17:50:38.765429","level":"info","event":"25/09/03 17:50:38 INFO MemoryStore: Block broadcast_3_piece0 stored as bytes in memory (estimated size 19.8 KiB, free 434.0 MiB)","logger":"airflow.task.hooks.airflow.providers.standard.hooks.subprocess.SubprocessHook"}
{"timestamp":"2025-09-03T17:50:38.775327","level":"info","event":"25/09/03 17:50:38 INFO BlockManagerInfo: Added broadcast_3_piece0 in memory on 31a98e31d62d:35963 (size: 19.8 KiB, free: 434.3 MiB)","logger":"airflow.task.hooks.airflow.providers.standard.hooks.subprocess.SubprocessHook"}
{"timestamp":"2025-09-03T17:50:38.781612","level":"info","event":"25/09/03 17:50:38 INFO SparkContext: Created broadcast 3 from broadcast at DAGScheduler.scala:1580","logger":"airflow.task.hooks.airflow.providers.standard.hooks.subprocess.SubprocessHook"}
{"timestamp":"2025-09-03T17:50:38.781842","level":"info","event":"25/09/03 17:50:38 INFO BlockManagerInfo: Removed broadcast_2_piece0 on 31a98e31d62d:35963 in memory (size: 19.7 KiB, free: 434.3 MiB)","logger":"airflow.task.hooks.airflow.providers.standard.hooks.subprocess.SubprocessHook"}
{"timestamp":"2025-09-03T17:50:38.784749","level":"info","event":"25/09/03 17:50:38 INFO BlockManagerInfo: Removed broadcast_2_piece0 on 172.22.0.5:42425 in memory (size: 19.7 KiB, free: 434.4 MiB)","logger":"airflow.task.hooks.airflow.providers.standard.hooks.subprocess.SubprocessHook"}
{"timestamp":"2025-09-03T17:50:38.790282","level":"info","event":"25/09/03 17:50:38 INFO DAGScheduler: Submitting 1 missing tasks from ResultStage 3 (MapPartitionsRDD[8] at $anonfun$withThreadLocalCaptured$1 at FutureTask.java:264) (first 15 tasks are for partitions Vector(0))","logger":"airflow.task.hooks.airflow.providers.standard.hooks.subprocess.SubprocessHook"}
{"timestamp":"2025-09-03T17:50:38.790486","level":"info","event":"25/09/03 17:50:38 INFO TaskSchedulerImpl: Adding task set 3.0 with 1 tasks resource profile 0","logger":"airflow.task.hooks.airflow.providers.standard.hooks.subprocess.SubprocessHook"}
{"timestamp":"2025-09-03T17:50:38.800976","level":"info","event":"25/09/03 17:50:38 INFO TaskSetManager: Starting task 0.0 in stage 3.0 (TID 3) (172.22.0.5, executor 0, partition 0, NODE_LOCAL, 7619 bytes)","logger":"airflow.task.hooks.airflow.providers.standard.hooks.subprocess.SubprocessHook"}
{"timestamp":"2025-09-03T17:50:38.871599","level":"info","event":"25/09/03 17:50:38 INFO BlockManagerInfo: Added broadcast_3_piece0 in memory on 172.22.0.5:42425 (size: 19.8 KiB, free: 434.3 MiB)","logger":"airflow.task.hooks.airflow.providers.standard.hooks.subprocess.SubprocessHook"}
{"timestamp":"2025-09-03T17:50:38.988557","level":"info","event":"25/09/03 17:50:38 INFO MapOutputTrackerMasterEndpoint: Asked to send map output locations for shuffle 0 to 172.22.0.5:44872","logger":"airflow.task.hooks.airflow.providers.standard.hooks.subprocess.SubprocessHook"}
{"timestamp":"2025-09-03T17:50:39.392811","level":"info","event":"25/09/03 17:50:39 INFO TaskSetManager: Finished task 0.0 in stage 3.0 (TID 3) in 595 ms on 172.22.0.5 (executor 0) (1/1)","logger":"airflow.task.hooks.airflow.providers.standard.hooks.subprocess.SubprocessHook"}
{"timestamp":"2025-09-03T17:50:39.396445","level":"info","event":"25/09/03 17:50:39 INFO TaskSchedulerImpl: Removed TaskSet 3.0, whose tasks have all completed, from pool","logger":"airflow.task.hooks.airflow.providers.standard.hooks.subprocess.SubprocessHook"}
{"timestamp":"2025-09-03T17:50:39.400028","level":"info","event":"25/09/03 17:50:39 INFO DAGScheduler: ResultStage 3 ($anonfun$withThreadLocalCaptured$1 at FutureTask.java:264) finished in 0.667 s","logger":"airflow.task.hooks.airflow.providers.standard.hooks.subprocess.SubprocessHook"}
{"timestamp":"2025-09-03T17:50:39.403108","level":"info","event":"25/09/03 17:50:39 INFO DAGScheduler: Job 2 is finished. Cancelling potential speculative or zombie tasks for this job","logger":"airflow.task.hooks.airflow.providers.standard.hooks.subprocess.SubprocessHook"}
{"timestamp":"2025-09-03T17:50:39.403389","level":"info","event":"25/09/03 17:50:39 INFO TaskSchedulerImpl: Killing all running tasks in stage 3: Stage finished","logger":"airflow.task.hooks.airflow.providers.standard.hooks.subprocess.SubprocessHook"}
{"timestamp":"2025-09-03T17:50:39.403534","level":"info","event":"25/09/03 17:50:39 INFO DAGScheduler: Job 2 finished: $anonfun$withThreadLocalCaptured$1 at FutureTask.java:264, took 0.722827 s","logger":"airflow.task.hooks.airflow.providers.standard.hooks.subprocess.SubprocessHook"}
{"timestamp":"2025-09-03T17:50:39.445325","level":"info","event":"25/09/03 17:50:39 INFO CodeGenerator: Code generated in 12.670654 ms","logger":"airflow.task.hooks.airflow.providers.standard.hooks.subprocess.SubprocessHook"}
{"timestamp":"2025-09-03T17:50:39.491991","level":"info","event":"25/09/03 17:50:39 INFO MemoryStore: Block broadcast_4_piece0 stored as bytes in memory (estimated size 3.5 KiB, free 434.1 MiB)","logger":"airflow.task.hooks.airflow.providers.standard.hooks.subprocess.SubprocessHook"}
{"timestamp":"2025-09-03T17:50:39.495982","level":"info","event":"25/09/03 17:50:39 INFO BlockManagerInfo: Added broadcast_4_piece0 in memory on 31a98e31d62d:35963 (size: 3.5 KiB, free: 434.3 MiB)","logger":"airflow.task.hooks.airflow.providers.standard.hooks.subprocess.SubprocessHook"}
{"timestamp":"2025-09-03T17:50:39.502329","level":"info","event":"25/09/03 17:50:39 INFO SparkContext: Created broadcast 4 from $anonfun$withThreadLocalCaptured$1 at FutureTask.java:264","logger":"airflow.task.hooks.airflow.providers.standard.hooks.subprocess.SubprocessHook"}
{"timestamp":"2025-09-03T17:50:39.515785","level":"info","event":"25/09/03 17:50:39 INFO BlockManagerInfo: Removed broadcast_3_piece0 on 31a98e31d62d:35963 in memory (size: 19.8 KiB, free: 434.4 MiB)","logger":"airflow.task.hooks.airflow.providers.standard.hooks.subprocess.SubprocessHook"}
{"timestamp":"2025-09-03T17:50:39.521529","level":"info","event":"25/09/03 17:50:39 INFO BlockManagerInfo: Removed broadcast_3_piece0 on 172.22.0.5:42425 in memory (size: 19.8 KiB, free: 434.4 MiB)","logger":"airflow.task.hooks.airflow.providers.standard.hooks.subprocess.SubprocessHook"}
{"timestamp":"2025-09-03T17:50:39.539313","level":"info","event":"25/09/03 17:50:39 INFO FileSourceStrategy: Pushed Filters:","logger":"airflow.task.hooks.airflow.providers.standard.hooks.subprocess.SubprocessHook"}
{"timestamp":"2025-09-03T17:50:39.543380","level":"info","event":"25/09/03 17:50:39 INFO FileSourceStrategy: Post-Scan Filters: ((cast((unix_timestamp(tpep_dropoff_datetime#2, yyyy-MM-dd HH:mm:ss, Some(Etc/UTC), false) - unix_timestamp(tpep_pickup_datetime#1, yyyy-MM-dd HH:mm:ss, Some(Etc/UTC), false)) as double) / 3600.0) > 1.0)","logger":"airflow.task.hooks.airflow.providers.standard.hooks.subprocess.SubprocessHook"}
{"timestamp":"2025-09-03T17:50:39.744860","level":"info","event":"25/09/03 17:50:39 INFO ParquetUtils: Using default output committer for Parquet: org.apache.parquet.hadoop.ParquetOutputCommitter","logger":"airflow.task.hooks.airflow.providers.standard.hooks.subprocess.SubprocessHook"}
{"timestamp":"2025-09-03T17:50:39.796989","level":"info","event":"25/09/03 17:50:39 INFO FileOutputCommitter: File Output Committer Algorithm version is 1","logger":"airflow.task.hooks.airflow.providers.standard.hooks.subprocess.SubprocessHook"}
{"timestamp":"2025-09-03T17:50:39.799963","level":"info","event":"25/09/03 17:50:39 INFO FileOutputCommitter: FileOutputCommitter skip cleanup _temporary folders under output directory:false, ignore cleanup failures: false","logger":"airflow.task.hooks.airflow.providers.standard.hooks.subprocess.SubprocessHook"}
{"timestamp":"2025-09-03T17:50:39.803223","level":"info","event":"25/09/03 17:50:39 INFO SQLHadoopMapReduceCommitProtocol: Using user defined output committer class org.apache.parquet.hadoop.ParquetOutputCommitter","logger":"airflow.task.hooks.airflow.providers.standard.hooks.subprocess.SubprocessHook"}
{"timestamp":"2025-09-03T17:50:39.804255","level":"info","event":"25/09/03 17:50:39 INFO FileOutputCommitter: File Output Committer Algorithm version is 1","logger":"airflow.task.hooks.airflow.providers.standard.hooks.subprocess.SubprocessHook"}
{"timestamp":"2025-09-03T17:50:39.807629","level":"info","event":"25/09/03 17:50:39 INFO FileOutputCommitter: FileOutputCommitter skip cleanup _temporary folders under output directory:false, ignore cleanup failures: false","logger":"airflow.task.hooks.airflow.providers.standard.hooks.subprocess.SubprocessHook"}
{"timestamp":"2025-09-03T17:50:39.811252","level":"info","event":"25/09/03 17:50:39 INFO SQLHadoopMapReduceCommitProtocol: Using output committer class org.apache.parquet.hadoop.ParquetOutputCommitter","logger":"airflow.task.hooks.airflow.providers.standard.hooks.subprocess.SubprocessHook"}
{"timestamp":"2025-09-03T17:50:40.123201","level":"info","event":"25/09/03 17:50:40 INFO CodeGenerator: Code generated in 43.942445 ms","logger":"airflow.task.hooks.airflow.providers.standard.hooks.subprocess.SubprocessHook"}
{"timestamp":"2025-09-03T17:50:40.145983","level":"info","event":"25/09/03 17:50:40 INFO MemoryStore: Block broadcast_5 stored as values in memory (estimated size 210.9 KiB, free 433.9 MiB)","logger":"airflow.task.hooks.airflow.providers.standard.hooks.subprocess.SubprocessHook"}
{"timestamp":"2025-09-03T17:50:40.177406","level":"info","event":"25/09/03 17:50:40 INFO MemoryStore: Block broadcast_5_piece0 stored as bytes in memory (estimated size 36.3 KiB, free 433.9 MiB)","logger":"airflow.task.hooks.airflow.providers.standard.hooks.subprocess.SubprocessHook"}
{"timestamp":"2025-09-03T17:50:40.179465","level":"info","event":"25/09/03 17:50:40 INFO BlockManagerInfo: Added broadcast_5_piece0 in memory on 31a98e31d62d:35963 (size: 36.3 KiB, free: 434.3 MiB)","logger":"airflow.task.hooks.airflow.providers.standard.hooks.subprocess.SubprocessHook"}
{"timestamp":"2025-09-03T17:50:40.183086","level":"info","event":"25/09/03 17:50:40 INFO SparkContext: Created broadcast 5 from parquet at NativeMethodAccessorImpl.java:0","logger":"airflow.task.hooks.airflow.providers.standard.hooks.subprocess.SubprocessHook"}
{"timestamp":"2025-09-03T17:50:40.185093","level":"info","event":"25/09/03 17:50:40 INFO FileSourceScanExec: Planning scan with bin packing, max size: 27077972 bytes, open cost is considered as scanning 4194304 bytes.","logger":"airflow.task.hooks.airflow.providers.standard.hooks.subprocess.SubprocessHook"}
{"timestamp":"2025-09-03T17:50:40.205606","level":"info","event":"25/09/03 17:50:40 INFO SparkContext: Starting job: parquet at NativeMethodAccessorImpl.java:0","logger":"airflow.task.hooks.airflow.providers.standard.hooks.subprocess.SubprocessHook"}
{"timestamp":"2025-09-03T17:50:40.209431","level":"info","event":"25/09/03 17:50:40 INFO DAGScheduler: Got job 3 (parquet at NativeMethodAccessorImpl.java:0) with 2 output partitions","logger":"airflow.task.hooks.airflow.providers.standard.hooks.subprocess.SubprocessHook"}
{"timestamp":"2025-09-03T17:50:40.209638","level":"info","event":"25/09/03 17:50:40 INFO DAGScheduler: Final stage: ResultStage 4 (parquet at NativeMethodAccessorImpl.java:0)","logger":"airflow.task.hooks.airflow.providers.standard.hooks.subprocess.SubprocessHook"}
{"timestamp":"2025-09-03T17:50:40.209768","level":"info","event":"25/09/03 17:50:40 INFO DAGScheduler: Parents of final stage: List()","logger":"airflow.task.hooks.airflow.providers.standard.hooks.subprocess.SubprocessHook"}
{"timestamp":"2025-09-03T17:50:40.209866","level":"info","event":"25/09/03 17:50:40 INFO DAGScheduler: Missing parents: List()","logger":"airflow.task.hooks.airflow.providers.standard.hooks.subprocess.SubprocessHook"}
{"timestamp":"2025-09-03T17:50:40.217915","level":"info","event":"25/09/03 17:50:40 INFO DAGScheduler: Submitting ResultStage 4 (MapPartitionsRDD[12] at parquet at NativeMethodAccessorImpl.java:0), which has no missing parents","logger":"airflow.task.hooks.airflow.providers.standard.hooks.subprocess.SubprocessHook"}
{"timestamp":"2025-09-03T17:50:40.264481","level":"info","event":"25/09/03 17:50:40 INFO MemoryStore: Block broadcast_6 stored as values in memory (estimated size 226.4 KiB, free 433.7 MiB)","logger":"airflow.task.hooks.airflow.providers.standard.hooks.subprocess.SubprocessHook"}
{"timestamp":"2025-09-03T17:50:40.269760","level":"info","event":"25/09/03 17:50:40 INFO MemoryStore: Block broadcast_6_piece0 stored as bytes in memory (estimated size 81.5 KiB, free 433.6 MiB)","logger":"airflow.task.hooks.airflow.providers.standard.hooks.subprocess.SubprocessHook"}
{"timestamp":"2025-09-03T17:50:40.272191","level":"info","event":"25/09/03 17:50:40 INFO BlockManagerInfo: Added broadcast_6_piece0 in memory on 31a98e31d62d:35963 (size: 81.5 KiB, free: 434.2 MiB)","logger":"airflow.task.hooks.airflow.providers.standard.hooks.subprocess.SubprocessHook"}
{"timestamp":"2025-09-03T17:50:40.273858","level":"info","event":"25/09/03 17:50:40 INFO SparkContext: Created broadcast 6 from broadcast at DAGScheduler.scala:1580","logger":"airflow.task.hooks.airflow.providers.standard.hooks.subprocess.SubprocessHook"}
{"timestamp":"2025-09-03T17:50:40.277528","level":"info","event":"25/09/03 17:50:40 INFO DAGScheduler: Submitting 2 missing tasks from ResultStage 4 (MapPartitionsRDD[12] at parquet at NativeMethodAccessorImpl.java:0) (first 15 tasks are for partitions Vector(0, 1))","logger":"airflow.task.hooks.airflow.providers.standard.hooks.subprocess.SubprocessHook"}
{"timestamp":"2025-09-03T17:50:40.277782","level":"info","event":"25/09/03 17:50:40 INFO TaskSchedulerImpl: Adding task set 4.0 with 2 tasks resource profile 0","logger":"airflow.task.hooks.airflow.providers.standard.hooks.subprocess.SubprocessHook"}
{"timestamp":"2025-09-03T17:50:40.280237","level":"info","event":"25/09/03 17:50:40 INFO TaskSetManager: Starting task 0.0 in stage 4.0 (TID 4) (172.22.0.5, executor 0, partition 0, PROCESS_LOCAL, 8225 bytes)","logger":"airflow.task.hooks.airflow.providers.standard.hooks.subprocess.SubprocessHook"}
{"timestamp":"2025-09-03T17:50:40.284559","level":"info","event":"25/09/03 17:50:40 INFO TaskSetManager: Starting task 1.0 in stage 4.0 (TID 5) (172.22.0.5, executor 0, partition 1, PROCESS_LOCAL, 8225 bytes)","logger":"airflow.task.hooks.airflow.providers.standard.hooks.subprocess.SubprocessHook"}
{"timestamp":"2025-09-03T17:50:40.344261","level":"info","event":"25/09/03 17:50:40 INFO BlockManagerInfo: Added broadcast_6_piece0 in memory on 172.22.0.5:42425 (size: 81.5 KiB, free: 434.3 MiB)","logger":"airflow.task.hooks.airflow.providers.standard.hooks.subprocess.SubprocessHook"}
{"timestamp":"2025-09-03T17:50:40.662163","level":"info","event":"25/09/03 17:50:40 INFO BlockManagerInfo: Added broadcast_4_piece0 in memory on 172.22.0.5:42425 (size: 3.5 KiB, free: 434.3 MiB)","logger":"airflow.task.hooks.airflow.providers.standard.hooks.subprocess.SubprocessHook"}
{"timestamp":"2025-09-03T17:50:40.796030","level":"info","event":"25/09/03 17:50:40 INFO BlockManagerInfo: Added broadcast_5_piece0 in memory on 172.22.0.5:42425 (size: 36.3 KiB, free: 434.2 MiB)","logger":"airflow.task.hooks.airflow.providers.standard.hooks.subprocess.SubprocessHook"}
{"timestamp":"2025-09-03T17:50:44.187916","level":"info","event":"25/09/03 17:50:44 INFO TaskSetManager: Finished task 1.0 in stage 4.0 (TID 5) in 3905 ms on 172.22.0.5 (executor 0) (1/2)","logger":"airflow.task.hooks.airflow.providers.standard.hooks.subprocess.SubprocessHook"}
{"timestamp":"2025-09-03T17:50:44.367187","level":"info","event":"25/09/03 17:50:44 INFO TaskSetManager: Finished task 0.0 in stage 4.0 (TID 4) in 4087 ms on 172.22.0.5 (executor 0) (2/2)","logger":"airflow.task.hooks.airflow.providers.standard.hooks.subprocess.SubprocessHook"}
{"timestamp":"2025-09-03T17:50:44.371979","level":"info","event":"25/09/03 17:50:44 INFO DAGScheduler: ResultStage 4 (parquet at NativeMethodAccessorImpl.java:0) finished in 4.149 s","logger":"airflow.task.hooks.airflow.providers.standard.hooks.subprocess.SubprocessHook"}
{"timestamp":"2025-09-03T17:50:44.372225","level":"info","event":"25/09/03 17:50:44 INFO DAGScheduler: Job 3 is finished. Cancelling potential speculative or zombie tasks for this job","logger":"airflow.task.hooks.airflow.providers.standard.hooks.subprocess.SubprocessHook"}
{"timestamp":"2025-09-03T17:50:44.372340","level":"info","event":"25/09/03 17:50:44 INFO TaskSchedulerImpl: Removed TaskSet 4.0, whose tasks have all completed, from pool","logger":"airflow.task.hooks.airflow.providers.standard.hooks.subprocess.SubprocessHook"}
{"timestamp":"2025-09-03T17:50:44.373962","level":"info","event":"25/09/03 17:50:44 INFO TaskSchedulerImpl: Killing all running tasks in stage 4: Stage finished","logger":"airflow.task.hooks.airflow.providers.standard.hooks.subprocess.SubprocessHook"}
{"timestamp":"2025-09-03T17:50:44.378951","level":"info","event":"25/09/03 17:50:44 INFO DAGScheduler: Job 3 finished: parquet at NativeMethodAccessorImpl.java:0, took 4.170201 s","logger":"airflow.task.hooks.airflow.providers.standard.hooks.subprocess.SubprocessHook"}
{"timestamp":"2025-09-03T17:50:44.383153","level":"info","event":"25/09/03 17:50:44 INFO FileFormatWriter: Start to commit write Job 2a870950-9676-45ee-90ab-3a4907de2b5a.","logger":"airflow.task.hooks.airflow.providers.standard.hooks.subprocess.SubprocessHook"}
{"timestamp":"2025-09-03T17:50:44.921102","level":"info","event":"25/09/03 17:50:44 INFO FileFormatWriter: Write Job 2a870950-9676-45ee-90ab-3a4907de2b5a committed. Elapsed time: 533 ms.","logger":"airflow.task.hooks.airflow.providers.standard.hooks.subprocess.SubprocessHook"}
{"timestamp":"2025-09-03T17:50:44.927974","level":"info","event":"25/09/03 17:50:44 INFO FileFormatWriter: Finished processing stats for write job 2a870950-9676-45ee-90ab-3a4907de2b5a.","logger":"airflow.task.hooks.airflow.providers.standard.hooks.subprocess.SubprocessHook"}
{"timestamp":"2025-09-03T17:50:45.026462","level":"info","event":"25/09/03 17:50:45 INFO SparkContext: Invoking stop() from shutdown hook","logger":"airflow.task.hooks.airflow.providers.standard.hooks.subprocess.SubprocessHook"}
{"timestamp":"2025-09-03T17:50:45.029548","level":"info","event":"25/09/03 17:50:45 INFO SparkContext: SparkContext is stopping with exitCode 0.","logger":"airflow.task.hooks.airflow.providers.standard.hooks.subprocess.SubprocessHook"}
{"timestamp":"2025-09-03T17:50:45.042353","level":"info","event":"25/09/03 17:50:45 INFO SparkUI: Stopped Spark web UI at http://31a98e31d62d:4040","logger":"airflow.task.hooks.airflow.providers.standard.hooks.subprocess.SubprocessHook"}
{"timestamp":"2025-09-03T17:50:45.049229","level":"info","event":"25/09/03 17:50:45 INFO StandaloneSchedulerBackend: Shutting down all executors","logger":"airflow.task.hooks.airflow.providers.standard.hooks.subprocess.SubprocessHook"}
{"timestamp":"2025-09-03T17:50:45.050692","level":"info","event":"25/09/03 17:50:45 INFO StandaloneSchedulerBackend$StandaloneDriverEndpoint: Asking each executor to shut down","logger":"airflow.task.hooks.airflow.providers.standard.hooks.subprocess.SubprocessHook"}
{"timestamp":"2025-09-03T17:50:45.102468","level":"info","event":"25/09/03 17:50:45 INFO MapOutputTrackerMasterEndpoint: MapOutputTrackerMasterEndpoint stopped!","logger":"airflow.task.hooks.airflow.providers.standard.hooks.subprocess.SubprocessHook"}
{"timestamp":"2025-09-03T17:50:45.138511","level":"info","event":"25/09/03 17:50:45 INFO MemoryStore: MemoryStore cleared","logger":"airflow.task.hooks.airflow.providers.standard.hooks.subprocess.SubprocessHook"}
{"timestamp":"2025-09-03T17:50:45.141294","level":"info","event":"25/09/03 17:50:45 INFO BlockManager: BlockManager stopped","logger":"airflow.task.hooks.airflow.providers.standard.hooks.subprocess.SubprocessHook"}
{"timestamp":"2025-09-03T17:50:45.152879","level":"info","event":"25/09/03 17:50:45 INFO BlockManagerMaster: BlockManagerMaster stopped","logger":"airflow.task.hooks.airflow.providers.standard.hooks.subprocess.SubprocessHook"}
{"timestamp":"2025-09-03T17:50:45.168168","level":"info","event":"25/09/03 17:50:45 INFO OutputCommitCoordinator$OutputCommitCoordinatorEndpoint: OutputCommitCoordinator stopped!","logger":"airflow.task.hooks.airflow.providers.standard.hooks.subprocess.SubprocessHook"}
{"timestamp":"2025-09-03T17:50:45.205643","level":"info","event":"25/09/03 17:50:45 INFO SparkContext: Successfully stopped SparkContext","logger":"airflow.task.hooks.airflow.providers.standard.hooks.subprocess.SubprocessHook"}
{"timestamp":"2025-09-03T17:50:45.205883","level":"info","event":"25/09/03 17:50:45 INFO ShutdownHookManager: Shutdown hook called","logger":"airflow.task.hooks.airflow.providers.standard.hooks.subprocess.SubprocessHook"}
{"timestamp":"2025-09-03T17:50:45.205989","level":"info","event":"25/09/03 17:50:45 INFO ShutdownHookManager: Deleting directory /tmp/spark-37985b3a-6703-4612-a850-39a7b5bcee15/pyspark-e9b10245-74de-4817-aad2-444e6c644767","logger":"airflow.task.hooks.airflow.providers.standard.hooks.subprocess.SubprocessHook"}
{"timestamp":"2025-09-03T17:50:45.244582","level":"info","event":"25/09/03 17:50:45 INFO ShutdownHookManager: Deleting directory /tmp/spark-37985b3a-6703-4612-a850-39a7b5bcee15","logger":"airflow.task.hooks.airflow.providers.standard.hooks.subprocess.SubprocessHook"}
{"timestamp":"2025-09-03T17:50:45.270477","level":"info","event":"25/09/03 17:50:45 INFO ShutdownHookManager: Deleting directory /tmp/spark-04e3ef5f-a9eb-4ea8-8f43-ce7dd61c8c88","logger":"airflow.task.hooks.airflow.providers.standard.hooks.subprocess.SubprocessHook"}
{"timestamp":"2025-09-03T17:50:45.298967","level":"info","event":"25/09/03 17:50:45 INFO MetricsSystemImpl: Stopping s3a-file-system metrics system...","logger":"airflow.task.hooks.airflow.providers.standard.hooks.subprocess.SubprocessHook"}
{"timestamp":"2025-09-03T17:50:45.299151","level":"info","event":"25/09/03 17:50:45 INFO MetricsSystemImpl: s3a-file-system metrics system stopped.","logger":"airflow.task.hooks.airflow.providers.standard.hooks.subprocess.SubprocessHook"}
{"timestamp":"2025-09-03T17:50:45.299238","level":"info","event":"25/09/03 17:50:45 INFO MetricsSystemImpl: s3a-file-system metrics system shutdown complete.","logger":"airflow.task.hooks.airflow.providers.standard.hooks.subprocess.SubprocessHook"}
{"timestamp":"2025-09-03T17:50:45.395404","level":"info","event":"Command exited with return code 0","logger":"airflow.task.hooks.airflow.providers.standard.hooks.subprocess.SubprocessHook"}
{"timestamp":"2025-09-03T17:50:45.396480","level":"info","event":"Pushing xcom","ti":"RuntimeTaskInstance(id=UUID('019910b3-2959-7225-8f2a-449cd2ccc50c'), task_id='spark_submit_job', dag_id='spark_submit_people', run_id='scheduled__2025-09-03T17:50:00+00:00', try_number=1, map_index=-1, hostname='31a98e31d62d', context_carrier=None, task=<Task(BashOperator): spark_submit_job>, bundle_instance=LocalDagBundle(name=dags-folder), max_tries=0, start_date=datetime.datetime(2025, 9, 3, 17, 50, 1, 895562, tzinfo=TzInfo(UTC)), end_date=None, state=<TaskInstanceState.RUNNING: 'running'>, is_mapped=False, rendered_map_index=None)","logger":"task"}
